[0.007s] Invoking command in '/home/somyeong/Doosan_Robotics_Rokey/ros2_ws/build/ros_study_msgs': CMAKE_PREFIX_PATH=/opt/ros/humble /usr/bin/cmake /home/somyeong/Doosan_Robotics_Rokey/ros2_ws/src/ros_study_msgs -DCMAKE_INSTALL_PREFIX=/home/somyeong/Doosan_Robotics_Rokey/ros2_ws/install/ros_study_msgs
[0.017s] -- Found ament_cmake: 1.3.10 (/opt/ros/humble/share/ament_cmake/cmake)
[0.090s] -- Found builtin_interfaces: 1.2.1 (/opt/ros/humble/share/builtin_interfaces/cmake)
[0.102s] -- Found rosidl_generator_c: 3.1.5 (/opt/ros/humble/share/rosidl_generator_c/cmake)
[0.103s] -- Found rosidl_adapter: 3.1.5 (/opt/ros/humble/share/rosidl_adapter/cmake)
[0.106s] -- Found rosidl_generator_cpp: 3.1.5 (/opt/ros/humble/share/rosidl_generator_cpp/cmake)
[0.111s] -- Using all available rosidl_typesupport_c: rosidl_typesupport_fastrtps_c;rosidl_typesupport_introspection_c
[0.118s] -- Using all available rosidl_typesupport_cpp: rosidl_typesupport_fastrtps_cpp;rosidl_typesupport_introspection_cpp
[0.124s] -- Found rosidl_default_generators: 1.2.0 (/opt/ros/humble/share/rosidl_default_generators/cmake)
[0.301s] -- Found ament_cmake_ros: 0.10.0 (/opt/ros/humble/share/ament_cmake_ros/cmake)
[0.510s] -- Using all available rosidl_typesupport_c: rosidl_typesupport_fastrtps_c;rosidl_typesupport_introspection_c
[0.612s] -- Using all available rosidl_typesupport_cpp: rosidl_typesupport_fastrtps_cpp;rosidl_typesupport_introspection_cpp
[0.628s] -- Found PythonInterp: /usr/bin/python3 (found suitable version "3.10.12", minimum required is "3.6") 
[0.629s] -- Found python_cmake_module: 0.10.0 (/opt/ros/humble/share/python_cmake_module/cmake)
[0.647s] -- Found PythonLibs: /usr/lib/x86_64-linux-gnu/libpython3.10.so (found suitable version "3.10.12", minimum required is "3.5") 
[0.647s] -- Using PYTHON_EXECUTABLE: /usr/bin/python3
[0.647s] -- Using PYTHON_INCLUDE_DIRS: /usr/include/python3.10
[0.648s] -- Using PYTHON_LIBRARIES: /usr/lib/x86_64-linux-gnu/libpython3.10.so
[0.660s] -- Found PythonExtra: .so  
[0.683s] -- Found ament_lint_auto: 0.12.11 (/opt/ros/humble/share/ament_lint_auto/cmake)
[0.696s] -- Added test 'lint_cmake' to check CMake code style
[0.696s] -- Added test 'xmllint' to check XML markup files
[0.698s] -- Configuring done
[0.717s] -- Generating done
[0.719s] -- Build files have been written to: /home/somyeong/Doosan_Robotics_Rokey/ros2_ws/build/ros_study_msgs
[0.726s] Invoked command in '/home/somyeong/Doosan_Robotics_Rokey/ros2_ws/build/ros_study_msgs' returned '0': CMAKE_PREFIX_PATH=/opt/ros/humble /usr/bin/cmake /home/somyeong/Doosan_Robotics_Rokey/ros2_ws/src/ros_study_msgs -DCMAKE_INSTALL_PREFIX=/home/somyeong/Doosan_Robotics_Rokey/ros2_ws/install/ros_study_msgs
[0.726s] Invoking command in '/home/somyeong/Doosan_Robotics_Rokey/ros2_ws/build/ros_study_msgs': CMAKE_PREFIX_PATH=/opt/ros/humble /usr/bin/cmake --build /home/somyeong/Doosan_Robotics_Rokey/ros2_ws/build/ros_study_msgs -- -j16 -l16
[0.753s] [  2%] [34m[1mGenerating C code for ROS interfaces[0m
[0.761s] [  4%] [34m[1mGenerating C++ code for ROS interfaces[0m
[0.765s] [  4%] Built target ament_cmake_python_copy_ros_study_msgs
[0.901s] running egg_info
[0.902s] creating ros_study_msgs.egg-info
[0.912s] writing ros_study_msgs.egg-info/PKG-INFO
[0.912s] writing dependency_links to ros_study_msgs.egg-info/dependency_links.txt
[0.913s] writing top-level names to ros_study_msgs.egg-info/top_level.txt
[0.913s] writing manifest file 'ros_study_msgs.egg-info/SOURCES.txt'
[0.944s] reading manifest file 'ros_study_msgs.egg-info/SOURCES.txt'
[0.944s] writing manifest file 'ros_study_msgs.egg-info/SOURCES.txt'
[0.964s] [  4%] Built target ament_cmake_python_build_ros_study_msgs_egg
[1.085s] [  4%] Built target ros_study_msgs__cpp
[1.091s] [  8%] [34m[1mGenerating C++ type support dispatch for ROS interfaces[0m
[1.091s] [  8%] [34m[1mGenerating C++ type support for eProsima Fast-RTPS[0m
[1.095s] [ 10%] [34m[1mGenerating C++ introspection for ROS interfaces[0m
[1.102s] [ 12%] [32mBuilding C object CMakeFiles/ros_study_msgs__rosidl_generator_c.dir/rosidl_generator_c/ros_study_msgs/msg/detail/my_msg__functions.c.o[0m
[1.103s] [ 14%] [32mBuilding C object CMakeFiles/ros_study_msgs__rosidl_generator_c.dir/rosidl_generator_c/ros_study_msgs/action/detail/my_action__functions.c.o[0m
[1.104s] [ 17%] [32mBuilding C object CMakeFiles/ros_study_msgs__rosidl_generator_c.dir/rosidl_generator_c/ros_study_msgs/srv/detail/my_srv__functions.c.o[0m
[1.210s] [ 19%] [32m[1mLinking C shared library libros_study_msgs__rosidl_generator_c.so[0m
[1.245s] [ 19%] Built target ros_study_msgs__rosidl_generator_c
[1.254s] [ 21%] [34m[1mGenerating C introspection for ROS interfaces[0m
[1.254s] [ 25%] [34m[1mGenerating C type support dispatch for ROS interfaces[0m
[1.254s] [ 25%] [34m[1mGenerating C type support for eProsima Fast-RTPS[0m
[1.331s] [ 31%] [32mBuilding CXX object CMakeFiles/ros_study_msgs__rosidl_typesupport_cpp.dir/rosidl_typesupport_cpp/ros_study_msgs/srv/my_srv__type_support.cpp.o[0m
[1.331s] [ 31%] [32mBuilding CXX object CMakeFiles/ros_study_msgs__rosidl_typesupport_cpp.dir/rosidl_typesupport_cpp/ros_study_msgs/msg/my_msg__type_support.cpp.o[0m
[1.331s] [ 31%] [32mBuilding CXX object CMakeFiles/ros_study_msgs__rosidl_typesupport_cpp.dir/rosidl_typesupport_cpp/ros_study_msgs/action/my_action__type_support.cpp.o[0m
[1.372s] [ 34%] [32mBuilding CXX object CMakeFiles/ros_study_msgs__rosidl_typesupport_introspection_cpp.dir/rosidl_typesupport_introspection_cpp/ros_study_msgs/action/detail/my_action__type_support.cpp.o[0m
[1.373s] [ 36%] [32mBuilding CXX object CMakeFiles/ros_study_msgs__rosidl_typesupport_introspection_cpp.dir/rosidl_typesupport_introspection_cpp/ros_study_msgs/msg/detail/my_msg__type_support.cpp.o[0m
[1.373s] [ 38%] [32mBuilding CXX object CMakeFiles/ros_study_msgs__rosidl_typesupport_introspection_cpp.dir/rosidl_typesupport_introspection_cpp/ros_study_msgs/srv/detail/my_srv__type_support.cpp.o[0m
[1.420s] [ 40%] [32mBuilding CXX object CMakeFiles/ros_study_msgs__rosidl_typesupport_fastrtps_cpp.dir/rosidl_typesupport_fastrtps_cpp/ros_study_msgs/action/detail/dds_fastrtps/my_action__type_support.cpp.o[0m
[1.422s] [ 44%] [32mBuilding CXX object CMakeFiles/ros_study_msgs__rosidl_typesupport_fastrtps_cpp.dir/rosidl_typesupport_fastrtps_cpp/ros_study_msgs/srv/detail/dds_fastrtps/my_srv__type_support.cpp.o[0m
[1.422s] [ 44%] [32mBuilding CXX object CMakeFiles/ros_study_msgs__rosidl_typesupport_fastrtps_cpp.dir/rosidl_typesupport_fastrtps_cpp/ros_study_msgs/msg/detail/dds_fastrtps/my_msg__type_support.cpp.o[0m
[1.612s] [ 46%] [32mBuilding CXX object CMakeFiles/ros_study_msgs__rosidl_typesupport_c.dir/rosidl_typesupport_c/ros_study_msgs/action/my_action__type_support.cpp.o[0m
[1.612s] [ 48%] [32mBuilding CXX object CMakeFiles/ros_study_msgs__rosidl_typesupport_c.dir/rosidl_typesupport_c/ros_study_msgs/msg/my_msg__type_support.cpp.o[0m
[1.613s] [ 51%] [32mBuilding CXX object CMakeFiles/ros_study_msgs__rosidl_typesupport_c.dir/rosidl_typesupport_c/ros_study_msgs/srv/my_srv__type_support.cpp.o[0m
[1.619s] [ 55%] [32mBuilding CXX object CMakeFiles/ros_study_msgs__rosidl_typesupport_fastrtps_c.dir/rosidl_typesupport_fastrtps_c/ros_study_msgs/msg/detail/my_msg__type_support_c.cpp.o[0m
[1.620s] [ 55%] [32mBuilding CXX object CMakeFiles/ros_study_msgs__rosidl_typesupport_fastrtps_c.dir/rosidl_typesupport_fastrtps_c/ros_study_msgs/srv/detail/my_srv__type_support_c.cpp.o[0m
[1.620s] [ 57%] [32mBuilding CXX object CMakeFiles/ros_study_msgs__rosidl_typesupport_fastrtps_c.dir/rosidl_typesupport_fastrtps_c/ros_study_msgs/action/detail/my_action__type_support_c.cpp.o[0m
[1.670s] [ 59%] [32m[1mLinking CXX shared library libros_study_msgs__rosidl_typesupport_c.so[0m
[1.700s] [ 59%] Built target ros_study_msgs__rosidl_typesupport_c
[1.774s] [ 63%] [32mBuilding C object CMakeFiles/ros_study_msgs__rosidl_typesupport_introspection_c.dir/rosidl_typesupport_introspection_c/ros_study_msgs/action/detail/my_action__type_support.c.o[0m
[1.774s] [ 63%] [32mBuilding C object CMakeFiles/ros_study_msgs__rosidl_typesupport_introspection_c.dir/rosidl_typesupport_introspection_c/ros_study_msgs/srv/detail/my_srv__type_support.c.o[0m
[1.774s] [ 65%] [32mBuilding C object CMakeFiles/ros_study_msgs__rosidl_typesupport_introspection_c.dir/rosidl_typesupport_introspection_c/ros_study_msgs/msg/detail/my_msg__type_support.c.o[0m
[1.814s] [ 68%] [32m[1mLinking C shared library libros_study_msgs__rosidl_typesupport_introspection_c.so[0m
[1.843s] [ 68%] Built target ros_study_msgs__rosidl_typesupport_introspection_c
[1.854s] [ 70%] [32m[1mLinking CXX shared library libros_study_msgs__rosidl_typesupport_introspection_cpp.so[0m
[1.882s] [ 72%] [32m[1mLinking CXX shared library libros_study_msgs__rosidl_typesupport_cpp.so[0m
[1.907s] [ 72%] Built target ros_study_msgs__rosidl_typesupport_introspection_cpp
[1.919s] [ 72%] Built target ros_study_msgs__rosidl_typesupport_cpp
[1.970s] [ 74%] [32m[1mLinking CXX shared library libros_study_msgs__rosidl_typesupport_fastrtps_c.so[0m
[1.996s] [ 76%] [32m[1mLinking CXX shared library libros_study_msgs__rosidl_typesupport_fastrtps_cpp.so[0m
[2.018s] [ 76%] Built target ros_study_msgs__rosidl_typesupport_fastrtps_c
[2.055s] [ 76%] Built target ros_study_msgs__rosidl_typesupport_fastrtps_cpp
[2.072s] [ 76%] Built target ros_study_msgs
[2.089s] [ 78%] [34m[1mGenerating Python code for ROS interfaces[0m
[2.649s] [ 78%] Built target ros_study_msgs__py
[2.665s] [ 82%] [32mBuilding C object CMakeFiles/ros_study_msgs__rosidl_generator_py.dir/rosidl_generator_py/ros_study_msgs/msg/_my_msg_s.c.o[0m
[2.665s] [ 82%] [32mBuilding C object CMakeFiles/ros_study_msgs__rosidl_generator_py.dir/rosidl_generator_py/ros_study_msgs/action/_my_action_s.c.o[0m
[2.665s] [ 85%] [32mBuilding C object CMakeFiles/ros_study_msgs__rosidl_generator_py.dir/rosidl_generator_py/ros_study_msgs/srv/_my_srv_s.c.o[0m
[2.768s] [ 87%] [32m[1mLinking C shared library rosidl_generator_py/ros_study_msgs/libros_study_msgs__rosidl_generator_py.so[0m
[2.796s] [ 87%] Built target ros_study_msgs__rosidl_generator_py
[2.811s] [ 89%] [32mBuilding C object CMakeFiles/ros_study_msgs__rosidl_typesupport_introspection_c__pyext.dir/rosidl_generator_py/ros_study_msgs/_ros_study_msgs_s.ep.rosidl_typesupport_introspection_c.c.o[0m
[2.811s] [ 91%] [32mBuilding C object CMakeFiles/ros_study_msgs__rosidl_typesupport_fastrtps_c__pyext.dir/rosidl_generator_py/ros_study_msgs/_ros_study_msgs_s.ep.rosidl_typesupport_fastrtps_c.c.o[0m
[2.813s] [ 93%] [32mBuilding C object CMakeFiles/ros_study_msgs__rosidl_typesupport_c__pyext.dir/rosidl_generator_py/ros_study_msgs/_ros_study_msgs_s.ep.rosidl_typesupport_c.c.o[0m
[2.890s] [ 95%] [32m[1mLinking C shared library rosidl_generator_py/ros_study_msgs/ros_study_msgs_s__rosidl_typesupport_fastrtps_c.cpython-310-x86_64-linux-gnu.so[0m
[2.899s] [ 97%] [32m[1mLinking C shared library rosidl_generator_py/ros_study_msgs/ros_study_msgs_s__rosidl_typesupport_c.cpython-310-x86_64-linux-gnu.so[0m
[2.899s] [100%] [32m[1mLinking C shared library rosidl_generator_py/ros_study_msgs/ros_study_msgs_s__rosidl_typesupport_introspection_c.cpython-310-x86_64-linux-gnu.so[0m
[2.917s] [100%] Built target ros_study_msgs__rosidl_typesupport_fastrtps_c__pyext
[2.928s] [100%] Built target ros_study_msgs__rosidl_typesupport_introspection_c__pyext
[2.929s] [100%] Built target ros_study_msgs__rosidl_typesupport_c__pyext
[2.937s] Invoked command in '/home/somyeong/Doosan_Robotics_Rokey/ros2_ws/build/ros_study_msgs' returned '0': CMAKE_PREFIX_PATH=/opt/ros/humble /usr/bin/cmake --build /home/somyeong/Doosan_Robotics_Rokey/ros2_ws/build/ros_study_msgs -- -j16 -l16
[3.033s] Invoking command in '/home/somyeong/Doosan_Robotics_Rokey/ros2_ws/build/ros_study_msgs': CMAKE_PREFIX_PATH=/opt/ros/humble /usr/bin/cmake --install /home/somyeong/Doosan_Robotics_Rokey/ros2_ws/build/ros_study_msgs
[3.038s] -- Install configuration: ""
[3.038s] -- Installing: /home/somyeong/Doosan_Robotics_Rokey/ros2_ws/install/ros_study_msgs/share/ament_index/resource_index/rosidl_interfaces/ros_study_msgs
[3.038s] -- Installing: /home/somyeong/Doosan_Robotics_Rokey/ros2_ws/install/ros_study_msgs/include/ros_study_msgs/ros_study_msgs
[3.038s] -- Installing: /home/somyeong/Doosan_Robotics_Rokey/ros2_ws/install/ros_study_msgs/include/ros_study_msgs/ros_study_msgs/msg
[3.038s] -- Installing: /home/somyeong/Doosan_Robotics_Rokey/ros2_ws/install/ros_study_msgs/include/ros_study_msgs/ros_study_msgs/msg/rosidl_generator_c__visibility_control.h
[3.038s] -- Installing: /home/somyeong/Doosan_Robotics_Rokey/ros2_ws/install/ros_study_msgs/include/ros_study_msgs/ros_study_msgs/msg/detail
[3.038s] -- Installing: /home/somyeong/Doosan_Robotics_Rokey/ros2_ws/install/ros_study_msgs/include/ros_study_msgs/ros_study_msgs/msg/detail/my_msg__functions.h
[3.038s] -- Installing: /home/somyeong/Doosan_Robotics_Rokey/ros2_ws/install/ros_study_msgs/include/ros_study_msgs/ros_study_msgs/msg/detail/my_msg__struct.h
[3.038s] -- Installing: /home/somyeong/Doosan_Robotics_Rokey/ros2_ws/install/ros_study_msgs/include/ros_study_msgs/ros_study_msgs/msg/detail/my_msg__functions.c
[3.039s] -- Installing: /home/somyeong/Doosan_Robotics_Rokey/ros2_ws/install/ros_study_msgs/include/ros_study_msgs/ros_study_msgs/msg/detail/my_msg__type_support.h
[3.039s] -- Installing: /home/somyeong/Doosan_Robotics_Rokey/ros2_ws/install/ros_study_msgs/include/ros_study_msgs/ros_study_msgs/msg/my_msg.h
[3.039s] -- Installing: /home/somyeong/Doosan_Robotics_Rokey/ros2_ws/install/ros_study_msgs/include/ros_study_msgs/ros_study_msgs/srv
[3.039s] -- Installing: /home/somyeong/Doosan_Robotics_Rokey/ros2_ws/install/ros_study_msgs/include/ros_study_msgs/ros_study_msgs/srv/my_srv.h
[3.039s] -- Installing: /home/somyeong/Doosan_Robotics_Rokey/ros2_ws/install/ros_study_msgs/include/ros_study_msgs/ros_study_msgs/srv/detail
[3.039s] -- Installing: /home/somyeong/Doosan_Robotics_Rokey/ros2_ws/install/ros_study_msgs/include/ros_study_msgs/ros_study_msgs/srv/detail/my_srv__functions.h
[3.039s] -- Installing: /home/somyeong/Doosan_Robotics_Rokey/ros2_ws/install/ros_study_msgs/include/ros_study_msgs/ros_study_msgs/srv/detail/my_srv__functions.c
[3.039s] -- Installing: /home/somyeong/Doosan_Robotics_Rokey/ros2_ws/install/ros_study_msgs/include/ros_study_msgs/ros_study_msgs/srv/detail/my_srv__struct.h
[3.039s] -- Installing: /home/somyeong/Doosan_Robotics_Rokey/ros2_ws/install/ros_study_msgs/include/ros_study_msgs/ros_study_msgs/srv/detail/my_srv__type_support.h
[3.039s] -- Installing: /home/somyeong/Doosan_Robotics_Rokey/ros2_ws/install/ros_study_msgs/include/ros_study_msgs/ros_study_msgs/action
[3.039s] -- Installing: /home/somyeong/Doosan_Robotics_Rokey/ros2_ws/install/ros_study_msgs/include/ros_study_msgs/ros_study_msgs/action/detail
[3.039s] -- Installing: /home/somyeong/Doosan_Robotics_Rokey/ros2_ws/install/ros_study_msgs/include/ros_study_msgs/ros_study_msgs/action/detail/my_action__type_support.h
[3.039s] -- Installing: /home/somyeong/Doosan_Robotics_Rokey/ros2_ws/install/ros_study_msgs/include/ros_study_msgs/ros_study_msgs/action/detail/my_action__struct.h
[3.040s] -- Installing: /home/somyeong/Doosan_Robotics_Rokey/ros2_ws/install/ros_study_msgs/include/ros_study_msgs/ros_study_msgs/action/detail/my_action__functions.h
[3.040s] -- Installing: /home/somyeong/Doosan_Robotics_Rokey/ros2_ws/install/ros_study_msgs/include/ros_study_msgs/ros_study_msgs/action/detail/my_action__functions.c
[3.040s] -- Installing: /home/somyeong/Doosan_Robotics_Rokey/ros2_ws/install/ros_study_msgs/include/ros_study_msgs/ros_study_msgs/action/my_action.h
[3.040s] -- Installing: /home/somyeong/Doosan_Robotics_Rokey/ros2_ws/install/ros_study_msgs/share/ros_study_msgs/environment/library_path.sh
[3.040s] -- Installing: /home/somyeong/Doosan_Robotics_Rokey/ros2_ws/install/ros_study_msgs/share/ros_study_msgs/environment/library_path.dsv
[3.040s] -- Installing: /home/somyeong/Doosan_Robotics_Rokey/ros2_ws/install/ros_study_msgs/lib/libros_study_msgs__rosidl_generator_c.so
[3.040s] -- Set runtime path of "/home/somyeong/Doosan_Robotics_Rokey/ros2_ws/install/ros_study_msgs/lib/libros_study_msgs__rosidl_generator_c.so" to ""
[3.040s] -- Up-to-date: /home/somyeong/Doosan_Robotics_Rokey/ros2_ws/install/ros_study_msgs/include/ros_study_msgs/ros_study_msgs
[3.040s] -- Up-to-date: /home/somyeong/Doosan_Robotics_Rokey/ros2_ws/install/ros_study_msgs/include/ros_study_msgs/ros_study_msgs/msg
[3.040s] -- Up-to-date: /home/somyeong/Doosan_Robotics_Rokey/ros2_ws/install/ros_study_msgs/include/ros_study_msgs/ros_study_msgs/msg/detail
[3.040s] -- Installing: /home/somyeong/Doosan_Robotics_Rokey/ros2_ws/install/ros_study_msgs/include/ros_study_msgs/ros_study_msgs/msg/detail/my_msg__rosidl_typesupport_fastrtps_c.h
[3.040s] -- Installing: /home/somyeong/Doosan_Robotics_Rokey/ros2_ws/install/ros_study_msgs/include/ros_study_msgs/ros_study_msgs/msg/rosidl_typesupport_fastrtps_c__visibility_control.h
[3.040s] -- Up-to-date: /home/somyeong/Doosan_Robotics_Rokey/ros2_ws/install/ros_study_msgs/include/ros_study_msgs/ros_study_msgs/srv
[3.040s] -- Up-to-date: /home/somyeong/Doosan_Robotics_Rokey/ros2_ws/install/ros_study_msgs/include/ros_study_msgs/ros_study_msgs/srv/detail
[3.040s] -- Installing: /home/somyeong/Doosan_Robotics_Rokey/ros2_ws/install/ros_study_msgs/include/ros_study_msgs/ros_study_msgs/srv/detail/my_srv__rosidl_typesupport_fastrtps_c.h
[3.040s] -- Up-to-date: /home/somyeong/Doosan_Robotics_Rokey/ros2_ws/install/ros_study_msgs/include/ros_study_msgs/ros_study_msgs/action
[3.040s] -- Up-to-date: /home/somyeong/Doosan_Robotics_Rokey/ros2_ws/install/ros_study_msgs/include/ros_study_msgs/ros_study_msgs/action/detail
[3.040s] -- Installing: /home/somyeong/Doosan_Robotics_Rokey/ros2_ws/install/ros_study_msgs/include/ros_study_msgs/ros_study_msgs/action/detail/my_action__rosidl_typesupport_fastrtps_c.h
[3.040s] -- Installing: /home/somyeong/Doosan_Robotics_Rokey/ros2_ws/install/ros_study_msgs/lib/libros_study_msgs__rosidl_typesupport_fastrtps_c.so
[3.040s] -- Set runtime path of "/home/somyeong/Doosan_Robotics_Rokey/ros2_ws/install/ros_study_msgs/lib/libros_study_msgs__rosidl_typesupport_fastrtps_c.so" to ""
[3.040s] -- Up-to-date: /home/somyeong/Doosan_Robotics_Rokey/ros2_ws/install/ros_study_msgs/include/ros_study_msgs/ros_study_msgs
[3.040s] -- Up-to-date: /home/somyeong/Doosan_Robotics_Rokey/ros2_ws/install/ros_study_msgs/include/ros_study_msgs/ros_study_msgs/msg
[3.040s] -- Up-to-date: /home/somyeong/Doosan_Robotics_Rokey/ros2_ws/install/ros_study_msgs/include/ros_study_msgs/ros_study_msgs/msg/detail
[3.040s] -- Installing: /home/somyeong/Doosan_Robotics_Rokey/ros2_ws/install/ros_study_msgs/include/ros_study_msgs/ros_study_msgs/msg/detail/my_msg__traits.hpp
[3.040s] -- Installing: /home/somyeong/Doosan_Robotics_Rokey/ros2_ws/install/ros_study_msgs/include/ros_study_msgs/ros_study_msgs/msg/detail/my_msg__builder.hpp
[3.041s] -- Installing: /home/somyeong/Doosan_Robotics_Rokey/ros2_ws/install/ros_study_msgs/include/ros_study_msgs/ros_study_msgs/msg/detail/my_msg__struct.hpp
[3.041s] -- Installing: /home/somyeong/Doosan_Robotics_Rokey/ros2_ws/install/ros_study_msgs/include/ros_study_msgs/ros_study_msgs/msg/my_msg.hpp
[3.041s] -- Up-to-date: /home/somyeong/Doosan_Robotics_Rokey/ros2_ws/install/ros_study_msgs/include/ros_study_msgs/ros_study_msgs/srv
[3.041s] -- Up-to-date: /home/somyeong/Doosan_Robotics_Rokey/ros2_ws/install/ros_study_msgs/include/ros_study_msgs/ros_study_msgs/srv/detail
[3.041s] -- Installing: /home/somyeong/Doosan_Robotics_Rokey/ros2_ws/install/ros_study_msgs/include/ros_study_msgs/ros_study_msgs/srv/detail/my_srv__struct.hpp
[3.041s] -- Installing: /home/somyeong/Doosan_Robotics_Rokey/ros2_ws/install/ros_study_msgs/include/ros_study_msgs/ros_study_msgs/srv/detail/my_srv__traits.hpp
[3.041s] -- Installing: /home/somyeong/Doosan_Robotics_Rokey/ros2_ws/install/ros_study_msgs/include/ros_study_msgs/ros_study_msgs/srv/detail/my_srv__builder.hpp
[3.041s] -- Installing: /home/somyeong/Doosan_Robotics_Rokey/ros2_ws/install/ros_study_msgs/include/ros_study_msgs/ros_study_msgs/srv/my_srv.hpp
[3.041s] -- Up-to-date: /home/somyeong/Doosan_Robotics_Rokey/ros2_ws/install/ros_study_msgs/include/ros_study_msgs/ros_study_msgs/action
[3.041s] -- Up-to-date: /home/somyeong/Doosan_Robotics_Rokey/ros2_ws/install/ros_study_msgs/include/ros_study_msgs/ros_study_msgs/action/detail
[3.041s] -- Installing: /home/somyeong/Doosan_Robotics_Rokey/ros2_ws/install/ros_study_msgs/include/ros_study_msgs/ros_study_msgs/action/detail/my_action__builder.hpp
[3.041s] -- Installing: /home/somyeong/Doosan_Robotics_Rokey/ros2_ws/install/ros_study_msgs/include/ros_study_msgs/ros_study_msgs/action/detail/my_action__struct.hpp
[3.041s] -- Installing: /home/somyeong/Doosan_Robotics_Rokey/ros2_ws/install/ros_study_msgs/include/ros_study_msgs/ros_study_msgs/action/detail/my_action__traits.hpp
[3.041s] -- Installing: /home/somyeong/Doosan_Robotics_Rokey/ros2_ws/install/ros_study_msgs/include/ros_study_msgs/ros_study_msgs/action/my_action.hpp
[3.041s] -- Up-to-date: /home/somyeong/Doosan_Robotics_Rokey/ros2_ws/install/ros_study_msgs/include/ros_study_msgs/ros_study_msgs
[3.041s] -- Up-to-date: /home/somyeong/Doosan_Robotics_Rokey/ros2_ws/install/ros_study_msgs/include/ros_study_msgs/ros_study_msgs/msg
[3.041s] -- Up-to-date: /home/somyeong/Doosan_Robotics_Rokey/ros2_ws/install/ros_study_msgs/include/ros_study_msgs/ros_study_msgs/msg/detail
[3.041s] -- Installing: /home/somyeong/Doosan_Robotics_Rokey/ros2_ws/install/ros_study_msgs/include/ros_study_msgs/ros_study_msgs/msg/detail/dds_fastrtps
[3.041s] -- Installing: /home/somyeong/Doosan_Robotics_Rokey/ros2_ws/install/ros_study_msgs/include/ros_study_msgs/ros_study_msgs/msg/detail/my_msg__rosidl_typesupport_fastrtps_cpp.hpp
[3.041s] -- Installing: /home/somyeong/Doosan_Robotics_Rokey/ros2_ws/install/ros_study_msgs/include/ros_study_msgs/ros_study_msgs/msg/rosidl_typesupport_fastrtps_cpp__visibility_control.h
[3.041s] -- Up-to-date: /home/somyeong/Doosan_Robotics_Rokey/ros2_ws/install/ros_study_msgs/include/ros_study_msgs/ros_study_msgs/srv
[3.041s] -- Up-to-date: /home/somyeong/Doosan_Robotics_Rokey/ros2_ws/install/ros_study_msgs/include/ros_study_msgs/ros_study_msgs/srv/detail
[3.041s] -- Installing: /home/somyeong/Doosan_Robotics_Rokey/ros2_ws/install/ros_study_msgs/include/ros_study_msgs/ros_study_msgs/srv/detail/dds_fastrtps
[3.041s] -- Installing: /home/somyeong/Doosan_Robotics_Rokey/ros2_ws/install/ros_study_msgs/include/ros_study_msgs/ros_study_msgs/srv/detail/my_srv__rosidl_typesupport_fastrtps_cpp.hpp
[3.041s] -- Up-to-date: /home/somyeong/Doosan_Robotics_Rokey/ros2_ws/install/ros_study_msgs/include/ros_study_msgs/ros_study_msgs/action
[3.041s] -- Up-to-date: /home/somyeong/Doosan_Robotics_Rokey/ros2_ws/install/ros_study_msgs/include/ros_study_msgs/ros_study_msgs/action/detail
[3.041s] -- Installing: /home/somyeong/Doosan_Robotics_Rokey/ros2_ws/install/ros_study_msgs/include/ros_study_msgs/ros_study_msgs/action/detail/my_action__rosidl_typesupport_fastrtps_cpp.hpp
[3.041s] -- Installing: /home/somyeong/Doosan_Robotics_Rokey/ros2_ws/install/ros_study_msgs/include/ros_study_msgs/ros_study_msgs/action/detail/dds_fastrtps
[3.041s] -- Installing: /home/somyeong/Doosan_Robotics_Rokey/ros2_ws/install/ros_study_msgs/lib/libros_study_msgs__rosidl_typesupport_fastrtps_cpp.so
[3.041s] -- Set runtime path of "/home/somyeong/Doosan_Robotics_Rokey/ros2_ws/install/ros_study_msgs/lib/libros_study_msgs__rosidl_typesupport_fastrtps_cpp.so" to ""
[3.041s] -- Up-to-date: /home/somyeong/Doosan_Robotics_Rokey/ros2_ws/install/ros_study_msgs/include/ros_study_msgs/ros_study_msgs
[3.042s] -- Up-to-date: /home/somyeong/Doosan_Robotics_Rokey/ros2_ws/install/ros_study_msgs/include/ros_study_msgs/ros_study_msgs/msg
[3.042s] -- Up-to-date: /home/somyeong/Doosan_Robotics_Rokey/ros2_ws/install/ros_study_msgs/include/ros_study_msgs/ros_study_msgs/msg/detail
[3.042s] -- Installing: /home/somyeong/Doosan_Robotics_Rokey/ros2_ws/install/ros_study_msgs/include/ros_study_msgs/ros_study_msgs/msg/detail/my_msg__rosidl_typesupport_introspection_c.h
[3.042s] -- Installing: /home/somyeong/Doosan_Robotics_Rokey/ros2_ws/install/ros_study_msgs/include/ros_study_msgs/ros_study_msgs/msg/detail/my_msg__type_support.c
[3.042s] -- Installing: /home/somyeong/Doosan_Robotics_Rokey/ros2_ws/install/ros_study_msgs/include/ros_study_msgs/ros_study_msgs/msg/rosidl_typesupport_introspection_c__visibility_control.h
[3.042s] -- Up-to-date: /home/somyeong/Doosan_Robotics_Rokey/ros2_ws/install/ros_study_msgs/include/ros_study_msgs/ros_study_msgs/srv
[3.042s] -- Up-to-date: /home/somyeong/Doosan_Robotics_Rokey/ros2_ws/install/ros_study_msgs/include/ros_study_msgs/ros_study_msgs/srv/detail
[3.042s] -- Installing: /home/somyeong/Doosan_Robotics_Rokey/ros2_ws/install/ros_study_msgs/include/ros_study_msgs/ros_study_msgs/srv/detail/my_srv__rosidl_typesupport_introspection_c.h
[3.042s] -- Installing: /home/somyeong/Doosan_Robotics_Rokey/ros2_ws/install/ros_study_msgs/include/ros_study_msgs/ros_study_msgs/srv/detail/my_srv__type_support.c
[3.042s] -- Up-to-date: /home/somyeong/Doosan_Robotics_Rokey/ros2_ws/install/ros_study_msgs/include/ros_study_msgs/ros_study_msgs/action
[3.042s] -- Up-to-date: /home/somyeong/Doosan_Robotics_Rokey/ros2_ws/install/ros_study_msgs/include/ros_study_msgs/ros_study_msgs/action/detail
[3.042s] -- Installing: /home/somyeong/Doosan_Robotics_Rokey/ros2_ws/install/ros_study_msgs/include/ros_study_msgs/ros_study_msgs/action/detail/my_action__rosidl_typesupport_introspection_c.h
[3.042s] -- Installing: /home/somyeong/Doosan_Robotics_Rokey/ros2_ws/install/ros_study_msgs/include/ros_study_msgs/ros_study_msgs/action/detail/my_action__type_support.c
[3.042s] -- Installing: /home/somyeong/Doosan_Robotics_Rokey/ros2_ws/install/ros_study_msgs/lib/libros_study_msgs__rosidl_typesupport_introspection_c.so
[3.042s] -- Set runtime path of "/home/somyeong/Doosan_Robotics_Rokey/ros2_ws/install/ros_study_msgs/lib/libros_study_msgs__rosidl_typesupport_introspection_c.so" to ""
[3.042s] -- Installing: /home/somyeong/Doosan_Robotics_Rokey/ros2_ws/install/ros_study_msgs/lib/libros_study_msgs__rosidl_typesupport_c.so
[3.042s] -- Set runtime path of "/home/somyeong/Doosan_Robotics_Rokey/ros2_ws/install/ros_study_msgs/lib/libros_study_msgs__rosidl_typesupport_c.so" to ""
[3.042s] -- Up-to-date: /home/somyeong/Doosan_Robotics_Rokey/ros2_ws/install/ros_study_msgs/include/ros_study_msgs/ros_study_msgs
[3.042s] -- Up-to-date: /home/somyeong/Doosan_Robotics_Rokey/ros2_ws/install/ros_study_msgs/include/ros_study_msgs/ros_study_msgs/msg
[3.042s] -- Up-to-date: /home/somyeong/Doosan_Robotics_Rokey/ros2_ws/install/ros_study_msgs/include/ros_study_msgs/ros_study_msgs/msg/detail
[3.042s] -- Installing: /home/somyeong/Doosan_Robotics_Rokey/ros2_ws/install/ros_study_msgs/include/ros_study_msgs/ros_study_msgs/msg/detail/my_msg__type_support.cpp
[3.042s] -- Installing: /home/somyeong/Doosan_Robotics_Rokey/ros2_ws/install/ros_study_msgs/include/ros_study_msgs/ros_study_msgs/msg/detail/my_msg__rosidl_typesupport_introspection_cpp.hpp
[3.042s] -- Up-to-date: /home/somyeong/Doosan_Robotics_Rokey/ros2_ws/install/ros_study_msgs/include/ros_study_msgs/ros_study_msgs/srv
[3.042s] -- Up-to-date: /home/somyeong/Doosan_Robotics_Rokey/ros2_ws/install/ros_study_msgs/include/ros_study_msgs/ros_study_msgs/srv/detail
[3.042s] -- Installing: /home/somyeong/Doosan_Robotics_Rokey/ros2_ws/install/ros_study_msgs/include/ros_study_msgs/ros_study_msgs/srv/detail/my_srv__rosidl_typesupport_introspection_cpp.hpp
[3.042s] -- Installing: /home/somyeong/Doosan_Robotics_Rokey/ros2_ws/install/ros_study_msgs/include/ros_study_msgs/ros_study_msgs/srv/detail/my_srv__type_support.cpp
[3.042s] -- Up-to-date: /home/somyeong/Doosan_Robotics_Rokey/ros2_ws/install/ros_study_msgs/include/ros_study_msgs/ros_study_msgs/action
[3.042s] -- Up-to-date: /home/somyeong/Doosan_Robotics_Rokey/ros2_ws/install/ros_study_msgs/include/ros_study_msgs/ros_study_msgs/action/detail
[3.042s] -- Installing: /home/somyeong/Doosan_Robotics_Rokey/ros2_ws/install/ros_study_msgs/include/ros_study_msgs/ros_study_msgs/action/detail/my_action__rosidl_typesupport_introspection_cpp.hpp
[3.042s] -- Installing: /home/somyeong/Doosan_Robotics_Rokey/ros2_ws/install/ros_study_msgs/include/ros_study_msgs/ros_study_msgs/action/detail/my_action__type_support.cpp
[3.042s] -- Installing: /home/somyeong/Doosan_Robotics_Rokey/ros2_ws/install/ros_study_msgs/lib/libros_study_msgs__rosidl_typesupport_introspection_cpp.so
[3.042s] -- Set runtime path of "/home/somyeong/Doosan_Robotics_Rokey/ros2_ws/install/ros_study_msgs/lib/libros_study_msgs__rosidl_typesupport_introspection_cpp.so" to ""
[3.042s] -- Installing: /home/somyeong/Doosan_Robotics_Rokey/ros2_ws/install/ros_study_msgs/lib/libros_study_msgs__rosidl_typesupport_cpp.so
[3.043s] -- Set runtime path of "/home/somyeong/Doosan_Robotics_Rokey/ros2_ws/install/ros_study_msgs/lib/libros_study_msgs__rosidl_typesupport_cpp.so" to ""
[3.043s] -- Installing: /home/somyeong/Doosan_Robotics_Rokey/ros2_ws/install/ros_study_msgs/share/ros_study_msgs/environment/pythonpath.sh
[3.043s] -- Installing: /home/somyeong/Doosan_Robotics_Rokey/ros2_ws/install/ros_study_msgs/share/ros_study_msgs/environment/pythonpath.dsv
[3.043s] -- Installing: /home/somyeong/Doosan_Robotics_Rokey/ros2_ws/install/ros_study_msgs/local/lib/python3.10/dist-packages/ros_study_msgs-0.0.0-py3.10.egg-info
[3.043s] -- Installing: /home/somyeong/Doosan_Robotics_Rokey/ros2_ws/install/ros_study_msgs/local/lib/python3.10/dist-packages/ros_study_msgs-0.0.0-py3.10.egg-info/PKG-INFO
[3.043s] -- Installing: /home/somyeong/Doosan_Robotics_Rokey/ros2_ws/install/ros_study_msgs/local/lib/python3.10/dist-packages/ros_study_msgs-0.0.0-py3.10.egg-info/top_level.txt
[3.043s] -- Installing: /home/somyeong/Doosan_Robotics_Rokey/ros2_ws/install/ros_study_msgs/local/lib/python3.10/dist-packages/ros_study_msgs-0.0.0-py3.10.egg-info/SOURCES.txt
[3.043s] -- Installing: /home/somyeong/Doosan_Robotics_Rokey/ros2_ws/install/ros_study_msgs/local/lib/python3.10/dist-packages/ros_study_msgs-0.0.0-py3.10.egg-info/dependency_links.txt
[3.043s] -- Installing: /home/somyeong/Doosan_Robotics_Rokey/ros2_ws/install/ros_study_msgs/local/lib/python3.10/dist-packages/ros_study_msgs
[3.043s] -- Installing: /home/somyeong/Doosan_Robotics_Rokey/ros2_ws/install/ros_study_msgs/local/lib/python3.10/dist-packages/ros_study_msgs/ros_study_msgs_s__rosidl_typesupport_c.cpython-310-x86_64-linux-gnu.so
[3.043s] -- Installing: /home/somyeong/Doosan_Robotics_Rokey/ros2_ws/install/ros_study_msgs/local/lib/python3.10/dist-packages/ros_study_msgs/msg
[3.043s] -- Installing: /home/somyeong/Doosan_Robotics_Rokey/ros2_ws/install/ros_study_msgs/local/lib/python3.10/dist-packages/ros_study_msgs/msg/_my_msg_s.c
[3.043s] -- Installing: /home/somyeong/Doosan_Robotics_Rokey/ros2_ws/install/ros_study_msgs/local/lib/python3.10/dist-packages/ros_study_msgs/msg/_my_msg.py
[3.043s] -- Installing: /home/somyeong/Doosan_Robotics_Rokey/ros2_ws/install/ros_study_msgs/local/lib/python3.10/dist-packages/ros_study_msgs/msg/__init__.py
[3.043s] -- Installing: /home/somyeong/Doosan_Robotics_Rokey/ros2_ws/install/ros_study_msgs/local/lib/python3.10/dist-packages/ros_study_msgs/_ros_study_msgs_s.ep.rosidl_typesupport_fastrtps_c.c
[3.043s] -- Installing: /home/somyeong/Doosan_Robotics_Rokey/ros2_ws/install/ros_study_msgs/local/lib/python3.10/dist-packages/ros_study_msgs/_ros_study_msgs_s.ep.rosidl_typesupport_c.c
[3.043s] -- Installing: /home/somyeong/Doosan_Robotics_Rokey/ros2_ws/install/ros_study_msgs/local/lib/python3.10/dist-packages/ros_study_msgs/libros_study_msgs__rosidl_generator_py.so
[3.043s] -- Installing: /home/somyeong/Doosan_Robotics_Rokey/ros2_ws/install/ros_study_msgs/local/lib/python3.10/dist-packages/ros_study_msgs/__init__.py
[3.043s] -- Installing: /home/somyeong/Doosan_Robotics_Rokey/ros2_ws/install/ros_study_msgs/local/lib/python3.10/dist-packages/ros_study_msgs/_ros_study_msgs_s.ep.rosidl_typesupport_introspection_c.c
[3.043s] -- Installing: /home/somyeong/Doosan_Robotics_Rokey/ros2_ws/install/ros_study_msgs/local/lib/python3.10/dist-packages/ros_study_msgs/srv
[3.043s] -- Installing: /home/somyeong/Doosan_Robotics_Rokey/ros2_ws/install/ros_study_msgs/local/lib/python3.10/dist-packages/ros_study_msgs/srv/_my_srv_s.c
[3.043s] -- Installing: /home/somyeong/Doosan_Robotics_Rokey/ros2_ws/install/ros_study_msgs/local/lib/python3.10/dist-packages/ros_study_msgs/srv/__init__.py
[3.043s] -- Installing: /home/somyeong/Doosan_Robotics_Rokey/ros2_ws/install/ros_study_msgs/local/lib/python3.10/dist-packages/ros_study_msgs/srv/_my_srv.py
[3.043s] -- Installing: /home/somyeong/Doosan_Robotics_Rokey/ros2_ws/install/ros_study_msgs/local/lib/python3.10/dist-packages/ros_study_msgs/ros_study_msgs_s__rosidl_typesupport_fastrtps_c.cpython-310-x86_64-linux-gnu.so
[3.044s] -- Installing: /home/somyeong/Doosan_Robotics_Rokey/ros2_ws/install/ros_study_msgs/local/lib/python3.10/dist-packages/ros_study_msgs/ros_study_msgs_s__rosidl_typesupport_introspection_c.cpython-310-x86_64-linux-gnu.so
[3.044s] -- Installing: /home/somyeong/Doosan_Robotics_Rokey/ros2_ws/install/ros_study_msgs/local/lib/python3.10/dist-packages/ros_study_msgs/action
[3.044s] -- Installing: /home/somyeong/Doosan_Robotics_Rokey/ros2_ws/install/ros_study_msgs/local/lib/python3.10/dist-packages/ros_study_msgs/action/_my_action.py
[3.044s] -- Installing: /home/somyeong/Doosan_Robotics_Rokey/ros2_ws/install/ros_study_msgs/local/lib/python3.10/dist-packages/ros_study_msgs/action/_my_action_s.c
[3.044s] -- Installing: /home/somyeong/Doosan_Robotics_Rokey/ros2_ws/install/ros_study_msgs/local/lib/python3.10/dist-packages/ros_study_msgs/action/__init__.py
[3.079s] Listing '/home/somyeong/Doosan_Robotics_Rokey/ros2_ws/install/ros_study_msgs/local/lib/python3.10/dist-packages/ros_study_msgs'...
[3.079s] Compiling '/home/somyeong/Doosan_Robotics_Rokey/ros2_ws/install/ros_study_msgs/local/lib/python3.10/dist-packages/ros_study_msgs/__init__.py'...
[3.079s] Listing '/home/somyeong/Doosan_Robotics_Rokey/ros2_ws/install/ros_study_msgs/local/lib/python3.10/dist-packages/ros_study_msgs/action'...
[3.079s] Compiling '/home/somyeong/Doosan_Robotics_Rokey/ros2_ws/install/ros_study_msgs/local/lib/python3.10/dist-packages/ros_study_msgs/action/__init__.py'...
[3.079s] Compiling '/home/somyeong/Doosan_Robotics_Rokey/ros2_ws/install/ros_study_msgs/local/lib/python3.10/dist-packages/ros_study_msgs/action/_my_action.py'...
[3.079s] Listing '/home/somyeong/Doosan_Robotics_Rokey/ros2_ws/install/ros_study_msgs/local/lib/python3.10/dist-packages/ros_study_msgs/msg'...
[3.079s] Compiling '/home/somyeong/Doosan_Robotics_Rokey/ros2_ws/install/ros_study_msgs/local/lib/python3.10/dist-packages/ros_study_msgs/msg/__init__.py'...
[3.079s] Compiling '/home/somyeong/Doosan_Robotics_Rokey/ros2_ws/install/ros_study_msgs/local/lib/python3.10/dist-packages/ros_study_msgs/msg/_my_msg.py'...
[3.079s] Listing '/home/somyeong/Doosan_Robotics_Rokey/ros2_ws/install/ros_study_msgs/local/lib/python3.10/dist-packages/ros_study_msgs/srv'...
[3.079s] Compiling '/home/somyeong/Doosan_Robotics_Rokey/ros2_ws/install/ros_study_msgs/local/lib/python3.10/dist-packages/ros_study_msgs/srv/__init__.py'...
[3.079s] Compiling '/home/somyeong/Doosan_Robotics_Rokey/ros2_ws/install/ros_study_msgs/local/lib/python3.10/dist-packages/ros_study_msgs/srv/_my_srv.py'...
[3.082s] -- Installing: /home/somyeong/Doosan_Robotics_Rokey/ros2_ws/install/ros_study_msgs/local/lib/python3.10/dist-packages/ros_study_msgs/ros_study_msgs_s__rosidl_typesupport_fastrtps_c.cpython-310-x86_64-linux-gnu.so
[3.082s] -- Set runtime path of "/home/somyeong/Doosan_Robotics_Rokey/ros2_ws/install/ros_study_msgs/local/lib/python3.10/dist-packages/ros_study_msgs/ros_study_msgs_s__rosidl_typesupport_fastrtps_c.cpython-310-x86_64-linux-gnu.so" to ""
[3.083s] -- Installing: /home/somyeong/Doosan_Robotics_Rokey/ros2_ws/install/ros_study_msgs/local/lib/python3.10/dist-packages/ros_study_msgs/ros_study_msgs_s__rosidl_typesupport_introspection_c.cpython-310-x86_64-linux-gnu.so
[3.083s] -- Set runtime path of "/home/somyeong/Doosan_Robotics_Rokey/ros2_ws/install/ros_study_msgs/local/lib/python3.10/dist-packages/ros_study_msgs/ros_study_msgs_s__rosidl_typesupport_introspection_c.cpython-310-x86_64-linux-gnu.so" to ""
[3.083s] -- Installing: /home/somyeong/Doosan_Robotics_Rokey/ros2_ws/install/ros_study_msgs/local/lib/python3.10/dist-packages/ros_study_msgs/ros_study_msgs_s__rosidl_typesupport_c.cpython-310-x86_64-linux-gnu.so
[3.083s] -- Set runtime path of "/home/somyeong/Doosan_Robotics_Rokey/ros2_ws/install/ros_study_msgs/local/lib/python3.10/dist-packages/ros_study_msgs/ros_study_msgs_s__rosidl_typesupport_c.cpython-310-x86_64-linux-gnu.so" to ""
[3.083s] -- Installing: /home/somyeong/Doosan_Robotics_Rokey/ros2_ws/install/ros_study_msgs/lib/libros_study_msgs__rosidl_generator_py.so
[3.083s] -- Set runtime path of "/home/somyeong/Doosan_Robotics_Rokey/ros2_ws/install/ros_study_msgs/lib/libros_study_msgs__rosidl_generator_py.so" to ""
[3.083s] -- Installing: /home/somyeong/Doosan_Robotics_Rokey/ros2_ws/install/ros_study_msgs/share/ros_study_msgs/msg/MyMsg.idl
[3.083s] -- Installing: /home/somyeong/Doosan_Robotics_Rokey/ros2_ws/install/ros_study_msgs/share/ros_study_msgs/srv/MySrv.idl
[3.083s] -- Installing: /home/somyeong/Doosan_Robotics_Rokey/ros2_ws/install/ros_study_msgs/share/ros_study_msgs/action/MyAction.idl
[3.084s] -- Installing: /home/somyeong/Doosan_Robotics_Rokey/ros2_ws/install/ros_study_msgs/share/ros_study_msgs/msg/MyMsg.msg
[3.084s] -- Installing: /home/somyeong/Doosan_Robotics_Rokey/ros2_ws/install/ros_study_msgs/share/ros_study_msgs/srv/MySrv.srv
[3.084s] -- Installing: /home/somyeong/Doosan_Robotics_Rokey/ros2_ws/install/ros_study_msgs/share/ros_study_msgs/srv/MySrv_Request.msg
[3.084s] -- Installing: /home/somyeong/Doosan_Robotics_Rokey/ros2_ws/install/ros_study_msgs/share/ros_study_msgs/srv/MySrv_Response.msg
[3.084s] -- Installing: /home/somyeong/Doosan_Robotics_Rokey/ros2_ws/install/ros_study_msgs/share/ros_study_msgs/action/MyAction.action
[3.084s] -- Installing: /home/somyeong/Doosan_Robotics_Rokey/ros2_ws/install/ros_study_msgs/share/ament_index/resource_index/package_run_dependencies/ros_study_msgs
[3.084s] -- Installing: /home/somyeong/Doosan_Robotics_Rokey/ros2_ws/install/ros_study_msgs/share/ament_index/resource_index/parent_prefix_path/ros_study_msgs
[3.084s] -- Installing: /home/somyeong/Doosan_Robotics_Rokey/ros2_ws/install/ros_study_msgs/share/ros_study_msgs/environment/ament_prefix_path.sh
[3.084s] -- Installing: /home/somyeong/Doosan_Robotics_Rokey/ros2_ws/install/ros_study_msgs/share/ros_study_msgs/environment/ament_prefix_path.dsv
[3.085s] -- Installing: /home/somyeong/Doosan_Robotics_Rokey/ros2_ws/install/ros_study_msgs/share/ros_study_msgs/environment/path.sh
[3.085s] -- Installing: /home/somyeong/Doosan_Robotics_Rokey/ros2_ws/install/ros_study_msgs/share/ros_study_msgs/environment/path.dsv
[3.085s] -- Installing: /home/somyeong/Doosan_Robotics_Rokey/ros2_ws/install/ros_study_msgs/share/ros_study_msgs/local_setup.bash
[3.085s] -- Installing: /home/somyeong/Doosan_Robotics_Rokey/ros2_ws/install/ros_study_msgs/share/ros_study_msgs/local_setup.sh
[3.085s] -- Installing: /home/somyeong/Doosan_Robotics_Rokey/ros2_ws/install/ros_study_msgs/share/ros_study_msgs/local_setup.zsh
[3.085s] -- Installing: /home/somyeong/Doosan_Robotics_Rokey/ros2_ws/install/ros_study_msgs/share/ros_study_msgs/local_setup.dsv
[3.085s] -- Installing: /home/somyeong/Doosan_Robotics_Rokey/ros2_ws/install/ros_study_msgs/share/ros_study_msgs/package.dsv
[3.085s] -- Installing: /home/somyeong/Doosan_Robotics_Rokey/ros2_ws/install/ros_study_msgs/share/ament_index/resource_index/packages/ros_study_msgs
[3.085s] -- Installing: /home/somyeong/Doosan_Robotics_Rokey/ros2_ws/install/ros_study_msgs/share/ros_study_msgs/cmake/export_ros_study_msgs__rosidl_generator_cExport.cmake
[3.086s] -- Installing: /home/somyeong/Doosan_Robotics_Rokey/ros2_ws/install/ros_study_msgs/share/ros_study_msgs/cmake/export_ros_study_msgs__rosidl_generator_cExport-noconfig.cmake
[3.086s] -- Installing: /home/somyeong/Doosan_Robotics_Rokey/ros2_ws/install/ros_study_msgs/share/ros_study_msgs/cmake/export_ros_study_msgs__rosidl_typesupport_fastrtps_cExport.cmake
[3.086s] -- Installing: /home/somyeong/Doosan_Robotics_Rokey/ros2_ws/install/ros_study_msgs/share/ros_study_msgs/cmake/export_ros_study_msgs__rosidl_typesupport_fastrtps_cExport-noconfig.cmake
[3.086s] -- Installing: /home/somyeong/Doosan_Robotics_Rokey/ros2_ws/install/ros_study_msgs/share/ros_study_msgs/cmake/export_ros_study_msgs__rosidl_generator_cppExport.cmake
[3.086s] -- Installing: /home/somyeong/Doosan_Robotics_Rokey/ros2_ws/install/ros_study_msgs/share/ros_study_msgs/cmake/export_ros_study_msgs__rosidl_typesupport_fastrtps_cppExport.cmake
[3.086s] -- Installing: /home/somyeong/Doosan_Robotics_Rokey/ros2_ws/install/ros_study_msgs/share/ros_study_msgs/cmake/export_ros_study_msgs__rosidl_typesupport_fastrtps_cppExport-noconfig.cmake
[3.086s] -- Installing: /home/somyeong/Doosan_Robotics_Rokey/ros2_ws/install/ros_study_msgs/share/ros_study_msgs/cmake/ros_study_msgs__rosidl_typesupport_introspection_cExport.cmake
[3.086s] -- Installing: /home/somyeong/Doosan_Robotics_Rokey/ros2_ws/install/ros_study_msgs/share/ros_study_msgs/cmake/ros_study_msgs__rosidl_typesupport_introspection_cExport-noconfig.cmake
[3.087s] -- Installing: /home/somyeong/Doosan_Robotics_Rokey/ros2_ws/install/ros_study_msgs/share/ros_study_msgs/cmake/ros_study_msgs__rosidl_typesupport_cExport.cmake
[3.087s] -- Installing: /home/somyeong/Doosan_Robotics_Rokey/ros2_ws/install/ros_study_msgs/share/ros_study_msgs/cmake/ros_study_msgs__rosidl_typesupport_cExport-noconfig.cmake
[3.087s] -- Installing: /home/somyeong/Doosan_Robotics_Rokey/ros2_ws/install/ros_study_msgs/share/ros_study_msgs/cmake/ros_study_msgs__rosidl_typesupport_introspection_cppExport.cmake
[3.087s] -- Installing: /home/somyeong/Doosan_Robotics_Rokey/ros2_ws/install/ros_study_msgs/share/ros_study_msgs/cmake/ros_study_msgs__rosidl_typesupport_introspection_cppExport-noconfig.cmake
[3.087s] -- Installing: /home/somyeong/Doosan_Robotics_Rokey/ros2_ws/install/ros_study_msgs/share/ros_study_msgs/cmake/ros_study_msgs__rosidl_typesupport_cppExport.cmake
[3.087s] -- Installing: /home/somyeong/Doosan_Robotics_Rokey/ros2_ws/install/ros_study_msgs/share/ros_study_msgs/cmake/ros_study_msgs__rosidl_typesupport_cppExport-noconfig.cmake
[3.087s] -- Installing: /home/somyeong/Doosan_Robotics_Rokey/ros2_ws/install/ros_study_msgs/share/ros_study_msgs/cmake/export_ros_study_msgs__rosidl_generator_pyExport.cmake
[3.087s] -- Installing: /home/somyeong/Doosan_Robotics_Rokey/ros2_ws/install/ros_study_msgs/share/ros_study_msgs/cmake/export_ros_study_msgs__rosidl_generator_pyExport-noconfig.cmake
[3.087s] -- Installing: /home/somyeong/Doosan_Robotics_Rokey/ros2_ws/install/ros_study_msgs/share/ros_study_msgs/cmake/rosidl_cmake-extras.cmake
[3.088s] -- Installing: /home/somyeong/Doosan_Robotics_Rokey/ros2_ws/install/ros_study_msgs/share/ros_study_msgs/cmake/ament_cmake_export_dependencies-extras.cmake
[3.088s] -- Installing: /home/somyeong/Doosan_Robotics_Rokey/ros2_ws/install/ros_study_msgs/share/ros_study_msgs/cmake/ament_cmake_export_include_directories-extras.cmake
[3.088s] -- Installing: /home/somyeong/Doosan_Robotics_Rokey/ros2_ws/install/ros_study_msgs/share/ros_study_msgs/cmake/ament_cmake_export_libraries-extras.cmake
[3.088s] -- Installing: /home/somyeong/Doosan_Robotics_Rokey/ros2_ws/install/ros_study_msgs/share/ros_study_msgs/cmake/ament_cmake_export_targets-extras.cmake
[3.088s] -- Installing: /home/somyeong/Doosan_Robotics_Rokey/ros2_ws/install/ros_study_msgs/share/ros_study_msgs/cmake/rosidl_cmake_export_typesupport_targets-extras.cmake
[3.088s] -- Installing: /home/somyeong/Doosan_Robotics_Rokey/ros2_ws/install/ros_study_msgs/share/ros_study_msgs/cmake/rosidl_cmake_export_typesupport_libraries-extras.cmake
[3.088s] -- Installing: /home/somyeong/Doosan_Robotics_Rokey/ros2_ws/install/ros_study_msgs/share/ros_study_msgs/cmake/ros_study_msgsConfig.cmake
[3.088s] -- Installing: /home/somyeong/Doosan_Robotics_Rokey/ros2_ws/install/ros_study_msgs/share/ros_study_msgs/cmake/ros_study_msgsConfig-version.cmake
[3.089s] -- Installing: /home/somyeong/Doosan_Robotics_Rokey/ros2_ws/install/ros_study_msgs/share/ros_study_msgs/package.xml
[3.091s] Invoked command in '/home/somyeong/Doosan_Robotics_Rokey/ros2_ws/build/ros_study_msgs' returned '0': CMAKE_PREFIX_PATH=/opt/ros/humble /usr/bin/cmake --install /home/somyeong/Doosan_Robotics_Rokey/ros2_ws/build/ros_study_msgs
