/home/somyeong/Doosan_Robotics_Rokey/ros2_ws/install/ex_calculator/lib/python3.10/site-packages/ex_calculator/__init__.py
/home/somyeong/Doosan_Robotics_Rokey/ros2_ws/install/ex_calculator/lib/python3.10/site-packages/ex_calculator/arithmetic/__init__.py
/home/somyeong/Doosan_Robotics_Rokey/ros2_ws/install/ex_calculator/lib/python3.10/site-packages/ex_calculator/arithmetic/operator.py
/home/somyeong/Doosan_Robotics_Rokey/ros2_ws/install/ex_calculator/lib/python3.10/site-packages/ex_calculator/arithmetic/argument.py
/home/somyeong/Doosan_Robotics_Rokey/ros2_ws/install/ex_calculator/lib/python3.10/site-packages/ex_calculator/calculator/main.py
/home/somyeong/Doosan_Robotics_Rokey/ros2_ws/install/ex_calculator/lib/python3.10/site-packages/ex_calculator/calculator/calculator.py
/home/somyeong/Doosan_Robotics_Rokey/ros2_ws/install/ex_calculator/lib/python3.10/site-packages/ex_calculator/calculator/__init__.py
/home/somyeong/Doosan_Robotics_Rokey/ros2_ws/install/ex_calculator/lib/python3.10/site-packages/ex_calculator/checker/main.py
/home/somyeong/Doosan_Robotics_Rokey/ros2_ws/install/ex_calculator/lib/python3.10/site-packages/ex_calculator/checker/checker.py
/home/somyeong/Doosan_Robotics_Rokey/ros2_ws/install/ex_calculator/lib/python3.10/site-packages/ex_calculator/checker/__init__.py
/home/somyeong/Doosan_Robotics_Rokey/ros2_ws/install/ex_calculator/lib/python3.10/site-packages/ex_calculator/__pycache__/__init__.cpython-310.pyc
/home/somyeong/Doosan_Robotics_Rokey/ros2_ws/install/ex_calculator/lib/python3.10/site-packages/ex_calculator/arithmetic/__pycache__/__init__.cpython-310.pyc
/home/somyeong/Doosan_Robotics_Rokey/ros2_ws/install/ex_calculator/lib/python3.10/site-packages/ex_calculator/arithmetic/__pycache__/operator.cpython-310.pyc
/home/somyeong/Doosan_Robotics_Rokey/ros2_ws/install/ex_calculator/lib/python3.10/site-packages/ex_calculator/arithmetic/__pycache__/argument.cpython-310.pyc
/home/somyeong/Doosan_Robotics_Rokey/ros2_ws/install/ex_calculator/lib/python3.10/site-packages/ex_calculator/calculator/__pycache__/main.cpython-310.pyc
/home/somyeong/Doosan_Robotics_Rokey/ros2_ws/install/ex_calculator/lib/python3.10/site-packages/ex_calculator/calculator/__pycache__/calculator.cpython-310.pyc
/home/somyeong/Doosan_Robotics_Rokey/ros2_ws/install/ex_calculator/lib/python3.10/site-packages/ex_calculator/calculator/__pycache__/__init__.cpython-310.pyc
/home/somyeong/Doosan_Robotics_Rokey/ros2_ws/install/ex_calculator/lib/python3.10/site-packages/ex_calculator/checker/__pycache__/main.cpython-310.pyc
/home/somyeong/Doosan_Robotics_Rokey/ros2_ws/install/ex_calculator/lib/python3.10/site-packages/ex_calculator/checker/__pycache__/checker.cpython-310.pyc
/home/somyeong/Doosan_Robotics_Rokey/ros2_ws/install/ex_calculator/lib/python3.10/site-packages/ex_calculator/checker/__pycache__/__init__.cpython-310.pyc
/home/somyeong/Doosan_Robotics_Rokey/ros2_ws/install/ex_calculator/share/ament_index/resource_index/packages/ex_calculator
/home/somyeong/Doosan_Robotics_Rokey/ros2_ws/install/ex_calculator/share/ex_calculator/package.xml
/home/somyeong/Doosan_Robotics_Rokey/ros2_ws/install/ex_calculator/share/ex_calculator/launch/arithmetic.launch.py
/home/somyeong/Doosan_Robotics_Rokey/ros2_ws/install/ex_calculator/share/ex_calculator/param/arithmetic_config.yaml
/home/somyeong/Doosan_Robotics_Rokey/ros2_ws/install/ex_calculator/lib/python3.10/site-packages/ex_calculator-0.0.0-py3.10.egg-info/PKG-INFO
/home/somyeong/Doosan_Robotics_Rokey/ros2_ws/install/ex_calculator/lib/python3.10/site-packages/ex_calculator-0.0.0-py3.10.egg-info/entry_points.txt
/home/somyeong/Doosan_Robotics_Rokey/ros2_ws/install/ex_calculator/lib/python3.10/site-packages/ex_calculator-0.0.0-py3.10.egg-info/top_level.txt
/home/somyeong/Doosan_Robotics_Rokey/ros2_ws/install/ex_calculator/lib/python3.10/site-packages/ex_calculator-0.0.0-py3.10.egg-info/SOURCES.txt
/home/somyeong/Doosan_Robotics_Rokey/ros2_ws/install/ex_calculator/lib/python3.10/site-packages/ex_calculator-0.0.0-py3.10.egg-info/requires.txt
/home/somyeong/Doosan_Robotics_Rokey/ros2_ws/install/ex_calculator/lib/python3.10/site-packages/ex_calculator-0.0.0-py3.10.egg-info/zip-safe
/home/somyeong/Doosan_Robotics_Rokey/ros2_ws/install/ex_calculator/lib/python3.10/site-packages/ex_calculator-0.0.0-py3.10.egg-info/dependency_links.txt
/home/somyeong/Doosan_Robotics_Rokey/ros2_ws/install/ex_calculator/lib/ex_calculator/argument
/home/somyeong/Doosan_Robotics_Rokey/ros2_ws/install/ex_calculator/lib/ex_calculator/calculator
/home/somyeong/Doosan_Robotics_Rokey/ros2_ws/install/ex_calculator/lib/ex_calculator/checker
/home/somyeong/Doosan_Robotics_Rokey/ros2_ws/install/ex_calculator/lib/ex_calculator/operator
