[0.109s] DEBUG:colcon:Command line arguments: ['/usr/bin/colcon', 'list', '-p', '--base-paths', '/home/somyeong/Doosan_Robotics_Rokey/ros2_ws']
[0.109s] DEBUG:colcon:Parsed command line arguments: Namespace(log_base=None, log_level=None, verb_name='list', build_base='build', ignore_user_meta=False, metas=['./colcon.meta'], base_paths=['/home/somyeong/Doosan_Robotics_Rokey/ros2_ws'], packages_ignore=None, packages_ignore_regex=None, paths=None, packages_up_to=None, packages_up_to_regex=None, packages_above=None, packages_above_and_dependencies=None, packages_above_depth=None, packages_select_by_dep=None, packages_skip_by_dep=None, packages_skip_up_to=None, packages_select_build_failed=False, packages_skip_build_finished=False, packages_select_test_failures=False, packages_skip_test_passed=False, packages_select=None, packages_skip=None, packages_select_regex=None, packages_skip_regex=None, packages_start=None, packages_end=None, allow_overriding=[], topological_order=False, names_only=False, paths_only=True, topological_graph=False, topological_graph_dot=False, topological_graph_density=False, topological_graph_legend=False, topological_graph_dot_cluster=False, topological_graph_dot_include_skipped=False, verb_parser=<colcon_defaults.argument_parser.defaults.DefaultArgumentsDecorator object at 0x7f04ca19dd80>, verb_extension=<colcon_package_information.verb.list.ListVerb object at 0x7f04ca19ca00>, main=<bound method ListVerb.main of <colcon_package_information.verb.list.ListVerb object at 0x7f04ca19ca00>>)
[0.140s] Level 1:colcon.colcon_core.package_discovery:discover_packages(colcon_meta) check parameters
[0.140s] Level 1:colcon.colcon_core.package_discovery:discover_packages(recursive) check parameters
[0.140s] Level 1:colcon.colcon_core.package_discovery:discover_packages(ignore) check parameters
[0.140s] Level 1:colcon.colcon_core.package_discovery:discover_packages(path) check parameters
[0.140s] Level 1:colcon.colcon_core.package_discovery:discover_packages(recursive) discover
[0.141s] INFO:colcon.colcon_core.package_discovery:Crawling recursively for packages in '/home/somyeong/Doosan_Robotics_Rokey/ros2_ws'
[0.141s] Level 1:colcon.colcon_core.package_identification:_identify(/home/somyeong/Doosan_Robotics_Rokey/ros2_ws) by extensions ['ignore', 'ignore_ament_install']
[0.141s] Level 1:colcon.colcon_core.package_identification:_identify(/home/somyeong/Doosan_Robotics_Rokey/ros2_ws) by extension 'ignore'
[0.141s] Level 1:colcon.colcon_core.package_identification:_identify(/home/somyeong/Doosan_Robotics_Rokey/ros2_ws) by extension 'ignore_ament_install'
[0.141s] Level 1:colcon.colcon_core.package_identification:_identify(/home/somyeong/Doosan_Robotics_Rokey/ros2_ws) by extensions ['colcon_pkg']
[0.141s] Level 1:colcon.colcon_core.package_identification:_identify(/home/somyeong/Doosan_Robotics_Rokey/ros2_ws) by extension 'colcon_pkg'
[0.141s] Level 1:colcon.colcon_core.package_identification:_identify(/home/somyeong/Doosan_Robotics_Rokey/ros2_ws) by extensions ['colcon_meta']
[0.141s] Level 1:colcon.colcon_core.package_identification:_identify(/home/somyeong/Doosan_Robotics_Rokey/ros2_ws) by extension 'colcon_meta'
[0.141s] Level 1:colcon.colcon_core.package_identification:_identify(/home/somyeong/Doosan_Robotics_Rokey/ros2_ws) by extensions ['ros']
[0.141s] Level 1:colcon.colcon_core.package_identification:_identify(/home/somyeong/Doosan_Robotics_Rokey/ros2_ws) by extension 'ros'
[0.152s] Level 1:colcon.colcon_core.package_identification:_identify(/home/somyeong/Doosan_Robotics_Rokey/ros2_ws) by extensions ['cmake', 'python']
[0.152s] Level 1:colcon.colcon_core.package_identification:_identify(/home/somyeong/Doosan_Robotics_Rokey/ros2_ws) by extension 'cmake'
[0.152s] Level 1:colcon.colcon_core.package_identification:_identify(/home/somyeong/Doosan_Robotics_Rokey/ros2_ws) by extension 'python'
[0.152s] Level 1:colcon.colcon_core.package_identification:_identify(/home/somyeong/Doosan_Robotics_Rokey/ros2_ws) by extensions ['python_setup_py']
[0.152s] Level 1:colcon.colcon_core.package_identification:_identify(/home/somyeong/Doosan_Robotics_Rokey/ros2_ws) by extension 'python_setup_py'
[0.152s] Level 1:colcon.colcon_core.package_identification:_identify(/home/somyeong/Doosan_Robotics_Rokey/ros2_ws/build) by extensions ['ignore', 'ignore_ament_install']
[0.152s] Level 1:colcon.colcon_core.package_identification:_identify(/home/somyeong/Doosan_Robotics_Rokey/ros2_ws/build) by extension 'ignore'
[0.152s] Level 1:colcon.colcon_core.package_identification:_identify(/home/somyeong/Doosan_Robotics_Rokey/ros2_ws/build) ignored
[0.152s] Level 1:colcon.colcon_core.package_identification:_identify(/home/somyeong/Doosan_Robotics_Rokey/ros2_ws/install) by extensions ['ignore', 'ignore_ament_install']
[0.152s] Level 1:colcon.colcon_core.package_identification:_identify(/home/somyeong/Doosan_Robotics_Rokey/ros2_ws/install) by extension 'ignore'
[0.152s] Level 1:colcon.colcon_core.package_identification:_identify(/home/somyeong/Doosan_Robotics_Rokey/ros2_ws/install) ignored
[0.152s] Level 1:colcon.colcon_core.package_identification:_identify(/home/somyeong/Doosan_Robotics_Rokey/ros2_ws/log) by extensions ['ignore', 'ignore_ament_install']
[0.152s] Level 1:colcon.colcon_core.package_identification:_identify(/home/somyeong/Doosan_Robotics_Rokey/ros2_ws/log) by extension 'ignore'
[0.152s] Level 1:colcon.colcon_core.package_identification:_identify(/home/somyeong/Doosan_Robotics_Rokey/ros2_ws/log) ignored
[0.152s] Level 1:colcon.colcon_core.package_identification:_identify(/home/somyeong/Doosan_Robotics_Rokey/ros2_ws/src) by extensions ['ignore', 'ignore_ament_install']
[0.153s] Level 1:colcon.colcon_core.package_identification:_identify(/home/somyeong/Doosan_Robotics_Rokey/ros2_ws/src) by extension 'ignore'
[0.153s] Level 1:colcon.colcon_core.package_identification:_identify(/home/somyeong/Doosan_Robotics_Rokey/ros2_ws/src) by extension 'ignore_ament_install'
[0.153s] Level 1:colcon.colcon_core.package_identification:_identify(/home/somyeong/Doosan_Robotics_Rokey/ros2_ws/src) by extensions ['colcon_pkg']
[0.153s] Level 1:colcon.colcon_core.package_identification:_identify(/home/somyeong/Doosan_Robotics_Rokey/ros2_ws/src) by extension 'colcon_pkg'
[0.153s] Level 1:colcon.colcon_core.package_identification:_identify(/home/somyeong/Doosan_Robotics_Rokey/ros2_ws/src) by extensions ['colcon_meta']
[0.153s] Level 1:colcon.colcon_core.package_identification:_identify(/home/somyeong/Doosan_Robotics_Rokey/ros2_ws/src) by extension 'colcon_meta'
[0.153s] Level 1:colcon.colcon_core.package_identification:_identify(/home/somyeong/Doosan_Robotics_Rokey/ros2_ws/src) by extensions ['ros']
[0.153s] Level 1:colcon.colcon_core.package_identification:_identify(/home/somyeong/Doosan_Robotics_Rokey/ros2_ws/src) by extension 'ros'
[0.153s] Level 1:colcon.colcon_core.package_identification:_identify(/home/somyeong/Doosan_Robotics_Rokey/ros2_ws/src) by extensions ['cmake', 'python']
[0.153s] Level 1:colcon.colcon_core.package_identification:_identify(/home/somyeong/Doosan_Robotics_Rokey/ros2_ws/src) by extension 'cmake'
[0.153s] Level 1:colcon.colcon_core.package_identification:_identify(/home/somyeong/Doosan_Robotics_Rokey/ros2_ws/src) by extension 'python'
[0.153s] Level 1:colcon.colcon_core.package_identification:_identify(/home/somyeong/Doosan_Robotics_Rokey/ros2_ws/src) by extensions ['python_setup_py']
[0.153s] Level 1:colcon.colcon_core.package_identification:_identify(/home/somyeong/Doosan_Robotics_Rokey/ros2_ws/src) by extension 'python_setup_py'
[0.153s] Level 1:colcon.colcon_core.package_identification:_identify(/home/somyeong/Doosan_Robotics_Rokey/ros2_ws/src/ex_calculator) by extensions ['ignore', 'ignore_ament_install']
[0.153s] Level 1:colcon.colcon_core.package_identification:_identify(/home/somyeong/Doosan_Robotics_Rokey/ros2_ws/src/ex_calculator) by extension 'ignore'
[0.153s] Level 1:colcon.colcon_core.package_identification:_identify(/home/somyeong/Doosan_Robotics_Rokey/ros2_ws/src/ex_calculator) by extension 'ignore_ament_install'
[0.153s] Level 1:colcon.colcon_core.package_identification:_identify(/home/somyeong/Doosan_Robotics_Rokey/ros2_ws/src/ex_calculator) by extensions ['colcon_pkg']
[0.153s] Level 1:colcon.colcon_core.package_identification:_identify(/home/somyeong/Doosan_Robotics_Rokey/ros2_ws/src/ex_calculator) by extension 'colcon_pkg'
[0.153s] Level 1:colcon.colcon_core.package_identification:_identify(/home/somyeong/Doosan_Robotics_Rokey/ros2_ws/src/ex_calculator) by extensions ['colcon_meta']
[0.153s] Level 1:colcon.colcon_core.package_identification:_identify(/home/somyeong/Doosan_Robotics_Rokey/ros2_ws/src/ex_calculator) by extension 'colcon_meta'
[0.153s] Level 1:colcon.colcon_core.package_identification:_identify(/home/somyeong/Doosan_Robotics_Rokey/ros2_ws/src/ex_calculator) by extensions ['ros']
[0.153s] Level 1:colcon.colcon_core.package_identification:_identify(/home/somyeong/Doosan_Robotics_Rokey/ros2_ws/src/ex_calculator) by extension 'ros'
[0.155s] DEBUG:colcon.colcon_core.package_identification:Package '/home/somyeong/Doosan_Robotics_Rokey/ros2_ws/src/ex_calculator' with type 'ros.ament_python' and name 'ex_calculator'
[0.155s] Level 1:colcon.colcon_core.package_identification:_identify(/home/somyeong/Doosan_Robotics_Rokey/ros2_ws/src/my_package1212) by extensions ['ignore', 'ignore_ament_install']
[0.155s] Level 1:colcon.colcon_core.package_identification:_identify(/home/somyeong/Doosan_Robotics_Rokey/ros2_ws/src/my_package1212) by extension 'ignore'
[0.155s] Level 1:colcon.colcon_core.package_identification:_identify(/home/somyeong/Doosan_Robotics_Rokey/ros2_ws/src/my_package1212) by extension 'ignore_ament_install'
[0.156s] Level 1:colcon.colcon_core.package_identification:_identify(/home/somyeong/Doosan_Robotics_Rokey/ros2_ws/src/my_package1212) by extensions ['colcon_pkg']
[0.156s] Level 1:colcon.colcon_core.package_identification:_identify(/home/somyeong/Doosan_Robotics_Rokey/ros2_ws/src/my_package1212) by extension 'colcon_pkg'
[0.156s] Level 1:colcon.colcon_core.package_identification:_identify(/home/somyeong/Doosan_Robotics_Rokey/ros2_ws/src/my_package1212) by extensions ['colcon_meta']
[0.156s] Level 1:colcon.colcon_core.package_identification:_identify(/home/somyeong/Doosan_Robotics_Rokey/ros2_ws/src/my_package1212) by extension 'colcon_meta'
[0.156s] Level 1:colcon.colcon_core.package_identification:_identify(/home/somyeong/Doosan_Robotics_Rokey/ros2_ws/src/my_package1212) by extensions ['ros']
[0.156s] Level 1:colcon.colcon_core.package_identification:_identify(/home/somyeong/Doosan_Robotics_Rokey/ros2_ws/src/my_package1212) by extension 'ros'
[0.156s] DEBUG:colcon.colcon_core.package_identification:Package '/home/somyeong/Doosan_Robotics_Rokey/ros2_ws/src/my_package1212' with type 'ros.ament_python' and name 'my_package1212'
[0.156s] Level 1:colcon.colcon_core.package_identification:_identify(/home/somyeong/Doosan_Robotics_Rokey/ros2_ws/src/py_pubsub) by extensions ['ignore', 'ignore_ament_install']
[0.156s] Level 1:colcon.colcon_core.package_identification:_identify(/home/somyeong/Doosan_Robotics_Rokey/ros2_ws/src/py_pubsub) by extension 'ignore'
[0.156s] Level 1:colcon.colcon_core.package_identification:_identify(/home/somyeong/Doosan_Robotics_Rokey/ros2_ws/src/py_pubsub) by extension 'ignore_ament_install'
[0.156s] Level 1:colcon.colcon_core.package_identification:_identify(/home/somyeong/Doosan_Robotics_Rokey/ros2_ws/src/py_pubsub) by extensions ['colcon_pkg']
[0.156s] Level 1:colcon.colcon_core.package_identification:_identify(/home/somyeong/Doosan_Robotics_Rokey/ros2_ws/src/py_pubsub) by extension 'colcon_pkg'
[0.156s] Level 1:colcon.colcon_core.package_identification:_identify(/home/somyeong/Doosan_Robotics_Rokey/ros2_ws/src/py_pubsub) by extensions ['colcon_meta']
[0.156s] Level 1:colcon.colcon_core.package_identification:_identify(/home/somyeong/Doosan_Robotics_Rokey/ros2_ws/src/py_pubsub) by extension 'colcon_meta'
[0.156s] Level 1:colcon.colcon_core.package_identification:_identify(/home/somyeong/Doosan_Robotics_Rokey/ros2_ws/src/py_pubsub) by extensions ['ros']
[0.156s] Level 1:colcon.colcon_core.package_identification:_identify(/home/somyeong/Doosan_Robotics_Rokey/ros2_ws/src/py_pubsub) by extension 'ros'
[0.157s] DEBUG:colcon.colcon_core.package_identification:Package '/home/somyeong/Doosan_Robotics_Rokey/ros2_ws/src/py_pubsub' with type 'ros.ament_python' and name 'py_pubsub'
[0.157s] Level 1:colcon.colcon_core.package_identification:_identify(/home/somyeong/Doosan_Robotics_Rokey/ros2_ws/src/ros_study_msgs) by extensions ['ignore', 'ignore_ament_install']
[0.157s] Level 1:colcon.colcon_core.package_identification:_identify(/home/somyeong/Doosan_Robotics_Rokey/ros2_ws/src/ros_study_msgs) by extension 'ignore'
[0.157s] Level 1:colcon.colcon_core.package_identification:_identify(/home/somyeong/Doosan_Robotics_Rokey/ros2_ws/src/ros_study_msgs) by extension 'ignore_ament_install'
[0.157s] Level 1:colcon.colcon_core.package_identification:_identify(/home/somyeong/Doosan_Robotics_Rokey/ros2_ws/src/ros_study_msgs) by extensions ['colcon_pkg']
[0.157s] Level 1:colcon.colcon_core.package_identification:_identify(/home/somyeong/Doosan_Robotics_Rokey/ros2_ws/src/ros_study_msgs) by extension 'colcon_pkg'
[0.157s] Level 1:colcon.colcon_core.package_identification:_identify(/home/somyeong/Doosan_Robotics_Rokey/ros2_ws/src/ros_study_msgs) by extensions ['colcon_meta']
[0.157s] Level 1:colcon.colcon_core.package_identification:_identify(/home/somyeong/Doosan_Robotics_Rokey/ros2_ws/src/ros_study_msgs) by extension 'colcon_meta'
[0.157s] Level 1:colcon.colcon_core.package_identification:_identify(/home/somyeong/Doosan_Robotics_Rokey/ros2_ws/src/ros_study_msgs) by extensions ['ros']
[0.157s] Level 1:colcon.colcon_core.package_identification:_identify(/home/somyeong/Doosan_Robotics_Rokey/ros2_ws/src/ros_study_msgs) by extension 'ros'
[0.157s] DEBUG:colcon.colcon_core.package_identification:Package '/home/somyeong/Doosan_Robotics_Rokey/ros2_ws/src/ros_study_msgs' with type 'ros.ament_cmake' and name 'ros_study_msgs'
[0.157s] Level 1:colcon.colcon_core.package_identification:_identify(/home/somyeong/Doosan_Robotics_Rokey/ros2_ws/src/ros_study_py) by extensions ['ignore', 'ignore_ament_install']
[0.157s] Level 1:colcon.colcon_core.package_identification:_identify(/home/somyeong/Doosan_Robotics_Rokey/ros2_ws/src/ros_study_py) by extension 'ignore'
[0.157s] Level 1:colcon.colcon_core.package_identification:_identify(/home/somyeong/Doosan_Robotics_Rokey/ros2_ws/src/ros_study_py) by extension 'ignore_ament_install'
[0.157s] Level 1:colcon.colcon_core.package_identification:_identify(/home/somyeong/Doosan_Robotics_Rokey/ros2_ws/src/ros_study_py) by extensions ['colcon_pkg']
[0.157s] Level 1:colcon.colcon_core.package_identification:_identify(/home/somyeong/Doosan_Robotics_Rokey/ros2_ws/src/ros_study_py) by extension 'colcon_pkg'
[0.157s] Level 1:colcon.colcon_core.package_identification:_identify(/home/somyeong/Doosan_Robotics_Rokey/ros2_ws/src/ros_study_py) by extensions ['colcon_meta']
[0.157s] Level 1:colcon.colcon_core.package_identification:_identify(/home/somyeong/Doosan_Robotics_Rokey/ros2_ws/src/ros_study_py) by extension 'colcon_meta'
[0.158s] Level 1:colcon.colcon_core.package_identification:_identify(/home/somyeong/Doosan_Robotics_Rokey/ros2_ws/src/ros_study_py) by extensions ['ros']
[0.158s] Level 1:colcon.colcon_core.package_identification:_identify(/home/somyeong/Doosan_Robotics_Rokey/ros2_ws/src/ros_study_py) by extension 'ros'
[0.158s] DEBUG:colcon.colcon_core.package_identification:Package '/home/somyeong/Doosan_Robotics_Rokey/ros2_ws/src/ros_study_py' with type 'ros.ament_python' and name 'ros_study_py'
[0.158s] Level 1:colcon.colcon_core.package_discovery:discover_packages(recursive) using defaults
