[0.408s] Invoking command in '/home/somyeong/Doosan_Robotics_Rokey/ros2_ws/src/py_pubsub': PYTHONPATH=/home/somyeong/Doosan_Robotics_Rokey/ros2_ws/build/py_pubsub/prefix_override:/usr/lib/python3/dist-packages/colcon_core/task/python/colcon_distutils_commands:/home/somyeong/Doosan_Robotics_Rokey/ros2_ws/install/py_pubsub/lib/python3.10/site-packages:${PYTHONPATH} /usr/bin/python3 -W ignore:setup.py install is deprecated setup.py egg_info --egg-base ../../build/py_pubsub build --build-base /home/somyeong/Doosan_Robotics_Rokey/ros2_ws/build/py_pubsub/build install --record /home/somyeong/Doosan_Robotics_Rokey/ros2_ws/build/py_pubsub/install.log --single-version-externally-managed install_data
[0.498s] /home/somyeong/.local/lib/python3.10/site-packages/setuptools/_distutils/dist.py:261: UserWarning: Unknown distribution option: 'tests_require'
[0.499s]   warnings.warn(msg)
[0.553s] running egg_info
[0.561s] writing ../../build/py_pubsub/py_pubsub.egg-info/PKG-INFO
[0.561s] writing dependency_links to ../../build/py_pubsub/py_pubsub.egg-info/dependency_links.txt
[0.561s] writing entry points to ../../build/py_pubsub/py_pubsub.egg-info/entry_points.txt
[0.562s] writing requirements to ../../build/py_pubsub/py_pubsub.egg-info/requires.txt
[0.562s] writing top-level names to ../../build/py_pubsub/py_pubsub.egg-info/top_level.txt
[0.579s] reading manifest file '../../build/py_pubsub/py_pubsub.egg-info/SOURCES.txt'
[0.580s] writing manifest file '../../build/py_pubsub/py_pubsub.egg-info/SOURCES.txt'
[0.580s] running build
[0.580s] running build_py
[0.581s] copying py_pubsub/subscriber_member_function.py -> /home/somyeong/Doosan_Robotics_Rokey/ros2_ws/build/py_pubsub/build/lib/py_pubsub
[0.581s] copying py_pubsub/__init__.py -> /home/somyeong/Doosan_Robotics_Rokey/ros2_ws/build/py_pubsub/build/lib/py_pubsub
[0.581s] copying py_pubsub/publisher_member_function.py -> /home/somyeong/Doosan_Robotics_Rokey/ros2_ws/build/py_pubsub/build/lib/py_pubsub
[0.581s] running install
[0.584s] running install_lib
[0.592s] copying /home/somyeong/Doosan_Robotics_Rokey/ros2_ws/build/py_pubsub/build/lib/py_pubsub/subscriber_member_function.py -> /home/somyeong/Doosan_Robotics_Rokey/ros2_ws/install/py_pubsub/lib/python3.10/site-packages/py_pubsub
[0.592s] copying /home/somyeong/Doosan_Robotics_Rokey/ros2_ws/build/py_pubsub/build/lib/py_pubsub/publisher_member_function.py -> /home/somyeong/Doosan_Robotics_Rokey/ros2_ws/install/py_pubsub/lib/python3.10/site-packages/py_pubsub
[0.593s] byte-compiling /home/somyeong/Doosan_Robotics_Rokey/ros2_ws/install/py_pubsub/lib/python3.10/site-packages/py_pubsub/subscriber_member_function.py to subscriber_member_function.cpython-310.pyc
[0.593s] byte-compiling /home/somyeong/Doosan_Robotics_Rokey/ros2_ws/install/py_pubsub/lib/python3.10/site-packages/py_pubsub/publisher_member_function.py to publisher_member_function.cpython-310.pyc
[0.593s] running install_data
[0.593s] copying resource/py_pubsub -> /home/somyeong/Doosan_Robotics_Rokey/ros2_ws/install/py_pubsub/share/ament_index/resource_index/packages
[0.594s] copying package.xml -> /home/somyeong/Doosan_Robotics_Rokey/ros2_ws/install/py_pubsub/share/py_pubsub
[0.594s] running install_egg_info
[0.603s] removing '/home/somyeong/Doosan_Robotics_Rokey/ros2_ws/install/py_pubsub/lib/python3.10/site-packages/py_pubsub-0.0.0-py3.10.egg-info' (and everything under it)
[0.603s] Copying ../../build/py_pubsub/py_pubsub.egg-info to /home/somyeong/Doosan_Robotics_Rokey/ros2_ws/install/py_pubsub/lib/python3.10/site-packages/py_pubsub-0.0.0-py3.10.egg-info
[0.603s] running install_scripts
[0.674s] Installing listener script to /home/somyeong/Doosan_Robotics_Rokey/ros2_ws/install/py_pubsub/lib/py_pubsub
[0.674s] Installing talker script to /home/somyeong/Doosan_Robotics_Rokey/ros2_ws/install/py_pubsub/lib/py_pubsub
[0.675s] writing list of installed files to '/home/somyeong/Doosan_Robotics_Rokey/ros2_ws/build/py_pubsub/install.log'
[0.689s] Invoked command in '/home/somyeong/Doosan_Robotics_Rokey/ros2_ws/src/py_pubsub' returned '0': PYTHONPATH=/home/somyeong/Doosan_Robotics_Rokey/ros2_ws/build/py_pubsub/prefix_override:/usr/lib/python3/dist-packages/colcon_core/task/python/colcon_distutils_commands:/home/somyeong/Doosan_Robotics_Rokey/ros2_ws/install/py_pubsub/lib/python3.10/site-packages:${PYTHONPATH} /usr/bin/python3 -W ignore:setup.py install is deprecated setup.py egg_info --egg-base ../../build/py_pubsub build --build-base /home/somyeong/Doosan_Robotics_Rokey/ros2_ws/build/py_pubsub/build install --record /home/somyeong/Doosan_Robotics_Rokey/ros2_ws/build/py_pubsub/install.log --single-version-externally-managed install_data
