[0.072s] DEBUG:colcon:Command line arguments: ['/usr/bin/colcon', 'build']
[0.072s] DEBUG:colcon:Parsed command line arguments: Namespace(log_base=None, log_level=None, verb_name='build', build_base='build', install_base='install', merge_install=False, symlink_install=False, test_result_base=None, continue_on_error=False, executor='parallel', parallel_workers=16, event_handlers=None, ignore_user_meta=False, metas=['./colcon.meta'], base_paths=['.'], packages_ignore=None, packages_ignore_regex=None, paths=None, packages_up_to=None, packages_up_to_regex=None, packages_above=None, packages_above_and_dependencies=None, packages_above_depth=None, packages_select_by_dep=None, packages_skip_by_dep=None, packages_skip_up_to=None, packages_select_build_failed=False, packages_skip_build_finished=False, packages_select_test_failures=False, packages_skip_test_passed=False, packages_select=None, packages_skip=None, packages_select_regex=None, packages_skip_regex=None, packages_start=None, packages_end=None, allow_overriding=[], cmake_args=None, cmake_target=None, cmake_target_skip_unavailable=False, cmake_clean_cache=False, cmake_clean_first=False, cmake_force_configure=False, ament_cmake_args=None, catkin_cmake_args=None, catkin_skip_building_tests=False, verb_parser=<colcon_defaults.argument_parser.defaults.DefaultArgumentsDecorator object at 0x7d9f882a0310>, verb_extension=<colcon_core.verb.build.BuildVerb object at 0x7d9f88273d60>, main=<bound method BuildVerb.main of <colcon_core.verb.build.BuildVerb object at 0x7d9f88273d60>>)
[0.093s] Level 1:colcon.colcon_core.package_discovery:discover_packages(colcon_meta) check parameters
[0.093s] Level 1:colcon.colcon_core.package_discovery:discover_packages(recursive) check parameters
[0.093s] Level 1:colcon.colcon_core.package_discovery:discover_packages(ignore) check parameters
[0.093s] Level 1:colcon.colcon_core.package_discovery:discover_packages(path) check parameters
[0.093s] Level 1:colcon.colcon_core.package_discovery:discover_packages(colcon_meta) discover
[0.093s] Level 1:colcon.colcon_core.package_discovery:discover_packages(recursive) discover
[0.094s] INFO:colcon.colcon_core.package_discovery:Crawling recursively for packages in '/home/somyeong/Doosan_Robotics_Rokey/ros2_ws'
[0.094s] Level 1:colcon.colcon_core.package_identification:_identify(.) by extensions ['ignore', 'ignore_ament_install']
[0.094s] Level 1:colcon.colcon_core.package_identification:_identify(.) by extension 'ignore'
[0.094s] Level 1:colcon.colcon_core.package_identification:_identify(.) by extension 'ignore_ament_install'
[0.094s] Level 1:colcon.colcon_core.package_identification:_identify(.) by extensions ['colcon_pkg']
[0.094s] Level 1:colcon.colcon_core.package_identification:_identify(.) by extension 'colcon_pkg'
[0.094s] Level 1:colcon.colcon_core.package_identification:_identify(.) by extensions ['colcon_meta']
[0.094s] Level 1:colcon.colcon_core.package_identification:_identify(.) by extension 'colcon_meta'
[0.094s] Level 1:colcon.colcon_core.package_identification:_identify(.) by extensions ['ros']
[0.094s] Level 1:colcon.colcon_core.package_identification:_identify(.) by extension 'ros'
[0.102s] Level 1:colcon.colcon_core.package_identification:_identify(.) by extensions ['cmake', 'python']
[0.102s] Level 1:colcon.colcon_core.package_identification:_identify(.) by extension 'cmake'
[0.102s] Level 1:colcon.colcon_core.package_identification:_identify(.) by extension 'python'
[0.102s] Level 1:colcon.colcon_core.package_identification:_identify(.) by extensions ['python_setup_py']
[0.102s] Level 1:colcon.colcon_core.package_identification:_identify(.) by extension 'python_setup_py'
[0.103s] Level 1:colcon.colcon_core.package_identification:_identify(build) by extensions ['ignore', 'ignore_ament_install']
[0.103s] Level 1:colcon.colcon_core.package_identification:_identify(build) by extension 'ignore'
[0.103s] Level 1:colcon.colcon_core.package_identification:_identify(build) ignored
[0.103s] Level 1:colcon.colcon_core.package_identification:_identify(demo_keystore) by extensions ['ignore', 'ignore_ament_install']
[0.103s] Level 1:colcon.colcon_core.package_identification:_identify(demo_keystore) by extension 'ignore'
[0.103s] Level 1:colcon.colcon_core.package_identification:_identify(demo_keystore) by extension 'ignore_ament_install'
[0.103s] Level 1:colcon.colcon_core.package_identification:_identify(demo_keystore) by extensions ['colcon_pkg']
[0.103s] Level 1:colcon.colcon_core.package_identification:_identify(demo_keystore) by extension 'colcon_pkg'
[0.103s] Level 1:colcon.colcon_core.package_identification:_identify(demo_keystore) by extensions ['colcon_meta']
[0.103s] Level 1:colcon.colcon_core.package_identification:_identify(demo_keystore) by extension 'colcon_meta'
[0.103s] Level 1:colcon.colcon_core.package_identification:_identify(demo_keystore) by extensions ['ros']
[0.103s] Level 1:colcon.colcon_core.package_identification:_identify(demo_keystore) by extension 'ros'
[0.103s] Level 1:colcon.colcon_core.package_identification:_identify(demo_keystore) by extensions ['cmake', 'python']
[0.103s] Level 1:colcon.colcon_core.package_identification:_identify(demo_keystore) by extension 'cmake'
[0.103s] Level 1:colcon.colcon_core.package_identification:_identify(demo_keystore) by extension 'python'
[0.103s] Level 1:colcon.colcon_core.package_identification:_identify(demo_keystore) by extensions ['python_setup_py']
[0.103s] Level 1:colcon.colcon_core.package_identification:_identify(demo_keystore) by extension 'python_setup_py'
[0.103s] Level 1:colcon.colcon_core.package_identification:_identify(demo_keystore/enclaves) by extensions ['ignore', 'ignore_ament_install']
[0.103s] Level 1:colcon.colcon_core.package_identification:_identify(demo_keystore/enclaves) by extension 'ignore'
[0.103s] Level 1:colcon.colcon_core.package_identification:_identify(demo_keystore/enclaves) by extension 'ignore_ament_install'
[0.103s] Level 1:colcon.colcon_core.package_identification:_identify(demo_keystore/enclaves) by extensions ['colcon_pkg']
[0.103s] Level 1:colcon.colcon_core.package_identification:_identify(demo_keystore/enclaves) by extension 'colcon_pkg'
[0.103s] Level 1:colcon.colcon_core.package_identification:_identify(demo_keystore/enclaves) by extensions ['colcon_meta']
[0.103s] Level 1:colcon.colcon_core.package_identification:_identify(demo_keystore/enclaves) by extension 'colcon_meta'
[0.103s] Level 1:colcon.colcon_core.package_identification:_identify(demo_keystore/enclaves) by extensions ['ros']
[0.103s] Level 1:colcon.colcon_core.package_identification:_identify(demo_keystore/enclaves) by extension 'ros'
[0.103s] Level 1:colcon.colcon_core.package_identification:_identify(demo_keystore/enclaves) by extensions ['cmake', 'python']
[0.103s] Level 1:colcon.colcon_core.package_identification:_identify(demo_keystore/enclaves) by extension 'cmake'
[0.103s] Level 1:colcon.colcon_core.package_identification:_identify(demo_keystore/enclaves) by extension 'python'
[0.103s] Level 1:colcon.colcon_core.package_identification:_identify(demo_keystore/enclaves) by extensions ['python_setup_py']
[0.103s] Level 1:colcon.colcon_core.package_identification:_identify(demo_keystore/enclaves) by extension 'python_setup_py'
[0.103s] Level 1:colcon.colcon_core.package_identification:_identify(demo_keystore/enclaves/talker_listener) by extensions ['ignore', 'ignore_ament_install']
[0.103s] Level 1:colcon.colcon_core.package_identification:_identify(demo_keystore/enclaves/talker_listener) by extension 'ignore'
[0.103s] Level 1:colcon.colcon_core.package_identification:_identify(demo_keystore/enclaves/talker_listener) by extension 'ignore_ament_install'
[0.104s] Level 1:colcon.colcon_core.package_identification:_identify(demo_keystore/enclaves/talker_listener) by extensions ['colcon_pkg']
[0.104s] Level 1:colcon.colcon_core.package_identification:_identify(demo_keystore/enclaves/talker_listener) by extension 'colcon_pkg'
[0.104s] Level 1:colcon.colcon_core.package_identification:_identify(demo_keystore/enclaves/talker_listener) by extensions ['colcon_meta']
[0.104s] Level 1:colcon.colcon_core.package_identification:_identify(demo_keystore/enclaves/talker_listener) by extension 'colcon_meta'
[0.104s] Level 1:colcon.colcon_core.package_identification:_identify(demo_keystore/enclaves/talker_listener) by extensions ['ros']
[0.104s] Level 1:colcon.colcon_core.package_identification:_identify(demo_keystore/enclaves/talker_listener) by extension 'ros'
[0.104s] Level 1:colcon.colcon_core.package_identification:_identify(demo_keystore/enclaves/talker_listener) by extensions ['cmake', 'python']
[0.104s] Level 1:colcon.colcon_core.package_identification:_identify(demo_keystore/enclaves/talker_listener) by extension 'cmake'
[0.104s] Level 1:colcon.colcon_core.package_identification:_identify(demo_keystore/enclaves/talker_listener) by extension 'python'
[0.104s] Level 1:colcon.colcon_core.package_identification:_identify(demo_keystore/enclaves/talker_listener) by extensions ['python_setup_py']
[0.104s] Level 1:colcon.colcon_core.package_identification:_identify(demo_keystore/enclaves/talker_listener) by extension 'python_setup_py'
[0.104s] Level 1:colcon.colcon_core.package_identification:_identify(demo_keystore/enclaves/talker_listener/listener) by extensions ['ignore', 'ignore_ament_install']
[0.104s] Level 1:colcon.colcon_core.package_identification:_identify(demo_keystore/enclaves/talker_listener/listener) by extension 'ignore'
[0.104s] Level 1:colcon.colcon_core.package_identification:_identify(demo_keystore/enclaves/talker_listener/listener) by extension 'ignore_ament_install'
[0.104s] Level 1:colcon.colcon_core.package_identification:_identify(demo_keystore/enclaves/talker_listener/listener) by extensions ['colcon_pkg']
[0.104s] Level 1:colcon.colcon_core.package_identification:_identify(demo_keystore/enclaves/talker_listener/listener) by extension 'colcon_pkg'
[0.104s] Level 1:colcon.colcon_core.package_identification:_identify(demo_keystore/enclaves/talker_listener/listener) by extensions ['colcon_meta']
[0.104s] Level 1:colcon.colcon_core.package_identification:_identify(demo_keystore/enclaves/talker_listener/listener) by extension 'colcon_meta'
[0.104s] Level 1:colcon.colcon_core.package_identification:_identify(demo_keystore/enclaves/talker_listener/listener) by extensions ['ros']
[0.104s] Level 1:colcon.colcon_core.package_identification:_identify(demo_keystore/enclaves/talker_listener/listener) by extension 'ros'
[0.104s] Level 1:colcon.colcon_core.package_identification:_identify(demo_keystore/enclaves/talker_listener/listener) by extensions ['cmake', 'python']
[0.104s] Level 1:colcon.colcon_core.package_identification:_identify(demo_keystore/enclaves/talker_listener/listener) by extension 'cmake'
[0.104s] Level 1:colcon.colcon_core.package_identification:_identify(demo_keystore/enclaves/talker_listener/listener) by extension 'python'
[0.104s] Level 1:colcon.colcon_core.package_identification:_identify(demo_keystore/enclaves/talker_listener/listener) by extensions ['python_setup_py']
[0.104s] Level 1:colcon.colcon_core.package_identification:_identify(demo_keystore/enclaves/talker_listener/listener) by extension 'python_setup_py'
[0.104s] Level 1:colcon.colcon_core.package_identification:_identify(demo_keystore/enclaves/talker_listener/talker) by extensions ['ignore', 'ignore_ament_install']
[0.104s] Level 1:colcon.colcon_core.package_identification:_identify(demo_keystore/enclaves/talker_listener/talker) by extension 'ignore'
[0.104s] Level 1:colcon.colcon_core.package_identification:_identify(demo_keystore/enclaves/talker_listener/talker) by extension 'ignore_ament_install'
[0.104s] Level 1:colcon.colcon_core.package_identification:_identify(demo_keystore/enclaves/talker_listener/talker) by extensions ['colcon_pkg']
[0.104s] Level 1:colcon.colcon_core.package_identification:_identify(demo_keystore/enclaves/talker_listener/talker) by extension 'colcon_pkg'
[0.104s] Level 1:colcon.colcon_core.package_identification:_identify(demo_keystore/enclaves/talker_listener/talker) by extensions ['colcon_meta']
[0.104s] Level 1:colcon.colcon_core.package_identification:_identify(demo_keystore/enclaves/talker_listener/talker) by extension 'colcon_meta'
[0.104s] Level 1:colcon.colcon_core.package_identification:_identify(demo_keystore/enclaves/talker_listener/talker) by extensions ['ros']
[0.104s] Level 1:colcon.colcon_core.package_identification:_identify(demo_keystore/enclaves/talker_listener/talker) by extension 'ros'
[0.104s] Level 1:colcon.colcon_core.package_identification:_identify(demo_keystore/enclaves/talker_listener/talker) by extensions ['cmake', 'python']
[0.104s] Level 1:colcon.colcon_core.package_identification:_identify(demo_keystore/enclaves/talker_listener/talker) by extension 'cmake'
[0.104s] Level 1:colcon.colcon_core.package_identification:_identify(demo_keystore/enclaves/talker_listener/talker) by extension 'python'
[0.104s] Level 1:colcon.colcon_core.package_identification:_identify(demo_keystore/enclaves/talker_listener/talker) by extensions ['python_setup_py']
[0.104s] Level 1:colcon.colcon_core.package_identification:_identify(demo_keystore/enclaves/talker_listener/talker) by extension 'python_setup_py'
[0.104s] Level 1:colcon.colcon_core.package_identification:_identify(demo_keystore/private) by extensions ['ignore', 'ignore_ament_install']
[0.104s] Level 1:colcon.colcon_core.package_identification:_identify(demo_keystore/private) by extension 'ignore'
[0.104s] Level 1:colcon.colcon_core.package_identification:_identify(demo_keystore/private) by extension 'ignore_ament_install'
[0.104s] Level 1:colcon.colcon_core.package_identification:_identify(demo_keystore/private) by extensions ['colcon_pkg']
[0.104s] Level 1:colcon.colcon_core.package_identification:_identify(demo_keystore/private) by extension 'colcon_pkg'
[0.105s] Level 1:colcon.colcon_core.package_identification:_identify(demo_keystore/private) by extensions ['colcon_meta']
[0.105s] Level 1:colcon.colcon_core.package_identification:_identify(demo_keystore/private) by extension 'colcon_meta'
[0.105s] Level 1:colcon.colcon_core.package_identification:_identify(demo_keystore/private) by extensions ['ros']
[0.105s] Level 1:colcon.colcon_core.package_identification:_identify(demo_keystore/private) by extension 'ros'
[0.105s] Level 1:colcon.colcon_core.package_identification:_identify(demo_keystore/private) by extensions ['cmake', 'python']
[0.105s] Level 1:colcon.colcon_core.package_identification:_identify(demo_keystore/private) by extension 'cmake'
[0.105s] Level 1:colcon.colcon_core.package_identification:_identify(demo_keystore/private) by extension 'python'
[0.105s] Level 1:colcon.colcon_core.package_identification:_identify(demo_keystore/private) by extensions ['python_setup_py']
[0.105s] Level 1:colcon.colcon_core.package_identification:_identify(demo_keystore/private) by extension 'python_setup_py'
[0.105s] Level 1:colcon.colcon_core.package_identification:_identify(demo_keystore/public) by extensions ['ignore', 'ignore_ament_install']
[0.105s] Level 1:colcon.colcon_core.package_identification:_identify(demo_keystore/public) by extension 'ignore'
[0.105s] Level 1:colcon.colcon_core.package_identification:_identify(demo_keystore/public) by extension 'ignore_ament_install'
[0.105s] Level 1:colcon.colcon_core.package_identification:_identify(demo_keystore/public) by extensions ['colcon_pkg']
[0.105s] Level 1:colcon.colcon_core.package_identification:_identify(demo_keystore/public) by extension 'colcon_pkg'
[0.105s] Level 1:colcon.colcon_core.package_identification:_identify(demo_keystore/public) by extensions ['colcon_meta']
[0.105s] Level 1:colcon.colcon_core.package_identification:_identify(demo_keystore/public) by extension 'colcon_meta'
[0.105s] Level 1:colcon.colcon_core.package_identification:_identify(demo_keystore/public) by extensions ['ros']
[0.105s] Level 1:colcon.colcon_core.package_identification:_identify(demo_keystore/public) by extension 'ros'
[0.105s] Level 1:colcon.colcon_core.package_identification:_identify(demo_keystore/public) by extensions ['cmake', 'python']
[0.105s] Level 1:colcon.colcon_core.package_identification:_identify(demo_keystore/public) by extension 'cmake'
[0.105s] Level 1:colcon.colcon_core.package_identification:_identify(demo_keystore/public) by extension 'python'
[0.105s] Level 1:colcon.colcon_core.package_identification:_identify(demo_keystore/public) by extensions ['python_setup_py']
[0.105s] Level 1:colcon.colcon_core.package_identification:_identify(demo_keystore/public) by extension 'python_setup_py'
[0.105s] Level 1:colcon.colcon_core.package_identification:_identify(install) by extensions ['ignore', 'ignore_ament_install']
[0.105s] Level 1:colcon.colcon_core.package_identification:_identify(install) by extension 'ignore'
[0.105s] Level 1:colcon.colcon_core.package_identification:_identify(install) ignored
[0.105s] Level 1:colcon.colcon_core.package_identification:_identify(log) by extensions ['ignore', 'ignore_ament_install']
[0.105s] Level 1:colcon.colcon_core.package_identification:_identify(log) by extension 'ignore'
[0.105s] Level 1:colcon.colcon_core.package_identification:_identify(log) ignored
[0.105s] Level 1:colcon.colcon_core.package_identification:_identify(my_bag) by extensions ['ignore', 'ignore_ament_install']
[0.105s] Level 1:colcon.colcon_core.package_identification:_identify(my_bag) by extension 'ignore'
[0.105s] Level 1:colcon.colcon_core.package_identification:_identify(my_bag) by extension 'ignore_ament_install'
[0.105s] Level 1:colcon.colcon_core.package_identification:_identify(my_bag) by extensions ['colcon_pkg']
[0.105s] Level 1:colcon.colcon_core.package_identification:_identify(my_bag) by extension 'colcon_pkg'
[0.105s] Level 1:colcon.colcon_core.package_identification:_identify(my_bag) by extensions ['colcon_meta']
[0.105s] Level 1:colcon.colcon_core.package_identification:_identify(my_bag) by extension 'colcon_meta'
[0.105s] Level 1:colcon.colcon_core.package_identification:_identify(my_bag) by extensions ['ros']
[0.105s] Level 1:colcon.colcon_core.package_identification:_identify(my_bag) by extension 'ros'
[0.105s] Level 1:colcon.colcon_core.package_identification:_identify(my_bag) by extensions ['cmake', 'python']
[0.105s] Level 1:colcon.colcon_core.package_identification:_identify(my_bag) by extension 'cmake'
[0.105s] Level 1:colcon.colcon_core.package_identification:_identify(my_bag) by extension 'python'
[0.105s] Level 1:colcon.colcon_core.package_identification:_identify(my_bag) by extensions ['python_setup_py']
[0.105s] Level 1:colcon.colcon_core.package_identification:_identify(my_bag) by extension 'python_setup_py'
[0.105s] Level 1:colcon.colcon_core.package_identification:_identify(my_ros_pkg) by extensions ['ignore', 'ignore_ament_install']
[0.106s] Level 1:colcon.colcon_core.package_identification:_identify(my_ros_pkg) by extension 'ignore'
[0.106s] Level 1:colcon.colcon_core.package_identification:_identify(my_ros_pkg) by extension 'ignore_ament_install'
[0.106s] Level 1:colcon.colcon_core.package_identification:_identify(my_ros_pkg) by extensions ['colcon_pkg']
[0.106s] Level 1:colcon.colcon_core.package_identification:_identify(my_ros_pkg) by extension 'colcon_pkg'
[0.106s] Level 1:colcon.colcon_core.package_identification:_identify(my_ros_pkg) by extensions ['colcon_meta']
[0.106s] Level 1:colcon.colcon_core.package_identification:_identify(my_ros_pkg) by extension 'colcon_meta'
[0.106s] Level 1:colcon.colcon_core.package_identification:_identify(my_ros_pkg) by extensions ['ros']
[0.106s] Level 1:colcon.colcon_core.package_identification:_identify(my_ros_pkg) by extension 'ros'
[0.107s] DEBUG:colcon.colcon_core.package_identification:Package 'my_ros_pkg' with type 'ros.ament_python' and name 'my_ros_pkg'
[0.107s] Level 1:colcon.colcon_core.package_identification:_identify(rosbag2_2024_10_14-10_54_22) by extensions ['ignore', 'ignore_ament_install']
[0.107s] Level 1:colcon.colcon_core.package_identification:_identify(rosbag2_2024_10_14-10_54_22) by extension 'ignore'
[0.107s] Level 1:colcon.colcon_core.package_identification:_identify(rosbag2_2024_10_14-10_54_22) by extension 'ignore_ament_install'
[0.107s] Level 1:colcon.colcon_core.package_identification:_identify(rosbag2_2024_10_14-10_54_22) by extensions ['colcon_pkg']
[0.107s] Level 1:colcon.colcon_core.package_identification:_identify(rosbag2_2024_10_14-10_54_22) by extension 'colcon_pkg'
[0.107s] Level 1:colcon.colcon_core.package_identification:_identify(rosbag2_2024_10_14-10_54_22) by extensions ['colcon_meta']
[0.107s] Level 1:colcon.colcon_core.package_identification:_identify(rosbag2_2024_10_14-10_54_22) by extension 'colcon_meta'
[0.107s] Level 1:colcon.colcon_core.package_identification:_identify(rosbag2_2024_10_14-10_54_22) by extensions ['ros']
[0.107s] Level 1:colcon.colcon_core.package_identification:_identify(rosbag2_2024_10_14-10_54_22) by extension 'ros'
[0.107s] Level 1:colcon.colcon_core.package_identification:_identify(rosbag2_2024_10_14-10_54_22) by extensions ['cmake', 'python']
[0.107s] Level 1:colcon.colcon_core.package_identification:_identify(rosbag2_2024_10_14-10_54_22) by extension 'cmake'
[0.107s] Level 1:colcon.colcon_core.package_identification:_identify(rosbag2_2024_10_14-10_54_22) by extension 'python'
[0.107s] Level 1:colcon.colcon_core.package_identification:_identify(rosbag2_2024_10_14-10_54_22) by extensions ['python_setup_py']
[0.107s] Level 1:colcon.colcon_core.package_identification:_identify(rosbag2_2024_10_14-10_54_22) by extension 'python_setup_py'
[0.107s] Level 1:colcon.colcon_core.package_identification:_identify(src) by extensions ['ignore', 'ignore_ament_install']
[0.107s] Level 1:colcon.colcon_core.package_identification:_identify(src) by extension 'ignore'
[0.107s] Level 1:colcon.colcon_core.package_identification:_identify(src) by extension 'ignore_ament_install'
[0.107s] Level 1:colcon.colcon_core.package_identification:_identify(src) by extensions ['colcon_pkg']
[0.107s] Level 1:colcon.colcon_core.package_identification:_identify(src) by extension 'colcon_pkg'
[0.107s] Level 1:colcon.colcon_core.package_identification:_identify(src) by extensions ['colcon_meta']
[0.108s] Level 1:colcon.colcon_core.package_identification:_identify(src) by extension 'colcon_meta'
[0.108s] Level 1:colcon.colcon_core.package_identification:_identify(src) by extensions ['ros']
[0.108s] Level 1:colcon.colcon_core.package_identification:_identify(src) by extension 'ros'
[0.108s] Level 1:colcon.colcon_core.package_identification:_identify(src) by extensions ['cmake', 'python']
[0.108s] Level 1:colcon.colcon_core.package_identification:_identify(src) by extension 'cmake'
[0.108s] Level 1:colcon.colcon_core.package_identification:_identify(src) by extension 'python'
[0.108s] Level 1:colcon.colcon_core.package_identification:_identify(src) by extensions ['python_setup_py']
[0.108s] Level 1:colcon.colcon_core.package_identification:_identify(src) by extension 'python_setup_py'
[0.108s] Level 1:colcon.colcon_core.package_identification:_identify(src/ex_calculator) by extensions ['ignore', 'ignore_ament_install']
[0.108s] Level 1:colcon.colcon_core.package_identification:_identify(src/ex_calculator) by extension 'ignore'
[0.108s] Level 1:colcon.colcon_core.package_identification:_identify(src/ex_calculator) by extension 'ignore_ament_install'
[0.108s] Level 1:colcon.colcon_core.package_identification:_identify(src/ex_calculator) by extensions ['colcon_pkg']
[0.108s] Level 1:colcon.colcon_core.package_identification:_identify(src/ex_calculator) by extension 'colcon_pkg'
[0.108s] Level 1:colcon.colcon_core.package_identification:_identify(src/ex_calculator) by extensions ['colcon_meta']
[0.108s] Level 1:colcon.colcon_core.package_identification:_identify(src/ex_calculator) by extension 'colcon_meta'
[0.108s] Level 1:colcon.colcon_core.package_identification:_identify(src/ex_calculator) by extensions ['ros']
[0.108s] Level 1:colcon.colcon_core.package_identification:_identify(src/ex_calculator) by extension 'ros'
[0.108s] DEBUG:colcon.colcon_core.package_identification:Package 'src/ex_calculator' with type 'ros.ament_python' and name 'ex_calculator'
[0.108s] Level 1:colcon.colcon_core.package_identification:_identify(src/my_package1212) by extensions ['ignore', 'ignore_ament_install']
[0.108s] Level 1:colcon.colcon_core.package_identification:_identify(src/my_package1212) by extension 'ignore'
[0.108s] Level 1:colcon.colcon_core.package_identification:_identify(src/my_package1212) by extension 'ignore_ament_install'
[0.108s] Level 1:colcon.colcon_core.package_identification:_identify(src/my_package1212) by extensions ['colcon_pkg']
[0.108s] Level 1:colcon.colcon_core.package_identification:_identify(src/my_package1212) by extension 'colcon_pkg'
[0.108s] Level 1:colcon.colcon_core.package_identification:_identify(src/my_package1212) by extensions ['colcon_meta']
[0.108s] Level 1:colcon.colcon_core.package_identification:_identify(src/my_package1212) by extension 'colcon_meta'
[0.108s] Level 1:colcon.colcon_core.package_identification:_identify(src/my_package1212) by extensions ['ros']
[0.108s] Level 1:colcon.colcon_core.package_identification:_identify(src/my_package1212) by extension 'ros'
[0.109s] DEBUG:colcon.colcon_core.package_identification:Package 'src/my_package1212' with type 'ros.ament_python' and name 'my_package1212'
[0.109s] Level 1:colcon.colcon_core.package_identification:_identify(src/py_pubsub) by extensions ['ignore', 'ignore_ament_install']
[0.109s] Level 1:colcon.colcon_core.package_identification:_identify(src/py_pubsub) by extension 'ignore'
[0.109s] Level 1:colcon.colcon_core.package_identification:_identify(src/py_pubsub) by extension 'ignore_ament_install'
[0.109s] Level 1:colcon.colcon_core.package_identification:_identify(src/py_pubsub) by extensions ['colcon_pkg']
[0.109s] Level 1:colcon.colcon_core.package_identification:_identify(src/py_pubsub) by extension 'colcon_pkg'
[0.109s] Level 1:colcon.colcon_core.package_identification:_identify(src/py_pubsub) by extensions ['colcon_meta']
[0.109s] Level 1:colcon.colcon_core.package_identification:_identify(src/py_pubsub) by extension 'colcon_meta'
[0.109s] Level 1:colcon.colcon_core.package_identification:_identify(src/py_pubsub) by extensions ['ros']
[0.109s] Level 1:colcon.colcon_core.package_identification:_identify(src/py_pubsub) by extension 'ros'
[0.109s] DEBUG:colcon.colcon_core.package_identification:Package 'src/py_pubsub' with type 'ros.ament_python' and name 'py_pubsub'
[0.109s] Level 1:colcon.colcon_core.package_identification:_identify(src/ros2env) by extensions ['ignore', 'ignore_ament_install']
[0.109s] Level 1:colcon.colcon_core.package_identification:_identify(src/ros2env) by extension 'ignore'
[0.109s] Level 1:colcon.colcon_core.package_identification:_identify(src/ros2env) by extension 'ignore_ament_install'
[0.109s] Level 1:colcon.colcon_core.package_identification:_identify(src/ros2env) by extensions ['colcon_pkg']
[0.109s] Level 1:colcon.colcon_core.package_identification:_identify(src/ros2env) by extension 'colcon_pkg'
[0.109s] Level 1:colcon.colcon_core.package_identification:_identify(src/ros2env) by extensions ['colcon_meta']
[0.109s] Level 1:colcon.colcon_core.package_identification:_identify(src/ros2env) by extension 'colcon_meta'
[0.109s] Level 1:colcon.colcon_core.package_identification:_identify(src/ros2env) by extensions ['ros']
[0.109s] Level 1:colcon.colcon_core.package_identification:_identify(src/ros2env) by extension 'ros'
[0.110s] DEBUG:colcon.colcon_core.package_identification:Package 'src/ros2env' with type 'ros.ament_python' and name 'ros2env'
[0.110s] Level 1:colcon.colcon_core.package_identification:_identify(src/ros_study_msgs) by extensions ['ignore', 'ignore_ament_install']
[0.110s] Level 1:colcon.colcon_core.package_identification:_identify(src/ros_study_msgs) by extension 'ignore'
[0.110s] Level 1:colcon.colcon_core.package_identification:_identify(src/ros_study_msgs) by extension 'ignore_ament_install'
[0.110s] Level 1:colcon.colcon_core.package_identification:_identify(src/ros_study_msgs) by extensions ['colcon_pkg']
[0.110s] Level 1:colcon.colcon_core.package_identification:_identify(src/ros_study_msgs) by extension 'colcon_pkg'
[0.110s] Level 1:colcon.colcon_core.package_identification:_identify(src/ros_study_msgs) by extensions ['colcon_meta']
[0.110s] Level 1:colcon.colcon_core.package_identification:_identify(src/ros_study_msgs) by extension 'colcon_meta'
[0.110s] Level 1:colcon.colcon_core.package_identification:_identify(src/ros_study_msgs) by extensions ['ros']
[0.110s] Level 1:colcon.colcon_core.package_identification:_identify(src/ros_study_msgs) by extension 'ros'
[0.110s] DEBUG:colcon.colcon_core.package_identification:Package 'src/ros_study_msgs' with type 'ros.ament_cmake' and name 'ros_study_msgs'
[0.110s] Level 1:colcon.colcon_core.package_identification:_identify(src/ros_study_py) by extensions ['ignore', 'ignore_ament_install']
[0.110s] Level 1:colcon.colcon_core.package_identification:_identify(src/ros_study_py) by extension 'ignore'
[0.110s] Level 1:colcon.colcon_core.package_identification:_identify(src/ros_study_py) by extension 'ignore_ament_install'
[0.110s] Level 1:colcon.colcon_core.package_identification:_identify(src/ros_study_py) by extensions ['colcon_pkg']
[0.110s] Level 1:colcon.colcon_core.package_identification:_identify(src/ros_study_py) by extension 'colcon_pkg'
[0.110s] Level 1:colcon.colcon_core.package_identification:_identify(src/ros_study_py) by extensions ['colcon_meta']
[0.110s] Level 1:colcon.colcon_core.package_identification:_identify(src/ros_study_py) by extension 'colcon_meta'
[0.110s] Level 1:colcon.colcon_core.package_identification:_identify(src/ros_study_py) by extensions ['ros']
[0.110s] Level 1:colcon.colcon_core.package_identification:_identify(src/ros_study_py) by extension 'ros'
[0.111s] DEBUG:colcon.colcon_core.package_identification:Package 'src/ros_study_py' with type 'ros.ament_python' and name 'ros_study_py'
[0.111s] Level 1:colcon.colcon_core.package_identification:_identify(turtle_bag) by extensions ['ignore', 'ignore_ament_install']
[0.111s] Level 1:colcon.colcon_core.package_identification:_identify(turtle_bag) by extension 'ignore'
[0.111s] Level 1:colcon.colcon_core.package_identification:_identify(turtle_bag) by extension 'ignore_ament_install'
[0.111s] Level 1:colcon.colcon_core.package_identification:_identify(turtle_bag) by extensions ['colcon_pkg']
[0.111s] Level 1:colcon.colcon_core.package_identification:_identify(turtle_bag) by extension 'colcon_pkg'
[0.111s] Level 1:colcon.colcon_core.package_identification:_identify(turtle_bag) by extensions ['colcon_meta']
[0.111s] Level 1:colcon.colcon_core.package_identification:_identify(turtle_bag) by extension 'colcon_meta'
[0.111s] Level 1:colcon.colcon_core.package_identification:_identify(turtle_bag) by extensions ['ros']
[0.111s] Level 1:colcon.colcon_core.package_identification:_identify(turtle_bag) by extension 'ros'
[0.111s] Level 1:colcon.colcon_core.package_identification:_identify(turtle_bag) by extensions ['cmake', 'python']
[0.111s] Level 1:colcon.colcon_core.package_identification:_identify(turtle_bag) by extension 'cmake'
[0.111s] Level 1:colcon.colcon_core.package_identification:_identify(turtle_bag) by extension 'python'
[0.111s] Level 1:colcon.colcon_core.package_identification:_identify(turtle_bag) by extensions ['python_setup_py']
[0.111s] Level 1:colcon.colcon_core.package_identification:_identify(turtle_bag) by extension 'python_setup_py'
[0.111s] Level 1:colcon.colcon_core.package_identification:_identify(turtlesim_practice) by extensions ['ignore', 'ignore_ament_install']
[0.111s] Level 1:colcon.colcon_core.package_identification:_identify(turtlesim_practice) by extension 'ignore'
[0.111s] Level 1:colcon.colcon_core.package_identification:_identify(turtlesim_practice) by extension 'ignore_ament_install'
[0.111s] Level 1:colcon.colcon_core.package_identification:_identify(turtlesim_practice) by extensions ['colcon_pkg']
[0.111s] Level 1:colcon.colcon_core.package_identification:_identify(turtlesim_practice) by extension 'colcon_pkg'
[0.111s] Level 1:colcon.colcon_core.package_identification:_identify(turtlesim_practice) by extensions ['colcon_meta']
[0.111s] Level 1:colcon.colcon_core.package_identification:_identify(turtlesim_practice) by extension 'colcon_meta'
[0.111s] Level 1:colcon.colcon_core.package_identification:_identify(turtlesim_practice) by extensions ['ros']
[0.111s] Level 1:colcon.colcon_core.package_identification:_identify(turtlesim_practice) by extension 'ros'
[0.111s] Level 1:colcon.colcon_core.package_identification:_identify(turtlesim_practice) by extensions ['cmake', 'python']
[0.111s] Level 1:colcon.colcon_core.package_identification:_identify(turtlesim_practice) by extension 'cmake'
[0.111s] Level 1:colcon.colcon_core.package_identification:_identify(turtlesim_practice) by extension 'python'
[0.111s] Level 1:colcon.colcon_core.package_identification:_identify(turtlesim_practice) by extensions ['python_setup_py']
[0.111s] Level 1:colcon.colcon_core.package_identification:_identify(turtlesim_practice) by extension 'python_setup_py'
[0.111s] Level 1:colcon.colcon_core.package_discovery:discover_packages(recursive) using defaults
[0.111s] Level 1:colcon.colcon_core.package_discovery:discover_packages(ignore) discover
[0.111s] Level 1:colcon.colcon_core.package_discovery:discover_packages(ignore) using defaults
[0.111s] Level 1:colcon.colcon_core.package_discovery:discover_packages(path) discover
[0.111s] Level 1:colcon.colcon_core.package_discovery:discover_packages(path) using defaults
[0.123s] Level 1:colcon.colcon_core.package_discovery:discover_packages(prefix_path) check parameters
[0.123s] Level 1:colcon.colcon_core.package_discovery:discover_packages(prefix_path) discover
[0.124s] DEBUG:colcon.colcon_installed_package_information.package_discovery:Found 277 installed packages in /opt/ros/humble
[0.125s] Level 1:colcon.colcon_core.package_discovery:discover_packages(prefix_path) using defaults
[0.142s] Level 5:colcon.colcon_core.verb:set package 'my_package1212' build argument 'cmake_args' from command line to 'None'
[0.142s] Level 5:colcon.colcon_core.verb:set package 'my_package1212' build argument 'cmake_target' from command line to 'None'
[0.142s] Level 5:colcon.colcon_core.verb:set package 'my_package1212' build argument 'cmake_target_skip_unavailable' from command line to 'False'
[0.142s] Level 5:colcon.colcon_core.verb:set package 'my_package1212' build argument 'cmake_clean_cache' from command line to 'False'
[0.142s] Level 5:colcon.colcon_core.verb:set package 'my_package1212' build argument 'cmake_clean_first' from command line to 'False'
[0.142s] Level 5:colcon.colcon_core.verb:set package 'my_package1212' build argument 'cmake_force_configure' from command line to 'False'
[0.142s] Level 5:colcon.colcon_core.verb:set package 'my_package1212' build argument 'ament_cmake_args' from command line to 'None'
[0.142s] Level 5:colcon.colcon_core.verb:set package 'my_package1212' build argument 'catkin_cmake_args' from command line to 'None'
[0.142s] Level 5:colcon.colcon_core.verb:set package 'my_package1212' build argument 'catkin_skip_building_tests' from command line to 'False'
[0.142s] DEBUG:colcon.colcon_core.verb:Building package 'my_package1212' with the following arguments: {'ament_cmake_args': None, 'build_base': '/home/somyeong/Doosan_Robotics_Rokey/ros2_ws/build/my_package1212', 'catkin_cmake_args': None, 'catkin_skip_building_tests': False, 'cmake_args': None, 'cmake_clean_cache': False, 'cmake_clean_first': False, 'cmake_force_configure': False, 'cmake_target': None, 'cmake_target_skip_unavailable': False, 'install_base': '/home/somyeong/Doosan_Robotics_Rokey/ros2_ws/install/my_package1212', 'merge_install': False, 'path': '/home/somyeong/Doosan_Robotics_Rokey/ros2_ws/src/my_package1212', 'symlink_install': False, 'test_result_base': None}
[0.142s] Level 5:colcon.colcon_core.verb:set package 'my_ros_pkg' build argument 'cmake_args' from command line to 'None'
[0.142s] Level 5:colcon.colcon_core.verb:set package 'my_ros_pkg' build argument 'cmake_target' from command line to 'None'
[0.142s] Level 5:colcon.colcon_core.verb:set package 'my_ros_pkg' build argument 'cmake_target_skip_unavailable' from command line to 'False'
[0.142s] Level 5:colcon.colcon_core.verb:set package 'my_ros_pkg' build argument 'cmake_clean_cache' from command line to 'False'
[0.142s] Level 5:colcon.colcon_core.verb:set package 'my_ros_pkg' build argument 'cmake_clean_first' from command line to 'False'
[0.142s] Level 5:colcon.colcon_core.verb:set package 'my_ros_pkg' build argument 'cmake_force_configure' from command line to 'False'
[0.142s] Level 5:colcon.colcon_core.verb:set package 'my_ros_pkg' build argument 'ament_cmake_args' from command line to 'None'
[0.142s] Level 5:colcon.colcon_core.verb:set package 'my_ros_pkg' build argument 'catkin_cmake_args' from command line to 'None'
[0.142s] Level 5:colcon.colcon_core.verb:set package 'my_ros_pkg' build argument 'catkin_skip_building_tests' from command line to 'False'
[0.142s] DEBUG:colcon.colcon_core.verb:Building package 'my_ros_pkg' with the following arguments: {'ament_cmake_args': None, 'build_base': '/home/somyeong/Doosan_Robotics_Rokey/ros2_ws/build/my_ros_pkg', 'catkin_cmake_args': None, 'catkin_skip_building_tests': False, 'cmake_args': None, 'cmake_clean_cache': False, 'cmake_clean_first': False, 'cmake_force_configure': False, 'cmake_target': None, 'cmake_target_skip_unavailable': False, 'install_base': '/home/somyeong/Doosan_Robotics_Rokey/ros2_ws/install/my_ros_pkg', 'merge_install': False, 'path': '/home/somyeong/Doosan_Robotics_Rokey/ros2_ws/my_ros_pkg', 'symlink_install': False, 'test_result_base': None}
[0.142s] Level 5:colcon.colcon_core.verb:set package 'py_pubsub' build argument 'cmake_args' from command line to 'None'
[0.142s] Level 5:colcon.colcon_core.verb:set package 'py_pubsub' build argument 'cmake_target' from command line to 'None'
[0.142s] Level 5:colcon.colcon_core.verb:set package 'py_pubsub' build argument 'cmake_target_skip_unavailable' from command line to 'False'
[0.142s] Level 5:colcon.colcon_core.verb:set package 'py_pubsub' build argument 'cmake_clean_cache' from command line to 'False'
[0.142s] Level 5:colcon.colcon_core.verb:set package 'py_pubsub' build argument 'cmake_clean_first' from command line to 'False'
[0.142s] Level 5:colcon.colcon_core.verb:set package 'py_pubsub' build argument 'cmake_force_configure' from command line to 'False'
[0.142s] Level 5:colcon.colcon_core.verb:set package 'py_pubsub' build argument 'ament_cmake_args' from command line to 'None'
[0.142s] Level 5:colcon.colcon_core.verb:set package 'py_pubsub' build argument 'catkin_cmake_args' from command line to 'None'
[0.142s] Level 5:colcon.colcon_core.verb:set package 'py_pubsub' build argument 'catkin_skip_building_tests' from command line to 'False'
[0.142s] DEBUG:colcon.colcon_core.verb:Building package 'py_pubsub' with the following arguments: {'ament_cmake_args': None, 'build_base': '/home/somyeong/Doosan_Robotics_Rokey/ros2_ws/build/py_pubsub', 'catkin_cmake_args': None, 'catkin_skip_building_tests': False, 'cmake_args': None, 'cmake_clean_cache': False, 'cmake_clean_first': False, 'cmake_force_configure': False, 'cmake_target': None, 'cmake_target_skip_unavailable': False, 'install_base': '/home/somyeong/Doosan_Robotics_Rokey/ros2_ws/install/py_pubsub', 'merge_install': False, 'path': '/home/somyeong/Doosan_Robotics_Rokey/ros2_ws/src/py_pubsub', 'symlink_install': False, 'test_result_base': None}
[0.142s] Level 5:colcon.colcon_core.verb:set package 'ros2env' build argument 'cmake_args' from command line to 'None'
[0.142s] Level 5:colcon.colcon_core.verb:set package 'ros2env' build argument 'cmake_target' from command line to 'None'
[0.142s] Level 5:colcon.colcon_core.verb:set package 'ros2env' build argument 'cmake_target_skip_unavailable' from command line to 'False'
[0.142s] Level 5:colcon.colcon_core.verb:set package 'ros2env' build argument 'cmake_clean_cache' from command line to 'False'
[0.142s] Level 5:colcon.colcon_core.verb:set package 'ros2env' build argument 'cmake_clean_first' from command line to 'False'
[0.142s] Level 5:colcon.colcon_core.verb:set package 'ros2env' build argument 'cmake_force_configure' from command line to 'False'
[0.142s] Level 5:colcon.colcon_core.verb:set package 'ros2env' build argument 'ament_cmake_args' from command line to 'None'
[0.143s] Level 5:colcon.colcon_core.verb:set package 'ros2env' build argument 'catkin_cmake_args' from command line to 'None'
[0.143s] Level 5:colcon.colcon_core.verb:set package 'ros2env' build argument 'catkin_skip_building_tests' from command line to 'False'
[0.143s] DEBUG:colcon.colcon_core.verb:Building package 'ros2env' with the following arguments: {'ament_cmake_args': None, 'build_base': '/home/somyeong/Doosan_Robotics_Rokey/ros2_ws/build/ros2env', 'catkin_cmake_args': None, 'catkin_skip_building_tests': False, 'cmake_args': None, 'cmake_clean_cache': False, 'cmake_clean_first': False, 'cmake_force_configure': False, 'cmake_target': None, 'cmake_target_skip_unavailable': False, 'install_base': '/home/somyeong/Doosan_Robotics_Rokey/ros2_ws/install/ros2env', 'merge_install': False, 'path': '/home/somyeong/Doosan_Robotics_Rokey/ros2_ws/src/ros2env', 'symlink_install': False, 'test_result_base': None}
[0.143s] Level 5:colcon.colcon_core.verb:set package 'ros_study_msgs' build argument 'cmake_args' from command line to 'None'
[0.143s] Level 5:colcon.colcon_core.verb:set package 'ros_study_msgs' build argument 'cmake_target' from command line to 'None'
[0.143s] Level 5:colcon.colcon_core.verb:set package 'ros_study_msgs' build argument 'cmake_target_skip_unavailable' from command line to 'False'
[0.143s] Level 5:colcon.colcon_core.verb:set package 'ros_study_msgs' build argument 'cmake_clean_cache' from command line to 'False'
[0.143s] Level 5:colcon.colcon_core.verb:set package 'ros_study_msgs' build argument 'cmake_clean_first' from command line to 'False'
[0.143s] Level 5:colcon.colcon_core.verb:set package 'ros_study_msgs' build argument 'cmake_force_configure' from command line to 'False'
[0.143s] Level 5:colcon.colcon_core.verb:set package 'ros_study_msgs' build argument 'ament_cmake_args' from command line to 'None'
[0.143s] Level 5:colcon.colcon_core.verb:set package 'ros_study_msgs' build argument 'catkin_cmake_args' from command line to 'None'
[0.143s] Level 5:colcon.colcon_core.verb:set package 'ros_study_msgs' build argument 'catkin_skip_building_tests' from command line to 'False'
[0.143s] DEBUG:colcon.colcon_core.verb:Building package 'ros_study_msgs' with the following arguments: {'ament_cmake_args': None, 'build_base': '/home/somyeong/Doosan_Robotics_Rokey/ros2_ws/build/ros_study_msgs', 'catkin_cmake_args': None, 'catkin_skip_building_tests': False, 'cmake_args': None, 'cmake_clean_cache': False, 'cmake_clean_first': False, 'cmake_force_configure': False, 'cmake_target': None, 'cmake_target_skip_unavailable': False, 'install_base': '/home/somyeong/Doosan_Robotics_Rokey/ros2_ws/install/ros_study_msgs', 'merge_install': False, 'path': '/home/somyeong/Doosan_Robotics_Rokey/ros2_ws/src/ros_study_msgs', 'symlink_install': False, 'test_result_base': None}
[0.143s] Level 5:colcon.colcon_core.verb:set package 'ex_calculator' build argument 'cmake_args' from command line to 'None'
[0.143s] Level 5:colcon.colcon_core.verb:set package 'ex_calculator' build argument 'cmake_target' from command line to 'None'
[0.143s] Level 5:colcon.colcon_core.verb:set package 'ex_calculator' build argument 'cmake_target_skip_unavailable' from command line to 'False'
[0.143s] Level 5:colcon.colcon_core.verb:set package 'ex_calculator' build argument 'cmake_clean_cache' from command line to 'False'
[0.143s] Level 5:colcon.colcon_core.verb:set package 'ex_calculator' build argument 'cmake_clean_first' from command line to 'False'
[0.143s] Level 5:colcon.colcon_core.verb:set package 'ex_calculator' build argument 'cmake_force_configure' from command line to 'False'
[0.143s] Level 5:colcon.colcon_core.verb:set package 'ex_calculator' build argument 'ament_cmake_args' from command line to 'None'
[0.143s] Level 5:colcon.colcon_core.verb:set package 'ex_calculator' build argument 'catkin_cmake_args' from command line to 'None'
[0.143s] Level 5:colcon.colcon_core.verb:set package 'ex_calculator' build argument 'catkin_skip_building_tests' from command line to 'False'
[0.143s] DEBUG:colcon.colcon_core.verb:Building package 'ex_calculator' with the following arguments: {'ament_cmake_args': None, 'build_base': '/home/somyeong/Doosan_Robotics_Rokey/ros2_ws/build/ex_calculator', 'catkin_cmake_args': None, 'catkin_skip_building_tests': False, 'cmake_args': None, 'cmake_clean_cache': False, 'cmake_clean_first': False, 'cmake_force_configure': False, 'cmake_target': None, 'cmake_target_skip_unavailable': False, 'install_base': '/home/somyeong/Doosan_Robotics_Rokey/ros2_ws/install/ex_calculator', 'merge_install': False, 'path': '/home/somyeong/Doosan_Robotics_Rokey/ros2_ws/src/ex_calculator', 'symlink_install': False, 'test_result_base': None}
[0.143s] Level 5:colcon.colcon_core.verb:set package 'ros_study_py' build argument 'cmake_args' from command line to 'None'
[0.143s] Level 5:colcon.colcon_core.verb:set package 'ros_study_py' build argument 'cmake_target' from command line to 'None'
[0.143s] Level 5:colcon.colcon_core.verb:set package 'ros_study_py' build argument 'cmake_target_skip_unavailable' from command line to 'False'
[0.143s] Level 5:colcon.colcon_core.verb:set package 'ros_study_py' build argument 'cmake_clean_cache' from command line to 'False'
[0.143s] Level 5:colcon.colcon_core.verb:set package 'ros_study_py' build argument 'cmake_clean_first' from command line to 'False'
[0.143s] Level 5:colcon.colcon_core.verb:set package 'ros_study_py' build argument 'cmake_force_configure' from command line to 'False'
[0.143s] Level 5:colcon.colcon_core.verb:set package 'ros_study_py' build argument 'ament_cmake_args' from command line to 'None'
[0.143s] Level 5:colcon.colcon_core.verb:set package 'ros_study_py' build argument 'catkin_cmake_args' from command line to 'None'
[0.143s] Level 5:colcon.colcon_core.verb:set package 'ros_study_py' build argument 'catkin_skip_building_tests' from command line to 'False'
[0.143s] DEBUG:colcon.colcon_core.verb:Building package 'ros_study_py' with the following arguments: {'ament_cmake_args': None, 'build_base': '/home/somyeong/Doosan_Robotics_Rokey/ros2_ws/build/ros_study_py', 'catkin_cmake_args': None, 'catkin_skip_building_tests': False, 'cmake_args': None, 'cmake_clean_cache': False, 'cmake_clean_first': False, 'cmake_force_configure': False, 'cmake_target': None, 'cmake_target_skip_unavailable': False, 'install_base': '/home/somyeong/Doosan_Robotics_Rokey/ros2_ws/install/ros_study_py', 'merge_install': False, 'path': '/home/somyeong/Doosan_Robotics_Rokey/ros2_ws/src/ros_study_py', 'symlink_install': False, 'test_result_base': None}
[0.143s] INFO:colcon.colcon_core.executor:Executing jobs using 'parallel' executor
[0.144s] DEBUG:colcon.colcon_parallel_executor.executor.parallel:run_until_complete
[0.144s] INFO:colcon.colcon_ros.task.ament_cmake.build:Building ROS package in '/home/somyeong/Doosan_Robotics_Rokey/ros2_ws/src/ros_study_msgs' with build type 'ament_cmake'
[0.144s] INFO:colcon.colcon_cmake.task.cmake.build:Building CMake package in '/home/somyeong/Doosan_Robotics_Rokey/ros2_ws/src/ros_study_msgs'
[0.146s] INFO:colcon.colcon_core.plugin_system:Skipping extension 'colcon_core.shell.bat': Not used on non-Windows systems
[0.146s] INFO:colcon.colcon_core.shell:Skip shell extension 'powershell' for command environment: Not usable outside of PowerShell
[0.146s] DEBUG:colcon.colcon_core.shell:Skip shell extension 'dsv' for command environment
[0.148s] INFO:colcon.colcon_ros.task.ament_python.build:Building ROS package in '/home/somyeong/Doosan_Robotics_Rokey/ros2_ws/src/my_package1212' with build type 'ament_python'
[0.148s] Level 1:colcon.colcon_core.shell:create_environment_hook('my_package1212', 'ament_prefix_path')
[0.148s] INFO:colcon.colcon_core.shell:Creating environment hook '/home/somyeong/Doosan_Robotics_Rokey/ros2_ws/install/my_package1212/share/my_package1212/hook/ament_prefix_path.ps1'
[0.148s] INFO:colcon.colcon_core.shell:Creating environment descriptor '/home/somyeong/Doosan_Robotics_Rokey/ros2_ws/install/my_package1212/share/my_package1212/hook/ament_prefix_path.dsv'
[0.149s] INFO:colcon.colcon_core.shell:Creating environment hook '/home/somyeong/Doosan_Robotics_Rokey/ros2_ws/install/my_package1212/share/my_package1212/hook/ament_prefix_path.sh'
[0.149s] INFO:colcon.colcon_core.shell:Skip shell extension 'powershell' for command environment: Not usable outside of PowerShell
[0.149s] DEBUG:colcon.colcon_core.shell:Skip shell extension 'dsv' for command environment
[0.151s] INFO:colcon.colcon_ros.task.ament_python.build:Building ROS package in '/home/somyeong/Doosan_Robotics_Rokey/ros2_ws/my_ros_pkg' with build type 'ament_python'
[0.151s] Level 1:colcon.colcon_core.shell:create_environment_hook('my_ros_pkg', 'ament_prefix_path')
[0.151s] INFO:colcon.colcon_core.shell:Creating environment hook '/home/somyeong/Doosan_Robotics_Rokey/ros2_ws/install/my_ros_pkg/share/my_ros_pkg/hook/ament_prefix_path.ps1'
[0.151s] INFO:colcon.colcon_core.shell:Creating environment descriptor '/home/somyeong/Doosan_Robotics_Rokey/ros2_ws/install/my_ros_pkg/share/my_ros_pkg/hook/ament_prefix_path.dsv'
[0.152s] INFO:colcon.colcon_core.shell:Creating environment hook '/home/somyeong/Doosan_Robotics_Rokey/ros2_ws/install/my_ros_pkg/share/my_ros_pkg/hook/ament_prefix_path.sh'
[0.152s] INFO:colcon.colcon_core.shell:Skip shell extension 'powershell' for command environment: Not usable outside of PowerShell
[0.152s] DEBUG:colcon.colcon_core.shell:Skip shell extension 'dsv' for command environment
[0.153s] INFO:colcon.colcon_ros.task.ament_python.build:Building ROS package in '/home/somyeong/Doosan_Robotics_Rokey/ros2_ws/src/py_pubsub' with build type 'ament_python'
[0.153s] Level 1:colcon.colcon_core.shell:create_environment_hook('py_pubsub', 'ament_prefix_path')
[0.153s] INFO:colcon.colcon_core.shell:Creating environment hook '/home/somyeong/Doosan_Robotics_Rokey/ros2_ws/install/py_pubsub/share/py_pubsub/hook/ament_prefix_path.ps1'
[0.154s] INFO:colcon.colcon_core.shell:Creating environment descriptor '/home/somyeong/Doosan_Robotics_Rokey/ros2_ws/install/py_pubsub/share/py_pubsub/hook/ament_prefix_path.dsv'
[0.154s] INFO:colcon.colcon_core.shell:Creating environment hook '/home/somyeong/Doosan_Robotics_Rokey/ros2_ws/install/py_pubsub/share/py_pubsub/hook/ament_prefix_path.sh'
[0.154s] INFO:colcon.colcon_core.shell:Skip shell extension 'powershell' for command environment: Not usable outside of PowerShell
[0.154s] DEBUG:colcon.colcon_core.shell:Skip shell extension 'dsv' for command environment
[0.156s] INFO:colcon.colcon_ros.task.ament_python.build:Building ROS package in '/home/somyeong/Doosan_Robotics_Rokey/ros2_ws/src/ros2env' with build type 'ament_python'
[0.156s] Level 1:colcon.colcon_core.shell:create_environment_hook('ros2env', 'ament_prefix_path')
[0.156s] INFO:colcon.colcon_core.shell:Creating environment hook '/home/somyeong/Doosan_Robotics_Rokey/ros2_ws/install/ros2env/share/ros2env/hook/ament_prefix_path.ps1'
[0.156s] INFO:colcon.colcon_core.shell:Creating environment descriptor '/home/somyeong/Doosan_Robotics_Rokey/ros2_ws/install/ros2env/share/ros2env/hook/ament_prefix_path.dsv'
[0.156s] INFO:colcon.colcon_core.shell:Creating environment hook '/home/somyeong/Doosan_Robotics_Rokey/ros2_ws/install/ros2env/share/ros2env/hook/ament_prefix_path.sh'
[0.157s] INFO:colcon.colcon_core.shell:Skip shell extension 'powershell' for command environment: Not usable outside of PowerShell
[0.157s] DEBUG:colcon.colcon_core.shell:Skip shell extension 'dsv' for command environment
[0.162s] DEBUG:colcon.colcon_core.event_handler.log_command:Invoking command in '/home/somyeong/Doosan_Robotics_Rokey/ros2_ws/build/ros_study_msgs': CMAKE_PREFIX_PATH=/opt/ros/humble /usr/bin/cmake --build /home/somyeong/Doosan_Robotics_Rokey/ros2_ws/build/ros_study_msgs -- -j16 -l16
[0.285s] INFO:colcon.colcon_core.task.python.build:Building Python package in '/home/somyeong/Doosan_Robotics_Rokey/ros2_ws/src/my_package1212'
[0.285s] INFO:colcon.colcon_core.shell:Skip shell extension 'powershell' for command environment: Not usable outside of PowerShell
[0.285s] DEBUG:colcon.colcon_core.shell:Skip shell extension 'dsv' for command environment
[0.398s] INFO:colcon.colcon_core.task.python.build:Building Python package in '/home/somyeong/Doosan_Robotics_Rokey/ros2_ws/my_ros_pkg'
[0.399s] INFO:colcon.colcon_core.shell:Skip shell extension 'powershell' for command environment: Not usable outside of PowerShell
[0.399s] DEBUG:colcon.colcon_core.shell:Skip shell extension 'dsv' for command environment
[0.515s] INFO:colcon.colcon_core.task.python.build:Building Python package in '/home/somyeong/Doosan_Robotics_Rokey/ros2_ws/src/py_pubsub'
[0.515s] INFO:colcon.colcon_core.shell:Skip shell extension 'powershell' for command environment: Not usable outside of PowerShell
[0.515s] DEBUG:colcon.colcon_core.shell:Skip shell extension 'dsv' for command environment
[0.635s] INFO:colcon.colcon_core.task.python.build:Building Python package in '/home/somyeong/Doosan_Robotics_Rokey/ros2_ws/src/ros2env'
[0.635s] INFO:colcon.colcon_core.shell:Skip shell extension 'powershell' for command environment: Not usable outside of PowerShell
[0.635s] DEBUG:colcon.colcon_core.shell:Skip shell extension 'dsv' for command environment
[0.637s] DEBUG:colcon.colcon_core.event_handler.log_command:Invoked command in '/home/somyeong/Doosan_Robotics_Rokey/ros2_ws/build/ros_study_msgs' returned '2': CMAKE_PREFIX_PATH=/opt/ros/humble /usr/bin/cmake --build /home/somyeong/Doosan_Robotics_Rokey/ros2_ws/build/ros_study_msgs -- -j16 -l16
[0.772s] Level 1:colcon.colcon_core.environment:create_environment_scripts_only(ros_study_msgs)
[0.774s] Level 1:colcon.colcon_core.environment:checking '/home/somyeong/Doosan_Robotics_Rokey/ros2_ws/install/ros_study_msgs' for CMake module files
[0.775s] Level 1:colcon.colcon_core.environment:checking '/home/somyeong/Doosan_Robotics_Rokey/ros2_ws/install/ros_study_msgs' for CMake config files
[0.776s] Level 1:colcon.colcon_core.shell:create_environment_hook('ros_study_msgs', 'cmake_prefix_path')
[0.776s] INFO:colcon.colcon_core.shell:Creating environment hook '/home/somyeong/Doosan_Robotics_Rokey/ros2_ws/install/ros_study_msgs/share/ros_study_msgs/hook/cmake_prefix_path.ps1'
[0.776s] INFO:colcon.colcon_core.shell:Creating environment descriptor '/home/somyeong/Doosan_Robotics_Rokey/ros2_ws/install/ros_study_msgs/share/ros_study_msgs/hook/cmake_prefix_path.dsv'
[0.777s] INFO:colcon.colcon_core.shell:Creating environment hook '/home/somyeong/Doosan_Robotics_Rokey/ros2_ws/install/ros_study_msgs/share/ros_study_msgs/hook/cmake_prefix_path.sh'
[0.778s] Level 1:colcon.colcon_core.environment:checking '/home/somyeong/Doosan_Robotics_Rokey/ros2_ws/install/ros_study_msgs/lib'
[0.778s] Level 1:colcon.colcon_core.shell:create_environment_hook('ros_study_msgs', 'ld_library_path_lib')
[0.778s] INFO:colcon.colcon_core.shell:Creating environment hook '/home/somyeong/Doosan_Robotics_Rokey/ros2_ws/install/ros_study_msgs/share/ros_study_msgs/hook/ld_library_path_lib.ps1'
[0.778s] INFO:colcon.colcon_core.shell:Creating environment descriptor '/home/somyeong/Doosan_Robotics_Rokey/ros2_ws/install/ros_study_msgs/share/ros_study_msgs/hook/ld_library_path_lib.dsv'
[0.779s] INFO:colcon.colcon_core.shell:Creating environment hook '/home/somyeong/Doosan_Robotics_Rokey/ros2_ws/install/ros_study_msgs/share/ros_study_msgs/hook/ld_library_path_lib.sh'
[0.779s] Level 1:colcon.colcon_core.environment:checking '/home/somyeong/Doosan_Robotics_Rokey/ros2_ws/install/ros_study_msgs/bin'
[0.779s] Level 1:colcon.colcon_core.environment:checking '/home/somyeong/Doosan_Robotics_Rokey/ros2_ws/install/ros_study_msgs/lib/pkgconfig/ros_study_msgs.pc'
[0.779s] Level 1:colcon.colcon_core.environment:checking '/home/somyeong/Doosan_Robotics_Rokey/ros2_ws/install/ros_study_msgs/lib/python3.10/site-packages'
[0.780s] Level 1:colcon.colcon_core.environment:checking '/home/somyeong/Doosan_Robotics_Rokey/ros2_ws/install/ros_study_msgs/bin'
[0.780s] INFO:colcon.colcon_core.shell:Creating package script '/home/somyeong/Doosan_Robotics_Rokey/ros2_ws/install/ros_study_msgs/share/ros_study_msgs/package.ps1'
[0.781s] INFO:colcon.colcon_core.shell:Creating package descriptor '/home/somyeong/Doosan_Robotics_Rokey/ros2_ws/install/ros_study_msgs/share/ros_study_msgs/package.dsv'
[0.781s] INFO:colcon.colcon_core.shell:Creating package script '/home/somyeong/Doosan_Robotics_Rokey/ros2_ws/install/ros_study_msgs/share/ros_study_msgs/package.sh'
[0.782s] INFO:colcon.colcon_core.shell:Creating package script '/home/somyeong/Doosan_Robotics_Rokey/ros2_ws/install/ros_study_msgs/share/ros_study_msgs/package.bash'
[0.783s] INFO:colcon.colcon_core.shell:Creating package script '/home/somyeong/Doosan_Robotics_Rokey/ros2_ws/install/ros_study_msgs/share/ros_study_msgs/package.zsh'
[0.783s] Level 1:colcon.colcon_core.environment:create_file_with_runtime_dependencies(/home/somyeong/Doosan_Robotics_Rokey/ros2_ws/install/ros_study_msgs/share/colcon-core/packages/ros_study_msgs)
[1.022s] DEBUG:colcon.colcon_parallel_executor.executor.parallel:closing loop
[1.022s] DEBUG:colcon.colcon_parallel_executor.executor.parallel:loop closed
[1.022s] DEBUG:colcon.colcon_parallel_executor.executor.parallel:run_until_complete finished with '2'
[1.022s] DEBUG:colcon.colcon_core.event_reactor:joining thread
[1.026s] INFO:colcon.colcon_core.plugin_system:Skipping extension 'colcon_notification.desktop_notification.terminal_notifier': Not used on non-Darwin systems
[1.026s] INFO:colcon.colcon_core.plugin_system:Skipping extension 'colcon_notification.desktop_notification.win32': Not used on non-Windows systems
[1.026s] INFO:colcon.colcon_notification.desktop_notification:Sending desktop notification using 'notify2'
[1.036s] DEBUG:colcon.colcon_core.event_reactor:joined thread
[1.036s] INFO:colcon.colcon_core.shell:Creating prefix script '/home/somyeong/Doosan_Robotics_Rokey/ros2_ws/install/local_setup.ps1'
[1.038s] INFO:colcon.colcon_core.shell:Creating prefix util module '/home/somyeong/Doosan_Robotics_Rokey/ros2_ws/install/_local_setup_util_ps1.py'
[1.039s] INFO:colcon.colcon_core.shell:Creating prefix chain script '/home/somyeong/Doosan_Robotics_Rokey/ros2_ws/install/setup.ps1'
[1.040s] INFO:colcon.colcon_core.shell:Creating prefix script '/home/somyeong/Doosan_Robotics_Rokey/ros2_ws/install/local_setup.sh'
[1.040s] INFO:colcon.colcon_core.shell:Creating prefix util module '/home/somyeong/Doosan_Robotics_Rokey/ros2_ws/install/_local_setup_util_sh.py'
[1.041s] INFO:colcon.colcon_core.shell:Creating prefix chain script '/home/somyeong/Doosan_Robotics_Rokey/ros2_ws/install/setup.sh'
[1.042s] INFO:colcon.colcon_core.shell:Creating prefix script '/home/somyeong/Doosan_Robotics_Rokey/ros2_ws/install/local_setup.bash'
[1.042s] INFO:colcon.colcon_core.shell:Creating prefix chain script '/home/somyeong/Doosan_Robotics_Rokey/ros2_ws/install/setup.bash'
[1.043s] INFO:colcon.colcon_core.shell:Creating prefix script '/home/somyeong/Doosan_Robotics_Rokey/ros2_ws/install/local_setup.zsh'
[1.043s] INFO:colcon.colcon_core.shell:Creating prefix chain script '/home/somyeong/Doosan_Robotics_Rokey/ros2_ws/install/setup.zsh'
