[0.009s] Invoking command in '/home/somyeong/Doosan_Robotics_Rokey/rqt_ws/build/rqt_example': CMAKE_PREFIX_PATH=${CMAKE_PREFIX_PATH}:/home/somyeong/Doosan_Robotics_Rokey/ros2_ws/install/ros2env:/home/somyeong/Doosan_Robotics_Rokey/ros2_ws/install/ros_study_py:/home/somyeong/Doosan_Robotics_Rokey/ros2_ws/install/ex_calculator:/home/somyeong/Doosan_Robotics_Rokey/ros2_ws/install/py_pubsub:/home/somyeong/Doosan_Robotics_Rokey/ros2_ws/install/my_package1212:/opt/ros/humble /usr/bin/cmake --build /home/somyeong/Doosan_Robotics_Rokey/rqt_ws/build/rqt_example -- -j16 -l16
[0.055s] Built target ament_cmake_python_copy_rqt_example
[0.180s] running egg_info
[0.188s] writing rqt_example.egg-info/PKG-INFO
[0.188s] writing dependency_links to rqt_example.egg-info/dependency_links.txt
[0.189s] writing top-level names to rqt_example.egg-info/top_level.txt
[0.214s] reading manifest file 'rqt_example.egg-info/SOURCES.txt'
[0.215s] writing manifest file 'rqt_example.egg-info/SOURCES.txt'
[0.236s] Built target ament_cmake_python_build_rqt_example_egg
[0.245s] Invoked command in '/home/somyeong/Doosan_Robotics_Rokey/rqt_ws/build/rqt_example' returned '0': CMAKE_PREFIX_PATH=${CMAKE_PREFIX_PATH}:/home/somyeong/Doosan_Robotics_Rokey/ros2_ws/install/ros2env:/home/somyeong/Doosan_Robotics_Rokey/ros2_ws/install/ros_study_py:/home/somyeong/Doosan_Robotics_Rokey/ros2_ws/install/ex_calculator:/home/somyeong/Doosan_Robotics_Rokey/ros2_ws/install/py_pubsub:/home/somyeong/Doosan_Robotics_Rokey/ros2_ws/install/my_package1212:/opt/ros/humble /usr/bin/cmake --build /home/somyeong/Doosan_Robotics_Rokey/rqt_ws/build/rqt_example -- -j16 -l16
[0.272s] Invoking command in '/home/somyeong/Doosan_Robotics_Rokey/rqt_ws/build/rqt_example': CMAKE_PREFIX_PATH=${CMAKE_PREFIX_PATH}:/home/somyeong/Doosan_Robotics_Rokey/ros2_ws/install/ros2env:/home/somyeong/Doosan_Robotics_Rokey/ros2_ws/install/ros_study_py:/home/somyeong/Doosan_Robotics_Rokey/ros2_ws/install/ex_calculator:/home/somyeong/Doosan_Robotics_Rokey/ros2_ws/install/py_pubsub:/home/somyeong/Doosan_Robotics_Rokey/ros2_ws/install/my_package1212:/opt/ros/humble /usr/bin/cmake --install /home/somyeong/Doosan_Robotics_Rokey/rqt_ws/build/rqt_example
[0.277s] -- Install configuration: ""
[0.278s] -- Up-to-date: /home/somyeong/Doosan_Robotics_Rokey/rqt_ws/install/rqt_example/share/rqt_example/environment/pythonpath.sh
[0.278s] -- Up-to-date: /home/somyeong/Doosan_Robotics_Rokey/rqt_ws/install/rqt_example/share/rqt_example/environment/pythonpath.dsv
[0.278s] -- Up-to-date: /home/somyeong/Doosan_Robotics_Rokey/rqt_ws/install/rqt_example/local/lib/python3.10/dist-packages/rqt_example-0.6.0-py3.10.egg-info
[0.278s] -- Installing: /home/somyeong/Doosan_Robotics_Rokey/rqt_ws/install/rqt_example/local/lib/python3.10/dist-packages/rqt_example-0.6.0-py3.10.egg-info/PKG-INFO
[0.278s] -- Installing: /home/somyeong/Doosan_Robotics_Rokey/rqt_ws/install/rqt_example/local/lib/python3.10/dist-packages/rqt_example-0.6.0-py3.10.egg-info/top_level.txt
[0.278s] -- Installing: /home/somyeong/Doosan_Robotics_Rokey/rqt_ws/install/rqt_example/local/lib/python3.10/dist-packages/rqt_example-0.6.0-py3.10.egg-info/SOURCES.txt
[0.278s] -- Installing: /home/somyeong/Doosan_Robotics_Rokey/rqt_ws/install/rqt_example/local/lib/python3.10/dist-packages/rqt_example-0.6.0-py3.10.egg-info/dependency_links.txt
[0.278s] -- Up-to-date: /home/somyeong/Doosan_Robotics_Rokey/rqt_ws/install/rqt_example/local/lib/python3.10/dist-packages/rqt_example
[0.278s] -- Up-to-date: /home/somyeong/Doosan_Robotics_Rokey/rqt_ws/install/rqt_example/local/lib/python3.10/dist-packages/rqt_example/examples_widget.py
[0.278s] -- Up-to-date: /home/somyeong/Doosan_Robotics_Rokey/rqt_ws/install/rqt_example/local/lib/python3.10/dist-packages/rqt_example/examples.py
[0.278s] -- Up-to-date: /home/somyeong/Doosan_Robotics_Rokey/rqt_ws/install/rqt_example/local/lib/python3.10/dist-packages/rqt_example/__init__.py
[0.298s] Listing '/home/somyeong/Doosan_Robotics_Rokey/rqt_ws/install/rqt_example/local/lib/python3.10/dist-packages/rqt_example'...
[0.301s] -- Up-to-date: /home/somyeong/Doosan_Robotics_Rokey/rqt_ws/install/rqt_example/share/rqt_example/plugin.xml
[0.301s] -- Up-to-date: /home/somyeong/Doosan_Robotics_Rokey/rqt_ws/install/rqt_example/share/rqt_example/resource
[0.301s] -- Up-to-date: /home/somyeong/Doosan_Robotics_Rokey/rqt_ws/install/rqt_example/share/rqt_example/resource/rqt_example.ui
[0.301s] -- Up-to-date: /home/somyeong/Doosan_Robotics_Rokey/rqt_ws/install/rqt_example/share/rqt_example/launch
[0.301s] -- Up-to-date: /home/somyeong/Doosan_Robotics_Rokey/rqt_ws/install/rqt_example/share/rqt_example/launch/turtlesim.launch.py
[0.301s] -- Up-to-date: /home/somyeong/Doosan_Robotics_Rokey/rqt_ws/install/rqt_example/lib/rqt_example/rqt_example
[0.301s] -- Up-to-date: /home/somyeong/Doosan_Robotics_Rokey/rqt_ws/install/rqt_example/share/ament_index/resource_index/package_run_dependencies/rqt_example
[0.301s] -- Up-to-date: /home/somyeong/Doosan_Robotics_Rokey/rqt_ws/install/rqt_example/share/ament_index/resource_index/parent_prefix_path/rqt_example
[0.301s] -- Up-to-date: /home/somyeong/Doosan_Robotics_Rokey/rqt_ws/install/rqt_example/share/rqt_example/environment/ament_prefix_path.sh
[0.302s] -- Up-to-date: /home/somyeong/Doosan_Robotics_Rokey/rqt_ws/install/rqt_example/share/rqt_example/environment/ament_prefix_path.dsv
[0.302s] -- Up-to-date: /home/somyeong/Doosan_Robotics_Rokey/rqt_ws/install/rqt_example/share/rqt_example/environment/path.sh
[0.302s] -- Up-to-date: /home/somyeong/Doosan_Robotics_Rokey/rqt_ws/install/rqt_example/share/rqt_example/environment/path.dsv
[0.302s] -- Up-to-date: /home/somyeong/Doosan_Robotics_Rokey/rqt_ws/install/rqt_example/share/rqt_example/local_setup.bash
[0.302s] -- Up-to-date: /home/somyeong/Doosan_Robotics_Rokey/rqt_ws/install/rqt_example/share/rqt_example/local_setup.sh
[0.302s] -- Up-to-date: /home/somyeong/Doosan_Robotics_Rokey/rqt_ws/install/rqt_example/share/rqt_example/local_setup.zsh
[0.302s] -- Up-to-date: /home/somyeong/Doosan_Robotics_Rokey/rqt_ws/install/rqt_example/share/rqt_example/local_setup.dsv
[0.302s] -- Up-to-date: /home/somyeong/Doosan_Robotics_Rokey/rqt_ws/install/rqt_example/share/rqt_example/package.dsv
[0.303s] -- Up-to-date: /home/somyeong/Doosan_Robotics_Rokey/rqt_ws/install/rqt_example/share/ament_index/resource_index/packages/rqt_example
[0.303s] -- Up-to-date: /home/somyeong/Doosan_Robotics_Rokey/rqt_ws/install/rqt_example/share/rqt_example/cmake/rqt_exampleConfig.cmake
[0.303s] -- Up-to-date: /home/somyeong/Doosan_Robotics_Rokey/rqt_ws/install/rqt_example/share/rqt_example/cmake/rqt_exampleConfig-version.cmake
[0.303s] -- Up-to-date: /home/somyeong/Doosan_Robotics_Rokey/rqt_ws/install/rqt_example/share/rqt_example/package.xml
[0.304s] Invoked command in '/home/somyeong/Doosan_Robotics_Rokey/rqt_ws/build/rqt_example' returned '0': CMAKE_PREFIX_PATH=${CMAKE_PREFIX_PATH}:/home/somyeong/Doosan_Robotics_Rokey/ros2_ws/install/ros2env:/home/somyeong/Doosan_Robotics_Rokey/ros2_ws/install/ros_study_py:/home/somyeong/Doosan_Robotics_Rokey/ros2_ws/install/ex_calculator:/home/somyeong/Doosan_Robotics_Rokey/ros2_ws/install/py_pubsub:/home/somyeong/Doosan_Robotics_Rokey/ros2_ws/install/my_package1212:/opt/ros/humble /usr/bin/cmake --install /home/somyeong/Doosan_Robotics_Rokey/rqt_ws/build/rqt_example
