-- Found ament_cmake: 1.3.10 (/opt/ros/humble/share/ament_cmake/cmake)
-- Found builtin_interfaces: 1.2.1 (/opt/ros/humble/share/builtin_interfaces/cmake)
-- Found rosidl_generator_c: 3.1.5 (/opt/ros/humble/share/rosidl_generator_c/cmake)
-- Found rosidl_adapter: 3.1.5 (/opt/ros/humble/share/rosidl_adapter/cmake)
-- Found rosidl_generator_cpp: 3.1.5 (/opt/ros/humble/share/rosidl_generator_cpp/cmake)
-- Using all available rosidl_typesupport_c: rosidl_typesupport_fastrtps_c;rosidl_typesupport_introspection_c
-- Using all available rosidl_typesupport_cpp: rosidl_typesupport_fastrtps_cpp;rosidl_typesupport_introspection_cpp
-- Found rosidl_default_generators: 1.2.0 (/opt/ros/humble/share/rosidl_default_generators/cmake)
-- Found ament_cmake_ros: 0.10.0 (/opt/ros/humble/share/ament_cmake_ros/cmake)
-- Using all available rosidl_typesupport_c: rosidl_typesupport_fastrtps_c;rosidl_typesupport_introspection_c
-- Using all available rosidl_typesupport_cpp: rosidl_typesupport_fastrtps_cpp;rosidl_typesupport_introspection_cpp
-- Found python_cmake_module: 0.10.0 (/opt/ros/humble/share/python_cmake_module/cmake)
-- Using PYTHON_EXECUTABLE: /usr/bin/python3
-- Using PYTHON_INCLUDE_DIRS: /usr/include/python3.10
-- Using PYTHON_LIBRARIES: /usr/lib/x86_64-linux-gnu/libpython3.10.so
-- Found ament_lint_auto: 0.12.11 (/opt/ros/humble/share/ament_lint_auto/cmake)
-- Added test 'lint_cmake' to check CMake code style
-- Added test 'xmllint' to check XML markup files
-- Configuring done
-- Generating done
-- Build files have been written to: /home/somyeong/Doosan_Robotics_Rokey/ros2_ws/build/ros_study_msgs
[  1%] [34m[1mGenerating C code for ROS interfaces[0m
[  2%] [34m[1mGenerating C++ code for ROS interfaces[0m
[  2%] Built target ament_cmake_python_copy_ros_study_msgs
running egg_info
writing ros_study_msgs.egg-info/PKG-INFO
writing dependency_links to ros_study_msgs.egg-info/dependency_links.txt
writing top-level names to ros_study_msgs.egg-info/top_level.txt
reading manifest file 'ros_study_msgs.egg-info/SOURCES.txt'
writing manifest file 'ros_study_msgs.egg-info/SOURCES.txt'
[  2%] Built target ament_cmake_python_build_ros_study_msgs_egg
[  2%] Built target ros_study_msgs__cpp
[35m[1mConsolidate compiler generated dependencies of target ros_study_msgs__rosidl_generator_c[0m
[  4%] [34m[1mGenerating C++ type support for eProsima Fast-RTPS[0m
[  5%] [34m[1mGenerating C++ type support dispatch for ROS interfaces[0m
[  7%] [34m[1mGenerating C++ introspection for ROS interfaces[0m
[  8%] [32mBuilding C object CMakeFiles/ros_study_msgs__rosidl_generator_c.dir/rosidl_generator_c/ros_study_msgs/msg/detail/arithmetic_argument__functions.c.o[0m
[  9%] [32mBuilding C object CMakeFiles/ros_study_msgs__rosidl_generator_c.dir/rosidl_generator_c/ros_study_msgs/srv/detail/arithmetic_operator__functions.c.o[0m
[ 11%] [32mBuilding C object CMakeFiles/ros_study_msgs__rosidl_generator_c.dir/rosidl_generator_c/ros_study_msgs/action/detail/arithmetic_checker__functions.c.o[0m
[ 12%] [32mBuilding C object CMakeFiles/ros_study_msgs__rosidl_generator_c.dir/rosidl_generator_c/ros_study_msgs/msg/detail/my_msg__functions.c.o[0m
[ 14%] [32mBuilding C object CMakeFiles/ros_study_msgs__rosidl_generator_c.dir/rosidl_generator_c/ros_study_msgs/srv/detail/my_srv__functions.c.o[0m
[ 15%] [32mBuilding C object CMakeFiles/ros_study_msgs__rosidl_generator_c.dir/rosidl_generator_c/ros_study_msgs/action/detail/my_action__functions.c.o[0m
[ 16%] [32m[1mLinking C shared library libros_study_msgs__rosidl_generator_c.so[0m
[ 16%] Built target ros_study_msgs__rosidl_generator_c
[ 18%] [34m[1mGenerating C introspection for ROS interfaces[0m
[ 19%] [34m[1mGenerating C type support dispatch for ROS interfaces[0m
[ 21%] [34m[1mGenerating C type support for eProsima Fast-RTPS[0m
[35m[1mConsolidate compiler generated dependencies of target ros_study_msgs__rosidl_typesupport_introspection_cpp[0m
[ 23%] [32mBuilding CXX object CMakeFiles/ros_study_msgs__rosidl_typesupport_introspection_cpp.dir/rosidl_typesupport_introspection_cpp/ros_study_msgs/srv/detail/arithmetic_operator__type_support.cpp.o[0m
[ 23%] [32mBuilding CXX object CMakeFiles/ros_study_msgs__rosidl_typesupport_introspection_cpp.dir/rosidl_typesupport_introspection_cpp/ros_study_msgs/msg/detail/my_msg__type_support.cpp.o[0m
[ 26%] [32mBuilding CXX object CMakeFiles/ros_study_msgs__rosidl_typesupport_introspection_cpp.dir/rosidl_typesupport_introspection_cpp/ros_study_msgs/srv/detail/my_srv__type_support.cpp.o[0m
[ 26%] [32mBuilding CXX object CMakeFiles/ros_study_msgs__rosidl_typesupport_introspection_cpp.dir/rosidl_typesupport_introspection_cpp/ros_study_msgs/msg/detail/arithmetic_argument__type_support.cpp.o[0m
[ 28%] [32mBuilding CXX object CMakeFiles/ros_study_msgs__rosidl_typesupport_introspection_cpp.dir/rosidl_typesupport_introspection_cpp/ros_study_msgs/action/detail/arithmetic_checker__type_support.cpp.o[0m
[ 29%] [32mBuilding CXX object CMakeFiles/ros_study_msgs__rosidl_typesupport_introspection_cpp.dir/rosidl_typesupport_introspection_cpp/ros_study_msgs/action/detail/my_action__type_support.cpp.o[0m
[35m[1mConsolidate compiler generated dependencies of target ros_study_msgs__rosidl_typesupport_cpp[0m
[ 30%] [32mBuilding CXX object CMakeFiles/ros_study_msgs__rosidl_typesupport_cpp.dir/rosidl_typesupport_cpp/ros_study_msgs/msg/my_msg__type_support.cpp.o[0m
[ 32%] [32mBuilding CXX object CMakeFiles/ros_study_msgs__rosidl_typesupport_cpp.dir/rosidl_typesupport_cpp/ros_study_msgs/msg/arithmetic_argument__type_support.cpp.o[0m
[ 33%] [32mBuilding CXX object CMakeFiles/ros_study_msgs__rosidl_typesupport_cpp.dir/rosidl_typesupport_cpp/ros_study_msgs/srv/my_srv__type_support.cpp.o[0m
[ 35%] [32mBuilding CXX object CMakeFiles/ros_study_msgs__rosidl_typesupport_cpp.dir/rosidl_typesupport_cpp/ros_study_msgs/srv/arithmetic_operator__type_support.cpp.o[0m
[ 36%] [32mBuilding CXX object CMakeFiles/ros_study_msgs__rosidl_typesupport_cpp.dir/rosidl_typesupport_cpp/ros_study_msgs/action/my_action__type_support.cpp.o[0m
[ 38%] [32mBuilding CXX object CMakeFiles/ros_study_msgs__rosidl_typesupport_cpp.dir/rosidl_typesupport_cpp/ros_study_msgs/action/arithmetic_checker__type_support.cpp.o[0m
[35m[1mConsolidate compiler generated dependencies of target ros_study_msgs__rosidl_typesupport_c[0m
[35m[1mConsolidate compiler generated dependencies of target ros_study_msgs__rosidl_typesupport_fastrtps_cpp[0m
[ 39%] [32mBuilding CXX object CMakeFiles/ros_study_msgs__rosidl_typesupport_c.dir/rosidl_typesupport_c/ros_study_msgs/msg/my_msg__type_support.cpp.o[0m
[ 40%] [32mBuilding CXX object CMakeFiles/ros_study_msgs__rosidl_typesupport_fastrtps_cpp.dir/rosidl_typesupport_fastrtps_cpp/ros_study_msgs/msg/detail/dds_fastrtps/my_msg__type_support.cpp.o[0m
[ 42%] [32mBuilding CXX object CMakeFiles/ros_study_msgs__rosidl_typesupport_c.dir/rosidl_typesupport_c/ros_study_msgs/msg/arithmetic_argument__type_support.cpp.o[0m
[ 43%] [32mBuilding CXX object CMakeFiles/ros_study_msgs__rosidl_typesupport_c.dir/rosidl_typesupport_c/ros_study_msgs/srv/my_srv__type_support.cpp.o[0m
[ 45%] [32mBuilding CXX object CMakeFiles/ros_study_msgs__rosidl_typesupport_c.dir/rosidl_typesupport_c/ros_study_msgs/srv/arithmetic_operator__type_support.cpp.o[0m
[ 46%] [32mBuilding CXX object CMakeFiles/ros_study_msgs__rosidl_typesupport_fastrtps_cpp.dir/rosidl_typesupport_fastrtps_cpp/ros_study_msgs/msg/detail/dds_fastrtps/arithmetic_argument__type_support.cpp.o[0m
[ 47%] [32mBuilding CXX object CMakeFiles/ros_study_msgs__rosidl_typesupport_c.dir/rosidl_typesupport_c/ros_study_msgs/action/my_action__type_support.cpp.o[0m
[ 49%] [32mBuilding CXX object CMakeFiles/ros_study_msgs__rosidl_typesupport_c.dir/rosidl_typesupport_c/ros_study_msgs/action/arithmetic_checker__type_support.cpp.o[0m
[ 50%] [32mBuilding CXX object CMakeFiles/ros_study_msgs__rosidl_typesupport_fastrtps_cpp.dir/rosidl_typesupport_fastrtps_cpp/ros_study_msgs/srv/detail/dds_fastrtps/my_srv__type_support.cpp.o[0m
[ 52%] [32mBuilding CXX object CMakeFiles/ros_study_msgs__rosidl_typesupport_fastrtps_cpp.dir/rosidl_typesupport_fastrtps_cpp/ros_study_msgs/srv/detail/dds_fastrtps/arithmetic_operator__type_support.cpp.o[0m
[ 53%] [32mBuilding CXX object CMakeFiles/ros_study_msgs__rosidl_typesupport_fastrtps_cpp.dir/rosidl_typesupport_fastrtps_cpp/ros_study_msgs/action/detail/dds_fastrtps/my_action__type_support.cpp.o[0m
[ 54%] [32m[1mLinking CXX shared library libros_study_msgs__rosidl_typesupport_c.so[0m
[ 56%] [32mBuilding CXX object CMakeFiles/ros_study_msgs__rosidl_typesupport_fastrtps_cpp.dir/rosidl_typesupport_fastrtps_cpp/ros_study_msgs/action/detail/dds_fastrtps/arithmetic_checker__type_support.cpp.o[0m
[ 56%] Built target ros_study_msgs__rosidl_typesupport_c
[35m[1mConsolidate compiler generated dependencies of target ros_study_msgs__rosidl_typesupport_introspection_c[0m
[ 57%] [32mBuilding C object CMakeFiles/ros_study_msgs__rosidl_typesupport_introspection_c.dir/rosidl_typesupport_introspection_c/ros_study_msgs/srv/detail/my_srv__type_support.c.o[0m
[ 59%] [32mBuilding C object CMakeFiles/ros_study_msgs__rosidl_typesupport_introspection_c.dir/rosidl_typesupport_introspection_c/ros_study_msgs/msg/detail/arithmetic_argument__type_support.c.o[0m
[ 60%] [32mBuilding C object CMakeFiles/ros_study_msgs__rosidl_typesupport_introspection_c.dir/rosidl_typesupport_introspection_c/ros_study_msgs/msg/detail/my_msg__type_support.c.o[0m
[ 61%] [32mBuilding C object CMakeFiles/ros_study_msgs__rosidl_typesupport_introspection_c.dir/rosidl_typesupport_introspection_c/ros_study_msgs/action/detail/my_action__type_support.c.o[0m
[ 63%] [32mBuilding C object CMakeFiles/ros_study_msgs__rosidl_typesupport_introspection_c.dir/rosidl_typesupport_introspection_c/ros_study_msgs/srv/detail/arithmetic_operator__type_support.c.o[0m
[ 64%] [32mBuilding C object CMakeFiles/ros_study_msgs__rosidl_typesupport_introspection_c.dir/rosidl_typesupport_introspection_c/ros_study_msgs/action/detail/arithmetic_checker__type_support.c.o[0m
[ 66%] [32m[1mLinking CXX shared library libros_study_msgs__rosidl_typesupport_cpp.so[0m
[ 67%] [32m[1mLinking C shared library libros_study_msgs__rosidl_typesupport_introspection_c.so[0m
[ 67%] Built target ros_study_msgs__rosidl_typesupport_cpp
[35m[1mConsolidate compiler generated dependencies of target ros_study_msgs__rosidl_typesupport_fastrtps_c[0m
[ 67%] Built target ros_study_msgs__rosidl_typesupport_introspection_c
[ 69%] [32mBuilding CXX object CMakeFiles/ros_study_msgs__rosidl_typesupport_fastrtps_c.dir/rosidl_typesupport_fastrtps_c/ros_study_msgs/msg/detail/my_msg__type_support_c.cpp.o[0m
[ 73%] [32mBuilding CXX object CMakeFiles/ros_study_msgs__rosidl_typesupport_fastrtps_c.dir/rosidl_typesupport_fastrtps_c/ros_study_msgs/action/detail/my_action__type_support_c.cpp.o[0m
[ 73%] [32mBuilding CXX object CMakeFiles/ros_study_msgs__rosidl_typesupport_fastrtps_c.dir/rosidl_typesupport_fastrtps_c/ros_study_msgs/srv/detail/my_srv__type_support_c.cpp.o[0m
[ 73%] [32mBuilding CXX object CMakeFiles/ros_study_msgs__rosidl_typesupport_fastrtps_c.dir/rosidl_typesupport_fastrtps_c/ros_study_msgs/srv/detail/arithmetic_operator__type_support_c.cpp.o[0m
[ 74%] [32mBuilding CXX object CMakeFiles/ros_study_msgs__rosidl_typesupport_fastrtps_c.dir/rosidl_typesupport_fastrtps_c/ros_study_msgs/action/detail/arithmetic_checker__type_support_c.cpp.o[0m
[ 76%] [32mBuilding CXX object CMakeFiles/ros_study_msgs__rosidl_typesupport_fastrtps_c.dir/rosidl_typesupport_fastrtps_c/ros_study_msgs/msg/detail/arithmetic_argument__type_support_c.cpp.o[0m
[ 77%] [32m[1mLinking CXX shared library libros_study_msgs__rosidl_typesupport_introspection_cpp.so[0m
[ 77%] Built target ros_study_msgs__rosidl_typesupport_introspection_cpp
[ 78%] [32m[1mLinking CXX shared library libros_study_msgs__rosidl_typesupport_fastrtps_cpp.so[0m
[ 80%] [32m[1mLinking CXX shared library libros_study_msgs__rosidl_typesupport_fastrtps_c.so[0m
[ 80%] Built target ros_study_msgs__rosidl_typesupport_fastrtps_c
[ 80%] Built target ros_study_msgs__rosidl_typesupport_fastrtps_cpp
[ 80%] Built target ros_study_msgs
[ 81%] [34m[1mGenerating Python code for ROS interfaces[0m
[ 81%] Built target ros_study_msgs__py
[35m[1mConsolidate compiler generated dependencies of target ros_study_msgs__rosidl_generator_py[0m
[ 85%] [32mBuilding C object CMakeFiles/ros_study_msgs__rosidl_generator_py.dir/rosidl_generator_py/ros_study_msgs/srv/_arithmetic_operator_s.c.o[0m
[ 85%] [32mBuilding C object CMakeFiles/ros_study_msgs__rosidl_generator_py.dir/rosidl_generator_py/ros_study_msgs/action/_arithmetic_checker_s.c.o[0m
[ 85%] [32mBuilding C object CMakeFiles/ros_study_msgs__rosidl_generator_py.dir/rosidl_generator_py/ros_study_msgs/action/_my_action_s.c.o[0m
[ 87%] [32mBuilding C object CMakeFiles/ros_study_msgs__rosidl_generator_py.dir/rosidl_generator_py/ros_study_msgs/msg/_my_msg_s.c.o[0m
[ 88%] [32mBuilding C object CMakeFiles/ros_study_msgs__rosidl_generator_py.dir/rosidl_generator_py/ros_study_msgs/msg/_arithmetic_argument_s.c.o[0m
[ 90%] [32mBuilding C object CMakeFiles/ros_study_msgs__rosidl_generator_py.dir/rosidl_generator_py/ros_study_msgs/srv/_my_srv_s.c.o[0m
[ 91%] [32m[1mLinking C shared library rosidl_generator_py/ros_study_msgs/libros_study_msgs__rosidl_generator_py.so[0m
[ 91%] Built target ros_study_msgs__rosidl_generator_py
[35m[1mConsolidate compiler generated dependencies of target ros_study_msgs__rosidl_typesupport_introspection_c__pyext[0m
[35m[1mConsolidate compiler generated dependencies of target ros_study_msgs__rosidl_typesupport_fastrtps_c__pyext[0m
[35m[1mConsolidate compiler generated dependencies of target ros_study_msgs__rosidl_typesupport_c__pyext[0m
[ 92%] [32mBuilding C object CMakeFiles/ros_study_msgs__rosidl_typesupport_c__pyext.dir/rosidl_generator_py/ros_study_msgs/_ros_study_msgs_s.ep.rosidl_typesupport_c.c.o[0m
[ 94%] [32mBuilding C object CMakeFiles/ros_study_msgs__rosidl_typesupport_introspection_c__pyext.dir/rosidl_generator_py/ros_study_msgs/_ros_study_msgs_s.ep.rosidl_typesupport_introspection_c.c.o[0m
[ 95%] [32mBuilding C object CMakeFiles/ros_study_msgs__rosidl_typesupport_fastrtps_c__pyext.dir/rosidl_generator_py/ros_study_msgs/_ros_study_msgs_s.ep.rosidl_typesupport_fastrtps_c.c.o[0m
[ 97%] [32m[1mLinking C shared library rosidl_generator_py/ros_study_msgs/ros_study_msgs_s__rosidl_typesupport_introspection_c.cpython-310-x86_64-linux-gnu.so[0m
[ 98%] [32m[1mLinking C shared library rosidl_generator_py/ros_study_msgs/ros_study_msgs_s__rosidl_typesupport_fastrtps_c.cpython-310-x86_64-linux-gnu.so[0m
[100%] [32m[1mLinking C shared library rosidl_generator_py/ros_study_msgs/ros_study_msgs_s__rosidl_typesupport_c.cpython-310-x86_64-linux-gnu.so[0m
[100%] Built target ros_study_msgs__rosidl_typesupport_introspection_c__pyext
[100%] Built target ros_study_msgs__rosidl_typesupport_fastrtps_c__pyext
[100%] Built target ros_study_msgs__rosidl_typesupport_c__pyext
-- Install configuration: ""
-- Installing: /home/somyeong/Doosan_Robotics_Rokey/ros2_ws/install/ros_study_msgs/share/ament_index/resource_index/rosidl_interfaces/ros_study_msgs
-- Up-to-date: /home/somyeong/Doosan_Robotics_Rokey/ros2_ws/install/ros_study_msgs/include/ros_study_msgs/ros_study_msgs
-- Up-to-date: /home/somyeong/Doosan_Robotics_Rokey/ros2_ws/install/ros_study_msgs/include/ros_study_msgs/ros_study_msgs/msg
-- Up-to-date: /home/somyeong/Doosan_Robotics_Rokey/ros2_ws/install/ros_study_msgs/include/ros_study_msgs/ros_study_msgs/msg/rosidl_generator_c__visibility_control.h
-- Up-to-date: /home/somyeong/Doosan_Robotics_Rokey/ros2_ws/install/ros_study_msgs/include/ros_study_msgs/ros_study_msgs/msg/detail
-- Installing: /home/somyeong/Doosan_Robotics_Rokey/ros2_ws/install/ros_study_msgs/include/ros_study_msgs/ros_study_msgs/msg/detail/arithmetic_argument__functions.h
-- Installing: /home/somyeong/Doosan_Robotics_Rokey/ros2_ws/install/ros_study_msgs/include/ros_study_msgs/ros_study_msgs/msg/detail/my_msg__functions.h
-- Installing: /home/somyeong/Doosan_Robotics_Rokey/ros2_ws/install/ros_study_msgs/include/ros_study_msgs/ros_study_msgs/msg/detail/arithmetic_argument__functions.c
-- Installing: /home/somyeong/Doosan_Robotics_Rokey/ros2_ws/install/ros_study_msgs/include/ros_study_msgs/ros_study_msgs/msg/detail/arithmetic_argument__type_support.h
-- Installing: /home/somyeong/Doosan_Robotics_Rokey/ros2_ws/install/ros_study_msgs/include/ros_study_msgs/ros_study_msgs/msg/detail/my_msg__struct.h
-- Installing: /home/somyeong/Doosan_Robotics_Rokey/ros2_ws/install/ros_study_msgs/include/ros_study_msgs/ros_study_msgs/msg/detail/my_msg__functions.c
-- Installing: /home/somyeong/Doosan_Robotics_Rokey/ros2_ws/install/ros_study_msgs/include/ros_study_msgs/ros_study_msgs/msg/detail/arithmetic_argument__struct.h
-- Installing: /home/somyeong/Doosan_Robotics_Rokey/ros2_ws/install/ros_study_msgs/include/ros_study_msgs/ros_study_msgs/msg/detail/my_msg__type_support.h
-- Installing: /home/somyeong/Doosan_Robotics_Rokey/ros2_ws/install/ros_study_msgs/include/ros_study_msgs/ros_study_msgs/msg/my_msg.h
-- Installing: /home/somyeong/Doosan_Robotics_Rokey/ros2_ws/install/ros_study_msgs/include/ros_study_msgs/ros_study_msgs/msg/arithmetic_argument.h
-- Up-to-date: /home/somyeong/Doosan_Robotics_Rokey/ros2_ws/install/ros_study_msgs/include/ros_study_msgs/ros_study_msgs/srv
-- Installing: /home/somyeong/Doosan_Robotics_Rokey/ros2_ws/install/ros_study_msgs/include/ros_study_msgs/ros_study_msgs/srv/my_srv.h
-- Installing: /home/somyeong/Doosan_Robotics_Rokey/ros2_ws/install/ros_study_msgs/include/ros_study_msgs/ros_study_msgs/srv/arithmetic_operator.h
-- Up-to-date: /home/somyeong/Doosan_Robotics_Rokey/ros2_ws/install/ros_study_msgs/include/ros_study_msgs/ros_study_msgs/srv/detail
-- Installing: /home/somyeong/Doosan_Robotics_Rokey/ros2_ws/install/ros_study_msgs/include/ros_study_msgs/ros_study_msgs/srv/detail/arithmetic_operator__struct.h
-- Installing: /home/somyeong/Doosan_Robotics_Rokey/ros2_ws/install/ros_study_msgs/include/ros_study_msgs/ros_study_msgs/srv/detail/arithmetic_operator__type_support.h
-- Installing: /home/somyeong/Doosan_Robotics_Rokey/ros2_ws/install/ros_study_msgs/include/ros_study_msgs/ros_study_msgs/srv/detail/my_srv__functions.h
-- Installing: /home/somyeong/Doosan_Robotics_Rokey/ros2_ws/install/ros_study_msgs/include/ros_study_msgs/ros_study_msgs/srv/detail/arithmetic_operator__functions.h
-- Installing: /home/somyeong/Doosan_Robotics_Rokey/ros2_ws/install/ros_study_msgs/include/ros_study_msgs/ros_study_msgs/srv/detail/arithmetic_operator__functions.c
-- Installing: /home/somyeong/Doosan_Robotics_Rokey/ros2_ws/install/ros_study_msgs/include/ros_study_msgs/ros_study_msgs/srv/detail/my_srv__functions.c
-- Installing: /home/somyeong/Doosan_Robotics_Rokey/ros2_ws/install/ros_study_msgs/include/ros_study_msgs/ros_study_msgs/srv/detail/my_srv__struct.h
-- Installing: /home/somyeong/Doosan_Robotics_Rokey/ros2_ws/install/ros_study_msgs/include/ros_study_msgs/ros_study_msgs/srv/detail/my_srv__type_support.h
-- Up-to-date: /home/somyeong/Doosan_Robotics_Rokey/ros2_ws/install/ros_study_msgs/include/ros_study_msgs/ros_study_msgs/action
-- Installing: /home/somyeong/Doosan_Robotics_Rokey/ros2_ws/install/ros_study_msgs/include/ros_study_msgs/ros_study_msgs/action/arithmetic_checker.h
-- Up-to-date: /home/somyeong/Doosan_Robotics_Rokey/ros2_ws/install/ros_study_msgs/include/ros_study_msgs/ros_study_msgs/action/detail
-- Installing: /home/somyeong/Doosan_Robotics_Rokey/ros2_ws/install/ros_study_msgs/include/ros_study_msgs/ros_study_msgs/action/detail/my_action__type_support.h
-- Installing: /home/somyeong/Doosan_Robotics_Rokey/ros2_ws/install/ros_study_msgs/include/ros_study_msgs/ros_study_msgs/action/detail/arithmetic_checker__struct.h
-- Installing: /home/somyeong/Doosan_Robotics_Rokey/ros2_ws/install/ros_study_msgs/include/ros_study_msgs/ros_study_msgs/action/detail/arithmetic_checker__functions.h
-- Installing: /home/somyeong/Doosan_Robotics_Rokey/ros2_ws/install/ros_study_msgs/include/ros_study_msgs/ros_study_msgs/action/detail/arithmetic_checker__type_support.h
-- Installing: /home/somyeong/Doosan_Robotics_Rokey/ros2_ws/install/ros_study_msgs/include/ros_study_msgs/ros_study_msgs/action/detail/my_action__struct.h
-- Installing: /home/somyeong/Doosan_Robotics_Rokey/ros2_ws/install/ros_study_msgs/include/ros_study_msgs/ros_study_msgs/action/detail/arithmetic_checker__functions.c
-- Installing: /home/somyeong/Doosan_Robotics_Rokey/ros2_ws/install/ros_study_msgs/include/ros_study_msgs/ros_study_msgs/action/detail/my_action__functions.h
-- Installing: /home/somyeong/Doosan_Robotics_Rokey/ros2_ws/install/ros_study_msgs/include/ros_study_msgs/ros_study_msgs/action/detail/my_action__functions.c
-- Installing: /home/somyeong/Doosan_Robotics_Rokey/ros2_ws/install/ros_study_msgs/include/ros_study_msgs/ros_study_msgs/action/my_action.h
-- Up-to-date: /home/somyeong/Doosan_Robotics_Rokey/ros2_ws/install/ros_study_msgs/share/ros_study_msgs/environment/library_path.sh
-- Installing: /home/somyeong/Doosan_Robotics_Rokey/ros2_ws/install/ros_study_msgs/share/ros_study_msgs/environment/library_path.dsv
-- Installing: /home/somyeong/Doosan_Robotics_Rokey/ros2_ws/install/ros_study_msgs/lib/libros_study_msgs__rosidl_generator_c.so
-- Set runtime path of "/home/somyeong/Doosan_Robotics_Rokey/ros2_ws/install/ros_study_msgs/lib/libros_study_msgs__rosidl_generator_c.so" to ""
-- Up-to-date: /home/somyeong/Doosan_Robotics_Rokey/ros2_ws/install/ros_study_msgs/include/ros_study_msgs/ros_study_msgs
-- Up-to-date: /home/somyeong/Doosan_Robotics_Rokey/ros2_ws/install/ros_study_msgs/include/ros_study_msgs/ros_study_msgs/msg
-- Up-to-date: /home/somyeong/Doosan_Robotics_Rokey/ros2_ws/install/ros_study_msgs/include/ros_study_msgs/ros_study_msgs/msg/detail
-- Installing: /home/somyeong/Doosan_Robotics_Rokey/ros2_ws/install/ros_study_msgs/include/ros_study_msgs/ros_study_msgs/msg/detail/my_msg__rosidl_typesupport_fastrtps_c.h
-- Installing: /home/somyeong/Doosan_Robotics_Rokey/ros2_ws/install/ros_study_msgs/include/ros_study_msgs/ros_study_msgs/msg/detail/arithmetic_argument__rosidl_typesupport_fastrtps_c.h
-- Up-to-date: /home/somyeong/Doosan_Robotics_Rokey/ros2_ws/install/ros_study_msgs/include/ros_study_msgs/ros_study_msgs/msg/rosidl_typesupport_fastrtps_c__visibility_control.h
-- Up-to-date: /home/somyeong/Doosan_Robotics_Rokey/ros2_ws/install/ros_study_msgs/include/ros_study_msgs/ros_study_msgs/srv
-- Up-to-date: /home/somyeong/Doosan_Robotics_Rokey/ros2_ws/install/ros_study_msgs/include/ros_study_msgs/ros_study_msgs/srv/detail
-- Installing: /home/somyeong/Doosan_Robotics_Rokey/ros2_ws/install/ros_study_msgs/include/ros_study_msgs/ros_study_msgs/srv/detail/arithmetic_operator__rosidl_typesupport_fastrtps_c.h
-- Installing: /home/somyeong/Doosan_Robotics_Rokey/ros2_ws/install/ros_study_msgs/include/ros_study_msgs/ros_study_msgs/srv/detail/my_srv__rosidl_typesupport_fastrtps_c.h
-- Up-to-date: /home/somyeong/Doosan_Robotics_Rokey/ros2_ws/install/ros_study_msgs/include/ros_study_msgs/ros_study_msgs/action
-- Up-to-date: /home/somyeong/Doosan_Robotics_Rokey/ros2_ws/install/ros_study_msgs/include/ros_study_msgs/ros_study_msgs/action/detail
-- Installing: /home/somyeong/Doosan_Robotics_Rokey/ros2_ws/install/ros_study_msgs/include/ros_study_msgs/ros_study_msgs/action/detail/my_action__rosidl_typesupport_fastrtps_c.h
-- Installing: /home/somyeong/Doosan_Robotics_Rokey/ros2_ws/install/ros_study_msgs/include/ros_study_msgs/ros_study_msgs/action/detail/arithmetic_checker__rosidl_typesupport_fastrtps_c.h
-- Installing: /home/somyeong/Doosan_Robotics_Rokey/ros2_ws/install/ros_study_msgs/lib/libros_study_msgs__rosidl_typesupport_fastrtps_c.so
-- Set runtime path of "/home/somyeong/Doosan_Robotics_Rokey/ros2_ws/install/ros_study_msgs/lib/libros_study_msgs__rosidl_typesupport_fastrtps_c.so" to ""
-- Up-to-date: /home/somyeong/Doosan_Robotics_Rokey/ros2_ws/install/ros_study_msgs/include/ros_study_msgs/ros_study_msgs
-- Up-to-date: /home/somyeong/Doosan_Robotics_Rokey/ros2_ws/install/ros_study_msgs/include/ros_study_msgs/ros_study_msgs/msg
-- Installing: /home/somyeong/Doosan_Robotics_Rokey/ros2_ws/install/ros_study_msgs/include/ros_study_msgs/ros_study_msgs/msg/arithmetic_argument.hpp
-- Up-to-date: /home/somyeong/Doosan_Robotics_Rokey/ros2_ws/install/ros_study_msgs/include/ros_study_msgs/ros_study_msgs/msg/detail
-- Installing: /home/somyeong/Doosan_Robotics_Rokey/ros2_ws/install/ros_study_msgs/include/ros_study_msgs/ros_study_msgs/msg/detail/arithmetic_argument__builder.hpp
-- Installing: /home/somyeong/Doosan_Robotics_Rokey/ros2_ws/install/ros_study_msgs/include/ros_study_msgs/ros_study_msgs/msg/detail/my_msg__traits.hpp
-- Installing: /home/somyeong/Doosan_Robotics_Rokey/ros2_ws/install/ros_study_msgs/include/ros_study_msgs/ros_study_msgs/msg/detail/my_msg__builder.hpp
-- Installing: /home/somyeong/Doosan_Robotics_Rokey/ros2_ws/install/ros_study_msgs/include/ros_study_msgs/ros_study_msgs/msg/detail/arithmetic_argument__traits.hpp
-- Installing: /home/somyeong/Doosan_Robotics_Rokey/ros2_ws/install/ros_study_msgs/include/ros_study_msgs/ros_study_msgs/msg/detail/my_msg__struct.hpp
-- Installing: /home/somyeong/Doosan_Robotics_Rokey/ros2_ws/install/ros_study_msgs/include/ros_study_msgs/ros_study_msgs/msg/detail/arithmetic_argument__struct.hpp
-- Installing: /home/somyeong/Doosan_Robotics_Rokey/ros2_ws/install/ros_study_msgs/include/ros_study_msgs/ros_study_msgs/msg/my_msg.hpp
-- Up-to-date: /home/somyeong/Doosan_Robotics_Rokey/ros2_ws/install/ros_study_msgs/include/ros_study_msgs/ros_study_msgs/srv
-- Up-to-date: /home/somyeong/Doosan_Robotics_Rokey/ros2_ws/install/ros_study_msgs/include/ros_study_msgs/ros_study_msgs/srv/detail
-- Installing: /home/somyeong/Doosan_Robotics_Rokey/ros2_ws/install/ros_study_msgs/include/ros_study_msgs/ros_study_msgs/srv/detail/arithmetic_operator__struct.hpp
-- Installing: /home/somyeong/Doosan_Robotics_Rokey/ros2_ws/install/ros_study_msgs/include/ros_study_msgs/ros_study_msgs/srv/detail/my_srv__struct.hpp
-- Installing: /home/somyeong/Doosan_Robotics_Rokey/ros2_ws/install/ros_study_msgs/include/ros_study_msgs/ros_study_msgs/srv/detail/my_srv__traits.hpp
-- Installing: /home/somyeong/Doosan_Robotics_Rokey/ros2_ws/install/ros_study_msgs/include/ros_study_msgs/ros_study_msgs/srv/detail/arithmetic_operator__traits.hpp
-- Installing: /home/somyeong/Doosan_Robotics_Rokey/ros2_ws/install/ros_study_msgs/include/ros_study_msgs/ros_study_msgs/srv/detail/arithmetic_operator__builder.hpp
-- Installing: /home/somyeong/Doosan_Robotics_Rokey/ros2_ws/install/ros_study_msgs/include/ros_study_msgs/ros_study_msgs/srv/detail/my_srv__builder.hpp
-- Installing: /home/somyeong/Doosan_Robotics_Rokey/ros2_ws/install/ros_study_msgs/include/ros_study_msgs/ros_study_msgs/srv/arithmetic_operator.hpp
-- Installing: /home/somyeong/Doosan_Robotics_Rokey/ros2_ws/install/ros_study_msgs/include/ros_study_msgs/ros_study_msgs/srv/my_srv.hpp
-- Up-to-date: /home/somyeong/Doosan_Robotics_Rokey/ros2_ws/install/ros_study_msgs/include/ros_study_msgs/ros_study_msgs/action
-- Installing: /home/somyeong/Doosan_Robotics_Rokey/ros2_ws/install/ros_study_msgs/include/ros_study_msgs/ros_study_msgs/action/arithmetic_checker.hpp
-- Up-to-date: /home/somyeong/Doosan_Robotics_Rokey/ros2_ws/install/ros_study_msgs/include/ros_study_msgs/ros_study_msgs/action/detail
-- Installing: /home/somyeong/Doosan_Robotics_Rokey/ros2_ws/install/ros_study_msgs/include/ros_study_msgs/ros_study_msgs/action/detail/my_action__builder.hpp
-- Installing: /home/somyeong/Doosan_Robotics_Rokey/ros2_ws/install/ros_study_msgs/include/ros_study_msgs/ros_study_msgs/action/detail/my_action__struct.hpp
-- Installing: /home/somyeong/Doosan_Robotics_Rokey/ros2_ws/install/ros_study_msgs/include/ros_study_msgs/ros_study_msgs/action/detail/arithmetic_checker__traits.hpp
-- Installing: /home/somyeong/Doosan_Robotics_Rokey/ros2_ws/install/ros_study_msgs/include/ros_study_msgs/ros_study_msgs/action/detail/arithmetic_checker__builder.hpp
-- Installing: /home/somyeong/Doosan_Robotics_Rokey/ros2_ws/install/ros_study_msgs/include/ros_study_msgs/ros_study_msgs/action/detail/my_action__traits.hpp
-- Installing: /home/somyeong/Doosan_Robotics_Rokey/ros2_ws/install/ros_study_msgs/include/ros_study_msgs/ros_study_msgs/action/detail/arithmetic_checker__struct.hpp
-- Installing: /home/somyeong/Doosan_Robotics_Rokey/ros2_ws/install/ros_study_msgs/include/ros_study_msgs/ros_study_msgs/action/my_action.hpp
-- Up-to-date: /home/somyeong/Doosan_Robotics_Rokey/ros2_ws/install/ros_study_msgs/include/ros_study_msgs/ros_study_msgs
-- Up-to-date: /home/somyeong/Doosan_Robotics_Rokey/ros2_ws/install/ros_study_msgs/include/ros_study_msgs/ros_study_msgs/msg
-- Up-to-date: /home/somyeong/Doosan_Robotics_Rokey/ros2_ws/install/ros_study_msgs/include/ros_study_msgs/ros_study_msgs/msg/detail
-- Installing: /home/somyeong/Doosan_Robotics_Rokey/ros2_ws/install/ros_study_msgs/include/ros_study_msgs/ros_study_msgs/msg/detail/arithmetic_argument__rosidl_typesupport_fastrtps_cpp.hpp
-- Up-to-date: /home/somyeong/Doosan_Robotics_Rokey/ros2_ws/install/ros_study_msgs/include/ros_study_msgs/ros_study_msgs/msg/detail/dds_fastrtps
-- Installing: /home/somyeong/Doosan_Robotics_Rokey/ros2_ws/install/ros_study_msgs/include/ros_study_msgs/ros_study_msgs/msg/detail/my_msg__rosidl_typesupport_fastrtps_cpp.hpp
-- Up-to-date: /home/somyeong/Doosan_Robotics_Rokey/ros2_ws/install/ros_study_msgs/include/ros_study_msgs/ros_study_msgs/msg/rosidl_typesupport_fastrtps_cpp__visibility_control.h
-- Up-to-date: /home/somyeong/Doosan_Robotics_Rokey/ros2_ws/install/ros_study_msgs/include/ros_study_msgs/ros_study_msgs/srv
-- Up-to-date: /home/somyeong/Doosan_Robotics_Rokey/ros2_ws/install/ros_study_msgs/include/ros_study_msgs/ros_study_msgs/srv/detail
-- Up-to-date: /home/somyeong/Doosan_Robotics_Rokey/ros2_ws/install/ros_study_msgs/include/ros_study_msgs/ros_study_msgs/srv/detail/dds_fastrtps
-- Installing: /home/somyeong/Doosan_Robotics_Rokey/ros2_ws/install/ros_study_msgs/include/ros_study_msgs/ros_study_msgs/srv/detail/arithmetic_operator__rosidl_typesupport_fastrtps_cpp.hpp
-- Installing: /home/somyeong/Doosan_Robotics_Rokey/ros2_ws/install/ros_study_msgs/include/ros_study_msgs/ros_study_msgs/srv/detail/my_srv__rosidl_typesupport_fastrtps_cpp.hpp
-- Up-to-date: /home/somyeong/Doosan_Robotics_Rokey/ros2_ws/install/ros_study_msgs/include/ros_study_msgs/ros_study_msgs/action
-- Up-to-date: /home/somyeong/Doosan_Robotics_Rokey/ros2_ws/install/ros_study_msgs/include/ros_study_msgs/ros_study_msgs/action/detail
-- Installing: /home/somyeong/Doosan_Robotics_Rokey/ros2_ws/install/ros_study_msgs/include/ros_study_msgs/ros_study_msgs/action/detail/my_action__rosidl_typesupport_fastrtps_cpp.hpp
-- Up-to-date: /home/somyeong/Doosan_Robotics_Rokey/ros2_ws/install/ros_study_msgs/include/ros_study_msgs/ros_study_msgs/action/detail/dds_fastrtps
-- Installing: /home/somyeong/Doosan_Robotics_Rokey/ros2_ws/install/ros_study_msgs/include/ros_study_msgs/ros_study_msgs/action/detail/arithmetic_checker__rosidl_typesupport_fastrtps_cpp.hpp
-- Installing: /home/somyeong/Doosan_Robotics_Rokey/ros2_ws/install/ros_study_msgs/lib/libros_study_msgs__rosidl_typesupport_fastrtps_cpp.so
-- Set runtime path of "/home/somyeong/Doosan_Robotics_Rokey/ros2_ws/install/ros_study_msgs/lib/libros_study_msgs__rosidl_typesupport_fastrtps_cpp.so" to ""
-- Up-to-date: /home/somyeong/Doosan_Robotics_Rokey/ros2_ws/install/ros_study_msgs/include/ros_study_msgs/ros_study_msgs
-- Up-to-date: /home/somyeong/Doosan_Robotics_Rokey/ros2_ws/install/ros_study_msgs/include/ros_study_msgs/ros_study_msgs/msg
-- Up-to-date: /home/somyeong/Doosan_Robotics_Rokey/ros2_ws/install/ros_study_msgs/include/ros_study_msgs/ros_study_msgs/msg/detail
-- Installing: /home/somyeong/Doosan_Robotics_Rokey/ros2_ws/install/ros_study_msgs/include/ros_study_msgs/ros_study_msgs/msg/detail/arithmetic_argument__rosidl_typesupport_introspection_c.h
-- Installing: /home/somyeong/Doosan_Robotics_Rokey/ros2_ws/install/ros_study_msgs/include/ros_study_msgs/ros_study_msgs/msg/detail/arithmetic_argument__type_support.c
-- Installing: /home/somyeong/Doosan_Robotics_Rokey/ros2_ws/install/ros_study_msgs/include/ros_study_msgs/ros_study_msgs/msg/detail/my_msg__rosidl_typesupport_introspection_c.h
-- Installing: /home/somyeong/Doosan_Robotics_Rokey/ros2_ws/install/ros_study_msgs/include/ros_study_msgs/ros_study_msgs/msg/detail/my_msg__type_support.c
-- Up-to-date: /home/somyeong/Doosan_Robotics_Rokey/ros2_ws/install/ros_study_msgs/include/ros_study_msgs/ros_study_msgs/msg/rosidl_typesupport_introspection_c__visibility_control.h
-- Up-to-date: /home/somyeong/Doosan_Robotics_Rokey/ros2_ws/install/ros_study_msgs/include/ros_study_msgs/ros_study_msgs/srv
-- Up-to-date: /home/somyeong/Doosan_Robotics_Rokey/ros2_ws/install/ros_study_msgs/include/ros_study_msgs/ros_study_msgs/srv/detail
-- Installing: /home/somyeong/Doosan_Robotics_Rokey/ros2_ws/install/ros_study_msgs/include/ros_study_msgs/ros_study_msgs/srv/detail/my_srv__rosidl_typesupport_introspection_c.h
-- Installing: /home/somyeong/Doosan_Robotics_Rokey/ros2_ws/install/ros_study_msgs/include/ros_study_msgs/ros_study_msgs/srv/detail/arithmetic_operator__rosidl_typesupport_introspection_c.h
-- Installing: /home/somyeong/Doosan_Robotics_Rokey/ros2_ws/install/ros_study_msgs/include/ros_study_msgs/ros_study_msgs/srv/detail/my_srv__type_support.c
-- Installing: /home/somyeong/Doosan_Robotics_Rokey/ros2_ws/install/ros_study_msgs/include/ros_study_msgs/ros_study_msgs/srv/detail/arithmetic_operator__type_support.c
-- Up-to-date: /home/somyeong/Doosan_Robotics_Rokey/ros2_ws/install/ros_study_msgs/include/ros_study_msgs/ros_study_msgs/action
-- Up-to-date: /home/somyeong/Doosan_Robotics_Rokey/ros2_ws/install/ros_study_msgs/include/ros_study_msgs/ros_study_msgs/action/detail
-- Installing: /home/somyeong/Doosan_Robotics_Rokey/ros2_ws/install/ros_study_msgs/include/ros_study_msgs/ros_study_msgs/action/detail/arithmetic_checker__type_support.c
-- Installing: /home/somyeong/Doosan_Robotics_Rokey/ros2_ws/install/ros_study_msgs/include/ros_study_msgs/ros_study_msgs/action/detail/arithmetic_checker__rosidl_typesupport_introspection_c.h
-- Installing: /home/somyeong/Doosan_Robotics_Rokey/ros2_ws/install/ros_study_msgs/include/ros_study_msgs/ros_study_msgs/action/detail/my_action__rosidl_typesupport_introspection_c.h
-- Installing: /home/somyeong/Doosan_Robotics_Rokey/ros2_ws/install/ros_study_msgs/include/ros_study_msgs/ros_study_msgs/action/detail/my_action__type_support.c
-- Installing: /home/somyeong/Doosan_Robotics_Rokey/ros2_ws/install/ros_study_msgs/lib/libros_study_msgs__rosidl_typesupport_introspection_c.so
-- Set runtime path of "/home/somyeong/Doosan_Robotics_Rokey/ros2_ws/install/ros_study_msgs/lib/libros_study_msgs__rosidl_typesupport_introspection_c.so" to ""
-- Installing: /home/somyeong/Doosan_Robotics_Rokey/ros2_ws/install/ros_study_msgs/lib/libros_study_msgs__rosidl_typesupport_c.so
-- Set runtime path of "/home/somyeong/Doosan_Robotics_Rokey/ros2_ws/install/ros_study_msgs/lib/libros_study_msgs__rosidl_typesupport_c.so" to ""
-- Up-to-date: /home/somyeong/Doosan_Robotics_Rokey/ros2_ws/install/ros_study_msgs/include/ros_study_msgs/ros_study_msgs
-- Up-to-date: /home/somyeong/Doosan_Robotics_Rokey/ros2_ws/install/ros_study_msgs/include/ros_study_msgs/ros_study_msgs/msg
-- Up-to-date: /home/somyeong/Doosan_Robotics_Rokey/ros2_ws/install/ros_study_msgs/include/ros_study_msgs/ros_study_msgs/msg/detail
-- Installing: /home/somyeong/Doosan_Robotics_Rokey/ros2_ws/install/ros_study_msgs/include/ros_study_msgs/ros_study_msgs/msg/detail/arithmetic_argument__rosidl_typesupport_introspection_cpp.hpp
-- Installing: /home/somyeong/Doosan_Robotics_Rokey/ros2_ws/install/ros_study_msgs/include/ros_study_msgs/ros_study_msgs/msg/detail/my_msg__type_support.cpp
-- Installing: /home/somyeong/Doosan_Robotics_Rokey/ros2_ws/install/ros_study_msgs/include/ros_study_msgs/ros_study_msgs/msg/detail/arithmetic_argument__type_support.cpp
-- Installing: /home/somyeong/Doosan_Robotics_Rokey/ros2_ws/install/ros_study_msgs/include/ros_study_msgs/ros_study_msgs/msg/detail/my_msg__rosidl_typesupport_introspection_cpp.hpp
-- Up-to-date: /home/somyeong/Doosan_Robotics_Rokey/ros2_ws/install/ros_study_msgs/include/ros_study_msgs/ros_study_msgs/srv
-- Up-to-date: /home/somyeong/Doosan_Robotics_Rokey/ros2_ws/install/ros_study_msgs/include/ros_study_msgs/ros_study_msgs/srv/detail
-- Installing: /home/somyeong/Doosan_Robotics_Rokey/ros2_ws/install/ros_study_msgs/include/ros_study_msgs/ros_study_msgs/srv/detail/my_srv__rosidl_typesupport_introspection_cpp.hpp
-- Installing: /home/somyeong/Doosan_Robotics_Rokey/ros2_ws/install/ros_study_msgs/include/ros_study_msgs/ros_study_msgs/srv/detail/my_srv__type_support.cpp
-- Installing: /home/somyeong/Doosan_Robotics_Rokey/ros2_ws/install/ros_study_msgs/include/ros_study_msgs/ros_study_msgs/srv/detail/arithmetic_operator__type_support.cpp
-- Installing: /home/somyeong/Doosan_Robotics_Rokey/ros2_ws/install/ros_study_msgs/include/ros_study_msgs/ros_study_msgs/srv/detail/arithmetic_operator__rosidl_typesupport_introspection_cpp.hpp
-- Up-to-date: /home/somyeong/Doosan_Robotics_Rokey/ros2_ws/install/ros_study_msgs/include/ros_study_msgs/ros_study_msgs/action
-- Up-to-date: /home/somyeong/Doosan_Robotics_Rokey/ros2_ws/install/ros_study_msgs/include/ros_study_msgs/ros_study_msgs/action/detail
-- Installing: /home/somyeong/Doosan_Robotics_Rokey/ros2_ws/install/ros_study_msgs/include/ros_study_msgs/ros_study_msgs/action/detail/my_action__rosidl_typesupport_introspection_cpp.hpp
-- Installing: /home/somyeong/Doosan_Robotics_Rokey/ros2_ws/install/ros_study_msgs/include/ros_study_msgs/ros_study_msgs/action/detail/arithmetic_checker__rosidl_typesupport_introspection_cpp.hpp
-- Installing: /home/somyeong/Doosan_Robotics_Rokey/ros2_ws/install/ros_study_msgs/include/ros_study_msgs/ros_study_msgs/action/detail/my_action__type_support.cpp
-- Installing: /home/somyeong/Doosan_Robotics_Rokey/ros2_ws/install/ros_study_msgs/include/ros_study_msgs/ros_study_msgs/action/detail/arithmetic_checker__type_support.cpp
-- Installing: /home/somyeong/Doosan_Robotics_Rokey/ros2_ws/install/ros_study_msgs/lib/libros_study_msgs__rosidl_typesupport_introspection_cpp.so
-- Set runtime path of "/home/somyeong/Doosan_Robotics_Rokey/ros2_ws/install/ros_study_msgs/lib/libros_study_msgs__rosidl_typesupport_introspection_cpp.so" to ""
-- Installing: /home/somyeong/Doosan_Robotics_Rokey/ros2_ws/install/ros_study_msgs/lib/libros_study_msgs__rosidl_typesupport_cpp.so
-- Set runtime path of "/home/somyeong/Doosan_Robotics_Rokey/ros2_ws/install/ros_study_msgs/lib/libros_study_msgs__rosidl_typesupport_cpp.so" to ""
-- Up-to-date: /home/somyeong/Doosan_Robotics_Rokey/ros2_ws/install/ros_study_msgs/share/ros_study_msgs/environment/pythonpath.sh
-- Installing: /home/somyeong/Doosan_Robotics_Rokey/ros2_ws/install/ros_study_msgs/share/ros_study_msgs/environment/pythonpath.dsv
-- Up-to-date: /home/somyeong/Doosan_Robotics_Rokey/ros2_ws/install/ros_study_msgs/local/lib/python3.10/dist-packages/ros_study_msgs-0.0.0-py3.10.egg-info
-- Installing: /home/somyeong/Doosan_Robotics_Rokey/ros2_ws/install/ros_study_msgs/local/lib/python3.10/dist-packages/ros_study_msgs-0.0.0-py3.10.egg-info/PKG-INFO
-- Installing: /home/somyeong/Doosan_Robotics_Rokey/ros2_ws/install/ros_study_msgs/local/lib/python3.10/dist-packages/ros_study_msgs-0.0.0-py3.10.egg-info/top_level.txt
-- Installing: /home/somyeong/Doosan_Robotics_Rokey/ros2_ws/install/ros_study_msgs/local/lib/python3.10/dist-packages/ros_study_msgs-0.0.0-py3.10.egg-info/SOURCES.txt
-- Installing: /home/somyeong/Doosan_Robotics_Rokey/ros2_ws/install/ros_study_msgs/local/lib/python3.10/dist-packages/ros_study_msgs-0.0.0-py3.10.egg-info/dependency_links.txt
-- Up-to-date: /home/somyeong/Doosan_Robotics_Rokey/ros2_ws/install/ros_study_msgs/local/lib/python3.10/dist-packages/ros_study_msgs
-- Installing: /home/somyeong/Doosan_Robotics_Rokey/ros2_ws/install/ros_study_msgs/local/lib/python3.10/dist-packages/ros_study_msgs/ros_study_msgs_s__rosidl_typesupport_c.cpython-310-x86_64-linux-gnu.so
-- Up-to-date: /home/somyeong/Doosan_Robotics_Rokey/ros2_ws/install/ros_study_msgs/local/lib/python3.10/dist-packages/ros_study_msgs/msg
-- Installing: /home/somyeong/Doosan_Robotics_Rokey/ros2_ws/install/ros_study_msgs/local/lib/python3.10/dist-packages/ros_study_msgs/msg/_my_msg_s.c
-- Installing: /home/somyeong/Doosan_Robotics_Rokey/ros2_ws/install/ros_study_msgs/local/lib/python3.10/dist-packages/ros_study_msgs/msg/_arithmetic_argument.py
-- Installing: /home/somyeong/Doosan_Robotics_Rokey/ros2_ws/install/ros_study_msgs/local/lib/python3.10/dist-packages/ros_study_msgs/msg/_my_msg.py
-- Installing: /home/somyeong/Doosan_Robotics_Rokey/ros2_ws/install/ros_study_msgs/local/lib/python3.10/dist-packages/ros_study_msgs/msg/__init__.py
-- Installing: /home/somyeong/Doosan_Robotics_Rokey/ros2_ws/install/ros_study_msgs/local/lib/python3.10/dist-packages/ros_study_msgs/msg/_arithmetic_argument_s.c
-- Installing: /home/somyeong/Doosan_Robotics_Rokey/ros2_ws/install/ros_study_msgs/local/lib/python3.10/dist-packages/ros_study_msgs/_ros_study_msgs_s.ep.rosidl_typesupport_fastrtps_c.c
-- Installing: /home/somyeong/Doosan_Robotics_Rokey/ros2_ws/install/ros_study_msgs/local/lib/python3.10/dist-packages/ros_study_msgs/_ros_study_msgs_s.ep.rosidl_typesupport_c.c
-- Installing: /home/somyeong/Doosan_Robotics_Rokey/ros2_ws/install/ros_study_msgs/local/lib/python3.10/dist-packages/ros_study_msgs/libros_study_msgs__rosidl_generator_py.so
-- Installing: /home/somyeong/Doosan_Robotics_Rokey/ros2_ws/install/ros_study_msgs/local/lib/python3.10/dist-packages/ros_study_msgs/__init__.py
-- Installing: /home/somyeong/Doosan_Robotics_Rokey/ros2_ws/install/ros_study_msgs/local/lib/python3.10/dist-packages/ros_study_msgs/_ros_study_msgs_s.ep.rosidl_typesupport_introspection_c.c
-- Up-to-date: /home/somyeong/Doosan_Robotics_Rokey/ros2_ws/install/ros_study_msgs/local/lib/python3.10/dist-packages/ros_study_msgs/srv
-- Installing: /home/somyeong/Doosan_Robotics_Rokey/ros2_ws/install/ros_study_msgs/local/lib/python3.10/dist-packages/ros_study_msgs/srv/_arithmetic_operator.py
-- Installing: /home/somyeong/Doosan_Robotics_Rokey/ros2_ws/install/ros_study_msgs/local/lib/python3.10/dist-packages/ros_study_msgs/srv/_my_srv_s.c
-- Installing: /home/somyeong/Doosan_Robotics_Rokey/ros2_ws/install/ros_study_msgs/local/lib/python3.10/dist-packages/ros_study_msgs/srv/__init__.py
-- Installing: /home/somyeong/Doosan_Robotics_Rokey/ros2_ws/install/ros_study_msgs/local/lib/python3.10/dist-packages/ros_study_msgs/srv/_arithmetic_operator_s.c
-- Installing: /home/somyeong/Doosan_Robotics_Rokey/ros2_ws/install/ros_study_msgs/local/lib/python3.10/dist-packages/ros_study_msgs/srv/_my_srv.py
-- Installing: /home/somyeong/Doosan_Robotics_Rokey/ros2_ws/install/ros_study_msgs/local/lib/python3.10/dist-packages/ros_study_msgs/ros_study_msgs_s__rosidl_typesupport_fastrtps_c.cpython-310-x86_64-linux-gnu.so
-- Installing: /home/somyeong/Doosan_Robotics_Rokey/ros2_ws/install/ros_study_msgs/local/lib/python3.10/dist-packages/ros_study_msgs/ros_study_msgs_s__rosidl_typesupport_introspection_c.cpython-310-x86_64-linux-gnu.so
-- Up-to-date: /home/somyeong/Doosan_Robotics_Rokey/ros2_ws/install/ros_study_msgs/local/lib/python3.10/dist-packages/ros_study_msgs/action
-- Installing: /home/somyeong/Doosan_Robotics_Rokey/ros2_ws/install/ros_study_msgs/local/lib/python3.10/dist-packages/ros_study_msgs/action/_my_action.py
-- Installing: /home/somyeong/Doosan_Robotics_Rokey/ros2_ws/install/ros_study_msgs/local/lib/python3.10/dist-packages/ros_study_msgs/action/_my_action_s.c
-- Installing: /home/somyeong/Doosan_Robotics_Rokey/ros2_ws/install/ros_study_msgs/local/lib/python3.10/dist-packages/ros_study_msgs/action/_arithmetic_checker.py
-- Installing: /home/somyeong/Doosan_Robotics_Rokey/ros2_ws/install/ros_study_msgs/local/lib/python3.10/dist-packages/ros_study_msgs/action/_arithmetic_checker_s.c
-- Installing: /home/somyeong/Doosan_Robotics_Rokey/ros2_ws/install/ros_study_msgs/local/lib/python3.10/dist-packages/ros_study_msgs/action/__init__.py
Listing '/home/somyeong/Doosan_Robotics_Rokey/ros2_ws/install/ros_study_msgs/local/lib/python3.10/dist-packages/ros_study_msgs'...
Compiling '/home/somyeong/Doosan_Robotics_Rokey/ros2_ws/install/ros_study_msgs/local/lib/python3.10/dist-packages/ros_study_msgs/__init__.py'...
Listing '/home/somyeong/Doosan_Robotics_Rokey/ros2_ws/install/ros_study_msgs/local/lib/python3.10/dist-packages/ros_study_msgs/action'...
Compiling '/home/somyeong/Doosan_Robotics_Rokey/ros2_ws/install/ros_study_msgs/local/lib/python3.10/dist-packages/ros_study_msgs/action/__init__.py'...
Compiling '/home/somyeong/Doosan_Robotics_Rokey/ros2_ws/install/ros_study_msgs/local/lib/python3.10/dist-packages/ros_study_msgs/action/_arithmetic_checker.py'...
Compiling '/home/somyeong/Doosan_Robotics_Rokey/ros2_ws/install/ros_study_msgs/local/lib/python3.10/dist-packages/ros_study_msgs/action/_my_action.py'...
Listing '/home/somyeong/Doosan_Robotics_Rokey/ros2_ws/install/ros_study_msgs/local/lib/python3.10/dist-packages/ros_study_msgs/msg'...
Compiling '/home/somyeong/Doosan_Robotics_Rokey/ros2_ws/install/ros_study_msgs/local/lib/python3.10/dist-packages/ros_study_msgs/msg/__init__.py'...
Compiling '/home/somyeong/Doosan_Robotics_Rokey/ros2_ws/install/ros_study_msgs/local/lib/python3.10/dist-packages/ros_study_msgs/msg/_arithmetic_argument.py'...
Compiling '/home/somyeong/Doosan_Robotics_Rokey/ros2_ws/install/ros_study_msgs/local/lib/python3.10/dist-packages/ros_study_msgs/msg/_my_msg.py'...
Listing '/home/somyeong/Doosan_Robotics_Rokey/ros2_ws/install/ros_study_msgs/local/lib/python3.10/dist-packages/ros_study_msgs/srv'...
Compiling '/home/somyeong/Doosan_Robotics_Rokey/ros2_ws/install/ros_study_msgs/local/lib/python3.10/dist-packages/ros_study_msgs/srv/__init__.py'...
Compiling '/home/somyeong/Doosan_Robotics_Rokey/ros2_ws/install/ros_study_msgs/local/lib/python3.10/dist-packages/ros_study_msgs/srv/_arithmetic_operator.py'...
Compiling '/home/somyeong/Doosan_Robotics_Rokey/ros2_ws/install/ros_study_msgs/local/lib/python3.10/dist-packages/ros_study_msgs/srv/_my_srv.py'...
-- Installing: /home/somyeong/Doosan_Robotics_Rokey/ros2_ws/install/ros_study_msgs/local/lib/python3.10/dist-packages/ros_study_msgs/ros_study_msgs_s__rosidl_typesupport_fastrtps_c.cpython-310-x86_64-linux-gnu.so
-- Set runtime path of "/home/somyeong/Doosan_Robotics_Rokey/ros2_ws/install/ros_study_msgs/local/lib/python3.10/dist-packages/ros_study_msgs/ros_study_msgs_s__rosidl_typesupport_fastrtps_c.cpython-310-x86_64-linux-gnu.so" to ""
-- Installing: /home/somyeong/Doosan_Robotics_Rokey/ros2_ws/install/ros_study_msgs/local/lib/python3.10/dist-packages/ros_study_msgs/ros_study_msgs_s__rosidl_typesupport_introspection_c.cpython-310-x86_64-linux-gnu.so
-- Set runtime path of "/home/somyeong/Doosan_Robotics_Rokey/ros2_ws/install/ros_study_msgs/local/lib/python3.10/dist-packages/ros_study_msgs/ros_study_msgs_s__rosidl_typesupport_introspection_c.cpython-310-x86_64-linux-gnu.so" to ""
-- Installing: /home/somyeong/Doosan_Robotics_Rokey/ros2_ws/install/ros_study_msgs/local/lib/python3.10/dist-packages/ros_study_msgs/ros_study_msgs_s__rosidl_typesupport_c.cpython-310-x86_64-linux-gnu.so
-- Set runtime path of "/home/somyeong/Doosan_Robotics_Rokey/ros2_ws/install/ros_study_msgs/local/lib/python3.10/dist-packages/ros_study_msgs/ros_study_msgs_s__rosidl_typesupport_c.cpython-310-x86_64-linux-gnu.so" to ""
-- Installing: /home/somyeong/Doosan_Robotics_Rokey/ros2_ws/install/ros_study_msgs/lib/libros_study_msgs__rosidl_generator_py.so
-- Set runtime path of "/home/somyeong/Doosan_Robotics_Rokey/ros2_ws/install/ros_study_msgs/lib/libros_study_msgs__rosidl_generator_py.so" to ""
-- Up-to-date: /home/somyeong/Doosan_Robotics_Rokey/ros2_ws/install/ros_study_msgs/share/ros_study_msgs/msg/MyMsg.idl
-- Installing: /home/somyeong/Doosan_Robotics_Rokey/ros2_ws/install/ros_study_msgs/share/ros_study_msgs/msg/ArithmeticArgument.idl
-- Up-to-date: /home/somyeong/Doosan_Robotics_Rokey/ros2_ws/install/ros_study_msgs/share/ros_study_msgs/srv/MySrv.idl
-- Installing: /home/somyeong/Doosan_Robotics_Rokey/ros2_ws/install/ros_study_msgs/share/ros_study_msgs/srv/ArithmeticOperator.idl
-- Up-to-date: /home/somyeong/Doosan_Robotics_Rokey/ros2_ws/install/ros_study_msgs/share/ros_study_msgs/action/MyAction.idl
-- Installing: /home/somyeong/Doosan_Robotics_Rokey/ros2_ws/install/ros_study_msgs/share/ros_study_msgs/action/ArithmeticChecker.idl
-- Up-to-date: /home/somyeong/Doosan_Robotics_Rokey/ros2_ws/install/ros_study_msgs/share/ros_study_msgs/msg/MyMsg.msg
-- Installing: /home/somyeong/Doosan_Robotics_Rokey/ros2_ws/install/ros_study_msgs/share/ros_study_msgs/msg/ArithmeticArgument.msg
-- Up-to-date: /home/somyeong/Doosan_Robotics_Rokey/ros2_ws/install/ros_study_msgs/share/ros_study_msgs/srv/MySrv.srv
-- Up-to-date: /home/somyeong/Doosan_Robotics_Rokey/ros2_ws/install/ros_study_msgs/share/ros_study_msgs/srv/MySrv_Request.msg
-- Up-to-date: /home/somyeong/Doosan_Robotics_Rokey/ros2_ws/install/ros_study_msgs/share/ros_study_msgs/srv/MySrv_Response.msg
-- Installing: /home/somyeong/Doosan_Robotics_Rokey/ros2_ws/install/ros_study_msgs/share/ros_study_msgs/srv/ArithmeticOperator.srv
-- Installing: /home/somyeong/Doosan_Robotics_Rokey/ros2_ws/install/ros_study_msgs/share/ros_study_msgs/srv/ArithmeticOperator_Request.msg
-- Installing: /home/somyeong/Doosan_Robotics_Rokey/ros2_ws/install/ros_study_msgs/share/ros_study_msgs/srv/ArithmeticOperator_Response.msg
-- Up-to-date: /home/somyeong/Doosan_Robotics_Rokey/ros2_ws/install/ros_study_msgs/share/ros_study_msgs/action/MyAction.action
-- Installing: /home/somyeong/Doosan_Robotics_Rokey/ros2_ws/install/ros_study_msgs/share/ros_study_msgs/action/ArithmeticChecker.action
-- Up-to-date: /home/somyeong/Doosan_Robotics_Rokey/ros2_ws/install/ros_study_msgs/share/ament_index/resource_index/package_run_dependencies/ros_study_msgs
-- Up-to-date: /home/somyeong/Doosan_Robotics_Rokey/ros2_ws/install/ros_study_msgs/share/ament_index/resource_index/parent_prefix_path/ros_study_msgs
-- Up-to-date: /home/somyeong/Doosan_Robotics_Rokey/ros2_ws/install/ros_study_msgs/share/ros_study_msgs/environment/ament_prefix_path.sh
-- Installing: /home/somyeong/Doosan_Robotics_Rokey/ros2_ws/install/ros_study_msgs/share/ros_study_msgs/environment/ament_prefix_path.dsv
-- Up-to-date: /home/somyeong/Doosan_Robotics_Rokey/ros2_ws/install/ros_study_msgs/share/ros_study_msgs/environment/path.sh
-- Installing: /home/somyeong/Doosan_Robotics_Rokey/ros2_ws/install/ros_study_msgs/share/ros_study_msgs/environment/path.dsv
-- Up-to-date: /home/somyeong/Doosan_Robotics_Rokey/ros2_ws/install/ros_study_msgs/share/ros_study_msgs/local_setup.bash
-- Up-to-date: /home/somyeong/Doosan_Robotics_Rokey/ros2_ws/install/ros_study_msgs/share/ros_study_msgs/local_setup.sh
-- Up-to-date: /home/somyeong/Doosan_Robotics_Rokey/ros2_ws/install/ros_study_msgs/share/ros_study_msgs/local_setup.zsh
-- Installing: /home/somyeong/Doosan_Robotics_Rokey/ros2_ws/install/ros_study_msgs/share/ros_study_msgs/local_setup.dsv
-- Installing: /home/somyeong/Doosan_Robotics_Rokey/ros2_ws/install/ros_study_msgs/share/ros_study_msgs/package.dsv
-- Up-to-date: /home/somyeong/Doosan_Robotics_Rokey/ros2_ws/install/ros_study_msgs/share/ament_index/resource_index/packages/ros_study_msgs
-- Up-to-date: /home/somyeong/Doosan_Robotics_Rokey/ros2_ws/install/ros_study_msgs/share/ros_study_msgs/cmake/export_ros_study_msgs__rosidl_generator_cExport.cmake
-- Up-to-date: /home/somyeong/Doosan_Robotics_Rokey/ros2_ws/install/ros_study_msgs/share/ros_study_msgs/cmake/export_ros_study_msgs__rosidl_generator_cExport-noconfig.cmake
-- Up-to-date: /home/somyeong/Doosan_Robotics_Rokey/ros2_ws/install/ros_study_msgs/share/ros_study_msgs/cmake/export_ros_study_msgs__rosidl_typesupport_fastrtps_cExport.cmake
-- Up-to-date: /home/somyeong/Doosan_Robotics_Rokey/ros2_ws/install/ros_study_msgs/share/ros_study_msgs/cmake/export_ros_study_msgs__rosidl_typesupport_fastrtps_cExport-noconfig.cmake
-- Up-to-date: /home/somyeong/Doosan_Robotics_Rokey/ros2_ws/install/ros_study_msgs/share/ros_study_msgs/cmake/export_ros_study_msgs__rosidl_generator_cppExport.cmake
-- Up-to-date: /home/somyeong/Doosan_Robotics_Rokey/ros2_ws/install/ros_study_msgs/share/ros_study_msgs/cmake/export_ros_study_msgs__rosidl_typesupport_fastrtps_cppExport.cmake
-- Up-to-date: /home/somyeong/Doosan_Robotics_Rokey/ros2_ws/install/ros_study_msgs/share/ros_study_msgs/cmake/export_ros_study_msgs__rosidl_typesupport_fastrtps_cppExport-noconfig.cmake
-- Up-to-date: /home/somyeong/Doosan_Robotics_Rokey/ros2_ws/install/ros_study_msgs/share/ros_study_msgs/cmake/ros_study_msgs__rosidl_typesupport_introspection_cExport.cmake
-- Up-to-date: /home/somyeong/Doosan_Robotics_Rokey/ros2_ws/install/ros_study_msgs/share/ros_study_msgs/cmake/ros_study_msgs__rosidl_typesupport_introspection_cExport-noconfig.cmake
-- Up-to-date: /home/somyeong/Doosan_Robotics_Rokey/ros2_ws/install/ros_study_msgs/share/ros_study_msgs/cmake/ros_study_msgs__rosidl_typesupport_cExport.cmake
-- Up-to-date: /home/somyeong/Doosan_Robotics_Rokey/ros2_ws/install/ros_study_msgs/share/ros_study_msgs/cmake/ros_study_msgs__rosidl_typesupport_cExport-noconfig.cmake
-- Up-to-date: /home/somyeong/Doosan_Robotics_Rokey/ros2_ws/install/ros_study_msgs/share/ros_study_msgs/cmake/ros_study_msgs__rosidl_typesupport_introspection_cppExport.cmake
-- Up-to-date: /home/somyeong/Doosan_Robotics_Rokey/ros2_ws/install/ros_study_msgs/share/ros_study_msgs/cmake/ros_study_msgs__rosidl_typesupport_introspection_cppExport-noconfig.cmake
-- Up-to-date: /home/somyeong/Doosan_Robotics_Rokey/ros2_ws/install/ros_study_msgs/share/ros_study_msgs/cmake/ros_study_msgs__rosidl_typesupport_cppExport.cmake
-- Up-to-date: /home/somyeong/Doosan_Robotics_Rokey/ros2_ws/install/ros_study_msgs/share/ros_study_msgs/cmake/ros_study_msgs__rosidl_typesupport_cppExport-noconfig.cmake
-- Up-to-date: /home/somyeong/Doosan_Robotics_Rokey/ros2_ws/install/ros_study_msgs/share/ros_study_msgs/cmake/export_ros_study_msgs__rosidl_generator_pyExport.cmake
-- Up-to-date: /home/somyeong/Doosan_Robotics_Rokey/ros2_ws/install/ros_study_msgs/share/ros_study_msgs/cmake/export_ros_study_msgs__rosidl_generator_pyExport-noconfig.cmake
-- Installing: /home/somyeong/Doosan_Robotics_Rokey/ros2_ws/install/ros_study_msgs/share/ros_study_msgs/cmake/rosidl_cmake-extras.cmake
-- Up-to-date: /home/somyeong/Doosan_Robotics_Rokey/ros2_ws/install/ros_study_msgs/share/ros_study_msgs/cmake/ament_cmake_export_dependencies-extras.cmake
-- Up-to-date: /home/somyeong/Doosan_Robotics_Rokey/ros2_ws/install/ros_study_msgs/share/ros_study_msgs/cmake/ament_cmake_export_include_directories-extras.cmake
-- Up-to-date: /home/somyeong/Doosan_Robotics_Rokey/ros2_ws/install/ros_study_msgs/share/ros_study_msgs/cmake/ament_cmake_export_libraries-extras.cmake
-- Up-to-date: /home/somyeong/Doosan_Robotics_Rokey/ros2_ws/install/ros_study_msgs/share/ros_study_msgs/cmake/ament_cmake_export_targets-extras.cmake
-- Up-to-date: /home/somyeong/Doosan_Robotics_Rokey/ros2_ws/install/ros_study_msgs/share/ros_study_msgs/cmake/rosidl_cmake_export_typesupport_targets-extras.cmake
-- Up-to-date: /home/somyeong/Doosan_Robotics_Rokey/ros2_ws/install/ros_study_msgs/share/ros_study_msgs/cmake/rosidl_cmake_export_typesupport_libraries-extras.cmake
-- Up-to-date: /home/somyeong/Doosan_Robotics_Rokey/ros2_ws/install/ros_study_msgs/share/ros_study_msgs/cmake/ros_study_msgsConfig.cmake
-- Up-to-date: /home/somyeong/Doosan_Robotics_Rokey/ros2_ws/install/ros_study_msgs/share/ros_study_msgs/cmake/ros_study_msgsConfig-version.cmake
-- Up-to-date: /home/somyeong/Doosan_Robotics_Rokey/ros2_ws/install/ros_study_msgs/share/ros_study_msgs/package.xml
