[0.013s] Invoking command in '/home/somyeong/Doosan_Robotics_Rokey/ros2_ws/build/ros_study_msgs': CMAKE_PREFIX_PATH=/opt/ros/humble /usr/bin/cmake --build /home/somyeong/Doosan_Robotics_Rokey/ros2_ws/build/ros_study_msgs -- -j16 -l16
[0.047s] -- Found ament_cmake: 1.3.10 (/opt/ros/humble/share/ament_cmake/cmake)
[0.130s] -- Found builtin_interfaces: 1.2.1 (/opt/ros/humble/share/builtin_interfaces/cmake)
[0.148s] -- Found rosidl_generator_c: 3.1.5 (/opt/ros/humble/share/rosidl_generator_c/cmake)
[0.150s] -- Found rosidl_adapter: 3.1.5 (/opt/ros/humble/share/rosidl_adapter/cmake)
[0.155s] -- Found rosidl_generator_cpp: 3.1.5 (/opt/ros/humble/share/rosidl_generator_cpp/cmake)
[0.162s] -- Using all available rosidl_typesupport_c: rosidl_typesupport_fastrtps_c;rosidl_typesupport_introspection_c
[0.171s] -- Using all available rosidl_typesupport_cpp: rosidl_typesupport_fastrtps_cpp;rosidl_typesupport_introspection_cpp
[0.178s] -- Found rosidl_default_generators: 1.2.0 (/opt/ros/humble/share/rosidl_default_generators/cmake)
[0.390s] -- Found ament_cmake_ros: 0.10.0 (/opt/ros/humble/share/ament_cmake_ros/cmake)
[0.607s] -- Using all available rosidl_typesupport_c: rosidl_typesupport_fastrtps_c;rosidl_typesupport_introspection_c
[0.698s] -- Using all available rosidl_typesupport_cpp: rosidl_typesupport_fastrtps_cpp;rosidl_typesupport_introspection_cpp
[0.720s] -- Found python_cmake_module: 0.10.0 (/opt/ros/humble/share/python_cmake_module/cmake)
[0.738s] -- Using PYTHON_EXECUTABLE: /usr/bin/python3
[0.738s] -- Using PYTHON_INCLUDE_DIRS: /usr/include/python3.10
[0.738s] -- Using PYTHON_LIBRARIES: /usr/lib/x86_64-linux-gnu/libpython3.10.so
[0.748s] -- Found ament_lint_auto: 0.12.11 (/opt/ros/humble/share/ament_lint_auto/cmake)
[0.758s] -- Added test 'lint_cmake' to check CMake code style
[0.759s] -- Added test 'xmllint' to check XML markup files
[0.760s] -- Configuring done
[0.785s] -- Generating done
[0.786s] -- Build files have been written to: /home/somyeong/Doosan_Robotics_Rokey/ros2_ws/build/ros_study_msgs
[0.806s] [  1%] [34m[1mGenerating C code for ROS interfaces[0m
[0.815s] [  2%] [34m[1mGenerating C++ code for ROS interfaces[0m
[0.825s] [  2%] Built target ament_cmake_python_copy_ros_study_msgs
[0.974s] running egg_info
[0.984s] writing ros_study_msgs.egg-info/PKG-INFO
[0.984s] writing dependency_links to ros_study_msgs.egg-info/dependency_links.txt
[0.984s] writing top-level names to ros_study_msgs.egg-info/top_level.txt
[1.014s] reading manifest file 'ros_study_msgs.egg-info/SOURCES.txt'
[1.015s] writing manifest file 'ros_study_msgs.egg-info/SOURCES.txt'
[1.037s] [  2%] Built target ament_cmake_python_build_ros_study_msgs_egg
[1.390s] [  2%] Built target ros_study_msgs__cpp
[1.392s] [35m[1mConsolidate compiler generated dependencies of target ros_study_msgs__rosidl_generator_c[0m
[1.397s] [  4%] [34m[1mGenerating C++ type support for eProsima Fast-RTPS[0m
[1.399s] [  5%] [34m[1mGenerating C++ type support dispatch for ROS interfaces[0m
[1.399s] [  7%] [34m[1mGenerating C++ introspection for ROS interfaces[0m
[1.402s] [  8%] [32mBuilding C object CMakeFiles/ros_study_msgs__rosidl_generator_c.dir/rosidl_generator_c/ros_study_msgs/msg/detail/arithmetic_argument__functions.c.o[0m
[1.402s] [  9%] [32mBuilding C object CMakeFiles/ros_study_msgs__rosidl_generator_c.dir/rosidl_generator_c/ros_study_msgs/srv/detail/arithmetic_operator__functions.c.o[0m
[1.403s] [ 11%] [32mBuilding C object CMakeFiles/ros_study_msgs__rosidl_generator_c.dir/rosidl_generator_c/ros_study_msgs/action/detail/arithmetic_checker__functions.c.o[0m
[1.403s] [ 12%] [32mBuilding C object CMakeFiles/ros_study_msgs__rosidl_generator_c.dir/rosidl_generator_c/ros_study_msgs/msg/detail/my_msg__functions.c.o[0m
[1.404s] [ 14%] [32mBuilding C object CMakeFiles/ros_study_msgs__rosidl_generator_c.dir/rosidl_generator_c/ros_study_msgs/srv/detail/my_srv__functions.c.o[0m
[1.405s] [ 15%] [32mBuilding C object CMakeFiles/ros_study_msgs__rosidl_generator_c.dir/rosidl_generator_c/ros_study_msgs/action/detail/my_action__functions.c.o[0m
[1.544s] [ 16%] [32m[1mLinking C shared library libros_study_msgs__rosidl_generator_c.so[0m
[1.584s] [ 16%] Built target ros_study_msgs__rosidl_generator_c
[1.591s] [ 18%] [34m[1mGenerating C introspection for ROS interfaces[0m
[1.592s] [ 19%] [34m[1mGenerating C type support dispatch for ROS interfaces[0m
[1.593s] [ 21%] [34m[1mGenerating C type support for eProsima Fast-RTPS[0m
[1.859s] [35m[1mConsolidate compiler generated dependencies of target ros_study_msgs__rosidl_typesupport_introspection_cpp[0m
[1.875s] [ 23%] [32mBuilding CXX object CMakeFiles/ros_study_msgs__rosidl_typesupport_introspection_cpp.dir/rosidl_typesupport_introspection_cpp/ros_study_msgs/srv/detail/arithmetic_operator__type_support.cpp.o[0m
[1.875s] [ 23%] [32mBuilding CXX object CMakeFiles/ros_study_msgs__rosidl_typesupport_introspection_cpp.dir/rosidl_typesupport_introspection_cpp/ros_study_msgs/msg/detail/my_msg__type_support.cpp.o[0m
[1.875s] [ 26%] [32mBuilding CXX object CMakeFiles/ros_study_msgs__rosidl_typesupport_introspection_cpp.dir/rosidl_typesupport_introspection_cpp/ros_study_msgs/srv/detail/my_srv__type_support.cpp.o[0m
[1.875s] [ 26%] [32mBuilding CXX object CMakeFiles/ros_study_msgs__rosidl_typesupport_introspection_cpp.dir/rosidl_typesupport_introspection_cpp/ros_study_msgs/msg/detail/arithmetic_argument__type_support.cpp.o[0m
[1.877s] [ 28%] [32mBuilding CXX object CMakeFiles/ros_study_msgs__rosidl_typesupport_introspection_cpp.dir/rosidl_typesupport_introspection_cpp/ros_study_msgs/action/detail/arithmetic_checker__type_support.cpp.o[0m
[1.878s] [ 29%] [32mBuilding CXX object CMakeFiles/ros_study_msgs__rosidl_typesupport_introspection_cpp.dir/rosidl_typesupport_introspection_cpp/ros_study_msgs/action/detail/my_action__type_support.cpp.o[0m
[1.899s] [35m[1mConsolidate compiler generated dependencies of target ros_study_msgs__rosidl_typesupport_cpp[0m
[1.912s] [ 30%] [32mBuilding CXX object CMakeFiles/ros_study_msgs__rosidl_typesupport_cpp.dir/rosidl_typesupport_cpp/ros_study_msgs/msg/my_msg__type_support.cpp.o[0m
[1.912s] [ 32%] [32mBuilding CXX object CMakeFiles/ros_study_msgs__rosidl_typesupport_cpp.dir/rosidl_typesupport_cpp/ros_study_msgs/msg/arithmetic_argument__type_support.cpp.o[0m
[1.913s] [ 33%] [32mBuilding CXX object CMakeFiles/ros_study_msgs__rosidl_typesupport_cpp.dir/rosidl_typesupport_cpp/ros_study_msgs/srv/my_srv__type_support.cpp.o[0m
[1.913s] [ 35%] [32mBuilding CXX object CMakeFiles/ros_study_msgs__rosidl_typesupport_cpp.dir/rosidl_typesupport_cpp/ros_study_msgs/srv/arithmetic_operator__type_support.cpp.o[0m
[1.913s] [ 36%] [32mBuilding CXX object CMakeFiles/ros_study_msgs__rosidl_typesupport_cpp.dir/rosidl_typesupport_cpp/ros_study_msgs/action/my_action__type_support.cpp.o[0m
[1.918s] [ 38%] [32mBuilding CXX object CMakeFiles/ros_study_msgs__rosidl_typesupport_cpp.dir/rosidl_typesupport_cpp/ros_study_msgs/action/arithmetic_checker__type_support.cpp.o[0m
[2.096s] [35m[1mConsolidate compiler generated dependencies of target ros_study_msgs__rosidl_typesupport_c[0m
[2.111s] [35m[1mConsolidate compiler generated dependencies of target ros_study_msgs__rosidl_typesupport_fastrtps_cpp[0m
[2.119s] [ 39%] [32mBuilding CXX object CMakeFiles/ros_study_msgs__rosidl_typesupport_c.dir/rosidl_typesupport_c/ros_study_msgs/msg/my_msg__type_support.cpp.o[0m
[2.159s] [ 40%] [32mBuilding CXX object CMakeFiles/ros_study_msgs__rosidl_typesupport_fastrtps_cpp.dir/rosidl_typesupport_fastrtps_cpp/ros_study_msgs/msg/detail/dds_fastrtps/my_msg__type_support.cpp.o[0m
[2.200s] [ 42%] [32mBuilding CXX object CMakeFiles/ros_study_msgs__rosidl_typesupport_c.dir/rosidl_typesupport_c/ros_study_msgs/msg/arithmetic_argument__type_support.cpp.o[0m
[2.219s] [ 43%] [32mBuilding CXX object CMakeFiles/ros_study_msgs__rosidl_typesupport_c.dir/rosidl_typesupport_c/ros_study_msgs/srv/my_srv__type_support.cpp.o[0m
[2.238s] [ 45%] [32mBuilding CXX object CMakeFiles/ros_study_msgs__rosidl_typesupport_c.dir/rosidl_typesupport_c/ros_study_msgs/srv/arithmetic_operator__type_support.cpp.o[0m
[2.250s] [ 46%] [32mBuilding CXX object CMakeFiles/ros_study_msgs__rosidl_typesupport_fastrtps_cpp.dir/rosidl_typesupport_fastrtps_cpp/ros_study_msgs/msg/detail/dds_fastrtps/arithmetic_argument__type_support.cpp.o[0m
[2.252s] [ 47%] [32mBuilding CXX object CMakeFiles/ros_study_msgs__rosidl_typesupport_c.dir/rosidl_typesupport_c/ros_study_msgs/action/my_action__type_support.cpp.o[0m
[2.260s] [ 49%] [32mBuilding CXX object CMakeFiles/ros_study_msgs__rosidl_typesupport_c.dir/rosidl_typesupport_c/ros_study_msgs/action/arithmetic_checker__type_support.cpp.o[0m
[2.281s] [ 50%] [32mBuilding CXX object CMakeFiles/ros_study_msgs__rosidl_typesupport_fastrtps_cpp.dir/rosidl_typesupport_fastrtps_cpp/ros_study_msgs/srv/detail/dds_fastrtps/my_srv__type_support.cpp.o[0m
[2.290s] [ 52%] [32mBuilding CXX object CMakeFiles/ros_study_msgs__rosidl_typesupport_fastrtps_cpp.dir/rosidl_typesupport_fastrtps_cpp/ros_study_msgs/srv/detail/dds_fastrtps/arithmetic_operator__type_support.cpp.o[0m
[2.313s] [ 53%] [32mBuilding CXX object CMakeFiles/ros_study_msgs__rosidl_typesupport_fastrtps_cpp.dir/rosidl_typesupport_fastrtps_cpp/ros_study_msgs/action/detail/dds_fastrtps/my_action__type_support.cpp.o[0m
[2.327s] [ 54%] [32m[1mLinking CXX shared library libros_study_msgs__rosidl_typesupport_c.so[0m
[2.338s] [ 56%] [32mBuilding CXX object CMakeFiles/ros_study_msgs__rosidl_typesupport_fastrtps_cpp.dir/rosidl_typesupport_fastrtps_cpp/ros_study_msgs/action/detail/dds_fastrtps/arithmetic_checker__type_support.cpp.o[0m
[2.377s] [ 56%] Built target ros_study_msgs__rosidl_typesupport_c
[2.487s] [35m[1mConsolidate compiler generated dependencies of target ros_study_msgs__rosidl_typesupport_introspection_c[0m
[2.500s] [ 57%] [32mBuilding C object CMakeFiles/ros_study_msgs__rosidl_typesupport_introspection_c.dir/rosidl_typesupport_introspection_c/ros_study_msgs/srv/detail/my_srv__type_support.c.o[0m
[2.500s] [ 59%] [32mBuilding C object CMakeFiles/ros_study_msgs__rosidl_typesupport_introspection_c.dir/rosidl_typesupport_introspection_c/ros_study_msgs/msg/detail/arithmetic_argument__type_support.c.o[0m
[2.500s] [ 60%] [32mBuilding C object CMakeFiles/ros_study_msgs__rosidl_typesupport_introspection_c.dir/rosidl_typesupport_introspection_c/ros_study_msgs/msg/detail/my_msg__type_support.c.o[0m
[2.500s] [ 61%] [32mBuilding C object CMakeFiles/ros_study_msgs__rosidl_typesupport_introspection_c.dir/rosidl_typesupport_introspection_c/ros_study_msgs/action/detail/my_action__type_support.c.o[0m
[2.506s] [ 63%] [32mBuilding C object CMakeFiles/ros_study_msgs__rosidl_typesupport_introspection_c.dir/rosidl_typesupport_introspection_c/ros_study_msgs/srv/detail/arithmetic_operator__type_support.c.o[0m
[2.506s] [ 64%] [32mBuilding C object CMakeFiles/ros_study_msgs__rosidl_typesupport_introspection_c.dir/rosidl_typesupport_introspection_c/ros_study_msgs/action/detail/arithmetic_checker__type_support.c.o[0m
[2.556s] [ 66%] [32m[1mLinking CXX shared library libros_study_msgs__rosidl_typesupport_cpp.so[0m
[2.582s] [ 67%] [32m[1mLinking C shared library libros_study_msgs__rosidl_typesupport_introspection_c.so[0m
[2.589s] [ 67%] Built target ros_study_msgs__rosidl_typesupport_cpp
[2.607s] [35m[1mConsolidate compiler generated dependencies of target ros_study_msgs__rosidl_typesupport_fastrtps_c[0m
[2.618s] [ 67%] Built target ros_study_msgs__rosidl_typesupport_introspection_c
[2.622s] [ 69%] [32mBuilding CXX object CMakeFiles/ros_study_msgs__rosidl_typesupport_fastrtps_c.dir/rosidl_typesupport_fastrtps_c/ros_study_msgs/msg/detail/my_msg__type_support_c.cpp.o[0m
[2.622s] [ 73%] [32mBuilding CXX object CMakeFiles/ros_study_msgs__rosidl_typesupport_fastrtps_c.dir/rosidl_typesupport_fastrtps_c/ros_study_msgs/action/detail/my_action__type_support_c.cpp.o[0m
[2.622s] [ 73%] [32mBuilding CXX object CMakeFiles/ros_study_msgs__rosidl_typesupport_fastrtps_c.dir/rosidl_typesupport_fastrtps_c/ros_study_msgs/srv/detail/my_srv__type_support_c.cpp.o[0m
[2.622s] [ 73%] [32mBuilding CXX object CMakeFiles/ros_study_msgs__rosidl_typesupport_fastrtps_c.dir/rosidl_typesupport_fastrtps_c/ros_study_msgs/srv/detail/arithmetic_operator__type_support_c.cpp.o[0m
[2.622s] [ 74%] [32mBuilding CXX object CMakeFiles/ros_study_msgs__rosidl_typesupport_fastrtps_c.dir/rosidl_typesupport_fastrtps_c/ros_study_msgs/action/detail/arithmetic_checker__type_support_c.cpp.o[0m
[2.624s] [ 76%] [32mBuilding CXX object CMakeFiles/ros_study_msgs__rosidl_typesupport_fastrtps_c.dir/rosidl_typesupport_fastrtps_c/ros_study_msgs/msg/detail/arithmetic_argument__type_support_c.cpp.o[0m
[2.696s] [ 77%] [32m[1mLinking CXX shared library libros_study_msgs__rosidl_typesupport_introspection_cpp.so[0m
[2.797s] [ 77%] Built target ros_study_msgs__rosidl_typesupport_introspection_cpp
[3.000s] [ 78%] [32m[1mLinking CXX shared library libros_study_msgs__rosidl_typesupport_fastrtps_cpp.so[0m
[3.001s] [ 80%] [32m[1mLinking CXX shared library libros_study_msgs__rosidl_typesupport_fastrtps_c.so[0m
[3.052s] [ 80%] Built target ros_study_msgs__rosidl_typesupport_fastrtps_c
[3.056s] [ 80%] Built target ros_study_msgs__rosidl_typesupport_fastrtps_cpp
[3.071s] [ 80%] Built target ros_study_msgs
[3.087s] [ 81%] [34m[1mGenerating Python code for ROS interfaces[0m
[4.114s] [ 81%] Built target ros_study_msgs__py
[4.124s] [35m[1mConsolidate compiler generated dependencies of target ros_study_msgs__rosidl_generator_py[0m
[4.138s] [ 85%] [32mBuilding C object CMakeFiles/ros_study_msgs__rosidl_generator_py.dir/rosidl_generator_py/ros_study_msgs/srv/_arithmetic_operator_s.c.o[0m
[4.138s] [ 85%] [32mBuilding C object CMakeFiles/ros_study_msgs__rosidl_generator_py.dir/rosidl_generator_py/ros_study_msgs/action/_arithmetic_checker_s.c.o[0m
[4.138s] [ 85%] [32mBuilding C object CMakeFiles/ros_study_msgs__rosidl_generator_py.dir/rosidl_generator_py/ros_study_msgs/action/_my_action_s.c.o[0m
[4.140s] [ 87%] [32mBuilding C object CMakeFiles/ros_study_msgs__rosidl_generator_py.dir/rosidl_generator_py/ros_study_msgs/msg/_my_msg_s.c.o[0m
[4.140s] [ 88%] [32mBuilding C object CMakeFiles/ros_study_msgs__rosidl_generator_py.dir/rosidl_generator_py/ros_study_msgs/msg/_arithmetic_argument_s.c.o[0m
[4.140s] [ 90%] [32mBuilding C object CMakeFiles/ros_study_msgs__rosidl_generator_py.dir/rosidl_generator_py/ros_study_msgs/srv/_my_srv_s.c.o[0m
[4.244s] [ 91%] [32m[1mLinking C shared library rosidl_generator_py/ros_study_msgs/libros_study_msgs__rosidl_generator_py.so[0m
[4.274s] [ 91%] Built target ros_study_msgs__rosidl_generator_py
[4.281s] [35m[1mConsolidate compiler generated dependencies of target ros_study_msgs__rosidl_typesupport_introspection_c__pyext[0m
[4.282s] [35m[1mConsolidate compiler generated dependencies of target ros_study_msgs__rosidl_typesupport_fastrtps_c__pyext[0m
[4.282s] [35m[1mConsolidate compiler generated dependencies of target ros_study_msgs__rosidl_typesupport_c__pyext[0m
[4.290s] [ 92%] [32mBuilding C object CMakeFiles/ros_study_msgs__rosidl_typesupport_c__pyext.dir/rosidl_generator_py/ros_study_msgs/_ros_study_msgs_s.ep.rosidl_typesupport_c.c.o[0m
[4.291s] [ 94%] [32mBuilding C object CMakeFiles/ros_study_msgs__rosidl_typesupport_introspection_c__pyext.dir/rosidl_generator_py/ros_study_msgs/_ros_study_msgs_s.ep.rosidl_typesupport_introspection_c.c.o[0m
[4.292s] [ 95%] [32mBuilding C object CMakeFiles/ros_study_msgs__rosidl_typesupport_fastrtps_c__pyext.dir/rosidl_generator_py/ros_study_msgs/_ros_study_msgs_s.ep.rosidl_typesupport_fastrtps_c.c.o[0m
[4.394s] [ 97%] [32m[1mLinking C shared library rosidl_generator_py/ros_study_msgs/ros_study_msgs_s__rosidl_typesupport_introspection_c.cpython-310-x86_64-linux-gnu.so[0m
[4.396s] [ 98%] [32m[1mLinking C shared library rosidl_generator_py/ros_study_msgs/ros_study_msgs_s__rosidl_typesupport_fastrtps_c.cpython-310-x86_64-linux-gnu.so[0m
[4.399s] [100%] [32m[1mLinking C shared library rosidl_generator_py/ros_study_msgs/ros_study_msgs_s__rosidl_typesupport_c.cpython-310-x86_64-linux-gnu.so[0m
[4.422s] [100%] Built target ros_study_msgs__rosidl_typesupport_introspection_c__pyext
[4.428s] [100%] Built target ros_study_msgs__rosidl_typesupport_fastrtps_c__pyext
[4.428s] [100%] Built target ros_study_msgs__rosidl_typesupport_c__pyext
[4.437s] Invoked command in '/home/somyeong/Doosan_Robotics_Rokey/ros2_ws/build/ros_study_msgs' returned '0': CMAKE_PREFIX_PATH=/opt/ros/humble /usr/bin/cmake --build /home/somyeong/Doosan_Robotics_Rokey/ros2_ws/build/ros_study_msgs -- -j16 -l16
[4.557s] Invoking command in '/home/somyeong/Doosan_Robotics_Rokey/ros2_ws/build/ros_study_msgs': CMAKE_PREFIX_PATH=/opt/ros/humble /usr/bin/cmake --install /home/somyeong/Doosan_Robotics_Rokey/ros2_ws/build/ros_study_msgs
[4.562s] -- Install configuration: ""
[4.562s] -- Installing: /home/somyeong/Doosan_Robotics_Rokey/ros2_ws/install/ros_study_msgs/share/ament_index/resource_index/rosidl_interfaces/ros_study_msgs
[4.562s] -- Up-to-date: /home/somyeong/Doosan_Robotics_Rokey/ros2_ws/install/ros_study_msgs/include/ros_study_msgs/ros_study_msgs
[4.562s] -- Up-to-date: /home/somyeong/Doosan_Robotics_Rokey/ros2_ws/install/ros_study_msgs/include/ros_study_msgs/ros_study_msgs/msg
[4.562s] -- Up-to-date: /home/somyeong/Doosan_Robotics_Rokey/ros2_ws/install/ros_study_msgs/include/ros_study_msgs/ros_study_msgs/msg/rosidl_generator_c__visibility_control.h
[4.562s] -- Up-to-date: /home/somyeong/Doosan_Robotics_Rokey/ros2_ws/install/ros_study_msgs/include/ros_study_msgs/ros_study_msgs/msg/detail
[4.562s] -- Installing: /home/somyeong/Doosan_Robotics_Rokey/ros2_ws/install/ros_study_msgs/include/ros_study_msgs/ros_study_msgs/msg/detail/arithmetic_argument__functions.h
[4.562s] -- Installing: /home/somyeong/Doosan_Robotics_Rokey/ros2_ws/install/ros_study_msgs/include/ros_study_msgs/ros_study_msgs/msg/detail/my_msg__functions.h
[4.562s] -- Installing: /home/somyeong/Doosan_Robotics_Rokey/ros2_ws/install/ros_study_msgs/include/ros_study_msgs/ros_study_msgs/msg/detail/arithmetic_argument__functions.c
[4.562s] -- Installing: /home/somyeong/Doosan_Robotics_Rokey/ros2_ws/install/ros_study_msgs/include/ros_study_msgs/ros_study_msgs/msg/detail/arithmetic_argument__type_support.h
[4.562s] -- Installing: /home/somyeong/Doosan_Robotics_Rokey/ros2_ws/install/ros_study_msgs/include/ros_study_msgs/ros_study_msgs/msg/detail/my_msg__struct.h
[4.562s] -- Installing: /home/somyeong/Doosan_Robotics_Rokey/ros2_ws/install/ros_study_msgs/include/ros_study_msgs/ros_study_msgs/msg/detail/my_msg__functions.c
[4.562s] -- Installing: /home/somyeong/Doosan_Robotics_Rokey/ros2_ws/install/ros_study_msgs/include/ros_study_msgs/ros_study_msgs/msg/detail/arithmetic_argument__struct.h
[4.562s] -- Installing: /home/somyeong/Doosan_Robotics_Rokey/ros2_ws/install/ros_study_msgs/include/ros_study_msgs/ros_study_msgs/msg/detail/my_msg__type_support.h
[4.562s] -- Installing: /home/somyeong/Doosan_Robotics_Rokey/ros2_ws/install/ros_study_msgs/include/ros_study_msgs/ros_study_msgs/msg/my_msg.h
[4.562s] -- Installing: /home/somyeong/Doosan_Robotics_Rokey/ros2_ws/install/ros_study_msgs/include/ros_study_msgs/ros_study_msgs/msg/arithmetic_argument.h
[4.563s] -- Up-to-date: /home/somyeong/Doosan_Robotics_Rokey/ros2_ws/install/ros_study_msgs/include/ros_study_msgs/ros_study_msgs/srv
[4.563s] -- Installing: /home/somyeong/Doosan_Robotics_Rokey/ros2_ws/install/ros_study_msgs/include/ros_study_msgs/ros_study_msgs/srv/my_srv.h
[4.563s] -- Installing: /home/somyeong/Doosan_Robotics_Rokey/ros2_ws/install/ros_study_msgs/include/ros_study_msgs/ros_study_msgs/srv/arithmetic_operator.h
[4.563s] -- Up-to-date: /home/somyeong/Doosan_Robotics_Rokey/ros2_ws/install/ros_study_msgs/include/ros_study_msgs/ros_study_msgs/srv/detail
[4.563s] -- Installing: /home/somyeong/Doosan_Robotics_Rokey/ros2_ws/install/ros_study_msgs/include/ros_study_msgs/ros_study_msgs/srv/detail/arithmetic_operator__struct.h
[4.563s] -- Installing: /home/somyeong/Doosan_Robotics_Rokey/ros2_ws/install/ros_study_msgs/include/ros_study_msgs/ros_study_msgs/srv/detail/arithmetic_operator__type_support.h
[4.563s] -- Installing: /home/somyeong/Doosan_Robotics_Rokey/ros2_ws/install/ros_study_msgs/include/ros_study_msgs/ros_study_msgs/srv/detail/my_srv__functions.h
[4.563s] -- Installing: /home/somyeong/Doosan_Robotics_Rokey/ros2_ws/install/ros_study_msgs/include/ros_study_msgs/ros_study_msgs/srv/detail/arithmetic_operator__functions.h
[4.563s] -- Installing: /home/somyeong/Doosan_Robotics_Rokey/ros2_ws/install/ros_study_msgs/include/ros_study_msgs/ros_study_msgs/srv/detail/arithmetic_operator__functions.c
[4.563s] -- Installing: /home/somyeong/Doosan_Robotics_Rokey/ros2_ws/install/ros_study_msgs/include/ros_study_msgs/ros_study_msgs/srv/detail/my_srv__functions.c
[4.563s] -- Installing: /home/somyeong/Doosan_Robotics_Rokey/ros2_ws/install/ros_study_msgs/include/ros_study_msgs/ros_study_msgs/srv/detail/my_srv__struct.h
[4.563s] -- Installing: /home/somyeong/Doosan_Robotics_Rokey/ros2_ws/install/ros_study_msgs/include/ros_study_msgs/ros_study_msgs/srv/detail/my_srv__type_support.h
[4.563s] -- Up-to-date: /home/somyeong/Doosan_Robotics_Rokey/ros2_ws/install/ros_study_msgs/include/ros_study_msgs/ros_study_msgs/action
[4.563s] -- Installing: /home/somyeong/Doosan_Robotics_Rokey/ros2_ws/install/ros_study_msgs/include/ros_study_msgs/ros_study_msgs/action/arithmetic_checker.h
[4.563s] -- Up-to-date: /home/somyeong/Doosan_Robotics_Rokey/ros2_ws/install/ros_study_msgs/include/ros_study_msgs/ros_study_msgs/action/detail
[4.563s] -- Installing: /home/somyeong/Doosan_Robotics_Rokey/ros2_ws/install/ros_study_msgs/include/ros_study_msgs/ros_study_msgs/action/detail/my_action__type_support.h
[4.563s] -- Installing: /home/somyeong/Doosan_Robotics_Rokey/ros2_ws/install/ros_study_msgs/include/ros_study_msgs/ros_study_msgs/action/detail/arithmetic_checker__struct.h
[4.563s] -- Installing: /home/somyeong/Doosan_Robotics_Rokey/ros2_ws/install/ros_study_msgs/include/ros_study_msgs/ros_study_msgs/action/detail/arithmetic_checker__functions.h
[4.563s] -- Installing: /home/somyeong/Doosan_Robotics_Rokey/ros2_ws/install/ros_study_msgs/include/ros_study_msgs/ros_study_msgs/action/detail/arithmetic_checker__type_support.h
[4.563s] -- Installing: /home/somyeong/Doosan_Robotics_Rokey/ros2_ws/install/ros_study_msgs/include/ros_study_msgs/ros_study_msgs/action/detail/my_action__struct.h
[4.563s] -- Installing: /home/somyeong/Doosan_Robotics_Rokey/ros2_ws/install/ros_study_msgs/include/ros_study_msgs/ros_study_msgs/action/detail/arithmetic_checker__functions.c
[4.563s] -- Installing: /home/somyeong/Doosan_Robotics_Rokey/ros2_ws/install/ros_study_msgs/include/ros_study_msgs/ros_study_msgs/action/detail/my_action__functions.h
[4.563s] -- Installing: /home/somyeong/Doosan_Robotics_Rokey/ros2_ws/install/ros_study_msgs/include/ros_study_msgs/ros_study_msgs/action/detail/my_action__functions.c
[4.563s] -- Installing: /home/somyeong/Doosan_Robotics_Rokey/ros2_ws/install/ros_study_msgs/include/ros_study_msgs/ros_study_msgs/action/my_action.h
[4.564s] -- Up-to-date: /home/somyeong/Doosan_Robotics_Rokey/ros2_ws/install/ros_study_msgs/share/ros_study_msgs/environment/library_path.sh
[4.564s] -- Installing: /home/somyeong/Doosan_Robotics_Rokey/ros2_ws/install/ros_study_msgs/share/ros_study_msgs/environment/library_path.dsv
[4.564s] -- Installing: /home/somyeong/Doosan_Robotics_Rokey/ros2_ws/install/ros_study_msgs/lib/libros_study_msgs__rosidl_generator_c.so
[4.564s] -- Set runtime path of "/home/somyeong/Doosan_Robotics_Rokey/ros2_ws/install/ros_study_msgs/lib/libros_study_msgs__rosidl_generator_c.so" to ""
[4.564s] -- Up-to-date: /home/somyeong/Doosan_Robotics_Rokey/ros2_ws/install/ros_study_msgs/include/ros_study_msgs/ros_study_msgs
[4.564s] -- Up-to-date: /home/somyeong/Doosan_Robotics_Rokey/ros2_ws/install/ros_study_msgs/include/ros_study_msgs/ros_study_msgs/msg
[4.564s] -- Up-to-date: /home/somyeong/Doosan_Robotics_Rokey/ros2_ws/install/ros_study_msgs/include/ros_study_msgs/ros_study_msgs/msg/detail
[4.564s] -- Installing: /home/somyeong/Doosan_Robotics_Rokey/ros2_ws/install/ros_study_msgs/include/ros_study_msgs/ros_study_msgs/msg/detail/my_msg__rosidl_typesupport_fastrtps_c.h
[4.564s] -- Installing: /home/somyeong/Doosan_Robotics_Rokey/ros2_ws/install/ros_study_msgs/include/ros_study_msgs/ros_study_msgs/msg/detail/arithmetic_argument__rosidl_typesupport_fastrtps_c.h
[4.564s] -- Up-to-date: /home/somyeong/Doosan_Robotics_Rokey/ros2_ws/install/ros_study_msgs/include/ros_study_msgs/ros_study_msgs/msg/rosidl_typesupport_fastrtps_c__visibility_control.h
[4.564s] -- Up-to-date: /home/somyeong/Doosan_Robotics_Rokey/ros2_ws/install/ros_study_msgs/include/ros_study_msgs/ros_study_msgs/srv
[4.564s] -- Up-to-date: /home/somyeong/Doosan_Robotics_Rokey/ros2_ws/install/ros_study_msgs/include/ros_study_msgs/ros_study_msgs/srv/detail
[4.564s] -- Installing: /home/somyeong/Doosan_Robotics_Rokey/ros2_ws/install/ros_study_msgs/include/ros_study_msgs/ros_study_msgs/srv/detail/arithmetic_operator__rosidl_typesupport_fastrtps_c.h
[4.564s] -- Installing: /home/somyeong/Doosan_Robotics_Rokey/ros2_ws/install/ros_study_msgs/include/ros_study_msgs/ros_study_msgs/srv/detail/my_srv__rosidl_typesupport_fastrtps_c.h
[4.564s] -- Up-to-date: /home/somyeong/Doosan_Robotics_Rokey/ros2_ws/install/ros_study_msgs/include/ros_study_msgs/ros_study_msgs/action
[4.564s] -- Up-to-date: /home/somyeong/Doosan_Robotics_Rokey/ros2_ws/install/ros_study_msgs/include/ros_study_msgs/ros_study_msgs/action/detail
[4.564s] -- Installing: /home/somyeong/Doosan_Robotics_Rokey/ros2_ws/install/ros_study_msgs/include/ros_study_msgs/ros_study_msgs/action/detail/my_action__rosidl_typesupport_fastrtps_c.h
[4.564s] -- Installing: /home/somyeong/Doosan_Robotics_Rokey/ros2_ws/install/ros_study_msgs/include/ros_study_msgs/ros_study_msgs/action/detail/arithmetic_checker__rosidl_typesupport_fastrtps_c.h
[4.565s] -- Installing: /home/somyeong/Doosan_Robotics_Rokey/ros2_ws/install/ros_study_msgs/lib/libros_study_msgs__rosidl_typesupport_fastrtps_c.so
[4.565s] -- Set runtime path of "/home/somyeong/Doosan_Robotics_Rokey/ros2_ws/install/ros_study_msgs/lib/libros_study_msgs__rosidl_typesupport_fastrtps_c.so" to ""
[4.565s] -- Up-to-date: /home/somyeong/Doosan_Robotics_Rokey/ros2_ws/install/ros_study_msgs/include/ros_study_msgs/ros_study_msgs
[4.565s] -- Up-to-date: /home/somyeong/Doosan_Robotics_Rokey/ros2_ws/install/ros_study_msgs/include/ros_study_msgs/ros_study_msgs/msg
[4.565s] -- Installing: /home/somyeong/Doosan_Robotics_Rokey/ros2_ws/install/ros_study_msgs/include/ros_study_msgs/ros_study_msgs/msg/arithmetic_argument.hpp
[4.565s] -- Up-to-date: /home/somyeong/Doosan_Robotics_Rokey/ros2_ws/install/ros_study_msgs/include/ros_study_msgs/ros_study_msgs/msg/detail
[4.565s] -- Installing: /home/somyeong/Doosan_Robotics_Rokey/ros2_ws/install/ros_study_msgs/include/ros_study_msgs/ros_study_msgs/msg/detail/arithmetic_argument__builder.hpp
[4.565s] -- Installing: /home/somyeong/Doosan_Robotics_Rokey/ros2_ws/install/ros_study_msgs/include/ros_study_msgs/ros_study_msgs/msg/detail/my_msg__traits.hpp
[4.565s] -- Installing: /home/somyeong/Doosan_Robotics_Rokey/ros2_ws/install/ros_study_msgs/include/ros_study_msgs/ros_study_msgs/msg/detail/my_msg__builder.hpp
[4.565s] -- Installing: /home/somyeong/Doosan_Robotics_Rokey/ros2_ws/install/ros_study_msgs/include/ros_study_msgs/ros_study_msgs/msg/detail/arithmetic_argument__traits.hpp
[4.565s] -- Installing: /home/somyeong/Doosan_Robotics_Rokey/ros2_ws/install/ros_study_msgs/include/ros_study_msgs/ros_study_msgs/msg/detail/my_msg__struct.hpp
[4.565s] -- Installing: /home/somyeong/Doosan_Robotics_Rokey/ros2_ws/install/ros_study_msgs/include/ros_study_msgs/ros_study_msgs/msg/detail/arithmetic_argument__struct.hpp
[4.565s] -- Installing: /home/somyeong/Doosan_Robotics_Rokey/ros2_ws/install/ros_study_msgs/include/ros_study_msgs/ros_study_msgs/msg/my_msg.hpp
[4.565s] -- Up-to-date: /home/somyeong/Doosan_Robotics_Rokey/ros2_ws/install/ros_study_msgs/include/ros_study_msgs/ros_study_msgs/srv
[4.565s] -- Up-to-date: /home/somyeong/Doosan_Robotics_Rokey/ros2_ws/install/ros_study_msgs/include/ros_study_msgs/ros_study_msgs/srv/detail
[4.566s] -- Installing: /home/somyeong/Doosan_Robotics_Rokey/ros2_ws/install/ros_study_msgs/include/ros_study_msgs/ros_study_msgs/srv/detail/arithmetic_operator__struct.hpp
[4.566s] -- Installing: /home/somyeong/Doosan_Robotics_Rokey/ros2_ws/install/ros_study_msgs/include/ros_study_msgs/ros_study_msgs/srv/detail/my_srv__struct.hpp
[4.566s] -- Installing: /home/somyeong/Doosan_Robotics_Rokey/ros2_ws/install/ros_study_msgs/include/ros_study_msgs/ros_study_msgs/srv/detail/my_srv__traits.hpp
[4.566s] -- Installing: /home/somyeong/Doosan_Robotics_Rokey/ros2_ws/install/ros_study_msgs/include/ros_study_msgs/ros_study_msgs/srv/detail/arithmetic_operator__traits.hpp
[4.566s] -- Installing: /home/somyeong/Doosan_Robotics_Rokey/ros2_ws/install/ros_study_msgs/include/ros_study_msgs/ros_study_msgs/srv/detail/arithmetic_operator__builder.hpp
[4.566s] -- Installing: /home/somyeong/Doosan_Robotics_Rokey/ros2_ws/install/ros_study_msgs/include/ros_study_msgs/ros_study_msgs/srv/detail/my_srv__builder.hpp
[4.566s] -- Installing: /home/somyeong/Doosan_Robotics_Rokey/ros2_ws/install/ros_study_msgs/include/ros_study_msgs/ros_study_msgs/srv/arithmetic_operator.hpp
[4.566s] -- Installing: /home/somyeong/Doosan_Robotics_Rokey/ros2_ws/install/ros_study_msgs/include/ros_study_msgs/ros_study_msgs/srv/my_srv.hpp
[4.566s] -- Up-to-date: /home/somyeong/Doosan_Robotics_Rokey/ros2_ws/install/ros_study_msgs/include/ros_study_msgs/ros_study_msgs/action
[4.566s] -- Installing: /home/somyeong/Doosan_Robotics_Rokey/ros2_ws/install/ros_study_msgs/include/ros_study_msgs/ros_study_msgs/action/arithmetic_checker.hpp
[4.566s] -- Up-to-date: /home/somyeong/Doosan_Robotics_Rokey/ros2_ws/install/ros_study_msgs/include/ros_study_msgs/ros_study_msgs/action/detail
[4.566s] -- Installing: /home/somyeong/Doosan_Robotics_Rokey/ros2_ws/install/ros_study_msgs/include/ros_study_msgs/ros_study_msgs/action/detail/my_action__builder.hpp
[4.566s] -- Installing: /home/somyeong/Doosan_Robotics_Rokey/ros2_ws/install/ros_study_msgs/include/ros_study_msgs/ros_study_msgs/action/detail/my_action__struct.hpp
[4.566s] -- Installing: /home/somyeong/Doosan_Robotics_Rokey/ros2_ws/install/ros_study_msgs/include/ros_study_msgs/ros_study_msgs/action/detail/arithmetic_checker__traits.hpp
[4.567s] -- Installing: /home/somyeong/Doosan_Robotics_Rokey/ros2_ws/install/ros_study_msgs/include/ros_study_msgs/ros_study_msgs/action/detail/arithmetic_checker__builder.hpp
[4.567s] -- Installing: /home/somyeong/Doosan_Robotics_Rokey/ros2_ws/install/ros_study_msgs/include/ros_study_msgs/ros_study_msgs/action/detail/my_action__traits.hpp
[4.567s] -- Installing: /home/somyeong/Doosan_Robotics_Rokey/ros2_ws/install/ros_study_msgs/include/ros_study_msgs/ros_study_msgs/action/detail/arithmetic_checker__struct.hpp
[4.567s] -- Installing: /home/somyeong/Doosan_Robotics_Rokey/ros2_ws/install/ros_study_msgs/include/ros_study_msgs/ros_study_msgs/action/my_action.hpp
[4.567s] -- Up-to-date: /home/somyeong/Doosan_Robotics_Rokey/ros2_ws/install/ros_study_msgs/include/ros_study_msgs/ros_study_msgs
[4.567s] -- Up-to-date: /home/somyeong/Doosan_Robotics_Rokey/ros2_ws/install/ros_study_msgs/include/ros_study_msgs/ros_study_msgs/msg
[4.567s] -- Up-to-date: /home/somyeong/Doosan_Robotics_Rokey/ros2_ws/install/ros_study_msgs/include/ros_study_msgs/ros_study_msgs/msg/detail
[4.567s] -- Installing: /home/somyeong/Doosan_Robotics_Rokey/ros2_ws/install/ros_study_msgs/include/ros_study_msgs/ros_study_msgs/msg/detail/arithmetic_argument__rosidl_typesupport_fastrtps_cpp.hpp
[4.567s] -- Up-to-date: /home/somyeong/Doosan_Robotics_Rokey/ros2_ws/install/ros_study_msgs/include/ros_study_msgs/ros_study_msgs/msg/detail/dds_fastrtps
[4.567s] -- Installing: /home/somyeong/Doosan_Robotics_Rokey/ros2_ws/install/ros_study_msgs/include/ros_study_msgs/ros_study_msgs/msg/detail/my_msg__rosidl_typesupport_fastrtps_cpp.hpp
[4.567s] -- Up-to-date: /home/somyeong/Doosan_Robotics_Rokey/ros2_ws/install/ros_study_msgs/include/ros_study_msgs/ros_study_msgs/msg/rosidl_typesupport_fastrtps_cpp__visibility_control.h
[4.567s] -- Up-to-date: /home/somyeong/Doosan_Robotics_Rokey/ros2_ws/install/ros_study_msgs/include/ros_study_msgs/ros_study_msgs/srv
[4.567s] -- Up-to-date: /home/somyeong/Doosan_Robotics_Rokey/ros2_ws/install/ros_study_msgs/include/ros_study_msgs/ros_study_msgs/srv/detail
[4.567s] -- Up-to-date: /home/somyeong/Doosan_Robotics_Rokey/ros2_ws/install/ros_study_msgs/include/ros_study_msgs/ros_study_msgs/srv/detail/dds_fastrtps
[4.567s] -- Installing: /home/somyeong/Doosan_Robotics_Rokey/ros2_ws/install/ros_study_msgs/include/ros_study_msgs/ros_study_msgs/srv/detail/arithmetic_operator__rosidl_typesupport_fastrtps_cpp.hpp
[4.567s] -- Installing: /home/somyeong/Doosan_Robotics_Rokey/ros2_ws/install/ros_study_msgs/include/ros_study_msgs/ros_study_msgs/srv/detail/my_srv__rosidl_typesupport_fastrtps_cpp.hpp
[4.567s] -- Up-to-date: /home/somyeong/Doosan_Robotics_Rokey/ros2_ws/install/ros_study_msgs/include/ros_study_msgs/ros_study_msgs/action
[4.567s] -- Up-to-date: /home/somyeong/Doosan_Robotics_Rokey/ros2_ws/install/ros_study_msgs/include/ros_study_msgs/ros_study_msgs/action/detail
[4.567s] -- Installing: /home/somyeong/Doosan_Robotics_Rokey/ros2_ws/install/ros_study_msgs/include/ros_study_msgs/ros_study_msgs/action/detail/my_action__rosidl_typesupport_fastrtps_cpp.hpp
[4.567s] -- Up-to-date: /home/somyeong/Doosan_Robotics_Rokey/ros2_ws/install/ros_study_msgs/include/ros_study_msgs/ros_study_msgs/action/detail/dds_fastrtps
[4.567s] -- Installing: /home/somyeong/Doosan_Robotics_Rokey/ros2_ws/install/ros_study_msgs/include/ros_study_msgs/ros_study_msgs/action/detail/arithmetic_checker__rosidl_typesupport_fastrtps_cpp.hpp
[4.576s] -- Installing: /home/somyeong/Doosan_Robotics_Rokey/ros2_ws/install/ros_study_msgs/lib/libros_study_msgs__rosidl_typesupport_fastrtps_cpp.so
[4.576s] -- Set runtime path of "/home/somyeong/Doosan_Robotics_Rokey/ros2_ws/install/ros_study_msgs/lib/libros_study_msgs__rosidl_typesupport_fastrtps_cpp.so" to ""
[4.576s] -- Up-to-date: /home/somyeong/Doosan_Robotics_Rokey/ros2_ws/install/ros_study_msgs/include/ros_study_msgs/ros_study_msgs
[4.576s] -- Up-to-date: /home/somyeong/Doosan_Robotics_Rokey/ros2_ws/install/ros_study_msgs/include/ros_study_msgs/ros_study_msgs/msg
[4.576s] -- Up-to-date: /home/somyeong/Doosan_Robotics_Rokey/ros2_ws/install/ros_study_msgs/include/ros_study_msgs/ros_study_msgs/msg/detail
[4.576s] -- Installing: /home/somyeong/Doosan_Robotics_Rokey/ros2_ws/install/ros_study_msgs/include/ros_study_msgs/ros_study_msgs/msg/detail/arithmetic_argument__rosidl_typesupport_introspection_c.h
[4.576s] -- Installing: /home/somyeong/Doosan_Robotics_Rokey/ros2_ws/install/ros_study_msgs/include/ros_study_msgs/ros_study_msgs/msg/detail/arithmetic_argument__type_support.c
[4.577s] -- Installing: /home/somyeong/Doosan_Robotics_Rokey/ros2_ws/install/ros_study_msgs/include/ros_study_msgs/ros_study_msgs/msg/detail/my_msg__rosidl_typesupport_introspection_c.h
[4.577s] -- Installing: /home/somyeong/Doosan_Robotics_Rokey/ros2_ws/install/ros_study_msgs/include/ros_study_msgs/ros_study_msgs/msg/detail/my_msg__type_support.c
[4.577s] -- Up-to-date: /home/somyeong/Doosan_Robotics_Rokey/ros2_ws/install/ros_study_msgs/include/ros_study_msgs/ros_study_msgs/msg/rosidl_typesupport_introspection_c__visibility_control.h
[4.577s] -- Up-to-date: /home/somyeong/Doosan_Robotics_Rokey/ros2_ws/install/ros_study_msgs/include/ros_study_msgs/ros_study_msgs/srv
[4.577s] -- Up-to-date: /home/somyeong/Doosan_Robotics_Rokey/ros2_ws/install/ros_study_msgs/include/ros_study_msgs/ros_study_msgs/srv/detail
[4.577s] -- Installing: /home/somyeong/Doosan_Robotics_Rokey/ros2_ws/install/ros_study_msgs/include/ros_study_msgs/ros_study_msgs/srv/detail/my_srv__rosidl_typesupport_introspection_c.h
[4.577s] -- Installing: /home/somyeong/Doosan_Robotics_Rokey/ros2_ws/install/ros_study_msgs/include/ros_study_msgs/ros_study_msgs/srv/detail/arithmetic_operator__rosidl_typesupport_introspection_c.h
[4.577s] -- Installing: /home/somyeong/Doosan_Robotics_Rokey/ros2_ws/install/ros_study_msgs/include/ros_study_msgs/ros_study_msgs/srv/detail/my_srv__type_support.c
[4.577s] -- Installing: /home/somyeong/Doosan_Robotics_Rokey/ros2_ws/install/ros_study_msgs/include/ros_study_msgs/ros_study_msgs/srv/detail/arithmetic_operator__type_support.c
[4.577s] -- Up-to-date: /home/somyeong/Doosan_Robotics_Rokey/ros2_ws/install/ros_study_msgs/include/ros_study_msgs/ros_study_msgs/action
[4.577s] -- Up-to-date: /home/somyeong/Doosan_Robotics_Rokey/ros2_ws/install/ros_study_msgs/include/ros_study_msgs/ros_study_msgs/action/detail
[4.577s] -- Installing: /home/somyeong/Doosan_Robotics_Rokey/ros2_ws/install/ros_study_msgs/include/ros_study_msgs/ros_study_msgs/action/detail/arithmetic_checker__type_support.c
[4.577s] -- Installing: /home/somyeong/Doosan_Robotics_Rokey/ros2_ws/install/ros_study_msgs/include/ros_study_msgs/ros_study_msgs/action/detail/arithmetic_checker__rosidl_typesupport_introspection_c.h
[4.578s] -- Installing: /home/somyeong/Doosan_Robotics_Rokey/ros2_ws/install/ros_study_msgs/include/ros_study_msgs/ros_study_msgs/action/detail/my_action__rosidl_typesupport_introspection_c.h
[4.578s] -- Installing: /home/somyeong/Doosan_Robotics_Rokey/ros2_ws/install/ros_study_msgs/include/ros_study_msgs/ros_study_msgs/action/detail/my_action__type_support.c
[4.578s] -- Installing: /home/somyeong/Doosan_Robotics_Rokey/ros2_ws/install/ros_study_msgs/lib/libros_study_msgs__rosidl_typesupport_introspection_c.so
[4.578s] -- Set runtime path of "/home/somyeong/Doosan_Robotics_Rokey/ros2_ws/install/ros_study_msgs/lib/libros_study_msgs__rosidl_typesupport_introspection_c.so" to ""
[4.578s] -- Installing: /home/somyeong/Doosan_Robotics_Rokey/ros2_ws/install/ros_study_msgs/lib/libros_study_msgs__rosidl_typesupport_c.so
[4.578s] -- Set runtime path of "/home/somyeong/Doosan_Robotics_Rokey/ros2_ws/install/ros_study_msgs/lib/libros_study_msgs__rosidl_typesupport_c.so" to ""
[4.578s] -- Up-to-date: /home/somyeong/Doosan_Robotics_Rokey/ros2_ws/install/ros_study_msgs/include/ros_study_msgs/ros_study_msgs
[4.578s] -- Up-to-date: /home/somyeong/Doosan_Robotics_Rokey/ros2_ws/install/ros_study_msgs/include/ros_study_msgs/ros_study_msgs/msg
[4.578s] -- Up-to-date: /home/somyeong/Doosan_Robotics_Rokey/ros2_ws/install/ros_study_msgs/include/ros_study_msgs/ros_study_msgs/msg/detail
[4.578s] -- Installing: /home/somyeong/Doosan_Robotics_Rokey/ros2_ws/install/ros_study_msgs/include/ros_study_msgs/ros_study_msgs/msg/detail/arithmetic_argument__rosidl_typesupport_introspection_cpp.hpp
[4.578s] -- Installing: /home/somyeong/Doosan_Robotics_Rokey/ros2_ws/install/ros_study_msgs/include/ros_study_msgs/ros_study_msgs/msg/detail/my_msg__type_support.cpp
[4.578s] -- Installing: /home/somyeong/Doosan_Robotics_Rokey/ros2_ws/install/ros_study_msgs/include/ros_study_msgs/ros_study_msgs/msg/detail/arithmetic_argument__type_support.cpp
[4.578s] -- Installing: /home/somyeong/Doosan_Robotics_Rokey/ros2_ws/install/ros_study_msgs/include/ros_study_msgs/ros_study_msgs/msg/detail/my_msg__rosidl_typesupport_introspection_cpp.hpp
[4.578s] -- Up-to-date: /home/somyeong/Doosan_Robotics_Rokey/ros2_ws/install/ros_study_msgs/include/ros_study_msgs/ros_study_msgs/srv
[4.578s] -- Up-to-date: /home/somyeong/Doosan_Robotics_Rokey/ros2_ws/install/ros_study_msgs/include/ros_study_msgs/ros_study_msgs/srv/detail
[4.578s] -- Installing: /home/somyeong/Doosan_Robotics_Rokey/ros2_ws/install/ros_study_msgs/include/ros_study_msgs/ros_study_msgs/srv/detail/my_srv__rosidl_typesupport_introspection_cpp.hpp
[4.579s] -- Installing: /home/somyeong/Doosan_Robotics_Rokey/ros2_ws/install/ros_study_msgs/include/ros_study_msgs/ros_study_msgs/srv/detail/my_srv__type_support.cpp
[4.579s] -- Installing: /home/somyeong/Doosan_Robotics_Rokey/ros2_ws/install/ros_study_msgs/include/ros_study_msgs/ros_study_msgs/srv/detail/arithmetic_operator__type_support.cpp
[4.579s] -- Installing: /home/somyeong/Doosan_Robotics_Rokey/ros2_ws/install/ros_study_msgs/include/ros_study_msgs/ros_study_msgs/srv/detail/arithmetic_operator__rosidl_typesupport_introspection_cpp.hpp
[4.579s] -- Up-to-date: /home/somyeong/Doosan_Robotics_Rokey/ros2_ws/install/ros_study_msgs/include/ros_study_msgs/ros_study_msgs/action
[4.579s] -- Up-to-date: /home/somyeong/Doosan_Robotics_Rokey/ros2_ws/install/ros_study_msgs/include/ros_study_msgs/ros_study_msgs/action/detail
[4.579s] -- Installing: /home/somyeong/Doosan_Robotics_Rokey/ros2_ws/install/ros_study_msgs/include/ros_study_msgs/ros_study_msgs/action/detail/my_action__rosidl_typesupport_introspection_cpp.hpp
[4.579s] -- Installing: /home/somyeong/Doosan_Robotics_Rokey/ros2_ws/install/ros_study_msgs/include/ros_study_msgs/ros_study_msgs/action/detail/arithmetic_checker__rosidl_typesupport_introspection_cpp.hpp
[4.579s] -- Installing: /home/somyeong/Doosan_Robotics_Rokey/ros2_ws/install/ros_study_msgs/include/ros_study_msgs/ros_study_msgs/action/detail/my_action__type_support.cpp
[4.579s] -- Installing: /home/somyeong/Doosan_Robotics_Rokey/ros2_ws/install/ros_study_msgs/include/ros_study_msgs/ros_study_msgs/action/detail/arithmetic_checker__type_support.cpp
[4.579s] -- Installing: /home/somyeong/Doosan_Robotics_Rokey/ros2_ws/install/ros_study_msgs/lib/libros_study_msgs__rosidl_typesupport_introspection_cpp.so
[4.579s] -- Set runtime path of "/home/somyeong/Doosan_Robotics_Rokey/ros2_ws/install/ros_study_msgs/lib/libros_study_msgs__rosidl_typesupport_introspection_cpp.so" to ""
[4.579s] -- Installing: /home/somyeong/Doosan_Robotics_Rokey/ros2_ws/install/ros_study_msgs/lib/libros_study_msgs__rosidl_typesupport_cpp.so
[4.579s] -- Set runtime path of "/home/somyeong/Doosan_Robotics_Rokey/ros2_ws/install/ros_study_msgs/lib/libros_study_msgs__rosidl_typesupport_cpp.so" to ""
[4.579s] -- Up-to-date: /home/somyeong/Doosan_Robotics_Rokey/ros2_ws/install/ros_study_msgs/share/ros_study_msgs/environment/pythonpath.sh
[4.579s] -- Installing: /home/somyeong/Doosan_Robotics_Rokey/ros2_ws/install/ros_study_msgs/share/ros_study_msgs/environment/pythonpath.dsv
[4.579s] -- Up-to-date: /home/somyeong/Doosan_Robotics_Rokey/ros2_ws/install/ros_study_msgs/local/lib/python3.10/dist-packages/ros_study_msgs-0.0.0-py3.10.egg-info
[4.580s] -- Installing: /home/somyeong/Doosan_Robotics_Rokey/ros2_ws/install/ros_study_msgs/local/lib/python3.10/dist-packages/ros_study_msgs-0.0.0-py3.10.egg-info/PKG-INFO
[4.580s] -- Installing: /home/somyeong/Doosan_Robotics_Rokey/ros2_ws/install/ros_study_msgs/local/lib/python3.10/dist-packages/ros_study_msgs-0.0.0-py3.10.egg-info/top_level.txt
[4.580s] -- Installing: /home/somyeong/Doosan_Robotics_Rokey/ros2_ws/install/ros_study_msgs/local/lib/python3.10/dist-packages/ros_study_msgs-0.0.0-py3.10.egg-info/SOURCES.txt
[4.580s] -- Installing: /home/somyeong/Doosan_Robotics_Rokey/ros2_ws/install/ros_study_msgs/local/lib/python3.10/dist-packages/ros_study_msgs-0.0.0-py3.10.egg-info/dependency_links.txt
[4.580s] -- Up-to-date: /home/somyeong/Doosan_Robotics_Rokey/ros2_ws/install/ros_study_msgs/local/lib/python3.10/dist-packages/ros_study_msgs
[4.580s] -- Installing: /home/somyeong/Doosan_Robotics_Rokey/ros2_ws/install/ros_study_msgs/local/lib/python3.10/dist-packages/ros_study_msgs/ros_study_msgs_s__rosidl_typesupport_c.cpython-310-x86_64-linux-gnu.so
[4.580s] -- Up-to-date: /home/somyeong/Doosan_Robotics_Rokey/ros2_ws/install/ros_study_msgs/local/lib/python3.10/dist-packages/ros_study_msgs/msg
[4.580s] -- Installing: /home/somyeong/Doosan_Robotics_Rokey/ros2_ws/install/ros_study_msgs/local/lib/python3.10/dist-packages/ros_study_msgs/msg/_my_msg_s.c
[4.580s] -- Installing: /home/somyeong/Doosan_Robotics_Rokey/ros2_ws/install/ros_study_msgs/local/lib/python3.10/dist-packages/ros_study_msgs/msg/_arithmetic_argument.py
[4.580s] -- Installing: /home/somyeong/Doosan_Robotics_Rokey/ros2_ws/install/ros_study_msgs/local/lib/python3.10/dist-packages/ros_study_msgs/msg/_my_msg.py
[4.580s] -- Installing: /home/somyeong/Doosan_Robotics_Rokey/ros2_ws/install/ros_study_msgs/local/lib/python3.10/dist-packages/ros_study_msgs/msg/__init__.py
[4.580s] -- Installing: /home/somyeong/Doosan_Robotics_Rokey/ros2_ws/install/ros_study_msgs/local/lib/python3.10/dist-packages/ros_study_msgs/msg/_arithmetic_argument_s.c
[4.580s] -- Installing: /home/somyeong/Doosan_Robotics_Rokey/ros2_ws/install/ros_study_msgs/local/lib/python3.10/dist-packages/ros_study_msgs/_ros_study_msgs_s.ep.rosidl_typesupport_fastrtps_c.c
[4.580s] -- Installing: /home/somyeong/Doosan_Robotics_Rokey/ros2_ws/install/ros_study_msgs/local/lib/python3.10/dist-packages/ros_study_msgs/_ros_study_msgs_s.ep.rosidl_typesupport_c.c
[4.580s] -- Installing: /home/somyeong/Doosan_Robotics_Rokey/ros2_ws/install/ros_study_msgs/local/lib/python3.10/dist-packages/ros_study_msgs/libros_study_msgs__rosidl_generator_py.so
[4.581s] -- Installing: /home/somyeong/Doosan_Robotics_Rokey/ros2_ws/install/ros_study_msgs/local/lib/python3.10/dist-packages/ros_study_msgs/__init__.py
[4.581s] -- Installing: /home/somyeong/Doosan_Robotics_Rokey/ros2_ws/install/ros_study_msgs/local/lib/python3.10/dist-packages/ros_study_msgs/_ros_study_msgs_s.ep.rosidl_typesupport_introspection_c.c
[4.581s] -- Up-to-date: /home/somyeong/Doosan_Robotics_Rokey/ros2_ws/install/ros_study_msgs/local/lib/python3.10/dist-packages/ros_study_msgs/srv
[4.581s] -- Installing: /home/somyeong/Doosan_Robotics_Rokey/ros2_ws/install/ros_study_msgs/local/lib/python3.10/dist-packages/ros_study_msgs/srv/_arithmetic_operator.py
[4.581s] -- Installing: /home/somyeong/Doosan_Robotics_Rokey/ros2_ws/install/ros_study_msgs/local/lib/python3.10/dist-packages/ros_study_msgs/srv/_my_srv_s.c
[4.581s] -- Installing: /home/somyeong/Doosan_Robotics_Rokey/ros2_ws/install/ros_study_msgs/local/lib/python3.10/dist-packages/ros_study_msgs/srv/__init__.py
[4.581s] -- Installing: /home/somyeong/Doosan_Robotics_Rokey/ros2_ws/install/ros_study_msgs/local/lib/python3.10/dist-packages/ros_study_msgs/srv/_arithmetic_operator_s.c
[4.581s] -- Installing: /home/somyeong/Doosan_Robotics_Rokey/ros2_ws/install/ros_study_msgs/local/lib/python3.10/dist-packages/ros_study_msgs/srv/_my_srv.py
[4.581s] -- Installing: /home/somyeong/Doosan_Robotics_Rokey/ros2_ws/install/ros_study_msgs/local/lib/python3.10/dist-packages/ros_study_msgs/ros_study_msgs_s__rosidl_typesupport_fastrtps_c.cpython-310-x86_64-linux-gnu.so
[4.581s] -- Installing: /home/somyeong/Doosan_Robotics_Rokey/ros2_ws/install/ros_study_msgs/local/lib/python3.10/dist-packages/ros_study_msgs/ros_study_msgs_s__rosidl_typesupport_introspection_c.cpython-310-x86_64-linux-gnu.so
[4.581s] -- Up-to-date: /home/somyeong/Doosan_Robotics_Rokey/ros2_ws/install/ros_study_msgs/local/lib/python3.10/dist-packages/ros_study_msgs/action
[4.581s] -- Installing: /home/somyeong/Doosan_Robotics_Rokey/ros2_ws/install/ros_study_msgs/local/lib/python3.10/dist-packages/ros_study_msgs/action/_my_action.py
[4.581s] -- Installing: /home/somyeong/Doosan_Robotics_Rokey/ros2_ws/install/ros_study_msgs/local/lib/python3.10/dist-packages/ros_study_msgs/action/_my_action_s.c
[4.581s] -- Installing: /home/somyeong/Doosan_Robotics_Rokey/ros2_ws/install/ros_study_msgs/local/lib/python3.10/dist-packages/ros_study_msgs/action/_arithmetic_checker.py
[4.581s] -- Installing: /home/somyeong/Doosan_Robotics_Rokey/ros2_ws/install/ros_study_msgs/local/lib/python3.10/dist-packages/ros_study_msgs/action/_arithmetic_checker_s.c
[4.582s] -- Installing: /home/somyeong/Doosan_Robotics_Rokey/ros2_ws/install/ros_study_msgs/local/lib/python3.10/dist-packages/ros_study_msgs/action/__init__.py
[4.619s] Listing '/home/somyeong/Doosan_Robotics_Rokey/ros2_ws/install/ros_study_msgs/local/lib/python3.10/dist-packages/ros_study_msgs'...
[4.619s] Compiling '/home/somyeong/Doosan_Robotics_Rokey/ros2_ws/install/ros_study_msgs/local/lib/python3.10/dist-packages/ros_study_msgs/__init__.py'...
[4.619s] Listing '/home/somyeong/Doosan_Robotics_Rokey/ros2_ws/install/ros_study_msgs/local/lib/python3.10/dist-packages/ros_study_msgs/action'...
[4.619s] Compiling '/home/somyeong/Doosan_Robotics_Rokey/ros2_ws/install/ros_study_msgs/local/lib/python3.10/dist-packages/ros_study_msgs/action/__init__.py'...
[4.619s] Compiling '/home/somyeong/Doosan_Robotics_Rokey/ros2_ws/install/ros_study_msgs/local/lib/python3.10/dist-packages/ros_study_msgs/action/_arithmetic_checker.py'...
[4.619s] Compiling '/home/somyeong/Doosan_Robotics_Rokey/ros2_ws/install/ros_study_msgs/local/lib/python3.10/dist-packages/ros_study_msgs/action/_my_action.py'...
[4.619s] Listing '/home/somyeong/Doosan_Robotics_Rokey/ros2_ws/install/ros_study_msgs/local/lib/python3.10/dist-packages/ros_study_msgs/msg'...
[4.619s] Compiling '/home/somyeong/Doosan_Robotics_Rokey/ros2_ws/install/ros_study_msgs/local/lib/python3.10/dist-packages/ros_study_msgs/msg/__init__.py'...
[4.620s] Compiling '/home/somyeong/Doosan_Robotics_Rokey/ros2_ws/install/ros_study_msgs/local/lib/python3.10/dist-packages/ros_study_msgs/msg/_arithmetic_argument.py'...
[4.620s] Compiling '/home/somyeong/Doosan_Robotics_Rokey/ros2_ws/install/ros_study_msgs/local/lib/python3.10/dist-packages/ros_study_msgs/msg/_my_msg.py'...
[4.620s] Listing '/home/somyeong/Doosan_Robotics_Rokey/ros2_ws/install/ros_study_msgs/local/lib/python3.10/dist-packages/ros_study_msgs/srv'...
[4.620s] Compiling '/home/somyeong/Doosan_Robotics_Rokey/ros2_ws/install/ros_study_msgs/local/lib/python3.10/dist-packages/ros_study_msgs/srv/__init__.py'...
[4.620s] Compiling '/home/somyeong/Doosan_Robotics_Rokey/ros2_ws/install/ros_study_msgs/local/lib/python3.10/dist-packages/ros_study_msgs/srv/_arithmetic_operator.py'...
[4.620s] Compiling '/home/somyeong/Doosan_Robotics_Rokey/ros2_ws/install/ros_study_msgs/local/lib/python3.10/dist-packages/ros_study_msgs/srv/_my_srv.py'...
[4.622s] -- Installing: /home/somyeong/Doosan_Robotics_Rokey/ros2_ws/install/ros_study_msgs/local/lib/python3.10/dist-packages/ros_study_msgs/ros_study_msgs_s__rosidl_typesupport_fastrtps_c.cpython-310-x86_64-linux-gnu.so
[4.623s] -- Set runtime path of "/home/somyeong/Doosan_Robotics_Rokey/ros2_ws/install/ros_study_msgs/local/lib/python3.10/dist-packages/ros_study_msgs/ros_study_msgs_s__rosidl_typesupport_fastrtps_c.cpython-310-x86_64-linux-gnu.so" to ""
[4.623s] -- Installing: /home/somyeong/Doosan_Robotics_Rokey/ros2_ws/install/ros_study_msgs/local/lib/python3.10/dist-packages/ros_study_msgs/ros_study_msgs_s__rosidl_typesupport_introspection_c.cpython-310-x86_64-linux-gnu.so
[4.623s] -- Set runtime path of "/home/somyeong/Doosan_Robotics_Rokey/ros2_ws/install/ros_study_msgs/local/lib/python3.10/dist-packages/ros_study_msgs/ros_study_msgs_s__rosidl_typesupport_introspection_c.cpython-310-x86_64-linux-gnu.so" to ""
[4.623s] -- Installing: /home/somyeong/Doosan_Robotics_Rokey/ros2_ws/install/ros_study_msgs/local/lib/python3.10/dist-packages/ros_study_msgs/ros_study_msgs_s__rosidl_typesupport_c.cpython-310-x86_64-linux-gnu.so
[4.623s] -- Set runtime path of "/home/somyeong/Doosan_Robotics_Rokey/ros2_ws/install/ros_study_msgs/local/lib/python3.10/dist-packages/ros_study_msgs/ros_study_msgs_s__rosidl_typesupport_c.cpython-310-x86_64-linux-gnu.so" to ""
[4.623s] -- Installing: /home/somyeong/Doosan_Robotics_Rokey/ros2_ws/install/ros_study_msgs/lib/libros_study_msgs__rosidl_generator_py.so
[4.623s] -- Set runtime path of "/home/somyeong/Doosan_Robotics_Rokey/ros2_ws/install/ros_study_msgs/lib/libros_study_msgs__rosidl_generator_py.so" to ""
[4.624s] -- Up-to-date: /home/somyeong/Doosan_Robotics_Rokey/ros2_ws/install/ros_study_msgs/share/ros_study_msgs/msg/MyMsg.idl
[4.624s] -- Installing: /home/somyeong/Doosan_Robotics_Rokey/ros2_ws/install/ros_study_msgs/share/ros_study_msgs/msg/ArithmeticArgument.idl
[4.624s] -- Up-to-date: /home/somyeong/Doosan_Robotics_Rokey/ros2_ws/install/ros_study_msgs/share/ros_study_msgs/srv/MySrv.idl
[4.624s] -- Installing: /home/somyeong/Doosan_Robotics_Rokey/ros2_ws/install/ros_study_msgs/share/ros_study_msgs/srv/ArithmeticOperator.idl
[4.624s] -- Up-to-date: /home/somyeong/Doosan_Robotics_Rokey/ros2_ws/install/ros_study_msgs/share/ros_study_msgs/action/MyAction.idl
[4.624s] -- Installing: /home/somyeong/Doosan_Robotics_Rokey/ros2_ws/install/ros_study_msgs/share/ros_study_msgs/action/ArithmeticChecker.idl
[4.624s] -- Up-to-date: /home/somyeong/Doosan_Robotics_Rokey/ros2_ws/install/ros_study_msgs/share/ros_study_msgs/msg/MyMsg.msg
[4.624s] -- Installing: /home/somyeong/Doosan_Robotics_Rokey/ros2_ws/install/ros_study_msgs/share/ros_study_msgs/msg/ArithmeticArgument.msg
[4.624s] -- Up-to-date: /home/somyeong/Doosan_Robotics_Rokey/ros2_ws/install/ros_study_msgs/share/ros_study_msgs/srv/MySrv.srv
[4.624s] -- Up-to-date: /home/somyeong/Doosan_Robotics_Rokey/ros2_ws/install/ros_study_msgs/share/ros_study_msgs/srv/MySrv_Request.msg
[4.624s] -- Up-to-date: /home/somyeong/Doosan_Robotics_Rokey/ros2_ws/install/ros_study_msgs/share/ros_study_msgs/srv/MySrv_Response.msg
[4.624s] -- Installing: /home/somyeong/Doosan_Robotics_Rokey/ros2_ws/install/ros_study_msgs/share/ros_study_msgs/srv/ArithmeticOperator.srv
[4.624s] -- Installing: /home/somyeong/Doosan_Robotics_Rokey/ros2_ws/install/ros_study_msgs/share/ros_study_msgs/srv/ArithmeticOperator_Request.msg
[4.624s] -- Installing: /home/somyeong/Doosan_Robotics_Rokey/ros2_ws/install/ros_study_msgs/share/ros_study_msgs/srv/ArithmeticOperator_Response.msg
[4.624s] -- Up-to-date: /home/somyeong/Doosan_Robotics_Rokey/ros2_ws/install/ros_study_msgs/share/ros_study_msgs/action/MyAction.action
[4.624s] -- Installing: /home/somyeong/Doosan_Robotics_Rokey/ros2_ws/install/ros_study_msgs/share/ros_study_msgs/action/ArithmeticChecker.action
[4.624s] -- Up-to-date: /home/somyeong/Doosan_Robotics_Rokey/ros2_ws/install/ros_study_msgs/share/ament_index/resource_index/package_run_dependencies/ros_study_msgs
[4.624s] -- Up-to-date: /home/somyeong/Doosan_Robotics_Rokey/ros2_ws/install/ros_study_msgs/share/ament_index/resource_index/parent_prefix_path/ros_study_msgs
[4.624s] -- Up-to-date: /home/somyeong/Doosan_Robotics_Rokey/ros2_ws/install/ros_study_msgs/share/ros_study_msgs/environment/ament_prefix_path.sh
[4.624s] -- Installing: /home/somyeong/Doosan_Robotics_Rokey/ros2_ws/install/ros_study_msgs/share/ros_study_msgs/environment/ament_prefix_path.dsv
[4.624s] -- Up-to-date: /home/somyeong/Doosan_Robotics_Rokey/ros2_ws/install/ros_study_msgs/share/ros_study_msgs/environment/path.sh
[4.624s] -- Installing: /home/somyeong/Doosan_Robotics_Rokey/ros2_ws/install/ros_study_msgs/share/ros_study_msgs/environment/path.dsv
[4.624s] -- Up-to-date: /home/somyeong/Doosan_Robotics_Rokey/ros2_ws/install/ros_study_msgs/share/ros_study_msgs/local_setup.bash
[4.624s] -- Up-to-date: /home/somyeong/Doosan_Robotics_Rokey/ros2_ws/install/ros_study_msgs/share/ros_study_msgs/local_setup.sh
[4.624s] -- Up-to-date: /home/somyeong/Doosan_Robotics_Rokey/ros2_ws/install/ros_study_msgs/share/ros_study_msgs/local_setup.zsh
[4.624s] -- Installing: /home/somyeong/Doosan_Robotics_Rokey/ros2_ws/install/ros_study_msgs/share/ros_study_msgs/local_setup.dsv
[4.625s] -- Installing: /home/somyeong/Doosan_Robotics_Rokey/ros2_ws/install/ros_study_msgs/share/ros_study_msgs/package.dsv
[4.625s] -- Up-to-date: /home/somyeong/Doosan_Robotics_Rokey/ros2_ws/install/ros_study_msgs/share/ament_index/resource_index/packages/ros_study_msgs
[4.625s] -- Up-to-date: /home/somyeong/Doosan_Robotics_Rokey/ros2_ws/install/ros_study_msgs/share/ros_study_msgs/cmake/export_ros_study_msgs__rosidl_generator_cExport.cmake
[4.625s] -- Up-to-date: /home/somyeong/Doosan_Robotics_Rokey/ros2_ws/install/ros_study_msgs/share/ros_study_msgs/cmake/export_ros_study_msgs__rosidl_generator_cExport-noconfig.cmake
[4.625s] -- Up-to-date: /home/somyeong/Doosan_Robotics_Rokey/ros2_ws/install/ros_study_msgs/share/ros_study_msgs/cmake/export_ros_study_msgs__rosidl_typesupport_fastrtps_cExport.cmake
[4.625s] -- Up-to-date: /home/somyeong/Doosan_Robotics_Rokey/ros2_ws/install/ros_study_msgs/share/ros_study_msgs/cmake/export_ros_study_msgs__rosidl_typesupport_fastrtps_cExport-noconfig.cmake
[4.625s] -- Up-to-date: /home/somyeong/Doosan_Robotics_Rokey/ros2_ws/install/ros_study_msgs/share/ros_study_msgs/cmake/export_ros_study_msgs__rosidl_generator_cppExport.cmake
[4.625s] -- Up-to-date: /home/somyeong/Doosan_Robotics_Rokey/ros2_ws/install/ros_study_msgs/share/ros_study_msgs/cmake/export_ros_study_msgs__rosidl_typesupport_fastrtps_cppExport.cmake
[4.625s] -- Up-to-date: /home/somyeong/Doosan_Robotics_Rokey/ros2_ws/install/ros_study_msgs/share/ros_study_msgs/cmake/export_ros_study_msgs__rosidl_typesupport_fastrtps_cppExport-noconfig.cmake
[4.625s] -- Up-to-date: /home/somyeong/Doosan_Robotics_Rokey/ros2_ws/install/ros_study_msgs/share/ros_study_msgs/cmake/ros_study_msgs__rosidl_typesupport_introspection_cExport.cmake
[4.625s] -- Up-to-date: /home/somyeong/Doosan_Robotics_Rokey/ros2_ws/install/ros_study_msgs/share/ros_study_msgs/cmake/ros_study_msgs__rosidl_typesupport_introspection_cExport-noconfig.cmake
[4.625s] -- Up-to-date: /home/somyeong/Doosan_Robotics_Rokey/ros2_ws/install/ros_study_msgs/share/ros_study_msgs/cmake/ros_study_msgs__rosidl_typesupport_cExport.cmake
[4.625s] -- Up-to-date: /home/somyeong/Doosan_Robotics_Rokey/ros2_ws/install/ros_study_msgs/share/ros_study_msgs/cmake/ros_study_msgs__rosidl_typesupport_cExport-noconfig.cmake
[4.626s] -- Up-to-date: /home/somyeong/Doosan_Robotics_Rokey/ros2_ws/install/ros_study_msgs/share/ros_study_msgs/cmake/ros_study_msgs__rosidl_typesupport_introspection_cppExport.cmake
[4.626s] -- Up-to-date: /home/somyeong/Doosan_Robotics_Rokey/ros2_ws/install/ros_study_msgs/share/ros_study_msgs/cmake/ros_study_msgs__rosidl_typesupport_introspection_cppExport-noconfig.cmake
[4.626s] -- Up-to-date: /home/somyeong/Doosan_Robotics_Rokey/ros2_ws/install/ros_study_msgs/share/ros_study_msgs/cmake/ros_study_msgs__rosidl_typesupport_cppExport.cmake
[4.626s] -- Up-to-date: /home/somyeong/Doosan_Robotics_Rokey/ros2_ws/install/ros_study_msgs/share/ros_study_msgs/cmake/ros_study_msgs__rosidl_typesupport_cppExport-noconfig.cmake
[4.626s] -- Up-to-date: /home/somyeong/Doosan_Robotics_Rokey/ros2_ws/install/ros_study_msgs/share/ros_study_msgs/cmake/export_ros_study_msgs__rosidl_generator_pyExport.cmake
[4.626s] -- Up-to-date: /home/somyeong/Doosan_Robotics_Rokey/ros2_ws/install/ros_study_msgs/share/ros_study_msgs/cmake/export_ros_study_msgs__rosidl_generator_pyExport-noconfig.cmake
[4.626s] -- Installing: /home/somyeong/Doosan_Robotics_Rokey/ros2_ws/install/ros_study_msgs/share/ros_study_msgs/cmake/rosidl_cmake-extras.cmake
[4.626s] -- Up-to-date: /home/somyeong/Doosan_Robotics_Rokey/ros2_ws/install/ros_study_msgs/share/ros_study_msgs/cmake/ament_cmake_export_dependencies-extras.cmake
[4.626s] -- Up-to-date: /home/somyeong/Doosan_Robotics_Rokey/ros2_ws/install/ros_study_msgs/share/ros_study_msgs/cmake/ament_cmake_export_include_directories-extras.cmake
[4.626s] -- Up-to-date: /home/somyeong/Doosan_Robotics_Rokey/ros2_ws/install/ros_study_msgs/share/ros_study_msgs/cmake/ament_cmake_export_libraries-extras.cmake
[4.626s] -- Up-to-date: /home/somyeong/Doosan_Robotics_Rokey/ros2_ws/install/ros_study_msgs/share/ros_study_msgs/cmake/ament_cmake_export_targets-extras.cmake
[4.626s] -- Up-to-date: /home/somyeong/Doosan_Robotics_Rokey/ros2_ws/install/ros_study_msgs/share/ros_study_msgs/cmake/rosidl_cmake_export_typesupport_targets-extras.cmake
[4.627s] -- Up-to-date: /home/somyeong/Doosan_Robotics_Rokey/ros2_ws/install/ros_study_msgs/share/ros_study_msgs/cmake/rosidl_cmake_export_typesupport_libraries-extras.cmake
[4.627s] -- Up-to-date: /home/somyeong/Doosan_Robotics_Rokey/ros2_ws/install/ros_study_msgs/share/ros_study_msgs/cmake/ros_study_msgsConfig.cmake
[4.627s] -- Up-to-date: /home/somyeong/Doosan_Robotics_Rokey/ros2_ws/install/ros_study_msgs/share/ros_study_msgs/cmake/ros_study_msgsConfig-version.cmake
[4.627s] -- Up-to-date: /home/somyeong/Doosan_Robotics_Rokey/ros2_ws/install/ros_study_msgs/share/ros_study_msgs/package.xml
[4.629s] Invoked command in '/home/somyeong/Doosan_Robotics_Rokey/ros2_ws/build/ros_study_msgs' returned '0': CMAKE_PREFIX_PATH=/opt/ros/humble /usr/bin/cmake --install /home/somyeong/Doosan_Robotics_Rokey/ros2_ws/build/ros_study_msgs
