[0.072s] DEBUG:colcon:Command line arguments: ['/usr/bin/colcon', 'build', '--symlink-install']
[0.073s] DEBUG:colcon:Parsed command line arguments: Namespace(log_base=None, log_level=None, verb_name='build', build_base='build', install_base='install', merge_install=False, symlink_install=True, test_result_base=None, continue_on_error=False, executor='parallel', parallel_workers=16, event_handlers=None, ignore_user_meta=False, metas=['./colcon.meta'], base_paths=['.'], packages_ignore=None, packages_ignore_regex=None, paths=None, packages_up_to=None, packages_up_to_regex=None, packages_above=None, packages_above_and_dependencies=None, packages_above_depth=None, packages_select_by_dep=None, packages_skip_by_dep=None, packages_skip_up_to=None, packages_select_build_failed=False, packages_skip_build_finished=False, packages_select_test_failures=False, packages_skip_test_passed=False, packages_select=None, packages_skip=None, packages_select_regex=None, packages_skip_regex=None, packages_start=None, packages_end=None, allow_overriding=[], cmake_args=None, cmake_target=None, cmake_target_skip_unavailable=False, cmake_clean_cache=False, cmake_clean_first=False, cmake_force_configure=False, ament_cmake_args=None, catkin_cmake_args=None, catkin_skip_building_tests=False, verb_parser=<colcon_defaults.argument_parser.defaults.DefaultArgumentsDecorator object at 0x77fbf1d9c8e0>, verb_extension=<colcon_core.verb.build.BuildVerb object at 0x77fbf1d9c370>, main=<bound method BuildVerb.main of <colcon_core.verb.build.BuildVerb object at 0x77fbf1d9c370>>)
[0.094s] Level 1:colcon.colcon_core.package_discovery:discover_packages(colcon_meta) check parameters
[0.094s] Level 1:colcon.colcon_core.package_discovery:discover_packages(recursive) check parameters
[0.094s] Level 1:colcon.colcon_core.package_discovery:discover_packages(ignore) check parameters
[0.094s] Level 1:colcon.colcon_core.package_discovery:discover_packages(path) check parameters
[0.094s] Level 1:colcon.colcon_core.package_discovery:discover_packages(colcon_meta) discover
[0.094s] Level 1:colcon.colcon_core.package_discovery:discover_packages(recursive) discover
[0.094s] INFO:colcon.colcon_core.package_discovery:Crawling recursively for packages in '/home/somyeong/Doosan_Robotics_Rokey/ros2_ws'
[0.094s] Level 1:colcon.colcon_core.package_identification:_identify(.) by extensions ['ignore', 'ignore_ament_install']
[0.094s] Level 1:colcon.colcon_core.package_identification:_identify(.) by extension 'ignore'
[0.094s] Level 1:colcon.colcon_core.package_identification:_identify(.) by extension 'ignore_ament_install'
[0.094s] Level 1:colcon.colcon_core.package_identification:_identify(.) by extensions ['colcon_pkg']
[0.094s] Level 1:colcon.colcon_core.package_identification:_identify(.) by extension 'colcon_pkg'
[0.094s] Level 1:colcon.colcon_core.package_identification:_identify(.) by extensions ['colcon_meta']
[0.094s] Level 1:colcon.colcon_core.package_identification:_identify(.) by extension 'colcon_meta'
[0.094s] Level 1:colcon.colcon_core.package_identification:_identify(.) by extensions ['ros']
[0.094s] Level 1:colcon.colcon_core.package_identification:_identify(.) by extension 'ros'
[0.103s] Level 1:colcon.colcon_core.package_identification:_identify(.) by extensions ['cmake', 'python']
[0.103s] Level 1:colcon.colcon_core.package_identification:_identify(.) by extension 'cmake'
[0.103s] Level 1:colcon.colcon_core.package_identification:_identify(.) by extension 'python'
[0.103s] Level 1:colcon.colcon_core.package_identification:_identify(.) by extensions ['python_setup_py']
[0.103s] Level 1:colcon.colcon_core.package_identification:_identify(.) by extension 'python_setup_py'
[0.103s] Level 1:colcon.colcon_core.package_identification:_identify(build) by extensions ['ignore', 'ignore_ament_install']
[0.103s] Level 1:colcon.colcon_core.package_identification:_identify(build) by extension 'ignore'
[0.103s] Level 1:colcon.colcon_core.package_identification:_identify(build) ignored
[0.104s] Level 1:colcon.colcon_core.package_identification:_identify(install) by extensions ['ignore', 'ignore_ament_install']
[0.104s] Level 1:colcon.colcon_core.package_identification:_identify(install) by extension 'ignore'
[0.104s] Level 1:colcon.colcon_core.package_identification:_identify(install) ignored
[0.104s] Level 1:colcon.colcon_core.package_identification:_identify(log) by extensions ['ignore', 'ignore_ament_install']
[0.104s] Level 1:colcon.colcon_core.package_identification:_identify(log) by extension 'ignore'
[0.104s] Level 1:colcon.colcon_core.package_identification:_identify(log) ignored
[0.104s] Level 1:colcon.colcon_core.package_identification:_identify(src) by extensions ['ignore', 'ignore_ament_install']
[0.104s] Level 1:colcon.colcon_core.package_identification:_identify(src) by extension 'ignore'
[0.104s] Level 1:colcon.colcon_core.package_identification:_identify(src) by extension 'ignore_ament_install'
[0.104s] Level 1:colcon.colcon_core.package_identification:_identify(src) by extensions ['colcon_pkg']
[0.104s] Level 1:colcon.colcon_core.package_identification:_identify(src) by extension 'colcon_pkg'
[0.104s] Level 1:colcon.colcon_core.package_identification:_identify(src) by extensions ['colcon_meta']
[0.104s] Level 1:colcon.colcon_core.package_identification:_identify(src) by extension 'colcon_meta'
[0.104s] Level 1:colcon.colcon_core.package_identification:_identify(src) by extensions ['ros']
[0.104s] Level 1:colcon.colcon_core.package_identification:_identify(src) by extension 'ros'
[0.104s] Level 1:colcon.colcon_core.package_identification:_identify(src) by extensions ['cmake', 'python']
[0.104s] Level 1:colcon.colcon_core.package_identification:_identify(src) by extension 'cmake'
[0.104s] Level 1:colcon.colcon_core.package_identification:_identify(src) by extension 'python'
[0.104s] Level 1:colcon.colcon_core.package_identification:_identify(src) by extensions ['python_setup_py']
[0.104s] Level 1:colcon.colcon_core.package_identification:_identify(src) by extension 'python_setup_py'
[0.104s] Level 1:colcon.colcon_core.package_identification:_identify(src/ex_calculator) by extensions ['ignore', 'ignore_ament_install']
[0.104s] Level 1:colcon.colcon_core.package_identification:_identify(src/ex_calculator) by extension 'ignore'
[0.104s] Level 1:colcon.colcon_core.package_identification:_identify(src/ex_calculator) by extension 'ignore_ament_install'
[0.104s] Level 1:colcon.colcon_core.package_identification:_identify(src/ex_calculator) by extensions ['colcon_pkg']
[0.104s] Level 1:colcon.colcon_core.package_identification:_identify(src/ex_calculator) by extension 'colcon_pkg'
[0.104s] Level 1:colcon.colcon_core.package_identification:_identify(src/ex_calculator) by extensions ['colcon_meta']
[0.104s] Level 1:colcon.colcon_core.package_identification:_identify(src/ex_calculator) by extension 'colcon_meta'
[0.104s] Level 1:colcon.colcon_core.package_identification:_identify(src/ex_calculator) by extensions ['ros']
[0.104s] Level 1:colcon.colcon_core.package_identification:_identify(src/ex_calculator) by extension 'ros'
[0.105s] DEBUG:colcon.colcon_core.package_identification:Package 'src/ex_calculator' with type 'ros.ament_python' and name 'ex_calculator'
[0.106s] Level 1:colcon.colcon_core.package_identification:_identify(src/my_package1212) by extensions ['ignore', 'ignore_ament_install']
[0.106s] Level 1:colcon.colcon_core.package_identification:_identify(src/my_package1212) by extension 'ignore'
[0.106s] Level 1:colcon.colcon_core.package_identification:_identify(src/my_package1212) by extension 'ignore_ament_install'
[0.106s] Level 1:colcon.colcon_core.package_identification:_identify(src/my_package1212) by extensions ['colcon_pkg']
[0.106s] Level 1:colcon.colcon_core.package_identification:_identify(src/my_package1212) by extension 'colcon_pkg'
[0.106s] Level 1:colcon.colcon_core.package_identification:_identify(src/my_package1212) by extensions ['colcon_meta']
[0.106s] Level 1:colcon.colcon_core.package_identification:_identify(src/my_package1212) by extension 'colcon_meta'
[0.106s] Level 1:colcon.colcon_core.package_identification:_identify(src/my_package1212) by extensions ['ros']
[0.106s] Level 1:colcon.colcon_core.package_identification:_identify(src/my_package1212) by extension 'ros'
[0.106s] DEBUG:colcon.colcon_core.package_identification:Package 'src/my_package1212' with type 'ros.ament_python' and name 'my_package1212'
[0.106s] Level 1:colcon.colcon_core.package_identification:_identify(src/py_pubsub) by extensions ['ignore', 'ignore_ament_install']
[0.106s] Level 1:colcon.colcon_core.package_identification:_identify(src/py_pubsub) by extension 'ignore'
[0.106s] Level 1:colcon.colcon_core.package_identification:_identify(src/py_pubsub) by extension 'ignore_ament_install'
[0.106s] Level 1:colcon.colcon_core.package_identification:_identify(src/py_pubsub) by extensions ['colcon_pkg']
[0.106s] Level 1:colcon.colcon_core.package_identification:_identify(src/py_pubsub) by extension 'colcon_pkg'
[0.106s] Level 1:colcon.colcon_core.package_identification:_identify(src/py_pubsub) by extensions ['colcon_meta']
[0.106s] Level 1:colcon.colcon_core.package_identification:_identify(src/py_pubsub) by extension 'colcon_meta'
[0.106s] Level 1:colcon.colcon_core.package_identification:_identify(src/py_pubsub) by extensions ['ros']
[0.106s] Level 1:colcon.colcon_core.package_identification:_identify(src/py_pubsub) by extension 'ros'
[0.107s] DEBUG:colcon.colcon_core.package_identification:Package 'src/py_pubsub' with type 'ros.ament_python' and name 'py_pubsub'
[0.107s] Level 1:colcon.colcon_core.package_identification:_identify(src/ros_study_msgs) by extensions ['ignore', 'ignore_ament_install']
[0.107s] Level 1:colcon.colcon_core.package_identification:_identify(src/ros_study_msgs) by extension 'ignore'
[0.107s] Level 1:colcon.colcon_core.package_identification:_identify(src/ros_study_msgs) by extension 'ignore_ament_install'
[0.107s] Level 1:colcon.colcon_core.package_identification:_identify(src/ros_study_msgs) by extensions ['colcon_pkg']
[0.107s] Level 1:colcon.colcon_core.package_identification:_identify(src/ros_study_msgs) by extension 'colcon_pkg'
[0.107s] Level 1:colcon.colcon_core.package_identification:_identify(src/ros_study_msgs) by extensions ['colcon_meta']
[0.107s] Level 1:colcon.colcon_core.package_identification:_identify(src/ros_study_msgs) by extension 'colcon_meta'
[0.107s] Level 1:colcon.colcon_core.package_identification:_identify(src/ros_study_msgs) by extensions ['ros']
[0.107s] Level 1:colcon.colcon_core.package_identification:_identify(src/ros_study_msgs) by extension 'ros'
[0.107s] DEBUG:colcon.colcon_core.package_identification:Package 'src/ros_study_msgs' with type 'ros.ament_cmake' and name 'ros_study_msgs'
[0.107s] Level 1:colcon.colcon_core.package_identification:_identify(src/ros_study_py) by extensions ['ignore', 'ignore_ament_install']
[0.107s] Level 1:colcon.colcon_core.package_identification:_identify(src/ros_study_py) by extension 'ignore'
[0.107s] Level 1:colcon.colcon_core.package_identification:_identify(src/ros_study_py) by extension 'ignore_ament_install'
[0.107s] Level 1:colcon.colcon_core.package_identification:_identify(src/ros_study_py) by extensions ['colcon_pkg']
[0.107s] Level 1:colcon.colcon_core.package_identification:_identify(src/ros_study_py) by extension 'colcon_pkg'
[0.107s] Level 1:colcon.colcon_core.package_identification:_identify(src/ros_study_py) by extensions ['colcon_meta']
[0.107s] Level 1:colcon.colcon_core.package_identification:_identify(src/ros_study_py) by extension 'colcon_meta'
[0.107s] Level 1:colcon.colcon_core.package_identification:_identify(src/ros_study_py) by extensions ['ros']
[0.107s] Level 1:colcon.colcon_core.package_identification:_identify(src/ros_study_py) by extension 'ros'
[0.108s] DEBUG:colcon.colcon_core.package_identification:Package 'src/ros_study_py' with type 'ros.ament_python' and name 'ros_study_py'
[0.108s] Level 1:colcon.colcon_core.package_discovery:discover_packages(recursive) using defaults
[0.108s] Level 1:colcon.colcon_core.package_discovery:discover_packages(ignore) discover
[0.108s] Level 1:colcon.colcon_core.package_discovery:discover_packages(ignore) using defaults
[0.108s] Level 1:colcon.colcon_core.package_discovery:discover_packages(path) discover
[0.108s] Level 1:colcon.colcon_core.package_discovery:discover_packages(path) using defaults
[0.118s] Level 1:colcon.colcon_core.package_discovery:discover_packages(prefix_path) check parameters
[0.118s] Level 1:colcon.colcon_core.package_discovery:discover_packages(prefix_path) discover
[0.119s] DEBUG:colcon.colcon_installed_package_information.package_discovery:Found 4 installed packages in /home/somyeong/Doosan_Robotics_Rokey/ros2_ws/install
[0.120s] DEBUG:colcon.colcon_installed_package_information.package_discovery:Found 277 installed packages in /opt/ros/humble
[0.121s] Level 1:colcon.colcon_core.package_discovery:discover_packages(prefix_path) using defaults
[0.137s] Level 5:colcon.colcon_core.verb:set package 'my_package1212' build argument 'cmake_args' from command line to 'None'
[0.137s] Level 5:colcon.colcon_core.verb:set package 'my_package1212' build argument 'cmake_target' from command line to 'None'
[0.137s] Level 5:colcon.colcon_core.verb:set package 'my_package1212' build argument 'cmake_target_skip_unavailable' from command line to 'False'
[0.137s] Level 5:colcon.colcon_core.verb:set package 'my_package1212' build argument 'cmake_clean_cache' from command line to 'False'
[0.137s] Level 5:colcon.colcon_core.verb:set package 'my_package1212' build argument 'cmake_clean_first' from command line to 'False'
[0.138s] Level 5:colcon.colcon_core.verb:set package 'my_package1212' build argument 'cmake_force_configure' from command line to 'False'
[0.138s] Level 5:colcon.colcon_core.verb:set package 'my_package1212' build argument 'ament_cmake_args' from command line to 'None'
[0.138s] Level 5:colcon.colcon_core.verb:set package 'my_package1212' build argument 'catkin_cmake_args' from command line to 'None'
[0.138s] Level 5:colcon.colcon_core.verb:set package 'my_package1212' build argument 'catkin_skip_building_tests' from command line to 'False'
[0.138s] DEBUG:colcon.colcon_core.verb:Building package 'my_package1212' with the following arguments: {'ament_cmake_args': None, 'build_base': '/home/somyeong/Doosan_Robotics_Rokey/ros2_ws/build/my_package1212', 'catkin_cmake_args': None, 'catkin_skip_building_tests': False, 'cmake_args': None, 'cmake_clean_cache': False, 'cmake_clean_first': False, 'cmake_force_configure': False, 'cmake_target': None, 'cmake_target_skip_unavailable': False, 'install_base': '/home/somyeong/Doosan_Robotics_Rokey/ros2_ws/install/my_package1212', 'merge_install': False, 'path': '/home/somyeong/Doosan_Robotics_Rokey/ros2_ws/src/my_package1212', 'symlink_install': True, 'test_result_base': None}
[0.138s] Level 5:colcon.colcon_core.verb:set package 'py_pubsub' build argument 'cmake_args' from command line to 'None'
[0.138s] Level 5:colcon.colcon_core.verb:set package 'py_pubsub' build argument 'cmake_target' from command line to 'None'
[0.138s] Level 5:colcon.colcon_core.verb:set package 'py_pubsub' build argument 'cmake_target_skip_unavailable' from command line to 'False'
[0.138s] Level 5:colcon.colcon_core.verb:set package 'py_pubsub' build argument 'cmake_clean_cache' from command line to 'False'
[0.138s] Level 5:colcon.colcon_core.verb:set package 'py_pubsub' build argument 'cmake_clean_first' from command line to 'False'
[0.138s] Level 5:colcon.colcon_core.verb:set package 'py_pubsub' build argument 'cmake_force_configure' from command line to 'False'
[0.138s] Level 5:colcon.colcon_core.verb:set package 'py_pubsub' build argument 'ament_cmake_args' from command line to 'None'
[0.138s] Level 5:colcon.colcon_core.verb:set package 'py_pubsub' build argument 'catkin_cmake_args' from command line to 'None'
[0.138s] Level 5:colcon.colcon_core.verb:set package 'py_pubsub' build argument 'catkin_skip_building_tests' from command line to 'False'
[0.138s] DEBUG:colcon.colcon_core.verb:Building package 'py_pubsub' with the following arguments: {'ament_cmake_args': None, 'build_base': '/home/somyeong/Doosan_Robotics_Rokey/ros2_ws/build/py_pubsub', 'catkin_cmake_args': None, 'catkin_skip_building_tests': False, 'cmake_args': None, 'cmake_clean_cache': False, 'cmake_clean_first': False, 'cmake_force_configure': False, 'cmake_target': None, 'cmake_target_skip_unavailable': False, 'install_base': '/home/somyeong/Doosan_Robotics_Rokey/ros2_ws/install/py_pubsub', 'merge_install': False, 'path': '/home/somyeong/Doosan_Robotics_Rokey/ros2_ws/src/py_pubsub', 'symlink_install': True, 'test_result_base': None}
[0.138s] Level 5:colcon.colcon_core.verb:set package 'ros_study_msgs' build argument 'cmake_args' from command line to 'None'
[0.138s] Level 5:colcon.colcon_core.verb:set package 'ros_study_msgs' build argument 'cmake_target' from command line to 'None'
[0.138s] Level 5:colcon.colcon_core.verb:set package 'ros_study_msgs' build argument 'cmake_target_skip_unavailable' from command line to 'False'
[0.138s] Level 5:colcon.colcon_core.verb:set package 'ros_study_msgs' build argument 'cmake_clean_cache' from command line to 'False'
[0.138s] Level 5:colcon.colcon_core.verb:set package 'ros_study_msgs' build argument 'cmake_clean_first' from command line to 'False'
[0.138s] Level 5:colcon.colcon_core.verb:set package 'ros_study_msgs' build argument 'cmake_force_configure' from command line to 'False'
[0.138s] Level 5:colcon.colcon_core.verb:set package 'ros_study_msgs' build argument 'ament_cmake_args' from command line to 'None'
[0.138s] Level 5:colcon.colcon_core.verb:set package 'ros_study_msgs' build argument 'catkin_cmake_args' from command line to 'None'
[0.138s] Level 5:colcon.colcon_core.verb:set package 'ros_study_msgs' build argument 'catkin_skip_building_tests' from command line to 'False'
[0.138s] DEBUG:colcon.colcon_core.verb:Building package 'ros_study_msgs' with the following arguments: {'ament_cmake_args': None, 'build_base': '/home/somyeong/Doosan_Robotics_Rokey/ros2_ws/build/ros_study_msgs', 'catkin_cmake_args': None, 'catkin_skip_building_tests': False, 'cmake_args': None, 'cmake_clean_cache': False, 'cmake_clean_first': False, 'cmake_force_configure': False, 'cmake_target': None, 'cmake_target_skip_unavailable': False, 'install_base': '/home/somyeong/Doosan_Robotics_Rokey/ros2_ws/install/ros_study_msgs', 'merge_install': False, 'path': '/home/somyeong/Doosan_Robotics_Rokey/ros2_ws/src/ros_study_msgs', 'symlink_install': True, 'test_result_base': None}
[0.138s] Level 5:colcon.colcon_core.verb:set package 'ex_calculator' build argument 'cmake_args' from command line to 'None'
[0.138s] Level 5:colcon.colcon_core.verb:set package 'ex_calculator' build argument 'cmake_target' from command line to 'None'
[0.138s] Level 5:colcon.colcon_core.verb:set package 'ex_calculator' build argument 'cmake_target_skip_unavailable' from command line to 'False'
[0.138s] Level 5:colcon.colcon_core.verb:set package 'ex_calculator' build argument 'cmake_clean_cache' from command line to 'False'
[0.138s] Level 5:colcon.colcon_core.verb:set package 'ex_calculator' build argument 'cmake_clean_first' from command line to 'False'
[0.138s] Level 5:colcon.colcon_core.verb:set package 'ex_calculator' build argument 'cmake_force_configure' from command line to 'False'
[0.138s] Level 5:colcon.colcon_core.verb:set package 'ex_calculator' build argument 'ament_cmake_args' from command line to 'None'
[0.138s] Level 5:colcon.colcon_core.verb:set package 'ex_calculator' build argument 'catkin_cmake_args' from command line to 'None'
[0.138s] Level 5:colcon.colcon_core.verb:set package 'ex_calculator' build argument 'catkin_skip_building_tests' from command line to 'False'
[0.138s] DEBUG:colcon.colcon_core.verb:Building package 'ex_calculator' with the following arguments: {'ament_cmake_args': None, 'build_base': '/home/somyeong/Doosan_Robotics_Rokey/ros2_ws/build/ex_calculator', 'catkin_cmake_args': None, 'catkin_skip_building_tests': False, 'cmake_args': None, 'cmake_clean_cache': False, 'cmake_clean_first': False, 'cmake_force_configure': False, 'cmake_target': None, 'cmake_target_skip_unavailable': False, 'install_base': '/home/somyeong/Doosan_Robotics_Rokey/ros2_ws/install/ex_calculator', 'merge_install': False, 'path': '/home/somyeong/Doosan_Robotics_Rokey/ros2_ws/src/ex_calculator', 'symlink_install': True, 'test_result_base': None}
[0.139s] Level 5:colcon.colcon_core.verb:set package 'ros_study_py' build argument 'cmake_args' from command line to 'None'
[0.139s] Level 5:colcon.colcon_core.verb:set package 'ros_study_py' build argument 'cmake_target' from command line to 'None'
[0.139s] Level 5:colcon.colcon_core.verb:set package 'ros_study_py' build argument 'cmake_target_skip_unavailable' from command line to 'False'
[0.139s] Level 5:colcon.colcon_core.verb:set package 'ros_study_py' build argument 'cmake_clean_cache' from command line to 'False'
[0.139s] Level 5:colcon.colcon_core.verb:set package 'ros_study_py' build argument 'cmake_clean_first' from command line to 'False'
[0.139s] Level 5:colcon.colcon_core.verb:set package 'ros_study_py' build argument 'cmake_force_configure' from command line to 'False'
[0.139s] Level 5:colcon.colcon_core.verb:set package 'ros_study_py' build argument 'ament_cmake_args' from command line to 'None'
[0.139s] Level 5:colcon.colcon_core.verb:set package 'ros_study_py' build argument 'catkin_cmake_args' from command line to 'None'
[0.139s] Level 5:colcon.colcon_core.verb:set package 'ros_study_py' build argument 'catkin_skip_building_tests' from command line to 'False'
[0.139s] DEBUG:colcon.colcon_core.verb:Building package 'ros_study_py' with the following arguments: {'ament_cmake_args': None, 'build_base': '/home/somyeong/Doosan_Robotics_Rokey/ros2_ws/build/ros_study_py', 'catkin_cmake_args': None, 'catkin_skip_building_tests': False, 'cmake_args': None, 'cmake_clean_cache': False, 'cmake_clean_first': False, 'cmake_force_configure': False, 'cmake_target': None, 'cmake_target_skip_unavailable': False, 'install_base': '/home/somyeong/Doosan_Robotics_Rokey/ros2_ws/install/ros_study_py', 'merge_install': False, 'path': '/home/somyeong/Doosan_Robotics_Rokey/ros2_ws/src/ros_study_py', 'symlink_install': True, 'test_result_base': None}
[0.139s] INFO:colcon.colcon_core.executor:Executing jobs using 'parallel' executor
[0.140s] DEBUG:colcon.colcon_parallel_executor.executor.parallel:run_until_complete
[0.140s] INFO:colcon.colcon_ros.task.ament_cmake.build:Building ROS package in '/home/somyeong/Doosan_Robotics_Rokey/ros2_ws/src/ros_study_msgs' with build type 'ament_cmake'
[0.140s] INFO:colcon.colcon_cmake.task.cmake.build:Building CMake package in '/home/somyeong/Doosan_Robotics_Rokey/ros2_ws/src/ros_study_msgs'
[0.141s] INFO:colcon.colcon_core.plugin_system:Skipping extension 'colcon_core.shell.bat': Not used on non-Windows systems
[0.141s] INFO:colcon.colcon_core.shell:Skip shell extension 'powershell' for command environment: Not usable outside of PowerShell
[0.141s] DEBUG:colcon.colcon_core.shell:Skip shell extension 'dsv' for command environment
[0.143s] INFO:colcon.colcon_ros.task.ament_python.build:Building ROS package in '/home/somyeong/Doosan_Robotics_Rokey/ros2_ws/src/my_package1212' with build type 'ament_python'
[0.143s] Level 1:colcon.colcon_core.shell:create_environment_hook('my_package1212', 'ament_prefix_path')
[0.144s] INFO:colcon.colcon_core.shell:Creating environment hook '/home/somyeong/Doosan_Robotics_Rokey/ros2_ws/install/my_package1212/share/my_package1212/hook/ament_prefix_path.ps1'
[0.144s] INFO:colcon.colcon_core.shell:Creating environment descriptor '/home/somyeong/Doosan_Robotics_Rokey/ros2_ws/install/my_package1212/share/my_package1212/hook/ament_prefix_path.dsv'
[0.144s] INFO:colcon.colcon_core.shell:Creating environment hook '/home/somyeong/Doosan_Robotics_Rokey/ros2_ws/install/my_package1212/share/my_package1212/hook/ament_prefix_path.sh'
[0.145s] INFO:colcon.colcon_core.shell:Skip shell extension 'powershell' for command environment: Not usable outside of PowerShell
[0.145s] DEBUG:colcon.colcon_core.shell:Skip shell extension 'dsv' for command environment
[0.146s] INFO:colcon.colcon_ros.task.ament_python.build:Building ROS package in '/home/somyeong/Doosan_Robotics_Rokey/ros2_ws/src/py_pubsub' with build type 'ament_python'
[0.146s] Level 1:colcon.colcon_core.shell:create_environment_hook('py_pubsub', 'ament_prefix_path')
[0.147s] INFO:colcon.colcon_core.shell:Creating environment hook '/home/somyeong/Doosan_Robotics_Rokey/ros2_ws/install/py_pubsub/share/py_pubsub/hook/ament_prefix_path.ps1'
[0.147s] INFO:colcon.colcon_core.shell:Creating environment descriptor '/home/somyeong/Doosan_Robotics_Rokey/ros2_ws/install/py_pubsub/share/py_pubsub/hook/ament_prefix_path.dsv'
[0.147s] INFO:colcon.colcon_core.shell:Creating environment hook '/home/somyeong/Doosan_Robotics_Rokey/ros2_ws/install/py_pubsub/share/py_pubsub/hook/ament_prefix_path.sh'
[0.147s] INFO:colcon.colcon_core.shell:Skip shell extension 'powershell' for command environment: Not usable outside of PowerShell
[0.147s] DEBUG:colcon.colcon_core.shell:Skip shell extension 'dsv' for command environment
[0.152s] DEBUG:colcon.colcon_core.event_handler.log_command:Invoking command in '/home/somyeong/Doosan_Robotics_Rokey/ros2_ws/build/ros_study_msgs': CMAKE_PREFIX_PATH=${CMAKE_PREFIX_PATH}:/home/somyeong/Doosan_Robotics_Rokey/ros2_ws/install/ros_study_py:/home/somyeong/Doosan_Robotics_Rokey/ros2_ws/install/ex_calculator:/home/somyeong/Doosan_Robotics_Rokey/ros2_ws/install/py_pubsub:/opt/ros/humble /usr/bin/cmake /home/somyeong/Doosan_Robotics_Rokey/ros2_ws/src/ros_study_msgs -DAMENT_CMAKE_SYMLINK_INSTALL=1 -DCMAKE_INSTALL_PREFIX=/home/somyeong/Doosan_Robotics_Rokey/ros2_ws/install/ros_study_msgs
[0.267s] INFO:colcon.colcon_core.task.python.build:Building Python package in '/home/somyeong/Doosan_Robotics_Rokey/ros2_ws/src/my_package1212'
[0.268s] INFO:colcon.colcon_core.shell:Skip shell extension 'powershell' for command environment: Not usable outside of PowerShell
[0.268s] DEBUG:colcon.colcon_core.shell:Skip shell extension 'dsv' for command environment
[0.386s] INFO:colcon.colcon_core.task.python.build:Building Python package in '/home/somyeong/Doosan_Robotics_Rokey/ros2_ws/src/py_pubsub'
[0.386s] INFO:colcon.colcon_core.shell:Skip shell extension 'powershell' for command environment: Not usable outside of PowerShell
[0.386s] DEBUG:colcon.colcon_core.shell:Skip shell extension 'dsv' for command environment
[0.688s] DEBUG:colcon.colcon_core.event_handler.log_command:Invoking command in '/home/somyeong/Doosan_Robotics_Rokey/ros2_ws/build/my_package1212': PYTHONPATH=/home/somyeong/Doosan_Robotics_Rokey/ros2_ws/build/my_package1212/prefix_override:/usr/lib/python3/dist-packages/colcon_core/task/python/colcon_distutils_commands:/home/somyeong/Doosan_Robotics_Rokey/ros2_ws/install/my_package1212/lib/python3.10/site-packages:${PYTHONPATH} /usr/bin/python3 -W ignore:setup.py install is deprecated setup.py develop --editable --build-directory /home/somyeong/Doosan_Robotics_Rokey/ros2_ws/build/my_package1212/build --no-deps symlink_data
[0.690s] DEBUG:colcon.colcon_core.event_handler.log_command:Invoking command in '/home/somyeong/Doosan_Robotics_Rokey/ros2_ws/build/py_pubsub': PYTHONPATH=/home/somyeong/Doosan_Robotics_Rokey/ros2_ws/build/py_pubsub/prefix_override:/usr/lib/python3/dist-packages/colcon_core/task/python/colcon_distutils_commands:/home/somyeong/Doosan_Robotics_Rokey/ros2_ws/install/py_pubsub/lib/python3.10/site-packages:${PYTHONPATH} /usr/bin/python3 -W ignore:setup.py install is deprecated setup.py develop --editable --build-directory /home/somyeong/Doosan_Robotics_Rokey/ros2_ws/build/py_pubsub/build --no-deps symlink_data --force
[1.024s] DEBUG:colcon.colcon_core.event_handler.log_command:Invoked command in '/home/somyeong/Doosan_Robotics_Rokey/ros2_ws/build/ros_study_msgs' returned '0': CMAKE_PREFIX_PATH=${CMAKE_PREFIX_PATH}:/home/somyeong/Doosan_Robotics_Rokey/ros2_ws/install/ros_study_py:/home/somyeong/Doosan_Robotics_Rokey/ros2_ws/install/ex_calculator:/home/somyeong/Doosan_Robotics_Rokey/ros2_ws/install/py_pubsub:/opt/ros/humble /usr/bin/cmake /home/somyeong/Doosan_Robotics_Rokey/ros2_ws/src/ros_study_msgs -DAMENT_CMAKE_SYMLINK_INSTALL=1 -DCMAKE_INSTALL_PREFIX=/home/somyeong/Doosan_Robotics_Rokey/ros2_ws/install/ros_study_msgs
[1.026s] DEBUG:colcon.colcon_core.event_handler.log_command:Invoking command in '/home/somyeong/Doosan_Robotics_Rokey/ros2_ws/build/ros_study_msgs': CMAKE_PREFIX_PATH=${CMAKE_PREFIX_PATH}:/home/somyeong/Doosan_Robotics_Rokey/ros2_ws/install/ros_study_py:/home/somyeong/Doosan_Robotics_Rokey/ros2_ws/install/ex_calculator:/home/somyeong/Doosan_Robotics_Rokey/ros2_ws/install/py_pubsub:/opt/ros/humble /usr/bin/cmake --build /home/somyeong/Doosan_Robotics_Rokey/ros2_ws/build/ros_study_msgs -- -j16 -l16
[1.060s] Level 1:colcon.colcon_core.shell:create_environment_hook('my_package1212', 'pythonpath_develop')
[1.061s] INFO:colcon.colcon_core.shell:Creating environment hook '/home/somyeong/Doosan_Robotics_Rokey/ros2_ws/build/my_package1212/share/my_package1212/hook/pythonpath_develop.ps1'
[1.061s] DEBUG:colcon.colcon_core.event_handler.log_command:Invoked command in '/home/somyeong/Doosan_Robotics_Rokey/ros2_ws/build/my_package1212' returned '0': PYTHONPATH=/home/somyeong/Doosan_Robotics_Rokey/ros2_ws/build/my_package1212/prefix_override:/usr/lib/python3/dist-packages/colcon_core/task/python/colcon_distutils_commands:/home/somyeong/Doosan_Robotics_Rokey/ros2_ws/install/my_package1212/lib/python3.10/site-packages:${PYTHONPATH} /usr/bin/python3 -W ignore:setup.py install is deprecated setup.py develop --editable --build-directory /home/somyeong/Doosan_Robotics_Rokey/ros2_ws/build/my_package1212/build --no-deps symlink_data
[1.062s] INFO:colcon.colcon_core.shell:Creating environment descriptor '/home/somyeong/Doosan_Robotics_Rokey/ros2_ws/build/my_package1212/share/my_package1212/hook/pythonpath_develop.dsv'
[1.062s] INFO:colcon.colcon_core.shell:Creating environment hook '/home/somyeong/Doosan_Robotics_Rokey/ros2_ws/build/my_package1212/share/my_package1212/hook/pythonpath_develop.sh'
[1.065s] Level 1:colcon.colcon_core.environment:checking '/home/somyeong/Doosan_Robotics_Rokey/ros2_ws/install/my_package1212' for CMake module files
[1.066s] Level 1:colcon.colcon_core.environment:checking '/home/somyeong/Doosan_Robotics_Rokey/ros2_ws/install/my_package1212' for CMake config files
[1.066s] Level 1:colcon.colcon_core.environment:checking '/home/somyeong/Doosan_Robotics_Rokey/ros2_ws/install/my_package1212/lib'
[1.067s] Level 1:colcon.colcon_core.environment:checking '/home/somyeong/Doosan_Robotics_Rokey/ros2_ws/install/my_package1212/bin'
[1.067s] Level 1:colcon.colcon_core.environment:checking '/home/somyeong/Doosan_Robotics_Rokey/ros2_ws/install/my_package1212/lib/pkgconfig/my_package1212.pc'
[1.067s] Level 1:colcon.colcon_core.environment:checking '/home/somyeong/Doosan_Robotics_Rokey/ros2_ws/install/my_package1212/lib/python3.10/site-packages'
[1.067s] Level 1:colcon.colcon_core.shell:create_environment_hook('my_package1212', 'pythonpath')
[1.067s] INFO:colcon.colcon_core.shell:Creating environment hook '/home/somyeong/Doosan_Robotics_Rokey/ros2_ws/install/my_package1212/share/my_package1212/hook/pythonpath.ps1'
[1.068s] INFO:colcon.colcon_core.shell:Creating environment descriptor '/home/somyeong/Doosan_Robotics_Rokey/ros2_ws/install/my_package1212/share/my_package1212/hook/pythonpath.dsv'
[1.068s] INFO:colcon.colcon_core.shell:Creating environment hook '/home/somyeong/Doosan_Robotics_Rokey/ros2_ws/install/my_package1212/share/my_package1212/hook/pythonpath.sh'
[1.069s] Level 1:colcon.colcon_core.environment:checking '/home/somyeong/Doosan_Robotics_Rokey/ros2_ws/install/my_package1212/bin'
[1.069s] Level 1:colcon.colcon_core.environment:create_environment_scripts_only(my_package1212)
[1.070s] INFO:colcon.colcon_core.shell:Creating package script '/home/somyeong/Doosan_Robotics_Rokey/ros2_ws/install/my_package1212/share/my_package1212/package.ps1'
[1.070s] INFO:colcon.colcon_core.shell:Creating package descriptor '/home/somyeong/Doosan_Robotics_Rokey/ros2_ws/install/my_package1212/share/my_package1212/package.dsv'
[1.071s] INFO:colcon.colcon_core.shell:Creating package script '/home/somyeong/Doosan_Robotics_Rokey/ros2_ws/install/my_package1212/share/my_package1212/package.sh'
[1.071s] INFO:colcon.colcon_core.shell:Creating package script '/home/somyeong/Doosan_Robotics_Rokey/ros2_ws/install/my_package1212/share/my_package1212/package.bash'
[1.079s] INFO:colcon.colcon_core.shell:Creating package script '/home/somyeong/Doosan_Robotics_Rokey/ros2_ws/install/my_package1212/share/my_package1212/package.zsh'
[1.079s] Level 1:colcon.colcon_core.environment:create_file_with_runtime_dependencies(/home/somyeong/Doosan_Robotics_Rokey/ros2_ws/install/my_package1212/share/colcon-core/packages/my_package1212)
[1.081s] DEBUG:colcon.colcon_core.event_handler.log_command:Invoked command in '/home/somyeong/Doosan_Robotics_Rokey/ros2_ws/build/ros_study_msgs' returned '2': CMAKE_PREFIX_PATH=${CMAKE_PREFIX_PATH}:/home/somyeong/Doosan_Robotics_Rokey/ros2_ws/install/ros_study_py:/home/somyeong/Doosan_Robotics_Rokey/ros2_ws/install/ex_calculator:/home/somyeong/Doosan_Robotics_Rokey/ros2_ws/install/py_pubsub:/opt/ros/humble /usr/bin/cmake --build /home/somyeong/Doosan_Robotics_Rokey/ros2_ws/build/ros_study_msgs -- -j16 -l16
[1.081s] Level 1:colcon.colcon_core.shell:create_environment_hook('py_pubsub', 'pythonpath_develop')
[1.082s] INFO:colcon.colcon_core.shell:Creating environment hook '/home/somyeong/Doosan_Robotics_Rokey/ros2_ws/build/py_pubsub/share/py_pubsub/hook/pythonpath_develop.ps1'
[1.082s] DEBUG:colcon.colcon_core.event_handler.log_command:Invoked command in '/home/somyeong/Doosan_Robotics_Rokey/ros2_ws/build/py_pubsub' returned '0': PYTHONPATH=/home/somyeong/Doosan_Robotics_Rokey/ros2_ws/build/py_pubsub/prefix_override:/usr/lib/python3/dist-packages/colcon_core/task/python/colcon_distutils_commands:/home/somyeong/Doosan_Robotics_Rokey/ros2_ws/install/py_pubsub/lib/python3.10/site-packages:${PYTHONPATH} /usr/bin/python3 -W ignore:setup.py install is deprecated setup.py develop --editable --build-directory /home/somyeong/Doosan_Robotics_Rokey/ros2_ws/build/py_pubsub/build --no-deps symlink_data --force
[1.083s] INFO:colcon.colcon_core.shell:Creating environment descriptor '/home/somyeong/Doosan_Robotics_Rokey/ros2_ws/build/py_pubsub/share/py_pubsub/hook/pythonpath_develop.dsv'
[1.083s] INFO:colcon.colcon_core.shell:Creating environment hook '/home/somyeong/Doosan_Robotics_Rokey/ros2_ws/build/py_pubsub/share/py_pubsub/hook/pythonpath_develop.sh'
[1.083s] Level 1:colcon.colcon_core.environment:checking '/home/somyeong/Doosan_Robotics_Rokey/ros2_ws/install/py_pubsub' for CMake module files
[1.084s] Level 1:colcon.colcon_core.environment:checking '/home/somyeong/Doosan_Robotics_Rokey/ros2_ws/install/py_pubsub' for CMake config files
[1.084s] Level 1:colcon.colcon_core.environment:checking '/home/somyeong/Doosan_Robotics_Rokey/ros2_ws/install/py_pubsub/lib'
[1.084s] Level 1:colcon.colcon_core.environment:checking '/home/somyeong/Doosan_Robotics_Rokey/ros2_ws/install/py_pubsub/bin'
[1.084s] Level 1:colcon.colcon_core.environment:checking '/home/somyeong/Doosan_Robotics_Rokey/ros2_ws/install/py_pubsub/lib/pkgconfig/py_pubsub.pc'
[1.084s] Level 1:colcon.colcon_core.environment:checking '/home/somyeong/Doosan_Robotics_Rokey/ros2_ws/install/py_pubsub/lib/python3.10/site-packages'
[1.084s] Level 1:colcon.colcon_core.shell:create_environment_hook('py_pubsub', 'pythonpath')
[1.084s] INFO:colcon.colcon_core.shell:Creating environment hook '/home/somyeong/Doosan_Robotics_Rokey/ros2_ws/install/py_pubsub/share/py_pubsub/hook/pythonpath.ps1'
[1.084s] INFO:colcon.colcon_core.shell:Creating environment descriptor '/home/somyeong/Doosan_Robotics_Rokey/ros2_ws/install/py_pubsub/share/py_pubsub/hook/pythonpath.dsv'
[1.085s] INFO:colcon.colcon_core.shell:Creating environment hook '/home/somyeong/Doosan_Robotics_Rokey/ros2_ws/install/py_pubsub/share/py_pubsub/hook/pythonpath.sh'
[1.085s] Level 1:colcon.colcon_core.environment:checking '/home/somyeong/Doosan_Robotics_Rokey/ros2_ws/install/py_pubsub/bin'
[1.085s] Level 1:colcon.colcon_core.environment:create_environment_scripts_only(py_pubsub)
[1.085s] INFO:colcon.colcon_core.shell:Creating package script '/home/somyeong/Doosan_Robotics_Rokey/ros2_ws/install/py_pubsub/share/py_pubsub/package.ps1'
[1.086s] INFO:colcon.colcon_core.shell:Creating package descriptor '/home/somyeong/Doosan_Robotics_Rokey/ros2_ws/install/py_pubsub/share/py_pubsub/package.dsv'
[1.086s] INFO:colcon.colcon_core.shell:Creating package script '/home/somyeong/Doosan_Robotics_Rokey/ros2_ws/install/py_pubsub/share/py_pubsub/package.sh'
[1.086s] INFO:colcon.colcon_core.shell:Creating package script '/home/somyeong/Doosan_Robotics_Rokey/ros2_ws/install/py_pubsub/share/py_pubsub/package.bash'
[1.086s] INFO:colcon.colcon_core.shell:Creating package script '/home/somyeong/Doosan_Robotics_Rokey/ros2_ws/install/py_pubsub/share/py_pubsub/package.zsh'
[1.086s] Level 1:colcon.colcon_core.environment:create_file_with_runtime_dependencies(/home/somyeong/Doosan_Robotics_Rokey/ros2_ws/install/py_pubsub/share/colcon-core/packages/py_pubsub)
[1.199s] Level 1:colcon.colcon_core.environment:create_environment_scripts_only(ros_study_msgs)
[1.199s] Level 1:colcon.colcon_core.environment:checking '/home/somyeong/Doosan_Robotics_Rokey/ros2_ws/install/ros_study_msgs' for CMake module files
[1.200s] Level 1:colcon.colcon_core.environment:checking '/home/somyeong/Doosan_Robotics_Rokey/ros2_ws/install/ros_study_msgs' for CMake config files
[1.200s] Level 1:colcon.colcon_core.shell:create_environment_hook('ros_study_msgs', 'cmake_prefix_path')
[1.201s] INFO:colcon.colcon_core.shell:Creating environment hook '/home/somyeong/Doosan_Robotics_Rokey/ros2_ws/install/ros_study_msgs/share/ros_study_msgs/hook/cmake_prefix_path.ps1'
[1.201s] INFO:colcon.colcon_core.shell:Creating environment descriptor '/home/somyeong/Doosan_Robotics_Rokey/ros2_ws/install/ros_study_msgs/share/ros_study_msgs/hook/cmake_prefix_path.dsv'
[1.201s] INFO:colcon.colcon_core.shell:Creating environment hook '/home/somyeong/Doosan_Robotics_Rokey/ros2_ws/install/ros_study_msgs/share/ros_study_msgs/hook/cmake_prefix_path.sh'
[1.202s] Level 1:colcon.colcon_core.environment:checking '/home/somyeong/Doosan_Robotics_Rokey/ros2_ws/install/ros_study_msgs/lib'
[1.202s] Level 1:colcon.colcon_core.shell:create_environment_hook('ros_study_msgs', 'ld_library_path_lib')
[1.202s] INFO:colcon.colcon_core.shell:Creating environment hook '/home/somyeong/Doosan_Robotics_Rokey/ros2_ws/install/ros_study_msgs/share/ros_study_msgs/hook/ld_library_path_lib.ps1'
[1.202s] INFO:colcon.colcon_core.shell:Creating environment descriptor '/home/somyeong/Doosan_Robotics_Rokey/ros2_ws/install/ros_study_msgs/share/ros_study_msgs/hook/ld_library_path_lib.dsv'
[1.202s] INFO:colcon.colcon_core.shell:Creating environment hook '/home/somyeong/Doosan_Robotics_Rokey/ros2_ws/install/ros_study_msgs/share/ros_study_msgs/hook/ld_library_path_lib.sh'
[1.202s] Level 1:colcon.colcon_core.environment:checking '/home/somyeong/Doosan_Robotics_Rokey/ros2_ws/install/ros_study_msgs/bin'
[1.202s] Level 1:colcon.colcon_core.environment:checking '/home/somyeong/Doosan_Robotics_Rokey/ros2_ws/install/ros_study_msgs/lib/pkgconfig/ros_study_msgs.pc'
[1.202s] Level 1:colcon.colcon_core.environment:checking '/home/somyeong/Doosan_Robotics_Rokey/ros2_ws/install/ros_study_msgs/lib/python3.10/site-packages'
[1.202s] Level 1:colcon.colcon_core.environment:checking '/home/somyeong/Doosan_Robotics_Rokey/ros2_ws/install/ros_study_msgs/bin'
[1.203s] INFO:colcon.colcon_core.shell:Creating package script '/home/somyeong/Doosan_Robotics_Rokey/ros2_ws/install/ros_study_msgs/share/ros_study_msgs/package.ps1'
[1.203s] INFO:colcon.colcon_core.shell:Creating package descriptor '/home/somyeong/Doosan_Robotics_Rokey/ros2_ws/install/ros_study_msgs/share/ros_study_msgs/package.dsv'
[1.203s] INFO:colcon.colcon_core.shell:Creating package script '/home/somyeong/Doosan_Robotics_Rokey/ros2_ws/install/ros_study_msgs/share/ros_study_msgs/package.sh'
[1.203s] INFO:colcon.colcon_core.shell:Creating package script '/home/somyeong/Doosan_Robotics_Rokey/ros2_ws/install/ros_study_msgs/share/ros_study_msgs/package.bash'
[1.203s] INFO:colcon.colcon_core.shell:Creating package script '/home/somyeong/Doosan_Robotics_Rokey/ros2_ws/install/ros_study_msgs/share/ros_study_msgs/package.zsh'
[1.204s] Level 1:colcon.colcon_core.environment:create_file_with_runtime_dependencies(/home/somyeong/Doosan_Robotics_Rokey/ros2_ws/install/ros_study_msgs/share/colcon-core/packages/ros_study_msgs)
[1.214s] DEBUG:colcon.colcon_parallel_executor.executor.parallel:closing loop
[1.214s] DEBUG:colcon.colcon_parallel_executor.executor.parallel:loop closed
[1.214s] DEBUG:colcon.colcon_parallel_executor.executor.parallel:run_until_complete finished with '2'
[1.214s] DEBUG:colcon.colcon_core.event_reactor:joining thread
[1.220s] INFO:colcon.colcon_core.plugin_system:Skipping extension 'colcon_notification.desktop_notification.terminal_notifier': Not used on non-Darwin systems
[1.220s] INFO:colcon.colcon_core.plugin_system:Skipping extension 'colcon_notification.desktop_notification.win32': Not used on non-Windows systems
[1.220s] INFO:colcon.colcon_notification.desktop_notification:Sending desktop notification using 'notify2'
[1.230s] DEBUG:colcon.colcon_core.event_reactor:joined thread
[1.230s] INFO:colcon.colcon_core.shell:Creating prefix script '/home/somyeong/Doosan_Robotics_Rokey/ros2_ws/install/local_setup.ps1'
[1.231s] INFO:colcon.colcon_core.shell:Creating prefix util module '/home/somyeong/Doosan_Robotics_Rokey/ros2_ws/install/_local_setup_util_ps1.py'
[1.232s] INFO:colcon.colcon_core.shell:Creating prefix chain script '/home/somyeong/Doosan_Robotics_Rokey/ros2_ws/install/setup.ps1'
[1.233s] INFO:colcon.colcon_core.shell:Creating prefix script '/home/somyeong/Doosan_Robotics_Rokey/ros2_ws/install/local_setup.sh'
[1.234s] INFO:colcon.colcon_core.shell:Creating prefix util module '/home/somyeong/Doosan_Robotics_Rokey/ros2_ws/install/_local_setup_util_sh.py'
[1.234s] INFO:colcon.colcon_core.shell:Creating prefix chain script '/home/somyeong/Doosan_Robotics_Rokey/ros2_ws/install/setup.sh'
[1.235s] INFO:colcon.colcon_core.shell:Creating prefix script '/home/somyeong/Doosan_Robotics_Rokey/ros2_ws/install/local_setup.bash'
[1.235s] INFO:colcon.colcon_core.shell:Creating prefix chain script '/home/somyeong/Doosan_Robotics_Rokey/ros2_ws/install/setup.bash'
[1.235s] INFO:colcon.colcon_core.shell:Creating prefix script '/home/somyeong/Doosan_Robotics_Rokey/ros2_ws/install/local_setup.zsh'
[1.236s] INFO:colcon.colcon_core.shell:Creating prefix chain script '/home/somyeong/Doosan_Robotics_Rokey/ros2_ws/install/setup.zsh'
