/home/somyeong/.local/lib/python3.10/site-packages/setuptools/_distutils/dist.py:261: UserWarning: Unknown distribution option: 'tests_require'
  warnings.warn(msg)
running egg_info
creating ../build/turtlebot3_gui/turtlebot3_gui.egg-info
writing ../build/turtlebot3_gui/turtlebot3_gui.egg-info/PKG-INFO
writing dependency_links to ../build/turtlebot3_gui/turtlebot3_gui.egg-info/dependency_links.txt
writing entry points to ../build/turtlebot3_gui/turtlebot3_gui.egg-info/entry_points.txt
writing requirements to ../build/turtlebot3_gui/turtlebot3_gui.egg-info/requires.txt
writing top-level names to ../build/turtlebot3_gui/turtlebot3_gui.egg-info/top_level.txt
writing manifest file '../build/turtlebot3_gui/turtlebot3_gui.egg-info/SOURCES.txt'
reading manifest file '../build/turtlebot3_gui/turtlebot3_gui.egg-info/SOURCES.txt'
writing manifest file '../build/turtlebot3_gui/turtlebot3_gui.egg-info/SOURCES.txt'
running build
running build_py
creating /home/somyeong/Doosan_Robotics_Rokey/[주행1]/project_ws/build/turtlebot3_gui/build/lib/turtlebot3_gui
copying turtlebot3_gui/subscriber_member.py -> /home/somyeong/Doosan_Robotics_Rokey/[주행1]/project_ws/build/turtlebot3_gui/build/lib/turtlebot3_gui
copying turtlebot3_gui/__init__.py -> /home/somyeong/Doosan_Robotics_Rokey/[주행1]/project_ws/build/turtlebot3_gui/build/lib/turtlebot3_gui
copying turtlebot3_gui/publisher_member.py -> /home/somyeong/Doosan_Robotics_Rokey/[주행1]/project_ws/build/turtlebot3_gui/build/lib/turtlebot3_gui
running install
running install_lib
creating /home/somyeong/Doosan_Robotics_Rokey/[주행1]/project_ws/install/turtlebot3_gui/lib/python3.10/site-packages/turtlebot3_gui
copying /home/somyeong/Doosan_Robotics_Rokey/[주행1]/project_ws/build/turtlebot3_gui/build/lib/turtlebot3_gui/subscriber_member.py -> /home/somyeong/Doosan_Robotics_Rokey/[주행1]/project_ws/install/turtlebot3_gui/lib/python3.10/site-packages/turtlebot3_gui
copying /home/somyeong/Doosan_Robotics_Rokey/[주행1]/project_ws/build/turtlebot3_gui/build/lib/turtlebot3_gui/__init__.py -> /home/somyeong/Doosan_Robotics_Rokey/[주행1]/project_ws/install/turtlebot3_gui/lib/python3.10/site-packages/turtlebot3_gui
copying /home/somyeong/Doosan_Robotics_Rokey/[주행1]/project_ws/build/turtlebot3_gui/build/lib/turtlebot3_gui/publisher_member.py -> /home/somyeong/Doosan_Robotics_Rokey/[주행1]/project_ws/install/turtlebot3_gui/lib/python3.10/site-packages/turtlebot3_gui
byte-compiling /home/somyeong/Doosan_Robotics_Rokey/[주행1]/project_ws/install/turtlebot3_gui/lib/python3.10/site-packages/turtlebot3_gui/subscriber_member.py to subscriber_member.cpython-310.pyc
byte-compiling /home/somyeong/Doosan_Robotics_Rokey/[주행1]/project_ws/install/turtlebot3_gui/lib/python3.10/site-packages/turtlebot3_gui/__init__.py to __init__.cpython-310.pyc
byte-compiling /home/somyeong/Doosan_Robotics_Rokey/[주행1]/project_ws/install/turtlebot3_gui/lib/python3.10/site-packages/turtlebot3_gui/publisher_member.py to publisher_member.cpython-310.pyc
running install_data
creating /home/somyeong/Doosan_Robotics_Rokey/[주행1]/project_ws/install/turtlebot3_gui/share/ament_index/resource_index/packages
copying resource/turtlebot3_gui -> /home/somyeong/Doosan_Robotics_Rokey/[주행1]/project_ws/install/turtlebot3_gui/share/ament_index/resource_index/packages
copying package.xml -> /home/somyeong/Doosan_Robotics_Rokey/[주행1]/project_ws/install/turtlebot3_gui/share/turtlebot3_gui
running install_egg_info
Copying ../build/turtlebot3_gui/turtlebot3_gui.egg-info to /home/somyeong/Doosan_Robotics_Rokey/[주행1]/project_ws/install/turtlebot3_gui/lib/python3.10/site-packages/turtlebot3_gui-0.0.0-py3.10.egg-info
running install_scripts
Installing publisher_member_function script to /home/somyeong/Doosan_Robotics_Rokey/[주행1]/project_ws/install/turtlebot3_gui/lib/turtlebot3_gui
Installing subscriber_member_function script to /home/somyeong/Doosan_Robotics_Rokey/[주행1]/project_ws/install/turtlebot3_gui/lib/turtlebot3_gui
writing list of installed files to '/home/somyeong/Doosan_Robotics_Rokey/[주행1]/project_ws/build/turtlebot3_gui/install.log'
