[0.411s] Invoking command in '/home/somyeong/Doosan_Robotics_Rokey/[주행1]/project_ws/turtlebot3_gui': PYTHONPATH=/home/somyeong/Doosan_Robotics_Rokey/[주행1]/project_ws/build/turtlebot3_gui/prefix_override:/usr/lib/python3/dist-packages/colcon_core/task/python/colcon_distutils_commands:/home/somyeong/Doosan_Robotics_Rokey/[주행1]/project_ws/install/turtlebot3_gui/lib/python3.10/site-packages:${PYTHONPATH} /usr/bin/python3 -W ignore:setup.py install is deprecated setup.py egg_info --egg-base ../build/turtlebot3_gui build --build-base /home/somyeong/Doosan_Robotics_Rokey/[주행1]/project_ws/build/turtlebot3_gui/build install --record /home/somyeong/Doosan_Robotics_Rokey/[주행1]/project_ws/build/turtlebot3_gui/install.log --single-version-externally-managed install_data
[0.499s] /home/somyeong/.local/lib/python3.10/site-packages/setuptools/_distutils/dist.py:261: UserWarning: Unknown distribution option: 'tests_require'
[0.499s]   warnings.warn(msg)
[0.557s] running egg_info
[0.557s] creating ../build/turtlebot3_gui/turtlebot3_gui.egg-info
[0.566s] writing ../build/turtlebot3_gui/turtlebot3_gui.egg-info/PKG-INFO
[0.566s] writing dependency_links to ../build/turtlebot3_gui/turtlebot3_gui.egg-info/dependency_links.txt
[0.567s] writing entry points to ../build/turtlebot3_gui/turtlebot3_gui.egg-info/entry_points.txt
[0.567s] writing requirements to ../build/turtlebot3_gui/turtlebot3_gui.egg-info/requires.txt
[0.567s] writing top-level names to ../build/turtlebot3_gui/turtlebot3_gui.egg-info/top_level.txt
[0.567s] writing manifest file '../build/turtlebot3_gui/turtlebot3_gui.egg-info/SOURCES.txt'
[0.586s] reading manifest file '../build/turtlebot3_gui/turtlebot3_gui.egg-info/SOURCES.txt'
[0.587s] writing manifest file '../build/turtlebot3_gui/turtlebot3_gui.egg-info/SOURCES.txt'
[0.587s] running build
[0.587s] running build_py
[0.587s] creating /home/somyeong/Doosan_Robotics_Rokey/[주행1]/project_ws/build/turtlebot3_gui/build/lib/turtlebot3_gui
[0.587s] copying turtlebot3_gui/subscriber_member.py -> /home/somyeong/Doosan_Robotics_Rokey/[주행1]/project_ws/build/turtlebot3_gui/build/lib/turtlebot3_gui
[0.587s] copying turtlebot3_gui/__init__.py -> /home/somyeong/Doosan_Robotics_Rokey/[주행1]/project_ws/build/turtlebot3_gui/build/lib/turtlebot3_gui
[0.587s] copying turtlebot3_gui/publisher_member.py -> /home/somyeong/Doosan_Robotics_Rokey/[주행1]/project_ws/build/turtlebot3_gui/build/lib/turtlebot3_gui
[0.588s] running install
[0.590s] running install_lib
[0.600s] creating /home/somyeong/Doosan_Robotics_Rokey/[주행1]/project_ws/install/turtlebot3_gui/lib/python3.10/site-packages/turtlebot3_gui
[0.600s] copying /home/somyeong/Doosan_Robotics_Rokey/[주행1]/project_ws/build/turtlebot3_gui/build/lib/turtlebot3_gui/subscriber_member.py -> /home/somyeong/Doosan_Robotics_Rokey/[주행1]/project_ws/install/turtlebot3_gui/lib/python3.10/site-packages/turtlebot3_gui
[0.600s] copying /home/somyeong/Doosan_Robotics_Rokey/[주행1]/project_ws/build/turtlebot3_gui/build/lib/turtlebot3_gui/__init__.py -> /home/somyeong/Doosan_Robotics_Rokey/[주행1]/project_ws/install/turtlebot3_gui/lib/python3.10/site-packages/turtlebot3_gui
[0.600s] copying /home/somyeong/Doosan_Robotics_Rokey/[주행1]/project_ws/build/turtlebot3_gui/build/lib/turtlebot3_gui/publisher_member.py -> /home/somyeong/Doosan_Robotics_Rokey/[주행1]/project_ws/install/turtlebot3_gui/lib/python3.10/site-packages/turtlebot3_gui
[0.600s] byte-compiling /home/somyeong/Doosan_Robotics_Rokey/[주행1]/project_ws/install/turtlebot3_gui/lib/python3.10/site-packages/turtlebot3_gui/subscriber_member.py to subscriber_member.cpython-310.pyc
[0.600s] byte-compiling /home/somyeong/Doosan_Robotics_Rokey/[주행1]/project_ws/install/turtlebot3_gui/lib/python3.10/site-packages/turtlebot3_gui/__init__.py to __init__.cpython-310.pyc
[0.601s] byte-compiling /home/somyeong/Doosan_Robotics_Rokey/[주행1]/project_ws/install/turtlebot3_gui/lib/python3.10/site-packages/turtlebot3_gui/publisher_member.py to publisher_member.cpython-310.pyc
[0.601s] running install_data
[0.601s] creating /home/somyeong/Doosan_Robotics_Rokey/[주행1]/project_ws/install/turtlebot3_gui/share/ament_index/resource_index/packages
[0.601s] copying resource/turtlebot3_gui -> /home/somyeong/Doosan_Robotics_Rokey/[주행1]/project_ws/install/turtlebot3_gui/share/ament_index/resource_index/packages
[0.601s] copying package.xml -> /home/somyeong/Doosan_Robotics_Rokey/[주행1]/project_ws/install/turtlebot3_gui/share/turtlebot3_gui
[0.601s] running install_egg_info
[0.612s] Copying ../build/turtlebot3_gui/turtlebot3_gui.egg-info to /home/somyeong/Doosan_Robotics_Rokey/[주행1]/project_ws/install/turtlebot3_gui/lib/python3.10/site-packages/turtlebot3_gui-0.0.0-py3.10.egg-info
[0.612s] running install_scripts
[0.690s] Installing publisher_member_function script to /home/somyeong/Doosan_Robotics_Rokey/[주행1]/project_ws/install/turtlebot3_gui/lib/turtlebot3_gui
[0.690s] Installing subscriber_member_function script to /home/somyeong/Doosan_Robotics_Rokey/[주행1]/project_ws/install/turtlebot3_gui/lib/turtlebot3_gui
[0.690s] writing list of installed files to '/home/somyeong/Doosan_Robotics_Rokey/[주행1]/project_ws/build/turtlebot3_gui/install.log'
[0.705s] Invoked command in '/home/somyeong/Doosan_Robotics_Rokey/[주행1]/project_ws/turtlebot3_gui' returned '0': PYTHONPATH=/home/somyeong/Doosan_Robotics_Rokey/[주행1]/project_ws/build/turtlebot3_gui/prefix_override:/usr/lib/python3/dist-packages/colcon_core/task/python/colcon_distutils_commands:/home/somyeong/Doosan_Robotics_Rokey/[주행1]/project_ws/install/turtlebot3_gui/lib/python3.10/site-packages:${PYTHONPATH} /usr/bin/python3 -W ignore:setup.py install is deprecated setup.py egg_info --egg-base ../build/turtlebot3_gui build --build-base /home/somyeong/Doosan_Robotics_Rokey/[주행1]/project_ws/build/turtlebot3_gui/build install --record /home/somyeong/Doosan_Robotics_Rokey/[주행1]/project_ws/build/turtlebot3_gui/install.log --single-version-externally-managed install_data
