[0.070s] DEBUG:colcon:Command line arguments: ['/usr/bin/colcon', 'build']
[0.070s] DEBUG:colcon:Parsed command line arguments: Namespace(log_base=None, log_level=None, verb_name='build', build_base='build', install_base='install', merge_install=False, symlink_install=False, test_result_base=None, continue_on_error=False, executor='parallel', parallel_workers=16, event_handlers=None, ignore_user_meta=False, metas=['./colcon.meta'], base_paths=['.'], packages_ignore=None, packages_ignore_regex=None, paths=None, packages_up_to=None, packages_up_to_regex=None, packages_above=None, packages_above_and_dependencies=None, packages_above_depth=None, packages_select_by_dep=None, packages_skip_by_dep=None, packages_skip_up_to=None, packages_select_build_failed=False, packages_skip_build_finished=False, packages_select_test_failures=False, packages_skip_test_passed=False, packages_select=None, packages_skip=None, packages_select_regex=None, packages_skip_regex=None, packages_start=None, packages_end=None, allow_overriding=[], cmake_args=None, cmake_target=None, cmake_target_skip_unavailable=False, cmake_clean_cache=False, cmake_clean_first=False, cmake_force_configure=False, ament_cmake_args=None, catkin_cmake_args=None, catkin_skip_building_tests=False, verb_parser=<colcon_defaults.argument_parser.defaults.DefaultArgumentsDecorator object at 0x763090b71870>, verb_extension=<colcon_core.verb.build.BuildVerb object at 0x763090b71300>, main=<bound method BuildVerb.main of <colcon_core.verb.build.BuildVerb object at 0x763090b71300>>)
[0.091s] Level 1:colcon.colcon_core.package_discovery:discover_packages(colcon_meta) check parameters
[0.091s] Level 1:colcon.colcon_core.package_discovery:discover_packages(recursive) check parameters
[0.091s] Level 1:colcon.colcon_core.package_discovery:discover_packages(ignore) check parameters
[0.091s] Level 1:colcon.colcon_core.package_discovery:discover_packages(path) check parameters
[0.091s] Level 1:colcon.colcon_core.package_discovery:discover_packages(colcon_meta) discover
[0.091s] Level 1:colcon.colcon_core.package_discovery:discover_packages(recursive) discover
[0.091s] INFO:colcon.colcon_core.package_discovery:Crawling recursively for packages in '/home/somyeong/Doosan_Robotics_Rokey/ROS2/hangman_ws'
[0.091s] Level 1:colcon.colcon_core.package_identification:_identify(.) by extensions ['ignore', 'ignore_ament_install']
[0.091s] Level 1:colcon.colcon_core.package_identification:_identify(.) by extension 'ignore'
[0.091s] Level 1:colcon.colcon_core.package_identification:_identify(.) by extension 'ignore_ament_install'
[0.091s] Level 1:colcon.colcon_core.package_identification:_identify(.) by extensions ['colcon_pkg']
[0.091s] Level 1:colcon.colcon_core.package_identification:_identify(.) by extension 'colcon_pkg'
[0.091s] Level 1:colcon.colcon_core.package_identification:_identify(.) by extensions ['colcon_meta']
[0.091s] Level 1:colcon.colcon_core.package_identification:_identify(.) by extension 'colcon_meta'
[0.091s] Level 1:colcon.colcon_core.package_identification:_identify(.) by extensions ['ros']
[0.091s] Level 1:colcon.colcon_core.package_identification:_identify(.) by extension 'ros'
[0.100s] Level 1:colcon.colcon_core.package_identification:_identify(.) by extensions ['cmake', 'python']
[0.100s] Level 1:colcon.colcon_core.package_identification:_identify(.) by extension 'cmake'
[0.100s] Level 1:colcon.colcon_core.package_identification:_identify(.) by extension 'python'
[0.100s] Level 1:colcon.colcon_core.package_identification:_identify(.) by extensions ['python_setup_py']
[0.100s] Level 1:colcon.colcon_core.package_identification:_identify(.) by extension 'python_setup_py'
[0.100s] Level 1:colcon.colcon_core.package_identification:_identify(build) by extensions ['ignore', 'ignore_ament_install']
[0.100s] Level 1:colcon.colcon_core.package_identification:_identify(build) by extension 'ignore'
[0.100s] Level 1:colcon.colcon_core.package_identification:_identify(build) ignored
[0.100s] Level 1:colcon.colcon_core.package_identification:_identify(hangman_game) by extensions ['ignore', 'ignore_ament_install']
[0.100s] Level 1:colcon.colcon_core.package_identification:_identify(hangman_game) by extension 'ignore'
[0.100s] Level 1:colcon.colcon_core.package_identification:_identify(hangman_game) by extension 'ignore_ament_install'
[0.100s] Level 1:colcon.colcon_core.package_identification:_identify(hangman_game) by extensions ['colcon_pkg']
[0.100s] Level 1:colcon.colcon_core.package_identification:_identify(hangman_game) by extension 'colcon_pkg'
[0.100s] Level 1:colcon.colcon_core.package_identification:_identify(hangman_game) by extensions ['colcon_meta']
[0.100s] Level 1:colcon.colcon_core.package_identification:_identify(hangman_game) by extension 'colcon_meta'
[0.100s] Level 1:colcon.colcon_core.package_identification:_identify(hangman_game) by extensions ['ros']
[0.100s] Level 1:colcon.colcon_core.package_identification:_identify(hangman_game) by extension 'ros'
[0.101s] DEBUG:colcon.colcon_core.package_identification:Package 'hangman_game' with type 'ros.ament_python' and name 'hangman_game'
[0.101s] Level 1:colcon.colcon_core.package_identification:_identify(hangman_interfaces) by extensions ['ignore', 'ignore_ament_install']
[0.101s] Level 1:colcon.colcon_core.package_identification:_identify(hangman_interfaces) by extension 'ignore'
[0.101s] Level 1:colcon.colcon_core.package_identification:_identify(hangman_interfaces) by extension 'ignore_ament_install'
[0.101s] Level 1:colcon.colcon_core.package_identification:_identify(hangman_interfaces) by extensions ['colcon_pkg']
[0.102s] Level 1:colcon.colcon_core.package_identification:_identify(hangman_interfaces) by extension 'colcon_pkg'
[0.102s] Level 1:colcon.colcon_core.package_identification:_identify(hangman_interfaces) by extensions ['colcon_meta']
[0.102s] Level 1:colcon.colcon_core.package_identification:_identify(hangman_interfaces) by extension 'colcon_meta'
[0.102s] Level 1:colcon.colcon_core.package_identification:_identify(hangman_interfaces) by extensions ['ros']
[0.102s] Level 1:colcon.colcon_core.package_identification:_identify(hangman_interfaces) by extension 'ros'
[0.102s] DEBUG:colcon.colcon_core.package_identification:Package 'hangman_interfaces' with type 'ros.ament_cmake' and name 'hangman_interfaces'
[0.102s] Level 1:colcon.colcon_core.package_identification:_identify(install) by extensions ['ignore', 'ignore_ament_install']
[0.102s] Level 1:colcon.colcon_core.package_identification:_identify(install) by extension 'ignore'
[0.102s] Level 1:colcon.colcon_core.package_identification:_identify(install) ignored
[0.102s] Level 1:colcon.colcon_core.package_identification:_identify(log) by extensions ['ignore', 'ignore_ament_install']
[0.102s] Level 1:colcon.colcon_core.package_identification:_identify(log) by extension 'ignore'
[0.102s] Level 1:colcon.colcon_core.package_identification:_identify(log) ignored
[0.102s] Level 1:colcon.colcon_core.package_identification:_identify(src) by extensions ['ignore', 'ignore_ament_install']
[0.102s] Level 1:colcon.colcon_core.package_identification:_identify(src) by extension 'ignore'
[0.102s] Level 1:colcon.colcon_core.package_identification:_identify(src) by extension 'ignore_ament_install'
[0.102s] Level 1:colcon.colcon_core.package_identification:_identify(src) by extensions ['colcon_pkg']
[0.102s] Level 1:colcon.colcon_core.package_identification:_identify(src) by extension 'colcon_pkg'
[0.102s] Level 1:colcon.colcon_core.package_identification:_identify(src) by extensions ['colcon_meta']
[0.102s] Level 1:colcon.colcon_core.package_identification:_identify(src) by extension 'colcon_meta'
[0.102s] Level 1:colcon.colcon_core.package_identification:_identify(src) by extensions ['ros']
[0.102s] Level 1:colcon.colcon_core.package_identification:_identify(src) by extension 'ros'
[0.102s] Level 1:colcon.colcon_core.package_identification:_identify(src) by extensions ['cmake', 'python']
[0.102s] Level 1:colcon.colcon_core.package_identification:_identify(src) by extension 'cmake'
[0.102s] Level 1:colcon.colcon_core.package_identification:_identify(src) by extension 'python'
[0.102s] Level 1:colcon.colcon_core.package_identification:_identify(src) by extensions ['python_setup_py']
[0.102s] Level 1:colcon.colcon_core.package_identification:_identify(src) by extension 'python_setup_py'
[0.102s] Level 1:colcon.colcon_core.package_discovery:discover_packages(recursive) using defaults
[0.103s] Level 1:colcon.colcon_core.package_discovery:discover_packages(ignore) discover
[0.103s] Level 1:colcon.colcon_core.package_discovery:discover_packages(ignore) using defaults
[0.103s] Level 1:colcon.colcon_core.package_discovery:discover_packages(path) discover
[0.103s] Level 1:colcon.colcon_core.package_discovery:discover_packages(path) using defaults
[0.113s] Level 1:colcon.colcon_core.package_discovery:discover_packages(prefix_path) check parameters
[0.113s] Level 1:colcon.colcon_core.package_discovery:discover_packages(prefix_path) discover
[0.113s] WARNING:colcon.colcon_core.prefix_path.colcon:The path '/home/somyeong/Doosan_Robotics_Rokey/ros2_ws/install' in the environment variable COLCON_PREFIX_PATH doesn't exist
[0.113s] WARNING:colcon.colcon_ros.prefix_path.ament:The path '/home/somyeong/Doosan_Robotics_Rokey/ros2_ws/install/ros_study_py' in the environment variable AMENT_PREFIX_PATH doesn't exist
[0.113s] WARNING:colcon.colcon_ros.prefix_path.ament:The path '/home/somyeong/Doosan_Robotics_Rokey/ros2_ws/install/ex_calculator' in the environment variable AMENT_PREFIX_PATH doesn't exist
[0.113s] WARNING:colcon.colcon_ros.prefix_path.ament:The path '/home/somyeong/Doosan_Robotics_Rokey/ros2_ws/install/ros_study_msgs' in the environment variable AMENT_PREFIX_PATH doesn't exist
[0.113s] WARNING:colcon.colcon_ros.prefix_path.ament:The path '/home/somyeong/Doosan_Robotics_Rokey/ros2_ws/install/ros2env' in the environment variable AMENT_PREFIX_PATH doesn't exist
[0.114s] WARNING:colcon.colcon_ros.prefix_path.ament:The path '/home/somyeong/Doosan_Robotics_Rokey/ros2_ws/install/py_pubsub' in the environment variable AMENT_PREFIX_PATH doesn't exist
[0.114s] WARNING:colcon.colcon_ros.prefix_path.ament:The path '/home/somyeong/Doosan_Robotics_Rokey/ros2_ws/install/my_package1212' in the environment variable AMENT_PREFIX_PATH doesn't exist
[0.114s] WARNING:colcon.colcon_ros.prefix_path.catkin:The path '/home/somyeong/Doosan_Robotics_Rokey/ros2_ws/install/ros_study_msgs' in the environment variable CMAKE_PREFIX_PATH doesn't exist
[0.114s] DEBUG:colcon.colcon_installed_package_information.package_discovery:Found 277 installed packages in /opt/ros/humble
[0.115s] Level 1:colcon.colcon_core.package_discovery:discover_packages(prefix_path) using defaults
[0.133s] Level 5:colcon.colcon_core.verb:set package 'hangman_interfaces' build argument 'cmake_args' from command line to 'None'
[0.133s] Level 5:colcon.colcon_core.verb:set package 'hangman_interfaces' build argument 'cmake_target' from command line to 'None'
[0.133s] Level 5:colcon.colcon_core.verb:set package 'hangman_interfaces' build argument 'cmake_target_skip_unavailable' from command line to 'False'
[0.133s] Level 5:colcon.colcon_core.verb:set package 'hangman_interfaces' build argument 'cmake_clean_cache' from command line to 'False'
[0.133s] Level 5:colcon.colcon_core.verb:set package 'hangman_interfaces' build argument 'cmake_clean_first' from command line to 'False'
[0.133s] Level 5:colcon.colcon_core.verb:set package 'hangman_interfaces' build argument 'cmake_force_configure' from command line to 'False'
[0.133s] Level 5:colcon.colcon_core.verb:set package 'hangman_interfaces' build argument 'ament_cmake_args' from command line to 'None'
[0.133s] Level 5:colcon.colcon_core.verb:set package 'hangman_interfaces' build argument 'catkin_cmake_args' from command line to 'None'
[0.133s] Level 5:colcon.colcon_core.verb:set package 'hangman_interfaces' build argument 'catkin_skip_building_tests' from command line to 'False'
[0.133s] DEBUG:colcon.colcon_core.verb:Building package 'hangman_interfaces' with the following arguments: {'ament_cmake_args': None, 'build_base': '/home/somyeong/Doosan_Robotics_Rokey/ROS2/hangman_ws/build/hangman_interfaces', 'catkin_cmake_args': None, 'catkin_skip_building_tests': False, 'cmake_args': None, 'cmake_clean_cache': False, 'cmake_clean_first': False, 'cmake_force_configure': False, 'cmake_target': None, 'cmake_target_skip_unavailable': False, 'install_base': '/home/somyeong/Doosan_Robotics_Rokey/ROS2/hangman_ws/install/hangman_interfaces', 'merge_install': False, 'path': '/home/somyeong/Doosan_Robotics_Rokey/ROS2/hangman_ws/hangman_interfaces', 'symlink_install': False, 'test_result_base': None}
[0.133s] Level 5:colcon.colcon_core.verb:set package 'hangman_game' build argument 'cmake_args' from command line to 'None'
[0.133s] Level 5:colcon.colcon_core.verb:set package 'hangman_game' build argument 'cmake_target' from command line to 'None'
[0.133s] Level 5:colcon.colcon_core.verb:set package 'hangman_game' build argument 'cmake_target_skip_unavailable' from command line to 'False'
[0.133s] Level 5:colcon.colcon_core.verb:set package 'hangman_game' build argument 'cmake_clean_cache' from command line to 'False'
[0.133s] Level 5:colcon.colcon_core.verb:set package 'hangman_game' build argument 'cmake_clean_first' from command line to 'False'
[0.133s] Level 5:colcon.colcon_core.verb:set package 'hangman_game' build argument 'cmake_force_configure' from command line to 'False'
[0.133s] Level 5:colcon.colcon_core.verb:set package 'hangman_game' build argument 'ament_cmake_args' from command line to 'None'
[0.133s] Level 5:colcon.colcon_core.verb:set package 'hangman_game' build argument 'catkin_cmake_args' from command line to 'None'
[0.133s] Level 5:colcon.colcon_core.verb:set package 'hangman_game' build argument 'catkin_skip_building_tests' from command line to 'False'
[0.134s] DEBUG:colcon.colcon_core.verb:Building package 'hangman_game' with the following arguments: {'ament_cmake_args': None, 'build_base': '/home/somyeong/Doosan_Robotics_Rokey/ROS2/hangman_ws/build/hangman_game', 'catkin_cmake_args': None, 'catkin_skip_building_tests': False, 'cmake_args': None, 'cmake_clean_cache': False, 'cmake_clean_first': False, 'cmake_force_configure': False, 'cmake_target': None, 'cmake_target_skip_unavailable': False, 'install_base': '/home/somyeong/Doosan_Robotics_Rokey/ROS2/hangman_ws/install/hangman_game', 'merge_install': False, 'path': '/home/somyeong/Doosan_Robotics_Rokey/ROS2/hangman_ws/hangman_game', 'symlink_install': False, 'test_result_base': None}
[0.134s] INFO:colcon.colcon_core.executor:Executing jobs using 'parallel' executor
[0.134s] DEBUG:colcon.colcon_parallel_executor.executor.parallel:run_until_complete
[0.135s] INFO:colcon.colcon_ros.task.ament_cmake.build:Building ROS package in '/home/somyeong/Doosan_Robotics_Rokey/ROS2/hangman_ws/hangman_interfaces' with build type 'ament_cmake'
[0.135s] INFO:colcon.colcon_cmake.task.cmake.build:Building CMake package in '/home/somyeong/Doosan_Robotics_Rokey/ROS2/hangman_ws/hangman_interfaces'
[0.136s] INFO:colcon.colcon_core.plugin_system:Skipping extension 'colcon_core.shell.bat': Not used on non-Windows systems
[0.137s] INFO:colcon.colcon_core.shell:Skip shell extension 'powershell' for command environment: Not usable outside of PowerShell
[0.137s] DEBUG:colcon.colcon_core.shell:Skip shell extension 'dsv' for command environment
[0.142s] DEBUG:colcon.colcon_core.event_handler.log_command:Invoking command in '/home/somyeong/Doosan_Robotics_Rokey/ROS2/hangman_ws/build/hangman_interfaces': CMAKE_PREFIX_PATH=${CMAKE_PREFIX_PATH}:/home/somyeong/Doosan_Robotics_Rokey/ros2_ws/install/ros_study_py:/home/somyeong/Doosan_Robotics_Rokey/ros2_ws/install/ex_calculator:/home/somyeong/Doosan_Robotics_Rokey/ros2_ws/install/ros2env:/home/somyeong/Doosan_Robotics_Rokey/ros2_ws/install/py_pubsub:/home/somyeong/Doosan_Robotics_Rokey/ros2_ws/install/my_package1212:/opt/ros/humble /usr/bin/cmake /home/somyeong/Doosan_Robotics_Rokey/ROS2/hangman_ws/hangman_interfaces -DCMAKE_INSTALL_PREFIX=/home/somyeong/Doosan_Robotics_Rokey/ROS2/hangman_ws/install/hangman_interfaces
[1.389s] DEBUG:colcon.colcon_core.event_handler.log_command:Invoked command in '/home/somyeong/Doosan_Robotics_Rokey/ROS2/hangman_ws/build/hangman_interfaces' returned '0': CMAKE_PREFIX_PATH=${CMAKE_PREFIX_PATH}:/home/somyeong/Doosan_Robotics_Rokey/ros2_ws/install/ros_study_py:/home/somyeong/Doosan_Robotics_Rokey/ros2_ws/install/ex_calculator:/home/somyeong/Doosan_Robotics_Rokey/ros2_ws/install/ros2env:/home/somyeong/Doosan_Robotics_Rokey/ros2_ws/install/py_pubsub:/home/somyeong/Doosan_Robotics_Rokey/ros2_ws/install/my_package1212:/opt/ros/humble /usr/bin/cmake /home/somyeong/Doosan_Robotics_Rokey/ROS2/hangman_ws/hangman_interfaces -DCMAKE_INSTALL_PREFIX=/home/somyeong/Doosan_Robotics_Rokey/ROS2/hangman_ws/install/hangman_interfaces
[1.391s] DEBUG:colcon.colcon_core.event_handler.log_command:Invoking command in '/home/somyeong/Doosan_Robotics_Rokey/ROS2/hangman_ws/build/hangman_interfaces': CMAKE_PREFIX_PATH=${CMAKE_PREFIX_PATH}:/home/somyeong/Doosan_Robotics_Rokey/ros2_ws/install/ros_study_py:/home/somyeong/Doosan_Robotics_Rokey/ros2_ws/install/ex_calculator:/home/somyeong/Doosan_Robotics_Rokey/ros2_ws/install/ros2env:/home/somyeong/Doosan_Robotics_Rokey/ros2_ws/install/py_pubsub:/home/somyeong/Doosan_Robotics_Rokey/ros2_ws/install/my_package1212:/opt/ros/humble /usr/bin/cmake --build /home/somyeong/Doosan_Robotics_Rokey/ROS2/hangman_ws/build/hangman_interfaces -- -j16 -l16
[3.738s] DEBUG:colcon.colcon_core.event_handler.log_command:Invoked command in '/home/somyeong/Doosan_Robotics_Rokey/ROS2/hangman_ws/build/hangman_interfaces' returned '0': CMAKE_PREFIX_PATH=${CMAKE_PREFIX_PATH}:/home/somyeong/Doosan_Robotics_Rokey/ros2_ws/install/ros_study_py:/home/somyeong/Doosan_Robotics_Rokey/ros2_ws/install/ex_calculator:/home/somyeong/Doosan_Robotics_Rokey/ros2_ws/install/ros2env:/home/somyeong/Doosan_Robotics_Rokey/ros2_ws/install/py_pubsub:/home/somyeong/Doosan_Robotics_Rokey/ros2_ws/install/my_package1212:/opt/ros/humble /usr/bin/cmake --build /home/somyeong/Doosan_Robotics_Rokey/ROS2/hangman_ws/build/hangman_interfaces -- -j16 -l16
[3.828s] DEBUG:colcon.colcon_core.event_handler.log_command:Invoking command in '/home/somyeong/Doosan_Robotics_Rokey/ROS2/hangman_ws/build/hangman_interfaces': CMAKE_PREFIX_PATH=${CMAKE_PREFIX_PATH}:/home/somyeong/Doosan_Robotics_Rokey/ros2_ws/install/ros_study_py:/home/somyeong/Doosan_Robotics_Rokey/ros2_ws/install/ex_calculator:/home/somyeong/Doosan_Robotics_Rokey/ros2_ws/install/ros2env:/home/somyeong/Doosan_Robotics_Rokey/ros2_ws/install/py_pubsub:/home/somyeong/Doosan_Robotics_Rokey/ros2_ws/install/my_package1212:/opt/ros/humble /usr/bin/cmake --install /home/somyeong/Doosan_Robotics_Rokey/ROS2/hangman_ws/build/hangman_interfaces
[3.881s] Level 1:colcon.colcon_core.environment:create_environment_scripts_only(hangman_interfaces)
[3.882s] DEBUG:colcon.colcon_core.event_handler.log_command:Invoked command in '/home/somyeong/Doosan_Robotics_Rokey/ROS2/hangman_ws/build/hangman_interfaces' returned '0': CMAKE_PREFIX_PATH=${CMAKE_PREFIX_PATH}:/home/somyeong/Doosan_Robotics_Rokey/ros2_ws/install/ros_study_py:/home/somyeong/Doosan_Robotics_Rokey/ros2_ws/install/ex_calculator:/home/somyeong/Doosan_Robotics_Rokey/ros2_ws/install/ros2env:/home/somyeong/Doosan_Robotics_Rokey/ros2_ws/install/py_pubsub:/home/somyeong/Doosan_Robotics_Rokey/ros2_ws/install/my_package1212:/opt/ros/humble /usr/bin/cmake --install /home/somyeong/Doosan_Robotics_Rokey/ROS2/hangman_ws/build/hangman_interfaces
[3.883s] Level 1:colcon.colcon_core.environment:checking '/home/somyeong/Doosan_Robotics_Rokey/ROS2/hangman_ws/install/hangman_interfaces' for CMake module files
[3.883s] Level 1:colcon.colcon_core.environment:checking '/home/somyeong/Doosan_Robotics_Rokey/ROS2/hangman_ws/install/hangman_interfaces' for CMake config files
[3.884s] Level 1:colcon.colcon_core.shell:create_environment_hook('hangman_interfaces', 'cmake_prefix_path')
[3.884s] INFO:colcon.colcon_core.shell:Creating environment hook '/home/somyeong/Doosan_Robotics_Rokey/ROS2/hangman_ws/install/hangman_interfaces/share/hangman_interfaces/hook/cmake_prefix_path.ps1'
[3.884s] INFO:colcon.colcon_core.shell:Creating environment descriptor '/home/somyeong/Doosan_Robotics_Rokey/ROS2/hangman_ws/install/hangman_interfaces/share/hangman_interfaces/hook/cmake_prefix_path.dsv'
[3.884s] INFO:colcon.colcon_core.shell:Creating environment hook '/home/somyeong/Doosan_Robotics_Rokey/ROS2/hangman_ws/install/hangman_interfaces/share/hangman_interfaces/hook/cmake_prefix_path.sh'
[3.885s] Level 1:colcon.colcon_core.environment:checking '/home/somyeong/Doosan_Robotics_Rokey/ROS2/hangman_ws/install/hangman_interfaces/lib'
[3.885s] Level 1:colcon.colcon_core.shell:create_environment_hook('hangman_interfaces', 'ld_library_path_lib')
[3.885s] INFO:colcon.colcon_core.shell:Creating environment hook '/home/somyeong/Doosan_Robotics_Rokey/ROS2/hangman_ws/install/hangman_interfaces/share/hangman_interfaces/hook/ld_library_path_lib.ps1'
[3.885s] INFO:colcon.colcon_core.shell:Creating environment descriptor '/home/somyeong/Doosan_Robotics_Rokey/ROS2/hangman_ws/install/hangman_interfaces/share/hangman_interfaces/hook/ld_library_path_lib.dsv'
[3.886s] INFO:colcon.colcon_core.shell:Creating environment hook '/home/somyeong/Doosan_Robotics_Rokey/ROS2/hangman_ws/install/hangman_interfaces/share/hangman_interfaces/hook/ld_library_path_lib.sh'
[3.886s] Level 1:colcon.colcon_core.environment:checking '/home/somyeong/Doosan_Robotics_Rokey/ROS2/hangman_ws/install/hangman_interfaces/bin'
[3.886s] Level 1:colcon.colcon_core.environment:checking '/home/somyeong/Doosan_Robotics_Rokey/ROS2/hangman_ws/install/hangman_interfaces/lib/pkgconfig/hangman_interfaces.pc'
[3.886s] Level 1:colcon.colcon_core.environment:checking '/home/somyeong/Doosan_Robotics_Rokey/ROS2/hangman_ws/install/hangman_interfaces/lib/python3.10/site-packages'
[3.886s] Level 1:colcon.colcon_core.environment:checking '/home/somyeong/Doosan_Robotics_Rokey/ROS2/hangman_ws/install/hangman_interfaces/bin'
[3.886s] INFO:colcon.colcon_core.shell:Creating package script '/home/somyeong/Doosan_Robotics_Rokey/ROS2/hangman_ws/install/hangman_interfaces/share/hangman_interfaces/package.ps1'
[3.887s] INFO:colcon.colcon_core.shell:Creating package descriptor '/home/somyeong/Doosan_Robotics_Rokey/ROS2/hangman_ws/install/hangman_interfaces/share/hangman_interfaces/package.dsv'
[3.887s] INFO:colcon.colcon_core.shell:Creating package script '/home/somyeong/Doosan_Robotics_Rokey/ROS2/hangman_ws/install/hangman_interfaces/share/hangman_interfaces/package.sh'
[3.888s] INFO:colcon.colcon_core.shell:Creating package script '/home/somyeong/Doosan_Robotics_Rokey/ROS2/hangman_ws/install/hangman_interfaces/share/hangman_interfaces/package.bash'
[3.888s] INFO:colcon.colcon_core.shell:Creating package script '/home/somyeong/Doosan_Robotics_Rokey/ROS2/hangman_ws/install/hangman_interfaces/share/hangman_interfaces/package.zsh'
[3.888s] Level 1:colcon.colcon_core.environment:create_file_with_runtime_dependencies(/home/somyeong/Doosan_Robotics_Rokey/ROS2/hangman_ws/install/hangman_interfaces/share/colcon-core/packages/hangman_interfaces)
[3.991s] Level 1:colcon.colcon_core.environment:create_environment_scripts_only(hangman_interfaces)
[3.991s] Level 1:colcon.colcon_core.environment:checking '/home/somyeong/Doosan_Robotics_Rokey/ROS2/hangman_ws/install/hangman_interfaces' for CMake module files
[3.991s] Level 1:colcon.colcon_core.environment:checking '/home/somyeong/Doosan_Robotics_Rokey/ROS2/hangman_ws/install/hangman_interfaces' for CMake config files
[3.991s] Level 1:colcon.colcon_core.shell:create_environment_hook('hangman_interfaces', 'cmake_prefix_path')
[3.992s] INFO:colcon.colcon_core.shell:Creating environment hook '/home/somyeong/Doosan_Robotics_Rokey/ROS2/hangman_ws/install/hangman_interfaces/share/hangman_interfaces/hook/cmake_prefix_path.ps1'
[3.992s] INFO:colcon.colcon_core.shell:Creating environment descriptor '/home/somyeong/Doosan_Robotics_Rokey/ROS2/hangman_ws/install/hangman_interfaces/share/hangman_interfaces/hook/cmake_prefix_path.dsv'
[3.992s] INFO:colcon.colcon_core.shell:Creating environment hook '/home/somyeong/Doosan_Robotics_Rokey/ROS2/hangman_ws/install/hangman_interfaces/share/hangman_interfaces/hook/cmake_prefix_path.sh'
[3.993s] Level 1:colcon.colcon_core.environment:checking '/home/somyeong/Doosan_Robotics_Rokey/ROS2/hangman_ws/install/hangman_interfaces/lib'
[3.993s] Level 1:colcon.colcon_core.shell:create_environment_hook('hangman_interfaces', 'ld_library_path_lib')
[3.993s] INFO:colcon.colcon_core.shell:Creating environment hook '/home/somyeong/Doosan_Robotics_Rokey/ROS2/hangman_ws/install/hangman_interfaces/share/hangman_interfaces/hook/ld_library_path_lib.ps1'
[3.993s] INFO:colcon.colcon_core.shell:Creating environment descriptor '/home/somyeong/Doosan_Robotics_Rokey/ROS2/hangman_ws/install/hangman_interfaces/share/hangman_interfaces/hook/ld_library_path_lib.dsv'
[3.993s] INFO:colcon.colcon_core.shell:Creating environment hook '/home/somyeong/Doosan_Robotics_Rokey/ROS2/hangman_ws/install/hangman_interfaces/share/hangman_interfaces/hook/ld_library_path_lib.sh'
[3.993s] Level 1:colcon.colcon_core.environment:checking '/home/somyeong/Doosan_Robotics_Rokey/ROS2/hangman_ws/install/hangman_interfaces/bin'
[3.993s] Level 1:colcon.colcon_core.environment:checking '/home/somyeong/Doosan_Robotics_Rokey/ROS2/hangman_ws/install/hangman_interfaces/lib/pkgconfig/hangman_interfaces.pc'
[3.994s] Level 1:colcon.colcon_core.environment:checking '/home/somyeong/Doosan_Robotics_Rokey/ROS2/hangman_ws/install/hangman_interfaces/lib/python3.10/site-packages'
[3.994s] Level 1:colcon.colcon_core.environment:checking '/home/somyeong/Doosan_Robotics_Rokey/ROS2/hangman_ws/install/hangman_interfaces/bin'
[3.994s] INFO:colcon.colcon_core.shell:Creating package script '/home/somyeong/Doosan_Robotics_Rokey/ROS2/hangman_ws/install/hangman_interfaces/share/hangman_interfaces/package.ps1'
[3.994s] INFO:colcon.colcon_core.shell:Creating package descriptor '/home/somyeong/Doosan_Robotics_Rokey/ROS2/hangman_ws/install/hangman_interfaces/share/hangman_interfaces/package.dsv'
[3.995s] INFO:colcon.colcon_core.shell:Creating package script '/home/somyeong/Doosan_Robotics_Rokey/ROS2/hangman_ws/install/hangman_interfaces/share/hangman_interfaces/package.sh'
[3.995s] INFO:colcon.colcon_core.shell:Creating package script '/home/somyeong/Doosan_Robotics_Rokey/ROS2/hangman_ws/install/hangman_interfaces/share/hangman_interfaces/package.bash'
[3.995s] INFO:colcon.colcon_core.shell:Creating package script '/home/somyeong/Doosan_Robotics_Rokey/ROS2/hangman_ws/install/hangman_interfaces/share/hangman_interfaces/package.zsh'
[3.995s] Level 1:colcon.colcon_core.environment:create_file_with_runtime_dependencies(/home/somyeong/Doosan_Robotics_Rokey/ROS2/hangman_ws/install/hangman_interfaces/share/colcon-core/packages/hangman_interfaces)
[3.996s] INFO:colcon.colcon_ros.task.ament_python.build:Building ROS package in '/home/somyeong/Doosan_Robotics_Rokey/ROS2/hangman_ws/hangman_game' with build type 'ament_python'
[3.996s] Level 1:colcon.colcon_core.shell:create_environment_hook('hangman_game', 'ament_prefix_path')
[3.996s] INFO:colcon.colcon_core.shell:Creating environment hook '/home/somyeong/Doosan_Robotics_Rokey/ROS2/hangman_ws/install/hangman_game/share/hangman_game/hook/ament_prefix_path.ps1'
[3.996s] INFO:colcon.colcon_core.shell:Creating environment descriptor '/home/somyeong/Doosan_Robotics_Rokey/ROS2/hangman_ws/install/hangman_game/share/hangman_game/hook/ament_prefix_path.dsv'
[3.997s] INFO:colcon.colcon_core.shell:Creating environment hook '/home/somyeong/Doosan_Robotics_Rokey/ROS2/hangman_ws/install/hangman_game/share/hangman_game/hook/ament_prefix_path.sh'
[3.997s] INFO:colcon.colcon_core.shell:Skip shell extension 'powershell' for command environment: Not usable outside of PowerShell
[3.997s] DEBUG:colcon.colcon_core.shell:Skip shell extension 'dsv' for command environment
[4.133s] INFO:colcon.colcon_core.task.python.build:Building Python package in '/home/somyeong/Doosan_Robotics_Rokey/ROS2/hangman_ws/hangman_game'
[4.133s] INFO:colcon.colcon_core.shell:Skip shell extension 'powershell' for command environment: Not usable outside of PowerShell
[4.133s] DEBUG:colcon.colcon_core.shell:Skip shell extension 'dsv' for command environment
[4.439s] DEBUG:colcon.colcon_core.event_handler.log_command:Invoking command in '/home/somyeong/Doosan_Robotics_Rokey/ROS2/hangman_ws/hangman_game': AMENT_PREFIX_PATH=/home/somyeong/Doosan_Robotics_Rokey/ROS2/hangman_ws/install/hangman_interfaces:${AMENT_PREFIX_PATH} CMAKE_PREFIX_PATH=/home/somyeong/Doosan_Robotics_Rokey/ROS2/hangman_ws/install/hangman_interfaces:${CMAKE_PREFIX_PATH} LD_LIBRARY_PATH=/home/somyeong/Doosan_Robotics_Rokey/ROS2/hangman_ws/install/hangman_interfaces/lib:${LD_LIBRARY_PATH} PYTHONPATH=/home/somyeong/Doosan_Robotics_Rokey/ROS2/hangman_ws/build/hangman_game/prefix_override:/usr/lib/python3/dist-packages/colcon_core/task/python/colcon_distutils_commands:/home/somyeong/Doosan_Robotics_Rokey/ROS2/hangman_ws/install/hangman_game/lib/python3.10/site-packages:/home/somyeong/Doosan_Robotics_Rokey/ROS2/hangman_ws/install/hangman_interfaces/local/lib/python3.10/dist-packages:${PYTHONPATH} /usr/bin/python3 -W ignore:setup.py install is deprecated setup.py egg_info --egg-base ../build/hangman_game build --build-base /home/somyeong/Doosan_Robotics_Rokey/ROS2/hangman_ws/build/hangman_game/build install --record /home/somyeong/Doosan_Robotics_Rokey/ROS2/hangman_ws/build/hangman_game/install.log --single-version-externally-managed install_data
[4.742s] Level 1:colcon.colcon_core.environment:checking '/home/somyeong/Doosan_Robotics_Rokey/ROS2/hangman_ws/install/hangman_game' for CMake module files
[4.743s] DEBUG:colcon.colcon_core.event_handler.log_command:Invoked command in '/home/somyeong/Doosan_Robotics_Rokey/ROS2/hangman_ws/hangman_game' returned '0': AMENT_PREFIX_PATH=/home/somyeong/Doosan_Robotics_Rokey/ROS2/hangman_ws/install/hangman_interfaces:${AMENT_PREFIX_PATH} CMAKE_PREFIX_PATH=/home/somyeong/Doosan_Robotics_Rokey/ROS2/hangman_ws/install/hangman_interfaces:${CMAKE_PREFIX_PATH} LD_LIBRARY_PATH=/home/somyeong/Doosan_Robotics_Rokey/ROS2/hangman_ws/install/hangman_interfaces/lib:${LD_LIBRARY_PATH} PYTHONPATH=/home/somyeong/Doosan_Robotics_Rokey/ROS2/hangman_ws/build/hangman_game/prefix_override:/usr/lib/python3/dist-packages/colcon_core/task/python/colcon_distutils_commands:/home/somyeong/Doosan_Robotics_Rokey/ROS2/hangman_ws/install/hangman_game/lib/python3.10/site-packages:/home/somyeong/Doosan_Robotics_Rokey/ROS2/hangman_ws/install/hangman_interfaces/local/lib/python3.10/dist-packages:${PYTHONPATH} /usr/bin/python3 -W ignore:setup.py install is deprecated setup.py egg_info --egg-base ../build/hangman_game build --build-base /home/somyeong/Doosan_Robotics_Rokey/ROS2/hangman_ws/build/hangman_game/build install --record /home/somyeong/Doosan_Robotics_Rokey/ROS2/hangman_ws/build/hangman_game/install.log --single-version-externally-managed install_data
[4.743s] Level 1:colcon.colcon_core.environment:checking '/home/somyeong/Doosan_Robotics_Rokey/ROS2/hangman_ws/install/hangman_game' for CMake config files
[4.743s] Level 1:colcon.colcon_core.environment:checking '/home/somyeong/Doosan_Robotics_Rokey/ROS2/hangman_ws/install/hangman_game/lib'
[4.743s] Level 1:colcon.colcon_core.environment:checking '/home/somyeong/Doosan_Robotics_Rokey/ROS2/hangman_ws/install/hangman_game/bin'
[4.743s] Level 1:colcon.colcon_core.environment:checking '/home/somyeong/Doosan_Robotics_Rokey/ROS2/hangman_ws/install/hangman_game/lib/pkgconfig/hangman_game.pc'
[4.743s] Level 1:colcon.colcon_core.environment:checking '/home/somyeong/Doosan_Robotics_Rokey/ROS2/hangman_ws/install/hangman_game/lib/python3.10/site-packages'
[4.743s] Level 1:colcon.colcon_core.shell:create_environment_hook('hangman_game', 'pythonpath')
[4.743s] INFO:colcon.colcon_core.shell:Creating environment hook '/home/somyeong/Doosan_Robotics_Rokey/ROS2/hangman_ws/install/hangman_game/share/hangman_game/hook/pythonpath.ps1'
[4.744s] INFO:colcon.colcon_core.shell:Creating environment descriptor '/home/somyeong/Doosan_Robotics_Rokey/ROS2/hangman_ws/install/hangman_game/share/hangman_game/hook/pythonpath.dsv'
[4.744s] INFO:colcon.colcon_core.shell:Creating environment hook '/home/somyeong/Doosan_Robotics_Rokey/ROS2/hangman_ws/install/hangman_game/share/hangman_game/hook/pythonpath.sh'
[4.744s] Level 1:colcon.colcon_core.environment:checking '/home/somyeong/Doosan_Robotics_Rokey/ROS2/hangman_ws/install/hangman_game/bin'
[4.744s] Level 1:colcon.colcon_core.environment:create_environment_scripts_only(hangman_game)
[4.744s] INFO:colcon.colcon_core.shell:Creating package script '/home/somyeong/Doosan_Robotics_Rokey/ROS2/hangman_ws/install/hangman_game/share/hangman_game/package.ps1'
[4.745s] INFO:colcon.colcon_core.shell:Creating package descriptor '/home/somyeong/Doosan_Robotics_Rokey/ROS2/hangman_ws/install/hangman_game/share/hangman_game/package.dsv'
[4.745s] INFO:colcon.colcon_core.shell:Creating package script '/home/somyeong/Doosan_Robotics_Rokey/ROS2/hangman_ws/install/hangman_game/share/hangman_game/package.sh'
[4.745s] INFO:colcon.colcon_core.shell:Creating package script '/home/somyeong/Doosan_Robotics_Rokey/ROS2/hangman_ws/install/hangman_game/share/hangman_game/package.bash'
[4.745s] INFO:colcon.colcon_core.shell:Creating package script '/home/somyeong/Doosan_Robotics_Rokey/ROS2/hangman_ws/install/hangman_game/share/hangman_game/package.zsh'
[4.745s] Level 1:colcon.colcon_core.environment:create_file_with_runtime_dependencies(/home/somyeong/Doosan_Robotics_Rokey/ROS2/hangman_ws/install/hangman_game/share/colcon-core/packages/hangman_game)
[4.745s] DEBUG:colcon.colcon_parallel_executor.executor.parallel:closing loop
[4.746s] DEBUG:colcon.colcon_parallel_executor.executor.parallel:loop closed
[4.746s] DEBUG:colcon.colcon_parallel_executor.executor.parallel:run_until_complete finished with '0'
[4.746s] DEBUG:colcon.colcon_core.event_reactor:joining thread
[4.756s] INFO:colcon.colcon_core.plugin_system:Skipping extension 'colcon_notification.desktop_notification.terminal_notifier': Not used on non-Darwin systems
[4.756s] INFO:colcon.colcon_core.plugin_system:Skipping extension 'colcon_notification.desktop_notification.win32': Not used on non-Windows systems
[4.756s] INFO:colcon.colcon_notification.desktop_notification:Sending desktop notification using 'notify2'
[4.764s] DEBUG:colcon.colcon_core.event_reactor:joined thread
[4.765s] INFO:colcon.colcon_core.shell:Creating prefix script '/home/somyeong/Doosan_Robotics_Rokey/ROS2/hangman_ws/install/local_setup.ps1'
[4.765s] INFO:colcon.colcon_core.shell:Creating prefix util module '/home/somyeong/Doosan_Robotics_Rokey/ROS2/hangman_ws/install/_local_setup_util_ps1.py'
[4.766s] INFO:colcon.colcon_core.shell:Creating prefix chain script '/home/somyeong/Doosan_Robotics_Rokey/ROS2/hangman_ws/install/setup.ps1'
[4.766s] INFO:colcon.colcon_core.shell:Creating prefix script '/home/somyeong/Doosan_Robotics_Rokey/ROS2/hangman_ws/install/local_setup.sh'
[4.767s] INFO:colcon.colcon_core.shell:Creating prefix util module '/home/somyeong/Doosan_Robotics_Rokey/ROS2/hangman_ws/install/_local_setup_util_sh.py'
[4.767s] INFO:colcon.colcon_core.shell:Creating prefix chain script '/home/somyeong/Doosan_Robotics_Rokey/ROS2/hangman_ws/install/setup.sh'
[4.767s] INFO:colcon.colcon_core.shell:Creating prefix script '/home/somyeong/Doosan_Robotics_Rokey/ROS2/hangman_ws/install/local_setup.bash'
[4.768s] INFO:colcon.colcon_core.shell:Creating prefix chain script '/home/somyeong/Doosan_Robotics_Rokey/ROS2/hangman_ws/install/setup.bash'
[4.768s] INFO:colcon.colcon_core.shell:Creating prefix script '/home/somyeong/Doosan_Robotics_Rokey/ROS2/hangman_ws/install/local_setup.zsh'
[4.768s] INFO:colcon.colcon_core.shell:Creating prefix chain script '/home/somyeong/Doosan_Robotics_Rokey/ROS2/hangman_ws/install/setup.zsh'
