[0.407s] Invoking command in '/home/somyeong/Doosan_Robotics_Rokey/[주행1]/project_ws/turtlebot3_gui': PYTHONPATH=/home/somyeong/Doosan_Robotics_Rokey/[주행1]/project_ws/build/turtlebot3_gui/prefix_override:/usr/lib/python3/dist-packages/colcon_core/task/python/colcon_distutils_commands:/home/somyeong/Doosan_Robotics_Rokey/[주행1]/project_ws/install/turtlebot3_gui/lib/python3.10/site-packages:${PYTHONPATH} /usr/bin/python3 -W ignore:setup.py install is deprecated setup.py egg_info --egg-base ../build/turtlebot3_gui build --build-base /home/somyeong/Doosan_Robotics_Rokey/[주행1]/project_ws/build/turtlebot3_gui/build install --record /home/somyeong/Doosan_Robotics_Rokey/[주행1]/project_ws/build/turtlebot3_gui/install.log --single-version-externally-managed install_data
[0.497s] /home/somyeong/.local/lib/python3.10/site-packages/setuptools/_distutils/dist.py:261: UserWarning: Unknown distribution option: 'tests_require'
[0.497s]   warnings.warn(msg)
[0.557s] running egg_info
[0.567s] writing ../build/turtlebot3_gui/turtlebot3_gui.egg-info/PKG-INFO
[0.567s] writing dependency_links to ../build/turtlebot3_gui/turtlebot3_gui.egg-info/dependency_links.txt
[0.567s] writing entry points to ../build/turtlebot3_gui/turtlebot3_gui.egg-info/entry_points.txt
[0.567s] writing requirements to ../build/turtlebot3_gui/turtlebot3_gui.egg-info/requires.txt
[0.567s] writing top-level names to ../build/turtlebot3_gui/turtlebot3_gui.egg-info/top_level.txt
[0.588s] reading manifest file '../build/turtlebot3_gui/turtlebot3_gui.egg-info/SOURCES.txt'
[0.589s] writing manifest file '../build/turtlebot3_gui/turtlebot3_gui.egg-info/SOURCES.txt'
[0.589s] running build
[0.589s] running build_py
[0.589s] copying turtlebot3_gui/subscriber_member.py -> /home/somyeong/Doosan_Robotics_Rokey/[주행1]/project_ws/build/turtlebot3_gui/build/lib/turtlebot3_gui
[0.589s] copying turtlebot3_gui/__init__.py -> /home/somyeong/Doosan_Robotics_Rokey/[주행1]/project_ws/build/turtlebot3_gui/build/lib/turtlebot3_gui
[0.589s] copying turtlebot3_gui/publisher_member.py -> /home/somyeong/Doosan_Robotics_Rokey/[주행1]/project_ws/build/turtlebot3_gui/build/lib/turtlebot3_gui
[0.589s] running install
[0.592s] running install_lib
[0.602s] copying /home/somyeong/Doosan_Robotics_Rokey/[주행1]/project_ws/build/turtlebot3_gui/build/lib/turtlebot3_gui/subscriber_member.py -> /home/somyeong/Doosan_Robotics_Rokey/[주행1]/project_ws/install/turtlebot3_gui/lib/python3.10/site-packages/turtlebot3_gui
[0.602s] copying /home/somyeong/Doosan_Robotics_Rokey/[주행1]/project_ws/build/turtlebot3_gui/build/lib/turtlebot3_gui/publisher_member.py -> /home/somyeong/Doosan_Robotics_Rokey/[주행1]/project_ws/install/turtlebot3_gui/lib/python3.10/site-packages/turtlebot3_gui
[0.603s] byte-compiling /home/somyeong/Doosan_Robotics_Rokey/[주행1]/project_ws/install/turtlebot3_gui/lib/python3.10/site-packages/turtlebot3_gui/subscriber_member.py to subscriber_member.cpython-310.pyc
[0.603s] byte-compiling /home/somyeong/Doosan_Robotics_Rokey/[주행1]/project_ws/install/turtlebot3_gui/lib/python3.10/site-packages/turtlebot3_gui/publisher_member.py to publisher_member.cpython-310.pyc
[0.603s] running install_data
[0.604s] copying resource/turtlebot3_gui -> /home/somyeong/Doosan_Robotics_Rokey/[주행1]/project_ws/install/turtlebot3_gui/share/ament_index/resource_index/packages
[0.604s] copying package.xml -> /home/somyeong/Doosan_Robotics_Rokey/[주행1]/project_ws/install/turtlebot3_gui/share/turtlebot3_gui
[0.604s] running install_egg_info
[0.615s] removing '/home/somyeong/Doosan_Robotics_Rokey/[주행1]/project_ws/install/turtlebot3_gui/lib/python3.10/site-packages/turtlebot3_gui-0.0.0-py3.10.egg-info' (and everything under it)
[0.615s] Copying ../build/turtlebot3_gui/turtlebot3_gui.egg-info to /home/somyeong/Doosan_Robotics_Rokey/[주행1]/project_ws/install/turtlebot3_gui/lib/python3.10/site-packages/turtlebot3_gui-0.0.0-py3.10.egg-info
[0.615s] running install_scripts
[0.694s] Installing publisher_member_function script to /home/somyeong/Doosan_Robotics_Rokey/[주행1]/project_ws/install/turtlebot3_gui/lib/turtlebot3_gui
[0.694s] Installing subscriber_member_function script to /home/somyeong/Doosan_Robotics_Rokey/[주행1]/project_ws/install/turtlebot3_gui/lib/turtlebot3_gui
[0.694s] writing list of installed files to '/home/somyeong/Doosan_Robotics_Rokey/[주행1]/project_ws/build/turtlebot3_gui/install.log'
[0.709s] Invoked command in '/home/somyeong/Doosan_Robotics_Rokey/[주행1]/project_ws/turtlebot3_gui' returned '0': PYTHONPATH=/home/somyeong/Doosan_Robotics_Rokey/[주행1]/project_ws/build/turtlebot3_gui/prefix_override:/usr/lib/python3/dist-packages/colcon_core/task/python/colcon_distutils_commands:/home/somyeong/Doosan_Robotics_Rokey/[주행1]/project_ws/install/turtlebot3_gui/lib/python3.10/site-packages:${PYTHONPATH} /usr/bin/python3 -W ignore:setup.py install is deprecated setup.py egg_info --egg-base ../build/turtlebot3_gui build --build-base /home/somyeong/Doosan_Robotics_Rokey/[주행1]/project_ws/build/turtlebot3_gui/build install --record /home/somyeong/Doosan_Robotics_Rokey/[주행1]/project_ws/build/turtlebot3_gui/install.log --single-version-externally-managed install_data
