running egg_info
creating ../../build/hough_transform/hough_transform.egg-info
writing ../../build/hough_transform/hough_transform.egg-info/PKG-INFO
writing dependency_links to ../../build/hough_transform/hough_transform.egg-info/dependency_links.txt
writing entry points to ../../build/hough_transform/hough_transform.egg-info/entry_points.txt
writing requirements to ../../build/hough_transform/hough_transform.egg-info/requires.txt
writing top-level names to ../../build/hough_transform/hough_transform.egg-info/top_level.txt
writing manifest file '../../build/hough_transform/hough_transform.egg-info/SOURCES.txt'
reading manifest file '../../build/hough_transform/hough_transform.egg-info/SOURCES.txt'
writing manifest file '../../build/hough_transform/hough_transform.egg-info/SOURCES.txt'
running build
running build_py
creating /home/somyeong/Doosan_Robotics_Rokey/ROS2/vision_ws/build/hough_transform/build/lib/hough_transform
copying hough_transform/hough_transform.py -> /home/somyeong/Doosan_Robotics_Rokey/ROS2/vision_ws/build/hough_transform/build/lib/hough_transform
copying hough_transform/img_pub.py -> /home/somyeong/Doosan_Robotics_Rokey/ROS2/vision_ws/build/hough_transform/build/lib/hough_transform
copying hough_transform/__init__.py -> /home/somyeong/Doosan_Robotics_Rokey/ROS2/vision_ws/build/hough_transform/build/lib/hough_transform
running install
running install_lib
creating /home/somyeong/Doosan_Robotics_Rokey/ROS2/vision_ws/install/hough_transform/lib/python3.10/site-packages/hough_transform
copying /home/somyeong/Doosan_Robotics_Rokey/ROS2/vision_ws/build/hough_transform/build/lib/hough_transform/hough_transform.py -> /home/somyeong/Doosan_Robotics_Rokey/ROS2/vision_ws/install/hough_transform/lib/python3.10/site-packages/hough_transform
copying /home/somyeong/Doosan_Robotics_Rokey/ROS2/vision_ws/build/hough_transform/build/lib/hough_transform/img_pub.py -> /home/somyeong/Doosan_Robotics_Rokey/ROS2/vision_ws/install/hough_transform/lib/python3.10/site-packages/hough_transform
copying /home/somyeong/Doosan_Robotics_Rokey/ROS2/vision_ws/build/hough_transform/build/lib/hough_transform/__init__.py -> /home/somyeong/Doosan_Robotics_Rokey/ROS2/vision_ws/install/hough_transform/lib/python3.10/site-packages/hough_transform
byte-compiling /home/somyeong/Doosan_Robotics_Rokey/ROS2/vision_ws/install/hough_transform/lib/python3.10/site-packages/hough_transform/hough_transform.py to hough_transform.cpython-310.pyc
byte-compiling /home/somyeong/Doosan_Robotics_Rokey/ROS2/vision_ws/install/hough_transform/lib/python3.10/site-packages/hough_transform/img_pub.py to img_pub.cpython-310.pyc
byte-compiling /home/somyeong/Doosan_Robotics_Rokey/ROS2/vision_ws/install/hough_transform/lib/python3.10/site-packages/hough_transform/__init__.py to __init__.cpython-310.pyc
running install_data
creating /home/somyeong/Doosan_Robotics_Rokey/ROS2/vision_ws/install/hough_transform/share/ament_index/resource_index/packages
copying resource/hough_transform -> /home/somyeong/Doosan_Robotics_Rokey/ROS2/vision_ws/install/hough_transform/share/ament_index/resource_index/packages
copying package.xml -> /home/somyeong/Doosan_Robotics_Rokey/ROS2/vision_ws/install/hough_transform/share/hough_transform
running install_egg_info
Copying ../../build/hough_transform/hough_transform.egg-info to /home/somyeong/Doosan_Robotics_Rokey/ROS2/vision_ws/install/hough_transform/lib/python3.10/site-packages/hough_transform-0.0.0-py3.10.egg-info
running install_scripts
Installing hough_transform script to /home/somyeong/Doosan_Robotics_Rokey/ROS2/vision_ws/install/hough_transform/lib/hough_transform
Installing image_publisher script to /home/somyeong/Doosan_Robotics_Rokey/ROS2/vision_ws/install/hough_transform/lib/hough_transform
writing list of installed files to '/home/somyeong/Doosan_Robotics_Rokey/ROS2/vision_ws/build/hough_transform/install.log'
