/home/somyeong/Doosan_Robotics_Rokey/ROS2/vision_ws/install/point_cloud/lib/python3.10/site-packages/point_cloud/__init__.py
/home/somyeong/Doosan_Robotics_Rokey/ROS2/vision_ws/install/point_cloud/lib/python3.10/site-packages/point_cloud/pcd_publisher/__init__.py
/home/somyeong/Doosan_Robotics_Rokey/ROS2/vision_ws/install/point_cloud/lib/python3.10/site-packages/point_cloud/pcd_publisher/pcd_publisher_node.py
/home/somyeong/Doosan_Robotics_Rokey/ROS2/vision_ws/install/point_cloud/lib/python3.10/site-packages/point_cloud/pcd_subscriber/pcd_subscriber_node.py
/home/somyeong/Doosan_Robotics_Rokey/ROS2/vision_ws/install/point_cloud/lib/python3.10/site-packages/point_cloud/pcd_subscriber/__init__.py
/home/somyeong/Doosan_Robotics_Rokey/ROS2/vision_ws/install/point_cloud/lib/python3.10/site-packages/point_cloud/__pycache__/__init__.cpython-310.pyc
/home/somyeong/Doosan_Robotics_Rokey/ROS2/vision_ws/install/point_cloud/lib/python3.10/site-packages/point_cloud/pcd_publisher/__pycache__/__init__.cpython-310.pyc
/home/somyeong/Doosan_Robotics_Rokey/ROS2/vision_ws/install/point_cloud/lib/python3.10/site-packages/point_cloud/pcd_publisher/__pycache__/pcd_publisher_node.cpython-310.pyc
/home/somyeong/Doosan_Robotics_Rokey/ROS2/vision_ws/install/point_cloud/lib/python3.10/site-packages/point_cloud/pcd_subscriber/__pycache__/pcd_subscriber_node.cpython-310.pyc
/home/somyeong/Doosan_Robotics_Rokey/ROS2/vision_ws/install/point_cloud/lib/python3.10/site-packages/point_cloud/pcd_subscriber/__pycache__/__init__.cpython-310.pyc
/home/somyeong/Doosan_Robotics_Rokey/ROS2/vision_ws/install/point_cloud/share/ament_index/resource_index/packages/point_cloud
/home/somyeong/Doosan_Robotics_Rokey/ROS2/vision_ws/install/point_cloud/share/point_cloud/package.xml
/home/somyeong/Doosan_Robotics_Rokey/ROS2/vision_ws/install/point_cloud/share/point_cloud/launch/pcd_publisher_demo.launch.py
/home/somyeong/Doosan_Robotics_Rokey/ROS2/vision_ws/install/point_cloud/share/point_cloud/launch/pcd_pubsub_demo.launch.py
/home/somyeong/Doosan_Robotics_Rokey/ROS2/vision_ws/install/point_cloud/share/point_cloud/config
/home/somyeong/Doosan_Robotics_Rokey/ROS2/vision_ws/install/point_cloud/share/point_cloud/resource/fragment.ply
/home/somyeong/Doosan_Robotics_Rokey/ROS2/vision_ws/install/point_cloud/lib/python3.10/site-packages/point_cloud-0.0.0-py3.10.egg-info/PKG-INFO
/home/somyeong/Doosan_Robotics_Rokey/ROS2/vision_ws/install/point_cloud/lib/python3.10/site-packages/point_cloud-0.0.0-py3.10.egg-info/entry_points.txt
/home/somyeong/Doosan_Robotics_Rokey/ROS2/vision_ws/install/point_cloud/lib/python3.10/site-packages/point_cloud-0.0.0-py3.10.egg-info/top_level.txt
/home/somyeong/Doosan_Robotics_Rokey/ROS2/vision_ws/install/point_cloud/lib/python3.10/site-packages/point_cloud-0.0.0-py3.10.egg-info/SOURCES.txt
/home/somyeong/Doosan_Robotics_Rokey/ROS2/vision_ws/install/point_cloud/lib/python3.10/site-packages/point_cloud-0.0.0-py3.10.egg-info/requires.txt
/home/somyeong/Doosan_Robotics_Rokey/ROS2/vision_ws/install/point_cloud/lib/python3.10/site-packages/point_cloud-0.0.0-py3.10.egg-info/zip-safe
/home/somyeong/Doosan_Robotics_Rokey/ROS2/vision_ws/install/point_cloud/lib/python3.10/site-packages/point_cloud-0.0.0-py3.10.egg-info/dependency_links.txt
/home/somyeong/Doosan_Robotics_Rokey/ROS2/vision_ws/install/point_cloud/lib/point_cloud/pcd_publisher_node
/home/somyeong/Doosan_Robotics_Rokey/ROS2/vision_ws/install/point_cloud/lib/point_cloud/pcd_subscriber_node
