[0.006s] Invoking command in '/home/somyeong/Doosan_Robotics_Rokey/rqt_ws/build/rqt_example': CMAKE_PREFIX_PATH=/opt/ros/humble /usr/bin/cmake /home/somyeong/Doosan_Robotics_Rokey/rqt_ws/src/rqt_example -DCMAKE_INSTALL_PREFIX=/home/somyeong/Doosan_Robotics_Rokey/rqt_ws/install/rqt_example
[0.090s] -- The C compiler identification is GNU 11.4.0
[0.152s] -- The CXX compiler identification is GNU 11.4.0
[0.158s] -- Detecting C compiler ABI info
[0.214s] -- Detecting C compiler ABI info - done
[0.218s] -- Check for working C compiler: /usr/bin/cc - skipped
[0.218s] -- Detecting C compile features
[0.219s] -- Detecting C compile features - done
[0.221s] -- Detecting CXX compiler ABI info
[0.295s] -- Detecting CXX compiler ABI info - done
[0.301s] -- Check for working CXX compiler: /usr/bin/c++ - skipped
[0.301s] -- Detecting CXX compile features
[0.301s] -- Detecting CXX compile features - done
[0.303s] -- Found ament_cmake: 1.3.10 (/opt/ros/humble/share/ament_cmake/cmake)
[0.532s] -- Found Python3: /usr/bin/python3 (found version "3.10.12") found components: Interpreter 
[0.665s] -- Found ament_lint_auto: 0.12.11 (/opt/ros/humble/share/ament_lint_auto/cmake)
[0.716s] -- Added test 'copyright' to check source files copyright and LICENSE
[0.718s] -- Added test 'flake8' to check Python code syntax and style conventions
[0.718s] -- Added test 'lint_cmake' to check CMake code style
[0.718s] -- Added test 'pep257' to check Python code against some of the docstring style conventions in PEP 257
[0.719s] -- Added test 'xmllint' to check XML markup files
[0.720s] -- Configuring done
[0.722s] -- Generating done
[0.722s] -- Build files have been written to: /home/somyeong/Doosan_Robotics_Rokey/rqt_ws/build/rqt_example
[0.727s] Invoked command in '/home/somyeong/Doosan_Robotics_Rokey/rqt_ws/build/rqt_example' returned '0': CMAKE_PREFIX_PATH=/opt/ros/humble /usr/bin/cmake /home/somyeong/Doosan_Robotics_Rokey/rqt_ws/src/rqt_example -DCMAKE_INSTALL_PREFIX=/home/somyeong/Doosan_Robotics_Rokey/rqt_ws/install/rqt_example
[0.727s] Invoking command in '/home/somyeong/Doosan_Robotics_Rokey/rqt_ws/build/rqt_example': CMAKE_PREFIX_PATH=/opt/ros/humble /usr/bin/cmake --build /home/somyeong/Doosan_Robotics_Rokey/rqt_ws/build/rqt_example -- -j16 -l16
[0.771s] Built target ament_cmake_python_copy_rqt_example
[0.892s] running egg_info
[0.893s] creating rqt_example.egg-info
[0.901s] writing rqt_example.egg-info/PKG-INFO
[0.901s] writing dependency_links to rqt_example.egg-info/dependency_links.txt
[0.901s] writing top-level names to rqt_example.egg-info/top_level.txt
[0.901s] writing manifest file 'rqt_example.egg-info/SOURCES.txt'
[0.925s] reading manifest file 'rqt_example.egg-info/SOURCES.txt'
[0.926s] writing manifest file 'rqt_example.egg-info/SOURCES.txt'
[0.945s] Built target ament_cmake_python_build_rqt_example_egg
[0.953s] Invoked command in '/home/somyeong/Doosan_Robotics_Rokey/rqt_ws/build/rqt_example' returned '0': CMAKE_PREFIX_PATH=/opt/ros/humble /usr/bin/cmake --build /home/somyeong/Doosan_Robotics_Rokey/rqt_ws/build/rqt_example -- -j16 -l16
[0.976s] Invoking command in '/home/somyeong/Doosan_Robotics_Rokey/rqt_ws/build/rqt_example': CMAKE_PREFIX_PATH=/opt/ros/humble /usr/bin/cmake --install /home/somyeong/Doosan_Robotics_Rokey/rqt_ws/build/rqt_example
[0.981s] -- Install configuration: ""
[0.981s] -- Installing: /home/somyeong/Doosan_Robotics_Rokey/rqt_ws/install/rqt_example/share/rqt_example/environment/pythonpath.sh
[0.981s] -- Installing: /home/somyeong/Doosan_Robotics_Rokey/rqt_ws/install/rqt_example/share/rqt_example/environment/pythonpath.dsv
[0.981s] -- Installing: /home/somyeong/Doosan_Robotics_Rokey/rqt_ws/install/rqt_example/local/lib/python3.10/dist-packages/rqt_example-0.6.0-py3.10.egg-info
[0.981s] -- Installing: /home/somyeong/Doosan_Robotics_Rokey/rqt_ws/install/rqt_example/local/lib/python3.10/dist-packages/rqt_example-0.6.0-py3.10.egg-info/PKG-INFO
[0.981s] -- Installing: /home/somyeong/Doosan_Robotics_Rokey/rqt_ws/install/rqt_example/local/lib/python3.10/dist-packages/rqt_example-0.6.0-py3.10.egg-info/top_level.txt
[0.981s] -- Installing: /home/somyeong/Doosan_Robotics_Rokey/rqt_ws/install/rqt_example/local/lib/python3.10/dist-packages/rqt_example-0.6.0-py3.10.egg-info/SOURCES.txt
[0.981s] -- Installing: /home/somyeong/Doosan_Robotics_Rokey/rqt_ws/install/rqt_example/local/lib/python3.10/dist-packages/rqt_example-0.6.0-py3.10.egg-info/dependency_links.txt
[0.982s] -- Installing: /home/somyeong/Doosan_Robotics_Rokey/rqt_ws/install/rqt_example/local/lib/python3.10/dist-packages/rqt_example
[0.982s] -- Installing: /home/somyeong/Doosan_Robotics_Rokey/rqt_ws/install/rqt_example/local/lib/python3.10/dist-packages/rqt_example/examples_widget.py
[0.982s] -- Installing: /home/somyeong/Doosan_Robotics_Rokey/rqt_ws/install/rqt_example/local/lib/python3.10/dist-packages/rqt_example/examples.py
[0.982s] -- Installing: /home/somyeong/Doosan_Robotics_Rokey/rqt_ws/install/rqt_example/local/lib/python3.10/dist-packages/rqt_example/__init__.py
[1.002s] Listing '/home/somyeong/Doosan_Robotics_Rokey/rqt_ws/install/rqt_example/local/lib/python3.10/dist-packages/rqt_example'...
[1.002s] Compiling '/home/somyeong/Doosan_Robotics_Rokey/rqt_ws/install/rqt_example/local/lib/python3.10/dist-packages/rqt_example/__init__.py'...
[1.002s] Compiling '/home/somyeong/Doosan_Robotics_Rokey/rqt_ws/install/rqt_example/local/lib/python3.10/dist-packages/rqt_example/examples.py'...
[1.002s] Compiling '/home/somyeong/Doosan_Robotics_Rokey/rqt_ws/install/rqt_example/local/lib/python3.10/dist-packages/rqt_example/examples_widget.py'...
[1.004s] -- Installing: /home/somyeong/Doosan_Robotics_Rokey/rqt_ws/install/rqt_example/share/rqt_example/plugin.xml
[1.005s] -- Installing: /home/somyeong/Doosan_Robotics_Rokey/rqt_ws/install/rqt_example/share/rqt_example/resource
[1.005s] -- Installing: /home/somyeong/Doosan_Robotics_Rokey/rqt_ws/install/rqt_example/share/rqt_example/resource/rqt_example.ui
[1.005s] -- Installing: /home/somyeong/Doosan_Robotics_Rokey/rqt_ws/install/rqt_example/share/rqt_example/launch
[1.005s] -- Installing: /home/somyeong/Doosan_Robotics_Rokey/rqt_ws/install/rqt_example/share/rqt_example/launch/turtlesim.launch.py
[1.005s] -- Installing: /home/somyeong/Doosan_Robotics_Rokey/rqt_ws/install/rqt_example/lib/rqt_example/rqt_example
[1.005s] -- Installing: /home/somyeong/Doosan_Robotics_Rokey/rqt_ws/install/rqt_example/share/ament_index/resource_index/package_run_dependencies/rqt_example
[1.005s] -- Installing: /home/somyeong/Doosan_Robotics_Rokey/rqt_ws/install/rqt_example/share/ament_index/resource_index/parent_prefix_path/rqt_example
[1.005s] -- Installing: /home/somyeong/Doosan_Robotics_Rokey/rqt_ws/install/rqt_example/share/rqt_example/environment/ament_prefix_path.sh
[1.005s] -- Installing: /home/somyeong/Doosan_Robotics_Rokey/rqt_ws/install/rqt_example/share/rqt_example/environment/ament_prefix_path.dsv
[1.005s] -- Installing: /home/somyeong/Doosan_Robotics_Rokey/rqt_ws/install/rqt_example/share/rqt_example/environment/path.sh
[1.006s] -- Installing: /home/somyeong/Doosan_Robotics_Rokey/rqt_ws/install/rqt_example/share/rqt_example/environment/path.dsv
[1.006s] -- Installing: /home/somyeong/Doosan_Robotics_Rokey/rqt_ws/install/rqt_example/share/rqt_example/local_setup.bash
[1.006s] -- Installing: /home/somyeong/Doosan_Robotics_Rokey/rqt_ws/install/rqt_example/share/rqt_example/local_setup.sh
[1.006s] -- Installing: /home/somyeong/Doosan_Robotics_Rokey/rqt_ws/install/rqt_example/share/rqt_example/local_setup.zsh
[1.006s] -- Installing: /home/somyeong/Doosan_Robotics_Rokey/rqt_ws/install/rqt_example/share/rqt_example/local_setup.dsv
[1.006s] -- Installing: /home/somyeong/Doosan_Robotics_Rokey/rqt_ws/install/rqt_example/share/rqt_example/package.dsv
[1.006s] -- Installing: /home/somyeong/Doosan_Robotics_Rokey/rqt_ws/install/rqt_example/share/ament_index/resource_index/packages/rqt_example
[1.006s] -- Installing: /home/somyeong/Doosan_Robotics_Rokey/rqt_ws/install/rqt_example/share/rqt_example/cmake/rqt_exampleConfig.cmake
[1.006s] -- Installing: /home/somyeong/Doosan_Robotics_Rokey/rqt_ws/install/rqt_example/share/rqt_example/cmake/rqt_exampleConfig-version.cmake
[1.006s] -- Installing: /home/somyeong/Doosan_Robotics_Rokey/rqt_ws/install/rqt_example/share/rqt_example/package.xml
[1.007s] Invoked command in '/home/somyeong/Doosan_Robotics_Rokey/rqt_ws/build/rqt_example' returned '0': CMAKE_PREFIX_PATH=/opt/ros/humble /usr/bin/cmake --install /home/somyeong/Doosan_Robotics_Rokey/rqt_ws/build/rqt_example
