/home/somyeong/.local/lib/python3.10/site-packages/setuptools/_distutils/dist.py:261: UserWarning: Unknown distribution option: 'tests_require'
  warnings.warn(msg)
running develop
/home/somyeong/.local/lib/python3.10/site-packages/setuptools/command/develop.py:41: EasyInstallDeprecationWarning: easy_install command is deprecated.
!!

        ********************************************************************************
        Please avoid running ``setup.py`` and ``easy_install``.
        Instead, use pypa/build, pypa/installer or other
        standards-based tools.

        See https://github.com/pypa/setuptools/issues/917 for details.
        ********************************************************************************

!!
  easy_install.initialize_options(self)
running egg_info
creating my_package1212.egg-info
writing my_package1212.egg-info/PKG-INFO
writing dependency_links to my_package1212.egg-info/dependency_links.txt
writing requirements to my_package1212.egg-info/requires.txt
writing top-level names to my_package1212.egg-info/top_level.txt
writing manifest file 'my_package1212.egg-info/SOURCES.txt'
reading manifest file 'my_package1212.egg-info/SOURCES.txt'
writing manifest file 'my_package1212.egg-info/SOURCES.txt'
running build_ext
Creating /home/somyeong/Doosan_Robotics_Rokey/ros2_ws/install/my_package1212/lib/python3.10/site-packages/my-package1212.egg-link (link to .)

Installed /home/somyeong/Doosan_Robotics_Rokey/ros2_ws/build/my_package1212
running symlink_data
creating /home/somyeong/Doosan_Robotics_Rokey/ros2_ws/install/my_package1212/share/ament_index/resource_index/packages
symbolically linking /home/somyeong/Doosan_Robotics_Rokey/ros2_ws/build/my_package1212/resource/my_package1212 -> /home/somyeong/Doosan_Robotics_Rokey/ros2_ws/install/my_package1212/share/ament_index/resource_index/packages
symbolically linking /home/somyeong/Doosan_Robotics_Rokey/ros2_ws/build/my_package1212/package.xml -> /home/somyeong/Doosan_Robotics_Rokey/ros2_ws/install/my_package1212/share/my_package1212
