running egg_info
creating ../../build/ex_calculator/ex_calculator.egg-info
writing ../../build/ex_calculator/ex_calculator.egg-info/PKG-INFO
writing dependency_links to ../../build/ex_calculator/ex_calculator.egg-info/dependency_links.txt
writing entry points to ../../build/ex_calculator/ex_calculator.egg-info/entry_points.txt
writing requirements to ../../build/ex_calculator/ex_calculator.egg-info/requires.txt
writing top-level names to ../../build/ex_calculator/ex_calculator.egg-info/top_level.txt
writing manifest file '../../build/ex_calculator/ex_calculator.egg-info/SOURCES.txt'
reading manifest file '../../build/ex_calculator/ex_calculator.egg-info/SOURCES.txt'
writing manifest file '../../build/ex_calculator/ex_calculator.egg-info/SOURCES.txt'
running build
running build_py
creating /home/somyeong/Doosan_Robotics_Rokey/ros2_ws/build/ex_calculator/build/lib/ex_calculator
copying ex_calculator/__init__.py -> /home/somyeong/Doosan_Robotics_Rokey/ros2_ws/build/ex_calculator/build/lib/ex_calculator
creating /home/somyeong/Doosan_Robotics_Rokey/ros2_ws/build/ex_calculator/build/lib/ex_calculator/arithmetic
copying ex_calculator/arithmetic/__init__.py -> /home/somyeong/Doosan_Robotics_Rokey/ros2_ws/build/ex_calculator/build/lib/ex_calculator/arithmetic
copying ex_calculator/arithmetic/operator.py -> /home/somyeong/Doosan_Robotics_Rokey/ros2_ws/build/ex_calculator/build/lib/ex_calculator/arithmetic
copying ex_calculator/arithmetic/argument.py -> /home/somyeong/Doosan_Robotics_Rokey/ros2_ws/build/ex_calculator/build/lib/ex_calculator/arithmetic
creating /home/somyeong/Doosan_Robotics_Rokey/ros2_ws/build/ex_calculator/build/lib/ex_calculator/calculator
copying ex_calculator/calculator/main.py -> /home/somyeong/Doosan_Robotics_Rokey/ros2_ws/build/ex_calculator/build/lib/ex_calculator/calculator
copying ex_calculator/calculator/calculator.py -> /home/somyeong/Doosan_Robotics_Rokey/ros2_ws/build/ex_calculator/build/lib/ex_calculator/calculator
copying ex_calculator/calculator/__init__.py -> /home/somyeong/Doosan_Robotics_Rokey/ros2_ws/build/ex_calculator/build/lib/ex_calculator/calculator
creating /home/somyeong/Doosan_Robotics_Rokey/ros2_ws/build/ex_calculator/build/lib/ex_calculator/checker
copying ex_calculator/checker/main.py -> /home/somyeong/Doosan_Robotics_Rokey/ros2_ws/build/ex_calculator/build/lib/ex_calculator/checker
copying ex_calculator/checker/checker.py -> /home/somyeong/Doosan_Robotics_Rokey/ros2_ws/build/ex_calculator/build/lib/ex_calculator/checker
copying ex_calculator/checker/__init__.py -> /home/somyeong/Doosan_Robotics_Rokey/ros2_ws/build/ex_calculator/build/lib/ex_calculator/checker
running install
running install_lib
creating /home/somyeong/Doosan_Robotics_Rokey/ros2_ws/install/ex_calculator/lib/python3.10/site-packages/ex_calculator
creating /home/somyeong/Doosan_Robotics_Rokey/ros2_ws/install/ex_calculator/lib/python3.10/site-packages/ex_calculator/arithmetic
copying /home/somyeong/Doosan_Robotics_Rokey/ros2_ws/build/ex_calculator/build/lib/ex_calculator/arithmetic/__init__.py -> /home/somyeong/Doosan_Robotics_Rokey/ros2_ws/install/ex_calculator/lib/python3.10/site-packages/ex_calculator/arithmetic
copying /home/somyeong/Doosan_Robotics_Rokey/ros2_ws/build/ex_calculator/build/lib/ex_calculator/arithmetic/operator.py -> /home/somyeong/Doosan_Robotics_Rokey/ros2_ws/install/ex_calculator/lib/python3.10/site-packages/ex_calculator/arithmetic
copying /home/somyeong/Doosan_Robotics_Rokey/ros2_ws/build/ex_calculator/build/lib/ex_calculator/arithmetic/argument.py -> /home/somyeong/Doosan_Robotics_Rokey/ros2_ws/install/ex_calculator/lib/python3.10/site-packages/ex_calculator/arithmetic
creating /home/somyeong/Doosan_Robotics_Rokey/ros2_ws/install/ex_calculator/lib/python3.10/site-packages/ex_calculator/calculator
copying /home/somyeong/Doosan_Robotics_Rokey/ros2_ws/build/ex_calculator/build/lib/ex_calculator/calculator/main.py -> /home/somyeong/Doosan_Robotics_Rokey/ros2_ws/install/ex_calculator/lib/python3.10/site-packages/ex_calculator/calculator
copying /home/somyeong/Doosan_Robotics_Rokey/ros2_ws/build/ex_calculator/build/lib/ex_calculator/calculator/calculator.py -> /home/somyeong/Doosan_Robotics_Rokey/ros2_ws/install/ex_calculator/lib/python3.10/site-packages/ex_calculator/calculator
copying /home/somyeong/Doosan_Robotics_Rokey/ros2_ws/build/ex_calculator/build/lib/ex_calculator/calculator/__init__.py -> /home/somyeong/Doosan_Robotics_Rokey/ros2_ws/install/ex_calculator/lib/python3.10/site-packages/ex_calculator/calculator
creating /home/somyeong/Doosan_Robotics_Rokey/ros2_ws/install/ex_calculator/lib/python3.10/site-packages/ex_calculator/checker
copying /home/somyeong/Doosan_Robotics_Rokey/ros2_ws/build/ex_calculator/build/lib/ex_calculator/checker/main.py -> /home/somyeong/Doosan_Robotics_Rokey/ros2_ws/install/ex_calculator/lib/python3.10/site-packages/ex_calculator/checker
copying /home/somyeong/Doosan_Robotics_Rokey/ros2_ws/build/ex_calculator/build/lib/ex_calculator/checker/checker.py -> /home/somyeong/Doosan_Robotics_Rokey/ros2_ws/install/ex_calculator/lib/python3.10/site-packages/ex_calculator/checker
copying /home/somyeong/Doosan_Robotics_Rokey/ros2_ws/build/ex_calculator/build/lib/ex_calculator/checker/__init__.py -> /home/somyeong/Doosan_Robotics_Rokey/ros2_ws/install/ex_calculator/lib/python3.10/site-packages/ex_calculator/checker
copying /home/somyeong/Doosan_Robotics_Rokey/ros2_ws/build/ex_calculator/build/lib/ex_calculator/__init__.py -> /home/somyeong/Doosan_Robotics_Rokey/ros2_ws/install/ex_calculator/lib/python3.10/site-packages/ex_calculator
byte-compiling /home/somyeong/Doosan_Robotics_Rokey/ros2_ws/install/ex_calculator/lib/python3.10/site-packages/ex_calculator/arithmetic/__init__.py to __init__.cpython-310.pyc
byte-compiling /home/somyeong/Doosan_Robotics_Rokey/ros2_ws/install/ex_calculator/lib/python3.10/site-packages/ex_calculator/arithmetic/operator.py to operator.cpython-310.pyc
byte-compiling /home/somyeong/Doosan_Robotics_Rokey/ros2_ws/install/ex_calculator/lib/python3.10/site-packages/ex_calculator/arithmetic/argument.py to argument.cpython-310.pyc
byte-compiling /home/somyeong/Doosan_Robotics_Rokey/ros2_ws/install/ex_calculator/lib/python3.10/site-packages/ex_calculator/calculator/main.py to main.cpython-310.pyc
byte-compiling /home/somyeong/Doosan_Robotics_Rokey/ros2_ws/install/ex_calculator/lib/python3.10/site-packages/ex_calculator/calculator/calculator.py to calculator.cpython-310.pyc
byte-compiling /home/somyeong/Doosan_Robotics_Rokey/ros2_ws/install/ex_calculator/lib/python3.10/site-packages/ex_calculator/calculator/__init__.py to __init__.cpython-310.pyc
byte-compiling /home/somyeong/Doosan_Robotics_Rokey/ros2_ws/install/ex_calculator/lib/python3.10/site-packages/ex_calculator/checker/main.py to main.cpython-310.pyc
byte-compiling /home/somyeong/Doosan_Robotics_Rokey/ros2_ws/install/ex_calculator/lib/python3.10/site-packages/ex_calculator/checker/checker.py to checker.cpython-310.pyc
byte-compiling /home/somyeong/Doosan_Robotics_Rokey/ros2_ws/install/ex_calculator/lib/python3.10/site-packages/ex_calculator/checker/__init__.py to __init__.cpython-310.pyc
byte-compiling /home/somyeong/Doosan_Robotics_Rokey/ros2_ws/install/ex_calculator/lib/python3.10/site-packages/ex_calculator/__init__.py to __init__.cpython-310.pyc
running install_data
creating /home/somyeong/Doosan_Robotics_Rokey/ros2_ws/install/ex_calculator/share/ament_index/resource_index/packages
copying resource/ex_calculator -> /home/somyeong/Doosan_Robotics_Rokey/ros2_ws/install/ex_calculator/share/ament_index/resource_index/packages
copying package.xml -> /home/somyeong/Doosan_Robotics_Rokey/ros2_ws/install/ex_calculator/share/ex_calculator
creating /home/somyeong/Doosan_Robotics_Rokey/ros2_ws/install/ex_calculator/share/ex_calculator/launch
copying launch/arithmetic.launch.py -> /home/somyeong/Doosan_Robotics_Rokey/ros2_ws/install/ex_calculator/share/ex_calculator/launch
creating /home/somyeong/Doosan_Robotics_Rokey/ros2_ws/install/ex_calculator/share/ex_calculator/param
copying param/arithmetic_config.yaml -> /home/somyeong/Doosan_Robotics_Rokey/ros2_ws/install/ex_calculator/share/ex_calculator/param
running install_egg_info
Copying ../../build/ex_calculator/ex_calculator.egg-info to /home/somyeong/Doosan_Robotics_Rokey/ros2_ws/install/ex_calculator/lib/python3.10/site-packages/ex_calculator-0.0.0-py3.10.egg-info
running install_scripts
Installing argument script to /home/somyeong/Doosan_Robotics_Rokey/ros2_ws/install/ex_calculator/lib/ex_calculator
Installing calculator script to /home/somyeong/Doosan_Robotics_Rokey/ros2_ws/install/ex_calculator/lib/ex_calculator
Installing checker script to /home/somyeong/Doosan_Robotics_Rokey/ros2_ws/install/ex_calculator/lib/ex_calculator
Installing operator script to /home/somyeong/Doosan_Robotics_Rokey/ros2_ws/install/ex_calculator/lib/ex_calculator
writing list of installed files to '/home/somyeong/Doosan_Robotics_Rokey/ros2_ws/build/ex_calculator/install.log'
