/home/somyeong/Doosan_Robotics_Rokey/ros2_ws/install/ros2env/lib/python3.10/site-packages/ros2env/__init__.py
/home/somyeong/Doosan_Robotics_Rokey/ros2_ws/install/ros2env/lib/python3.10/site-packages/ros2env/api/__init__.py
/home/somyeong/Doosan_Robotics_Rokey/ros2_ws/install/ros2env/lib/python3.10/site-packages/ros2env/command/env.py
/home/somyeong/Doosan_Robotics_Rokey/ros2_ws/install/ros2env/lib/python3.10/site-packages/ros2env/command/__init__.py
/home/somyeong/Doosan_Robotics_Rokey/ros2_ws/install/ros2env/lib/python3.10/site-packages/ros2env/verb/set.py
/home/somyeong/Doosan_Robotics_Rokey/ros2_ws/install/ros2env/lib/python3.10/site-packages/ros2env/verb/list.py
/home/somyeong/Doosan_Robotics_Rokey/ros2_ws/install/ros2env/lib/python3.10/site-packages/ros2env/verb/__init__.py
/home/somyeong/Doosan_Robotics_Rokey/ros2_ws/install/ros2env/lib/python3.10/site-packages/ros2env/__pycache__/__init__.cpython-310.pyc
/home/somyeong/Doosan_Robotics_Rokey/ros2_ws/install/ros2env/lib/python3.10/site-packages/ros2env/api/__pycache__/__init__.cpython-310.pyc
/home/somyeong/Doosan_Robotics_Rokey/ros2_ws/install/ros2env/lib/python3.10/site-packages/ros2env/command/__pycache__/env.cpython-310.pyc
/home/somyeong/Doosan_Robotics_Rokey/ros2_ws/install/ros2env/lib/python3.10/site-packages/ros2env/command/__pycache__/__init__.cpython-310.pyc
/home/somyeong/Doosan_Robotics_Rokey/ros2_ws/install/ros2env/lib/python3.10/site-packages/ros2env/verb/__pycache__/set.cpython-310.pyc
/home/somyeong/Doosan_Robotics_Rokey/ros2_ws/install/ros2env/lib/python3.10/site-packages/ros2env/verb/__pycache__/list.cpython-310.pyc
/home/somyeong/Doosan_Robotics_Rokey/ros2_ws/install/ros2env/lib/python3.10/site-packages/ros2env/verb/__pycache__/__init__.cpython-310.pyc
/home/somyeong/Doosan_Robotics_Rokey/ros2_ws/install/ros2env/share/ament_index/resource_index/packages/ros2env
/home/somyeong/Doosan_Robotics_Rokey/ros2_ws/install/ros2env/share/ros2env/package.xml
/home/somyeong/Doosan_Robotics_Rokey/ros2_ws/install/ros2env/lib/python3.10/site-packages/ros2env-0.0.0-py3.10.egg-info/PKG-INFO
/home/somyeong/Doosan_Robotics_Rokey/ros2_ws/install/ros2env/lib/python3.10/site-packages/ros2env-0.0.0-py3.10.egg-info/entry_points.txt
/home/somyeong/Doosan_Robotics_Rokey/ros2_ws/install/ros2env/lib/python3.10/site-packages/ros2env-0.0.0-py3.10.egg-info/top_level.txt
/home/somyeong/Doosan_Robotics_Rokey/ros2_ws/install/ros2env/lib/python3.10/site-packages/ros2env-0.0.0-py3.10.egg-info/SOURCES.txt
/home/somyeong/Doosan_Robotics_Rokey/ros2_ws/install/ros2env/lib/python3.10/site-packages/ros2env-0.0.0-py3.10.egg-info/requires.txt
/home/somyeong/Doosan_Robotics_Rokey/ros2_ws/install/ros2env/lib/python3.10/site-packages/ros2env-0.0.0-py3.10.egg-info/zip-safe
/home/somyeong/Doosan_Robotics_Rokey/ros2_ws/install/ros2env/lib/python3.10/site-packages/ros2env-0.0.0-py3.10.egg-info/dependency_links.txt
