running egg_info
writing ../../build/ros2env/ros2env.egg-info/PKG-INFO
writing dependency_links to ../../build/ros2env/ros2env.egg-info/dependency_links.txt
writing entry points to ../../build/ros2env/ros2env.egg-info/entry_points.txt
writing requirements to ../../build/ros2env/ros2env.egg-info/requires.txt
writing top-level names to ../../build/ros2env/ros2env.egg-info/top_level.txt
reading manifest file '../../build/ros2env/ros2env.egg-info/SOURCES.txt'
writing manifest file '../../build/ros2env/ros2env.egg-info/SOURCES.txt'
running build
running build_py
copying ros2env/__init__.py -> /home/somyeong/Doosan_Robotics_Rokey/ros2_ws/build/ros2env/build/lib/ros2env
copying ros2env/api/__init__.py -> /home/somyeong/Doosan_Robotics_Rokey/ros2_ws/build/ros2env/build/lib/ros2env/api
copying ros2env/command/env.py -> /home/somyeong/Doosan_Robotics_Rokey/ros2_ws/build/ros2env/build/lib/ros2env/command
copying ros2env/command/__init__.py -> /home/somyeong/Doosan_Robotics_Rokey/ros2_ws/build/ros2env/build/lib/ros2env/command
copying ros2env/verb/set.py -> /home/somyeong/Doosan_Robotics_Rokey/ros2_ws/build/ros2env/build/lib/ros2env/verb
copying ros2env/verb/list.py -> /home/somyeong/Doosan_Robotics_Rokey/ros2_ws/build/ros2env/build/lib/ros2env/verb
copying ros2env/verb/__init__.py -> /home/somyeong/Doosan_Robotics_Rokey/ros2_ws/build/ros2env/build/lib/ros2env/verb
running install
running install_lib
copying /home/somyeong/Doosan_Robotics_Rokey/ros2_ws/build/ros2env/build/lib/ros2env/api/__init__.py -> /home/somyeong/Doosan_Robotics_Rokey/ros2_ws/install/ros2env/lib/python3.10/site-packages/ros2env/api
byte-compiling /home/somyeong/Doosan_Robotics_Rokey/ros2_ws/install/ros2env/lib/python3.10/site-packages/ros2env/api/__init__.py to __init__.cpython-310.pyc
running install_data
copying resource/ros2env -> /home/somyeong/Doosan_Robotics_Rokey/ros2_ws/install/ros2env/share/ament_index/resource_index/packages
copying package.xml -> /home/somyeong/Doosan_Robotics_Rokey/ros2_ws/install/ros2env/share/ros2env
running install_egg_info
removing '/home/somyeong/Doosan_Robotics_Rokey/ros2_ws/install/ros2env/lib/python3.10/site-packages/ros2env-0.0.0-py3.10.egg-info' (and everything under it)
Copying ../../build/ros2env/ros2env.egg-info to /home/somyeong/Doosan_Robotics_Rokey/ros2_ws/install/ros2env/lib/python3.10/site-packages/ros2env-0.0.0-py3.10.egg-info
running install_scripts
writing list of installed files to '/home/somyeong/Doosan_Robotics_Rokey/ros2_ws/build/ros2env/install.log'
