[0.078s] DEBUG:colcon:Command line arguments: ['/usr/bin/colcon', 'build', '--packages-select', 'py_pubsub']
[0.078s] DEBUG:colcon:Parsed command line arguments: Namespace(log_base=None, log_level=None, verb_name='build', build_base='build', install_base='install', merge_install=False, symlink_install=False, test_result_base=None, continue_on_error=False, executor='parallel', parallel_workers=16, event_handlers=None, ignore_user_meta=False, metas=['./colcon.meta'], base_paths=['.'], packages_ignore=None, packages_ignore_regex=None, paths=None, packages_up_to=None, packages_up_to_regex=None, packages_above=None, packages_above_and_dependencies=None, packages_above_depth=None, packages_select_by_dep=None, packages_skip_by_dep=None, packages_skip_up_to=None, packages_select_build_failed=False, packages_skip_build_finished=False, packages_select_test_failures=False, packages_skip_test_passed=False, packages_select=['py_pubsub'], packages_skip=None, packages_select_regex=None, packages_skip_regex=None, packages_start=None, packages_end=None, allow_overriding=[], cmake_args=None, cmake_target=None, cmake_target_skip_unavailable=False, cmake_clean_cache=False, cmake_clean_first=False, cmake_force_configure=False, ament_cmake_args=None, catkin_cmake_args=None, catkin_skip_building_tests=False, verb_parser=<colcon_defaults.argument_parser.defaults.DefaultArgumentsDecorator object at 0x71d4d969d240>, verb_extension=<colcon_core.verb.build.BuildVerb object at 0x71d4d969ccd0>, main=<bound method BuildVerb.main of <colcon_core.verb.build.BuildVerb object at 0x71d4d969ccd0>>)
[0.100s] Level 1:colcon.colcon_core.package_discovery:discover_packages(colcon_meta) check parameters
[0.100s] Level 1:colcon.colcon_core.package_discovery:discover_packages(recursive) check parameters
[0.100s] Level 1:colcon.colcon_core.package_discovery:discover_packages(ignore) check parameters
[0.100s] Level 1:colcon.colcon_core.package_discovery:discover_packages(path) check parameters
[0.100s] Level 1:colcon.colcon_core.package_discovery:discover_packages(colcon_meta) discover
[0.100s] Level 1:colcon.colcon_core.package_discovery:discover_packages(recursive) discover
[0.100s] INFO:colcon.colcon_core.package_discovery:Crawling recursively for packages in '/home/somyeong/Doosan_Robotics_Rokey/ros2_ws'
[0.100s] Level 1:colcon.colcon_core.package_identification:_identify(.) by extensions ['ignore', 'ignore_ament_install']
[0.100s] Level 1:colcon.colcon_core.package_identification:_identify(.) by extension 'ignore'
[0.100s] Level 1:colcon.colcon_core.package_identification:_identify(.) by extension 'ignore_ament_install'
[0.100s] Level 1:colcon.colcon_core.package_identification:_identify(.) by extensions ['colcon_pkg']
[0.100s] Level 1:colcon.colcon_core.package_identification:_identify(.) by extension 'colcon_pkg'
[0.100s] Level 1:colcon.colcon_core.package_identification:_identify(.) by extensions ['colcon_meta']
[0.100s] Level 1:colcon.colcon_core.package_identification:_identify(.) by extension 'colcon_meta'
[0.100s] Level 1:colcon.colcon_core.package_identification:_identify(.) by extensions ['ros']
[0.100s] Level 1:colcon.colcon_core.package_identification:_identify(.) by extension 'ros'
[0.109s] Level 1:colcon.colcon_core.package_identification:_identify(.) by extensions ['cmake', 'python']
[0.109s] Level 1:colcon.colcon_core.package_identification:_identify(.) by extension 'cmake'
[0.109s] Level 1:colcon.colcon_core.package_identification:_identify(.) by extension 'python'
[0.109s] Level 1:colcon.colcon_core.package_identification:_identify(.) by extensions ['python_setup_py']
[0.109s] Level 1:colcon.colcon_core.package_identification:_identify(.) by extension 'python_setup_py'
[0.109s] Level 1:colcon.colcon_core.package_identification:_identify(build) by extensions ['ignore', 'ignore_ament_install']
[0.109s] Level 1:colcon.colcon_core.package_identification:_identify(build) by extension 'ignore'
[0.109s] Level 1:colcon.colcon_core.package_identification:_identify(build) ignored
[0.110s] Level 1:colcon.colcon_core.package_identification:_identify(demo_keystore) by extensions ['ignore', 'ignore_ament_install']
[0.110s] Level 1:colcon.colcon_core.package_identification:_identify(demo_keystore) by extension 'ignore'
[0.110s] Level 1:colcon.colcon_core.package_identification:_identify(demo_keystore) by extension 'ignore_ament_install'
[0.110s] Level 1:colcon.colcon_core.package_identification:_identify(demo_keystore) by extensions ['colcon_pkg']
[0.110s] Level 1:colcon.colcon_core.package_identification:_identify(demo_keystore) by extension 'colcon_pkg'
[0.110s] Level 1:colcon.colcon_core.package_identification:_identify(demo_keystore) by extensions ['colcon_meta']
[0.110s] Level 1:colcon.colcon_core.package_identification:_identify(demo_keystore) by extension 'colcon_meta'
[0.110s] Level 1:colcon.colcon_core.package_identification:_identify(demo_keystore) by extensions ['ros']
[0.110s] Level 1:colcon.colcon_core.package_identification:_identify(demo_keystore) by extension 'ros'
[0.110s] Level 1:colcon.colcon_core.package_identification:_identify(demo_keystore) by extensions ['cmake', 'python']
[0.110s] Level 1:colcon.colcon_core.package_identification:_identify(demo_keystore) by extension 'cmake'
[0.110s] Level 1:colcon.colcon_core.package_identification:_identify(demo_keystore) by extension 'python'
[0.110s] Level 1:colcon.colcon_core.package_identification:_identify(demo_keystore) by extensions ['python_setup_py']
[0.110s] Level 1:colcon.colcon_core.package_identification:_identify(demo_keystore) by extension 'python_setup_py'
[0.110s] Level 1:colcon.colcon_core.package_identification:_identify(demo_keystore/enclaves) by extensions ['ignore', 'ignore_ament_install']
[0.110s] Level 1:colcon.colcon_core.package_identification:_identify(demo_keystore/enclaves) by extension 'ignore'
[0.110s] Level 1:colcon.colcon_core.package_identification:_identify(demo_keystore/enclaves) by extension 'ignore_ament_install'
[0.110s] Level 1:colcon.colcon_core.package_identification:_identify(demo_keystore/enclaves) by extensions ['colcon_pkg']
[0.110s] Level 1:colcon.colcon_core.package_identification:_identify(demo_keystore/enclaves) by extension 'colcon_pkg'
[0.110s] Level 1:colcon.colcon_core.package_identification:_identify(demo_keystore/enclaves) by extensions ['colcon_meta']
[0.110s] Level 1:colcon.colcon_core.package_identification:_identify(demo_keystore/enclaves) by extension 'colcon_meta'
[0.110s] Level 1:colcon.colcon_core.package_identification:_identify(demo_keystore/enclaves) by extensions ['ros']
[0.110s] Level 1:colcon.colcon_core.package_identification:_identify(demo_keystore/enclaves) by extension 'ros'
[0.110s] Level 1:colcon.colcon_core.package_identification:_identify(demo_keystore/enclaves) by extensions ['cmake', 'python']
[0.110s] Level 1:colcon.colcon_core.package_identification:_identify(demo_keystore/enclaves) by extension 'cmake'
[0.110s] Level 1:colcon.colcon_core.package_identification:_identify(demo_keystore/enclaves) by extension 'python'
[0.110s] Level 1:colcon.colcon_core.package_identification:_identify(demo_keystore/enclaves) by extensions ['python_setup_py']
[0.110s] Level 1:colcon.colcon_core.package_identification:_identify(demo_keystore/enclaves) by extension 'python_setup_py'
[0.110s] Level 1:colcon.colcon_core.package_identification:_identify(demo_keystore/enclaves/talker_listener) by extensions ['ignore', 'ignore_ament_install']
[0.110s] Level 1:colcon.colcon_core.package_identification:_identify(demo_keystore/enclaves/talker_listener) by extension 'ignore'
[0.110s] Level 1:colcon.colcon_core.package_identification:_identify(demo_keystore/enclaves/talker_listener) by extension 'ignore_ament_install'
[0.110s] Level 1:colcon.colcon_core.package_identification:_identify(demo_keystore/enclaves/talker_listener) by extensions ['colcon_pkg']
[0.110s] Level 1:colcon.colcon_core.package_identification:_identify(demo_keystore/enclaves/talker_listener) by extension 'colcon_pkg'
[0.110s] Level 1:colcon.colcon_core.package_identification:_identify(demo_keystore/enclaves/talker_listener) by extensions ['colcon_meta']
[0.110s] Level 1:colcon.colcon_core.package_identification:_identify(demo_keystore/enclaves/talker_listener) by extension 'colcon_meta'
[0.110s] Level 1:colcon.colcon_core.package_identification:_identify(demo_keystore/enclaves/talker_listener) by extensions ['ros']
[0.110s] Level 1:colcon.colcon_core.package_identification:_identify(demo_keystore/enclaves/talker_listener) by extension 'ros'
[0.110s] Level 1:colcon.colcon_core.package_identification:_identify(demo_keystore/enclaves/talker_listener) by extensions ['cmake', 'python']
[0.110s] Level 1:colcon.colcon_core.package_identification:_identify(demo_keystore/enclaves/talker_listener) by extension 'cmake'
[0.110s] Level 1:colcon.colcon_core.package_identification:_identify(demo_keystore/enclaves/talker_listener) by extension 'python'
[0.110s] Level 1:colcon.colcon_core.package_identification:_identify(demo_keystore/enclaves/talker_listener) by extensions ['python_setup_py']
[0.110s] Level 1:colcon.colcon_core.package_identification:_identify(demo_keystore/enclaves/talker_listener) by extension 'python_setup_py'
[0.110s] Level 1:colcon.colcon_core.package_identification:_identify(demo_keystore/enclaves/talker_listener/listener) by extensions ['ignore', 'ignore_ament_install']
[0.111s] Level 1:colcon.colcon_core.package_identification:_identify(demo_keystore/enclaves/talker_listener/listener) by extension 'ignore'
[0.111s] Level 1:colcon.colcon_core.package_identification:_identify(demo_keystore/enclaves/talker_listener/listener) by extension 'ignore_ament_install'
[0.111s] Level 1:colcon.colcon_core.package_identification:_identify(demo_keystore/enclaves/talker_listener/listener) by extensions ['colcon_pkg']
[0.111s] Level 1:colcon.colcon_core.package_identification:_identify(demo_keystore/enclaves/talker_listener/listener) by extension 'colcon_pkg'
[0.111s] Level 1:colcon.colcon_core.package_identification:_identify(demo_keystore/enclaves/talker_listener/listener) by extensions ['colcon_meta']
[0.111s] Level 1:colcon.colcon_core.package_identification:_identify(demo_keystore/enclaves/talker_listener/listener) by extension 'colcon_meta'
[0.111s] Level 1:colcon.colcon_core.package_identification:_identify(demo_keystore/enclaves/talker_listener/listener) by extensions ['ros']
[0.111s] Level 1:colcon.colcon_core.package_identification:_identify(demo_keystore/enclaves/talker_listener/listener) by extension 'ros'
[0.111s] Level 1:colcon.colcon_core.package_identification:_identify(demo_keystore/enclaves/talker_listener/listener) by extensions ['cmake', 'python']
[0.111s] Level 1:colcon.colcon_core.package_identification:_identify(demo_keystore/enclaves/talker_listener/listener) by extension 'cmake'
[0.111s] Level 1:colcon.colcon_core.package_identification:_identify(demo_keystore/enclaves/talker_listener/listener) by extension 'python'
[0.111s] Level 1:colcon.colcon_core.package_identification:_identify(demo_keystore/enclaves/talker_listener/listener) by extensions ['python_setup_py']
[0.111s] Level 1:colcon.colcon_core.package_identification:_identify(demo_keystore/enclaves/talker_listener/listener) by extension 'python_setup_py'
[0.111s] Level 1:colcon.colcon_core.package_identification:_identify(demo_keystore/enclaves/talker_listener/talker) by extensions ['ignore', 'ignore_ament_install']
[0.111s] Level 1:colcon.colcon_core.package_identification:_identify(demo_keystore/enclaves/talker_listener/talker) by extension 'ignore'
[0.111s] Level 1:colcon.colcon_core.package_identification:_identify(demo_keystore/enclaves/talker_listener/talker) by extension 'ignore_ament_install'
[0.111s] Level 1:colcon.colcon_core.package_identification:_identify(demo_keystore/enclaves/talker_listener/talker) by extensions ['colcon_pkg']
[0.111s] Level 1:colcon.colcon_core.package_identification:_identify(demo_keystore/enclaves/talker_listener/talker) by extension 'colcon_pkg'
[0.111s] Level 1:colcon.colcon_core.package_identification:_identify(demo_keystore/enclaves/talker_listener/talker) by extensions ['colcon_meta']
[0.111s] Level 1:colcon.colcon_core.package_identification:_identify(demo_keystore/enclaves/talker_listener/talker) by extension 'colcon_meta'
[0.111s] Level 1:colcon.colcon_core.package_identification:_identify(demo_keystore/enclaves/talker_listener/talker) by extensions ['ros']
[0.111s] Level 1:colcon.colcon_core.package_identification:_identify(demo_keystore/enclaves/talker_listener/talker) by extension 'ros'
[0.111s] Level 1:colcon.colcon_core.package_identification:_identify(demo_keystore/enclaves/talker_listener/talker) by extensions ['cmake', 'python']
[0.111s] Level 1:colcon.colcon_core.package_identification:_identify(demo_keystore/enclaves/talker_listener/talker) by extension 'cmake'
[0.111s] Level 1:colcon.colcon_core.package_identification:_identify(demo_keystore/enclaves/talker_listener/talker) by extension 'python'
[0.111s] Level 1:colcon.colcon_core.package_identification:_identify(demo_keystore/enclaves/talker_listener/talker) by extensions ['python_setup_py']
[0.111s] Level 1:colcon.colcon_core.package_identification:_identify(demo_keystore/enclaves/talker_listener/talker) by extension 'python_setup_py'
[0.111s] Level 1:colcon.colcon_core.package_identification:_identify(demo_keystore/private) by extensions ['ignore', 'ignore_ament_install']
[0.111s] Level 1:colcon.colcon_core.package_identification:_identify(demo_keystore/private) by extension 'ignore'
[0.111s] Level 1:colcon.colcon_core.package_identification:_identify(demo_keystore/private) by extension 'ignore_ament_install'
[0.111s] Level 1:colcon.colcon_core.package_identification:_identify(demo_keystore/private) by extensions ['colcon_pkg']
[0.111s] Level 1:colcon.colcon_core.package_identification:_identify(demo_keystore/private) by extension 'colcon_pkg'
[0.111s] Level 1:colcon.colcon_core.package_identification:_identify(demo_keystore/private) by extensions ['colcon_meta']
[0.111s] Level 1:colcon.colcon_core.package_identification:_identify(demo_keystore/private) by extension 'colcon_meta'
[0.111s] Level 1:colcon.colcon_core.package_identification:_identify(demo_keystore/private) by extensions ['ros']
[0.111s] Level 1:colcon.colcon_core.package_identification:_identify(demo_keystore/private) by extension 'ros'
[0.111s] Level 1:colcon.colcon_core.package_identification:_identify(demo_keystore/private) by extensions ['cmake', 'python']
[0.111s] Level 1:colcon.colcon_core.package_identification:_identify(demo_keystore/private) by extension 'cmake'
[0.111s] Level 1:colcon.colcon_core.package_identification:_identify(demo_keystore/private) by extension 'python'
[0.111s] Level 1:colcon.colcon_core.package_identification:_identify(demo_keystore/private) by extensions ['python_setup_py']
[0.111s] Level 1:colcon.colcon_core.package_identification:_identify(demo_keystore/private) by extension 'python_setup_py'
[0.111s] Level 1:colcon.colcon_core.package_identification:_identify(demo_keystore/public) by extensions ['ignore', 'ignore_ament_install']
[0.111s] Level 1:colcon.colcon_core.package_identification:_identify(demo_keystore/public) by extension 'ignore'
[0.111s] Level 1:colcon.colcon_core.package_identification:_identify(demo_keystore/public) by extension 'ignore_ament_install'
[0.111s] Level 1:colcon.colcon_core.package_identification:_identify(demo_keystore/public) by extensions ['colcon_pkg']
[0.111s] Level 1:colcon.colcon_core.package_identification:_identify(demo_keystore/public) by extension 'colcon_pkg'
[0.111s] Level 1:colcon.colcon_core.package_identification:_identify(demo_keystore/public) by extensions ['colcon_meta']
[0.111s] Level 1:colcon.colcon_core.package_identification:_identify(demo_keystore/public) by extension 'colcon_meta'
[0.111s] Level 1:colcon.colcon_core.package_identification:_identify(demo_keystore/public) by extensions ['ros']
[0.112s] Level 1:colcon.colcon_core.package_identification:_identify(demo_keystore/public) by extension 'ros'
[0.112s] Level 1:colcon.colcon_core.package_identification:_identify(demo_keystore/public) by extensions ['cmake', 'python']
[0.112s] Level 1:colcon.colcon_core.package_identification:_identify(demo_keystore/public) by extension 'cmake'
[0.112s] Level 1:colcon.colcon_core.package_identification:_identify(demo_keystore/public) by extension 'python'
[0.112s] Level 1:colcon.colcon_core.package_identification:_identify(demo_keystore/public) by extensions ['python_setup_py']
[0.112s] Level 1:colcon.colcon_core.package_identification:_identify(demo_keystore/public) by extension 'python_setup_py'
[0.112s] Level 1:colcon.colcon_core.package_identification:_identify(install) by extensions ['ignore', 'ignore_ament_install']
[0.112s] Level 1:colcon.colcon_core.package_identification:_identify(install) by extension 'ignore'
[0.112s] Level 1:colcon.colcon_core.package_identification:_identify(install) ignored
[0.112s] Level 1:colcon.colcon_core.package_identification:_identify(log) by extensions ['ignore', 'ignore_ament_install']
[0.112s] Level 1:colcon.colcon_core.package_identification:_identify(log) by extension 'ignore'
[0.112s] Level 1:colcon.colcon_core.package_identification:_identify(log) ignored
[0.112s] Level 1:colcon.colcon_core.package_identification:_identify(my_bag) by extensions ['ignore', 'ignore_ament_install']
[0.112s] Level 1:colcon.colcon_core.package_identification:_identify(my_bag) by extension 'ignore'
[0.112s] Level 1:colcon.colcon_core.package_identification:_identify(my_bag) by extension 'ignore_ament_install'
[0.112s] Level 1:colcon.colcon_core.package_identification:_identify(my_bag) by extensions ['colcon_pkg']
[0.112s] Level 1:colcon.colcon_core.package_identification:_identify(my_bag) by extension 'colcon_pkg'
[0.112s] Level 1:colcon.colcon_core.package_identification:_identify(my_bag) by extensions ['colcon_meta']
[0.112s] Level 1:colcon.colcon_core.package_identification:_identify(my_bag) by extension 'colcon_meta'
[0.112s] Level 1:colcon.colcon_core.package_identification:_identify(my_bag) by extensions ['ros']
[0.112s] Level 1:colcon.colcon_core.package_identification:_identify(my_bag) by extension 'ros'
[0.112s] Level 1:colcon.colcon_core.package_identification:_identify(my_bag) by extensions ['cmake', 'python']
[0.112s] Level 1:colcon.colcon_core.package_identification:_identify(my_bag) by extension 'cmake'
[0.112s] Level 1:colcon.colcon_core.package_identification:_identify(my_bag) by extension 'python'
[0.112s] Level 1:colcon.colcon_core.package_identification:_identify(my_bag) by extensions ['python_setup_py']
[0.112s] Level 1:colcon.colcon_core.package_identification:_identify(my_bag) by extension 'python_setup_py'
[0.112s] Level 1:colcon.colcon_core.package_identification:_identify(my_ros_pkg) by extensions ['ignore', 'ignore_ament_install']
[0.112s] Level 1:colcon.colcon_core.package_identification:_identify(my_ros_pkg) by extension 'ignore'
[0.112s] Level 1:colcon.colcon_core.package_identification:_identify(my_ros_pkg) by extension 'ignore_ament_install'
[0.112s] Level 1:colcon.colcon_core.package_identification:_identify(my_ros_pkg) by extensions ['colcon_pkg']
[0.112s] Level 1:colcon.colcon_core.package_identification:_identify(my_ros_pkg) by extension 'colcon_pkg'
[0.112s] Level 1:colcon.colcon_core.package_identification:_identify(my_ros_pkg) by extensions ['colcon_meta']
[0.112s] Level 1:colcon.colcon_core.package_identification:_identify(my_ros_pkg) by extension 'colcon_meta'
[0.112s] Level 1:colcon.colcon_core.package_identification:_identify(my_ros_pkg) by extensions ['ros']
[0.112s] Level 1:colcon.colcon_core.package_identification:_identify(my_ros_pkg) by extension 'ros'
[0.114s] DEBUG:colcon.colcon_core.package_identification:Package 'my_ros_pkg' with type 'ros.ament_python' and name 'my_ros_pkg'
[0.114s] Level 1:colcon.colcon_core.package_identification:_identify(rosbag2_2024_10_14-10_54_22) by extensions ['ignore', 'ignore_ament_install']
[0.114s] Level 1:colcon.colcon_core.package_identification:_identify(rosbag2_2024_10_14-10_54_22) by extension 'ignore'
[0.114s] Level 1:colcon.colcon_core.package_identification:_identify(rosbag2_2024_10_14-10_54_22) by extension 'ignore_ament_install'
[0.114s] Level 1:colcon.colcon_core.package_identification:_identify(rosbag2_2024_10_14-10_54_22) by extensions ['colcon_pkg']
[0.114s] Level 1:colcon.colcon_core.package_identification:_identify(rosbag2_2024_10_14-10_54_22) by extension 'colcon_pkg'
[0.114s] Level 1:colcon.colcon_core.package_identification:_identify(rosbag2_2024_10_14-10_54_22) by extensions ['colcon_meta']
[0.114s] Level 1:colcon.colcon_core.package_identification:_identify(rosbag2_2024_10_14-10_54_22) by extension 'colcon_meta'
[0.114s] Level 1:colcon.colcon_core.package_identification:_identify(rosbag2_2024_10_14-10_54_22) by extensions ['ros']
[0.114s] Level 1:colcon.colcon_core.package_identification:_identify(rosbag2_2024_10_14-10_54_22) by extension 'ros'
[0.114s] Level 1:colcon.colcon_core.package_identification:_identify(rosbag2_2024_10_14-10_54_22) by extensions ['cmake', 'python']
[0.114s] Level 1:colcon.colcon_core.package_identification:_identify(rosbag2_2024_10_14-10_54_22) by extension 'cmake'
[0.114s] Level 1:colcon.colcon_core.package_identification:_identify(rosbag2_2024_10_14-10_54_22) by extension 'python'
[0.114s] Level 1:colcon.colcon_core.package_identification:_identify(rosbag2_2024_10_14-10_54_22) by extensions ['python_setup_py']
[0.114s] Level 1:colcon.colcon_core.package_identification:_identify(rosbag2_2024_10_14-10_54_22) by extension 'python_setup_py'
[0.114s] Level 1:colcon.colcon_core.package_identification:_identify(src) by extensions ['ignore', 'ignore_ament_install']
[0.114s] Level 1:colcon.colcon_core.package_identification:_identify(src) by extension 'ignore'
[0.114s] Level 1:colcon.colcon_core.package_identification:_identify(src) by extension 'ignore_ament_install'
[0.114s] Level 1:colcon.colcon_core.package_identification:_identify(src) by extensions ['colcon_pkg']
[0.114s] Level 1:colcon.colcon_core.package_identification:_identify(src) by extension 'colcon_pkg'
[0.114s] Level 1:colcon.colcon_core.package_identification:_identify(src) by extensions ['colcon_meta']
[0.114s] Level 1:colcon.colcon_core.package_identification:_identify(src) by extension 'colcon_meta'
[0.114s] Level 1:colcon.colcon_core.package_identification:_identify(src) by extensions ['ros']
[0.114s] Level 1:colcon.colcon_core.package_identification:_identify(src) by extension 'ros'
[0.114s] Level 1:colcon.colcon_core.package_identification:_identify(src) by extensions ['cmake', 'python']
[0.114s] Level 1:colcon.colcon_core.package_identification:_identify(src) by extension 'cmake'
[0.114s] Level 1:colcon.colcon_core.package_identification:_identify(src) by extension 'python'
[0.114s] Level 1:colcon.colcon_core.package_identification:_identify(src) by extensions ['python_setup_py']
[0.114s] Level 1:colcon.colcon_core.package_identification:_identify(src) by extension 'python_setup_py'
[0.114s] Level 1:colcon.colcon_core.package_identification:_identify(src/ex_calculator) by extensions ['ignore', 'ignore_ament_install']
[0.114s] Level 1:colcon.colcon_core.package_identification:_identify(src/ex_calculator) by extension 'ignore'
[0.114s] Level 1:colcon.colcon_core.package_identification:_identify(src/ex_calculator) by extension 'ignore_ament_install'
[0.114s] Level 1:colcon.colcon_core.package_identification:_identify(src/ex_calculator) by extensions ['colcon_pkg']
[0.114s] Level 1:colcon.colcon_core.package_identification:_identify(src/ex_calculator) by extension 'colcon_pkg'
[0.114s] Level 1:colcon.colcon_core.package_identification:_identify(src/ex_calculator) by extensions ['colcon_meta']
[0.114s] Level 1:colcon.colcon_core.package_identification:_identify(src/ex_calculator) by extension 'colcon_meta'
[0.114s] Level 1:colcon.colcon_core.package_identification:_identify(src/ex_calculator) by extensions ['ros']
[0.114s] Level 1:colcon.colcon_core.package_identification:_identify(src/ex_calculator) by extension 'ros'
[0.115s] DEBUG:colcon.colcon_core.package_identification:Package 'src/ex_calculator' with type 'ros.ament_python' and name 'ex_calculator'
[0.115s] Level 1:colcon.colcon_core.package_identification:_identify(src/my_package1212) by extensions ['ignore', 'ignore_ament_install']
[0.115s] Level 1:colcon.colcon_core.package_identification:_identify(src/my_package1212) by extension 'ignore'
[0.115s] Level 1:colcon.colcon_core.package_identification:_identify(src/my_package1212) by extension 'ignore_ament_install'
[0.115s] Level 1:colcon.colcon_core.package_identification:_identify(src/my_package1212) by extensions ['colcon_pkg']
[0.115s] Level 1:colcon.colcon_core.package_identification:_identify(src/my_package1212) by extension 'colcon_pkg'
[0.115s] Level 1:colcon.colcon_core.package_identification:_identify(src/my_package1212) by extensions ['colcon_meta']
[0.115s] Level 1:colcon.colcon_core.package_identification:_identify(src/my_package1212) by extension 'colcon_meta'
[0.115s] Level 1:colcon.colcon_core.package_identification:_identify(src/my_package1212) by extensions ['ros']
[0.115s] Level 1:colcon.colcon_core.package_identification:_identify(src/my_package1212) by extension 'ros'
[0.115s] DEBUG:colcon.colcon_core.package_identification:Package 'src/my_package1212' with type 'ros.ament_python' and name 'my_package1212'
[0.115s] Level 1:colcon.colcon_core.package_identification:_identify(src/py_pubsub) by extensions ['ignore', 'ignore_ament_install']
[0.115s] Level 1:colcon.colcon_core.package_identification:_identify(src/py_pubsub) by extension 'ignore'
[0.115s] Level 1:colcon.colcon_core.package_identification:_identify(src/py_pubsub) by extension 'ignore_ament_install'
[0.115s] Level 1:colcon.colcon_core.package_identification:_identify(src/py_pubsub) by extensions ['colcon_pkg']
[0.115s] Level 1:colcon.colcon_core.package_identification:_identify(src/py_pubsub) by extension 'colcon_pkg'
[0.116s] Level 1:colcon.colcon_core.package_identification:_identify(src/py_pubsub) by extensions ['colcon_meta']
[0.116s] Level 1:colcon.colcon_core.package_identification:_identify(src/py_pubsub) by extension 'colcon_meta'
[0.116s] Level 1:colcon.colcon_core.package_identification:_identify(src/py_pubsub) by extensions ['ros']
[0.116s] Level 1:colcon.colcon_core.package_identification:_identify(src/py_pubsub) by extension 'ros'
[0.116s] DEBUG:colcon.colcon_core.package_identification:Package 'src/py_pubsub' with type 'ros.ament_python' and name 'py_pubsub'
[0.116s] Level 1:colcon.colcon_core.package_identification:_identify(src/ros2env) by extensions ['ignore', 'ignore_ament_install']
[0.116s] Level 1:colcon.colcon_core.package_identification:_identify(src/ros2env) by extension 'ignore'
[0.116s] Level 1:colcon.colcon_core.package_identification:_identify(src/ros2env) by extension 'ignore_ament_install'
[0.116s] Level 1:colcon.colcon_core.package_identification:_identify(src/ros2env) by extensions ['colcon_pkg']
[0.116s] Level 1:colcon.colcon_core.package_identification:_identify(src/ros2env) by extension 'colcon_pkg'
[0.116s] Level 1:colcon.colcon_core.package_identification:_identify(src/ros2env) by extensions ['colcon_meta']
[0.116s] Level 1:colcon.colcon_core.package_identification:_identify(src/ros2env) by extension 'colcon_meta'
[0.116s] Level 1:colcon.colcon_core.package_identification:_identify(src/ros2env) by extensions ['ros']
[0.116s] Level 1:colcon.colcon_core.package_identification:_identify(src/ros2env) by extension 'ros'
[0.116s] DEBUG:colcon.colcon_core.package_identification:Package 'src/ros2env' with type 'ros.ament_python' and name 'ros2env'
[0.116s] Level 1:colcon.colcon_core.package_identification:_identify(src/ros_study_msgs) by extensions ['ignore', 'ignore_ament_install']
[0.116s] Level 1:colcon.colcon_core.package_identification:_identify(src/ros_study_msgs) by extension 'ignore'
[0.116s] Level 1:colcon.colcon_core.package_identification:_identify(src/ros_study_msgs) by extension 'ignore_ament_install'
[0.116s] Level 1:colcon.colcon_core.package_identification:_identify(src/ros_study_msgs) by extensions ['colcon_pkg']
[0.116s] Level 1:colcon.colcon_core.package_identification:_identify(src/ros_study_msgs) by extension 'colcon_pkg'
[0.116s] Level 1:colcon.colcon_core.package_identification:_identify(src/ros_study_msgs) by extensions ['colcon_meta']
[0.117s] Level 1:colcon.colcon_core.package_identification:_identify(src/ros_study_msgs) by extension 'colcon_meta'
[0.117s] Level 1:colcon.colcon_core.package_identification:_identify(src/ros_study_msgs) by extensions ['ros']
[0.117s] Level 1:colcon.colcon_core.package_identification:_identify(src/ros_study_msgs) by extension 'ros'
[0.117s] DEBUG:colcon.colcon_core.package_identification:Package 'src/ros_study_msgs' with type 'ros.ament_cmake' and name 'ros_study_msgs'
[0.117s] Level 1:colcon.colcon_core.package_identification:_identify(src/ros_study_py) by extensions ['ignore', 'ignore_ament_install']
[0.117s] Level 1:colcon.colcon_core.package_identification:_identify(src/ros_study_py) by extension 'ignore'
[0.117s] Level 1:colcon.colcon_core.package_identification:_identify(src/ros_study_py) by extension 'ignore_ament_install'
[0.117s] Level 1:colcon.colcon_core.package_identification:_identify(src/ros_study_py) by extensions ['colcon_pkg']
[0.117s] Level 1:colcon.colcon_core.package_identification:_identify(src/ros_study_py) by extension 'colcon_pkg'
[0.117s] Level 1:colcon.colcon_core.package_identification:_identify(src/ros_study_py) by extensions ['colcon_meta']
[0.117s] Level 1:colcon.colcon_core.package_identification:_identify(src/ros_study_py) by extension 'colcon_meta'
[0.117s] Level 1:colcon.colcon_core.package_identification:_identify(src/ros_study_py) by extensions ['ros']
[0.117s] Level 1:colcon.colcon_core.package_identification:_identify(src/ros_study_py) by extension 'ros'
[0.117s] DEBUG:colcon.colcon_core.package_identification:Package 'src/ros_study_py' with type 'ros.ament_python' and name 'ros_study_py'
[0.117s] Level 1:colcon.colcon_core.package_identification:_identify(turtle_bag) by extensions ['ignore', 'ignore_ament_install']
[0.117s] Level 1:colcon.colcon_core.package_identification:_identify(turtle_bag) by extension 'ignore'
[0.117s] Level 1:colcon.colcon_core.package_identification:_identify(turtle_bag) by extension 'ignore_ament_install'
[0.117s] Level 1:colcon.colcon_core.package_identification:_identify(turtle_bag) by extensions ['colcon_pkg']
[0.118s] Level 1:colcon.colcon_core.package_identification:_identify(turtle_bag) by extension 'colcon_pkg'
[0.118s] Level 1:colcon.colcon_core.package_identification:_identify(turtle_bag) by extensions ['colcon_meta']
[0.118s] Level 1:colcon.colcon_core.package_identification:_identify(turtle_bag) by extension 'colcon_meta'
[0.118s] Level 1:colcon.colcon_core.package_identification:_identify(turtle_bag) by extensions ['ros']
[0.118s] Level 1:colcon.colcon_core.package_identification:_identify(turtle_bag) by extension 'ros'
[0.118s] Level 1:colcon.colcon_core.package_identification:_identify(turtle_bag) by extensions ['cmake', 'python']
[0.118s] Level 1:colcon.colcon_core.package_identification:_identify(turtle_bag) by extension 'cmake'
[0.118s] Level 1:colcon.colcon_core.package_identification:_identify(turtle_bag) by extension 'python'
[0.118s] Level 1:colcon.colcon_core.package_identification:_identify(turtle_bag) by extensions ['python_setup_py']
[0.118s] Level 1:colcon.colcon_core.package_identification:_identify(turtle_bag) by extension 'python_setup_py'
[0.118s] Level 1:colcon.colcon_core.package_identification:_identify(turtlesim_practice) by extensions ['ignore', 'ignore_ament_install']
[0.118s] Level 1:colcon.colcon_core.package_identification:_identify(turtlesim_practice) by extension 'ignore'
[0.118s] Level 1:colcon.colcon_core.package_identification:_identify(turtlesim_practice) by extension 'ignore_ament_install'
[0.118s] Level 1:colcon.colcon_core.package_identification:_identify(turtlesim_practice) by extensions ['colcon_pkg']
[0.118s] Level 1:colcon.colcon_core.package_identification:_identify(turtlesim_practice) by extension 'colcon_pkg'
[0.118s] Level 1:colcon.colcon_core.package_identification:_identify(turtlesim_practice) by extensions ['colcon_meta']
[0.118s] Level 1:colcon.colcon_core.package_identification:_identify(turtlesim_practice) by extension 'colcon_meta'
[0.118s] Level 1:colcon.colcon_core.package_identification:_identify(turtlesim_practice) by extensions ['ros']
[0.118s] Level 1:colcon.colcon_core.package_identification:_identify(turtlesim_practice) by extension 'ros'
[0.118s] Level 1:colcon.colcon_core.package_identification:_identify(turtlesim_practice) by extensions ['cmake', 'python']
[0.118s] Level 1:colcon.colcon_core.package_identification:_identify(turtlesim_practice) by extension 'cmake'
[0.118s] Level 1:colcon.colcon_core.package_identification:_identify(turtlesim_practice) by extension 'python'
[0.118s] Level 1:colcon.colcon_core.package_identification:_identify(turtlesim_practice) by extensions ['python_setup_py']
[0.118s] Level 1:colcon.colcon_core.package_identification:_identify(turtlesim_practice) by extension 'python_setup_py'
[0.118s] Level 1:colcon.colcon_core.package_discovery:discover_packages(recursive) using defaults
[0.118s] Level 1:colcon.colcon_core.package_discovery:discover_packages(ignore) discover
[0.118s] Level 1:colcon.colcon_core.package_discovery:discover_packages(ignore) using defaults
[0.118s] Level 1:colcon.colcon_core.package_discovery:discover_packages(path) discover
[0.118s] Level 1:colcon.colcon_core.package_discovery:discover_packages(path) using defaults
[0.129s] INFO:colcon.colcon_core.package_selection:Skipping not selected package 'my_package1212' in 'src/my_package1212'
[0.129s] INFO:colcon.colcon_core.package_selection:Skipping not selected package 'my_ros_pkg' in 'my_ros_pkg'
[0.129s] INFO:colcon.colcon_core.package_selection:Skipping not selected package 'ros2env' in 'src/ros2env'
[0.129s] INFO:colcon.colcon_core.package_selection:Skipping not selected package 'ros_study_msgs' in 'src/ros_study_msgs'
[0.129s] INFO:colcon.colcon_core.package_selection:Skipping not selected package 'ex_calculator' in 'src/ex_calculator'
[0.129s] INFO:colcon.colcon_core.package_selection:Skipping not selected package 'ros_study_py' in 'src/ros_study_py'
[0.130s] Level 1:colcon.colcon_core.package_discovery:discover_packages(prefix_path) check parameters
[0.130s] Level 1:colcon.colcon_core.package_discovery:discover_packages(prefix_path) discover
[0.130s] DEBUG:colcon.colcon_installed_package_information.package_discovery:Found 6 installed packages in /home/somyeong/Doosan_Robotics_Rokey/ros2_ws/install
[0.131s] DEBUG:colcon.colcon_installed_package_information.package_discovery:Found 277 installed packages in /opt/ros/humble
[0.132s] Level 1:colcon.colcon_core.package_discovery:discover_packages(prefix_path) using defaults
[0.158s] Level 5:colcon.colcon_core.verb:set package 'py_pubsub' build argument 'cmake_args' from command line to 'None'
[0.159s] Level 5:colcon.colcon_core.verb:set package 'py_pubsub' build argument 'cmake_target' from command line to 'None'
[0.159s] Level 5:colcon.colcon_core.verb:set package 'py_pubsub' build argument 'cmake_target_skip_unavailable' from command line to 'False'
[0.159s] Level 5:colcon.colcon_core.verb:set package 'py_pubsub' build argument 'cmake_clean_cache' from command line to 'False'
[0.159s] Level 5:colcon.colcon_core.verb:set package 'py_pubsub' build argument 'cmake_clean_first' from command line to 'False'
[0.159s] Level 5:colcon.colcon_core.verb:set package 'py_pubsub' build argument 'cmake_force_configure' from command line to 'False'
[0.159s] Level 5:colcon.colcon_core.verb:set package 'py_pubsub' build argument 'ament_cmake_args' from command line to 'None'
[0.159s] Level 5:colcon.colcon_core.verb:set package 'py_pubsub' build argument 'catkin_cmake_args' from command line to 'None'
[0.159s] Level 5:colcon.colcon_core.verb:set package 'py_pubsub' build argument 'catkin_skip_building_tests' from command line to 'False'
[0.159s] DEBUG:colcon.colcon_core.verb:Building package 'py_pubsub' with the following arguments: {'ament_cmake_args': None, 'build_base': '/home/somyeong/Doosan_Robotics_Rokey/ros2_ws/build/py_pubsub', 'catkin_cmake_args': None, 'catkin_skip_building_tests': False, 'cmake_args': None, 'cmake_clean_cache': False, 'cmake_clean_first': False, 'cmake_force_configure': False, 'cmake_target': None, 'cmake_target_skip_unavailable': False, 'install_base': '/home/somyeong/Doosan_Robotics_Rokey/ros2_ws/install/py_pubsub', 'merge_install': False, 'path': '/home/somyeong/Doosan_Robotics_Rokey/ros2_ws/src/py_pubsub', 'symlink_install': False, 'test_result_base': None}
[0.159s] INFO:colcon.colcon_core.executor:Executing jobs using 'parallel' executor
[0.159s] DEBUG:colcon.colcon_parallel_executor.executor.parallel:run_until_complete
[0.160s] INFO:colcon.colcon_ros.task.ament_python.build:Building ROS package in '/home/somyeong/Doosan_Robotics_Rokey/ros2_ws/src/py_pubsub' with build type 'ament_python'
[0.160s] Level 1:colcon.colcon_core.shell:create_environment_hook('py_pubsub', 'ament_prefix_path')
[0.161s] INFO:colcon.colcon_core.plugin_system:Skipping extension 'colcon_core.shell.bat': Not used on non-Windows systems
[0.161s] INFO:colcon.colcon_core.shell:Creating environment hook '/home/somyeong/Doosan_Robotics_Rokey/ros2_ws/install/py_pubsub/share/py_pubsub/hook/ament_prefix_path.ps1'
[0.162s] INFO:colcon.colcon_core.shell:Creating environment descriptor '/home/somyeong/Doosan_Robotics_Rokey/ros2_ws/install/py_pubsub/share/py_pubsub/hook/ament_prefix_path.dsv'
[0.162s] INFO:colcon.colcon_core.shell:Creating environment hook '/home/somyeong/Doosan_Robotics_Rokey/ros2_ws/install/py_pubsub/share/py_pubsub/hook/ament_prefix_path.sh'
[0.162s] INFO:colcon.colcon_core.shell:Skip shell extension 'powershell' for command environment: Not usable outside of PowerShell
[0.162s] DEBUG:colcon.colcon_core.shell:Skip shell extension 'dsv' for command environment
[0.286s] INFO:colcon.colcon_core.task.python.build:Building Python package in '/home/somyeong/Doosan_Robotics_Rokey/ros2_ws/src/py_pubsub'
[0.287s] INFO:colcon.colcon_core.shell:Skip shell extension 'powershell' for command environment: Not usable outside of PowerShell
[0.287s] DEBUG:colcon.colcon_core.shell:Skip shell extension 'dsv' for command environment
[0.569s] DEBUG:colcon.colcon_core.event_handler.log_command:Invoking command in '/home/somyeong/Doosan_Robotics_Rokey/ros2_ws/src/py_pubsub': PYTHONPATH=/home/somyeong/Doosan_Robotics_Rokey/ros2_ws/build/py_pubsub/prefix_override:/usr/lib/python3/dist-packages/colcon_core/task/python/colcon_distutils_commands:/home/somyeong/Doosan_Robotics_Rokey/ros2_ws/install/py_pubsub/lib/python3.10/site-packages:${PYTHONPATH} /usr/bin/python3 -W ignore:setup.py install is deprecated setup.py egg_info --egg-base ../../build/py_pubsub build --build-base /home/somyeong/Doosan_Robotics_Rokey/ros2_ws/build/py_pubsub/build install --record /home/somyeong/Doosan_Robotics_Rokey/ros2_ws/build/py_pubsub/install.log --single-version-externally-managed install_data
[0.849s] DEBUG:colcon.colcon_core.event_handler.log_command:Invoked command in '/home/somyeong/Doosan_Robotics_Rokey/ros2_ws/src/py_pubsub' returned '0': PYTHONPATH=/home/somyeong/Doosan_Robotics_Rokey/ros2_ws/build/py_pubsub/prefix_override:/usr/lib/python3/dist-packages/colcon_core/task/python/colcon_distutils_commands:/home/somyeong/Doosan_Robotics_Rokey/ros2_ws/install/py_pubsub/lib/python3.10/site-packages:${PYTHONPATH} /usr/bin/python3 -W ignore:setup.py install is deprecated setup.py egg_info --egg-base ../../build/py_pubsub build --build-base /home/somyeong/Doosan_Robotics_Rokey/ros2_ws/build/py_pubsub/build install --record /home/somyeong/Doosan_Robotics_Rokey/ros2_ws/build/py_pubsub/install.log --single-version-externally-managed install_data
[0.850s] Level 1:colcon.colcon_core.environment:checking '/home/somyeong/Doosan_Robotics_Rokey/ros2_ws/install/py_pubsub' for CMake module files
[0.851s] Level 1:colcon.colcon_core.environment:checking '/home/somyeong/Doosan_Robotics_Rokey/ros2_ws/install/py_pubsub' for CMake config files
[0.851s] Level 1:colcon.colcon_core.environment:checking '/home/somyeong/Doosan_Robotics_Rokey/ros2_ws/install/py_pubsub/lib'
[0.851s] Level 1:colcon.colcon_core.environment:checking '/home/somyeong/Doosan_Robotics_Rokey/ros2_ws/install/py_pubsub/bin'
[0.851s] Level 1:colcon.colcon_core.environment:checking '/home/somyeong/Doosan_Robotics_Rokey/ros2_ws/install/py_pubsub/lib/pkgconfig/py_pubsub.pc'
[0.851s] Level 1:colcon.colcon_core.environment:checking '/home/somyeong/Doosan_Robotics_Rokey/ros2_ws/install/py_pubsub/lib/python3.10/site-packages'
[0.851s] Level 1:colcon.colcon_core.shell:create_environment_hook('py_pubsub', 'pythonpath')
[0.851s] INFO:colcon.colcon_core.shell:Creating environment hook '/home/somyeong/Doosan_Robotics_Rokey/ros2_ws/install/py_pubsub/share/py_pubsub/hook/pythonpath.ps1'
[0.852s] INFO:colcon.colcon_core.shell:Creating environment descriptor '/home/somyeong/Doosan_Robotics_Rokey/ros2_ws/install/py_pubsub/share/py_pubsub/hook/pythonpath.dsv'
[0.852s] INFO:colcon.colcon_core.shell:Creating environment hook '/home/somyeong/Doosan_Robotics_Rokey/ros2_ws/install/py_pubsub/share/py_pubsub/hook/pythonpath.sh'
[0.852s] Level 1:colcon.colcon_core.environment:checking '/home/somyeong/Doosan_Robotics_Rokey/ros2_ws/install/py_pubsub/bin'
[0.852s] Level 1:colcon.colcon_core.environment:create_environment_scripts_only(py_pubsub)
[0.852s] INFO:colcon.colcon_core.shell:Creating package script '/home/somyeong/Doosan_Robotics_Rokey/ros2_ws/install/py_pubsub/share/py_pubsub/package.ps1'
[0.853s] INFO:colcon.colcon_core.shell:Creating package descriptor '/home/somyeong/Doosan_Robotics_Rokey/ros2_ws/install/py_pubsub/share/py_pubsub/package.dsv'
[0.853s] INFO:colcon.colcon_core.shell:Creating package script '/home/somyeong/Doosan_Robotics_Rokey/ros2_ws/install/py_pubsub/share/py_pubsub/package.sh'
[0.853s] INFO:colcon.colcon_core.shell:Creating package script '/home/somyeong/Doosan_Robotics_Rokey/ros2_ws/install/py_pubsub/share/py_pubsub/package.bash'
[0.854s] INFO:colcon.colcon_core.shell:Creating package script '/home/somyeong/Doosan_Robotics_Rokey/ros2_ws/install/py_pubsub/share/py_pubsub/package.zsh'
[0.854s] Level 1:colcon.colcon_core.environment:create_file_with_runtime_dependencies(/home/somyeong/Doosan_Robotics_Rokey/ros2_ws/install/py_pubsub/share/colcon-core/packages/py_pubsub)
[0.854s] DEBUG:colcon.colcon_parallel_executor.executor.parallel:closing loop
[0.854s] DEBUG:colcon.colcon_parallel_executor.executor.parallel:loop closed
[0.854s] DEBUG:colcon.colcon_parallel_executor.executor.parallel:run_until_complete finished with '0'
[0.854s] DEBUG:colcon.colcon_core.event_reactor:joining thread
[0.865s] INFO:colcon.colcon_core.plugin_system:Skipping extension 'colcon_notification.desktop_notification.terminal_notifier': Not used on non-Darwin systems
[0.865s] INFO:colcon.colcon_core.plugin_system:Skipping extension 'colcon_notification.desktop_notification.win32': Not used on non-Windows systems
[0.865s] INFO:colcon.colcon_notification.desktop_notification:Sending desktop notification using 'notify2'
[0.878s] DEBUG:colcon.colcon_core.event_reactor:joined thread
[0.879s] INFO:colcon.colcon_core.shell:Creating prefix script '/home/somyeong/Doosan_Robotics_Rokey/ros2_ws/install/local_setup.ps1'
[0.879s] INFO:colcon.colcon_core.shell:Creating prefix util module '/home/somyeong/Doosan_Robotics_Rokey/ros2_ws/install/_local_setup_util_ps1.py'
[0.880s] INFO:colcon.colcon_core.shell:Creating prefix chain script '/home/somyeong/Doosan_Robotics_Rokey/ros2_ws/install/setup.ps1'
[0.881s] INFO:colcon.colcon_core.shell:Creating prefix script '/home/somyeong/Doosan_Robotics_Rokey/ros2_ws/install/local_setup.sh'
[0.881s] INFO:colcon.colcon_core.shell:Creating prefix util module '/home/somyeong/Doosan_Robotics_Rokey/ros2_ws/install/_local_setup_util_sh.py'
[0.882s] INFO:colcon.colcon_core.shell:Creating prefix chain script '/home/somyeong/Doosan_Robotics_Rokey/ros2_ws/install/setup.sh'
[0.882s] INFO:colcon.colcon_core.shell:Creating prefix script '/home/somyeong/Doosan_Robotics_Rokey/ros2_ws/install/local_setup.bash'
[0.883s] INFO:colcon.colcon_core.shell:Creating prefix chain script '/home/somyeong/Doosan_Robotics_Rokey/ros2_ws/install/setup.bash'
[0.883s] INFO:colcon.colcon_core.shell:Creating prefix script '/home/somyeong/Doosan_Robotics_Rokey/ros2_ws/install/local_setup.zsh'
[0.884s] INFO:colcon.colcon_core.shell:Creating prefix chain script '/home/somyeong/Doosan_Robotics_Rokey/ros2_ws/install/setup.zsh'
