[0.072s] DEBUG:colcon:Command line arguments: ['/usr/bin/colcon', 'build']
[0.072s] DEBUG:colcon:Parsed command line arguments: Namespace(log_base=None, log_level=None, verb_name='build', build_base='build', install_base='install', merge_install=False, symlink_install=False, test_result_base=None, continue_on_error=False, executor='parallel', parallel_workers=16, event_handlers=None, ignore_user_meta=False, metas=['./colcon.meta'], base_paths=['.'], packages_ignore=None, packages_ignore_regex=None, paths=None, packages_up_to=None, packages_up_to_regex=None, packages_above=None, packages_above_and_dependencies=None, packages_above_depth=None, packages_select_by_dep=None, packages_skip_by_dep=None, packages_skip_up_to=None, packages_select_build_failed=False, packages_skip_build_finished=False, packages_select_test_failures=False, packages_skip_test_passed=False, packages_select=None, packages_skip=None, packages_select_regex=None, packages_skip_regex=None, packages_start=None, packages_end=None, allow_overriding=[], cmake_args=None, cmake_target=None, cmake_target_skip_unavailable=False, cmake_clean_cache=False, cmake_clean_first=False, cmake_force_configure=False, ament_cmake_args=None, catkin_cmake_args=None, catkin_skip_building_tests=False, verb_parser=<colcon_defaults.argument_parser.defaults.DefaultArgumentsDecorator object at 0x7c44dcd9d1b0>, verb_extension=<colcon_core.verb.build.BuildVerb object at 0x7c44dcd9cc40>, main=<bound method BuildVerb.main of <colcon_core.verb.build.BuildVerb object at 0x7c44dcd9cc40>>)
[0.092s] Level 1:colcon.colcon_core.package_discovery:discover_packages(colcon_meta) check parameters
[0.092s] Level 1:colcon.colcon_core.package_discovery:discover_packages(recursive) check parameters
[0.092s] Level 1:colcon.colcon_core.package_discovery:discover_packages(ignore) check parameters
[0.092s] Level 1:colcon.colcon_core.package_discovery:discover_packages(path) check parameters
[0.092s] Level 1:colcon.colcon_core.package_discovery:discover_packages(colcon_meta) discover
[0.093s] Level 1:colcon.colcon_core.package_discovery:discover_packages(recursive) discover
[0.093s] INFO:colcon.colcon_core.package_discovery:Crawling recursively for packages in '/home/somyeong/Doosan_Robotics_Rokey/rqt_ws/src/rqt_example'
[0.093s] Level 1:colcon.colcon_core.package_identification:_identify(.) by extensions ['ignore', 'ignore_ament_install']
[0.093s] Level 1:colcon.colcon_core.package_identification:_identify(.) by extension 'ignore'
[0.093s] Level 1:colcon.colcon_core.package_identification:_identify(.) by extension 'ignore_ament_install'
[0.093s] Level 1:colcon.colcon_core.package_identification:_identify(.) by extensions ['colcon_pkg']
[0.093s] Level 1:colcon.colcon_core.package_identification:_identify(.) by extension 'colcon_pkg'
[0.093s] Level 1:colcon.colcon_core.package_identification:_identify(.) by extensions ['colcon_meta']
[0.093s] Level 1:colcon.colcon_core.package_identification:_identify(.) by extension 'colcon_meta'
[0.093s] Level 1:colcon.colcon_core.package_identification:_identify(.) by extensions ['ros']
[0.093s] Level 1:colcon.colcon_core.package_identification:_identify(.) by extension 'ros'
[0.103s] DEBUG:colcon.colcon_core.package_identification:Package '.' with type 'ros.ament_cmake' and name 'rqt_example'
[0.103s] Level 1:colcon.colcon_core.package_discovery:discover_packages(recursive) using defaults
[0.103s] Level 1:colcon.colcon_core.package_discovery:discover_packages(ignore) discover
[0.103s] Level 1:colcon.colcon_core.package_discovery:discover_packages(ignore) using defaults
[0.103s] Level 1:colcon.colcon_core.package_discovery:discover_packages(path) discover
[0.103s] Level 1:colcon.colcon_core.package_discovery:discover_packages(path) using defaults
[0.113s] Level 1:colcon.colcon_core.package_discovery:discover_packages(prefix_path) check parameters
[0.113s] Level 1:colcon.colcon_core.package_discovery:discover_packages(prefix_path) discover
[0.114s] DEBUG:colcon.colcon_installed_package_information.package_discovery:Found 6 installed packages in /home/somyeong/Doosan_Robotics_Rokey/ros2_ws/install
[0.115s] DEBUG:colcon.colcon_installed_package_information.package_discovery:Found 277 installed packages in /opt/ros/humble
[0.116s] Level 1:colcon.colcon_core.package_discovery:discover_packages(prefix_path) using defaults
[0.133s] Level 5:colcon.colcon_core.verb:set package 'rqt_example' build argument 'cmake_args' from command line to 'None'
[0.133s] Level 5:colcon.colcon_core.verb:set package 'rqt_example' build argument 'cmake_target' from command line to 'None'
[0.133s] Level 5:colcon.colcon_core.verb:set package 'rqt_example' build argument 'cmake_target_skip_unavailable' from command line to 'False'
[0.133s] Level 5:colcon.colcon_core.verb:set package 'rqt_example' build argument 'cmake_clean_cache' from command line to 'False'
[0.133s] Level 5:colcon.colcon_core.verb:set package 'rqt_example' build argument 'cmake_clean_first' from command line to 'False'
[0.133s] Level 5:colcon.colcon_core.verb:set package 'rqt_example' build argument 'cmake_force_configure' from command line to 'False'
[0.133s] Level 5:colcon.colcon_core.verb:set package 'rqt_example' build argument 'ament_cmake_args' from command line to 'None'
[0.133s] Level 5:colcon.colcon_core.verb:set package 'rqt_example' build argument 'catkin_cmake_args' from command line to 'None'
[0.133s] Level 5:colcon.colcon_core.verb:set package 'rqt_example' build argument 'catkin_skip_building_tests' from command line to 'False'
[0.133s] DEBUG:colcon.colcon_core.verb:Building package 'rqt_example' with the following arguments: {'ament_cmake_args': None, 'build_base': '/home/somyeong/Doosan_Robotics_Rokey/rqt_ws/src/rqt_example/build/rqt_example', 'catkin_cmake_args': None, 'catkin_skip_building_tests': False, 'cmake_args': None, 'cmake_clean_cache': False, 'cmake_clean_first': False, 'cmake_force_configure': False, 'cmake_target': None, 'cmake_target_skip_unavailable': False, 'install_base': '/home/somyeong/Doosan_Robotics_Rokey/rqt_ws/src/rqt_example/install/rqt_example', 'merge_install': False, 'path': '/home/somyeong/Doosan_Robotics_Rokey/rqt_ws/src/rqt_example', 'symlink_install': False, 'test_result_base': None}
[0.133s] INFO:colcon.colcon_core.executor:Executing jobs using 'parallel' executor
[0.134s] DEBUG:colcon.colcon_parallel_executor.executor.parallel:run_until_complete
[0.135s] INFO:colcon.colcon_ros.task.ament_cmake.build:Building ROS package in '/home/somyeong/Doosan_Robotics_Rokey/rqt_ws/src/rqt_example' with build type 'ament_cmake'
[0.135s] INFO:colcon.colcon_cmake.task.cmake.build:Building CMake package in '/home/somyeong/Doosan_Robotics_Rokey/rqt_ws/src/rqt_example'
[0.136s] INFO:colcon.colcon_core.plugin_system:Skipping extension 'colcon_core.shell.bat': Not used on non-Windows systems
[0.136s] INFO:colcon.colcon_core.shell:Skip shell extension 'powershell' for command environment: Not usable outside of PowerShell
[0.136s] DEBUG:colcon.colcon_core.shell:Skip shell extension 'dsv' for command environment
[0.141s] DEBUG:colcon.colcon_core.event_handler.log_command:Invoking command in '/home/somyeong/Doosan_Robotics_Rokey/rqt_ws/src/rqt_example/build/rqt_example': CMAKE_PREFIX_PATH=${CMAKE_PREFIX_PATH}:/home/somyeong/Doosan_Robotics_Rokey/ros2_ws/install/ros2env:/home/somyeong/Doosan_Robotics_Rokey/ros2_ws/install/ros_study_py:/home/somyeong/Doosan_Robotics_Rokey/ros2_ws/install/ex_calculator:/home/somyeong/Doosan_Robotics_Rokey/ros2_ws/install/py_pubsub:/home/somyeong/Doosan_Robotics_Rokey/ros2_ws/install/my_package1212:/opt/ros/humble /usr/bin/cmake /home/somyeong/Doosan_Robotics_Rokey/rqt_ws/src/rqt_example -DCMAKE_INSTALL_PREFIX=/home/somyeong/Doosan_Robotics_Rokey/rqt_ws/src/rqt_example/install/rqt_example
[0.788s] DEBUG:colcon.colcon_core.event_handler.log_command:Invoked command in '/home/somyeong/Doosan_Robotics_Rokey/rqt_ws/src/rqt_example/build/rqt_example' returned '0': CMAKE_PREFIX_PATH=${CMAKE_PREFIX_PATH}:/home/somyeong/Doosan_Robotics_Rokey/ros2_ws/install/ros2env:/home/somyeong/Doosan_Robotics_Rokey/ros2_ws/install/ros_study_py:/home/somyeong/Doosan_Robotics_Rokey/ros2_ws/install/ex_calculator:/home/somyeong/Doosan_Robotics_Rokey/ros2_ws/install/py_pubsub:/home/somyeong/Doosan_Robotics_Rokey/ros2_ws/install/my_package1212:/opt/ros/humble /usr/bin/cmake /home/somyeong/Doosan_Robotics_Rokey/rqt_ws/src/rqt_example -DCMAKE_INSTALL_PREFIX=/home/somyeong/Doosan_Robotics_Rokey/rqt_ws/src/rqt_example/install/rqt_example
[0.789s] DEBUG:colcon.colcon_core.event_handler.log_command:Invoking command in '/home/somyeong/Doosan_Robotics_Rokey/rqt_ws/src/rqt_example/build/rqt_example': CMAKE_PREFIX_PATH=${CMAKE_PREFIX_PATH}:/home/somyeong/Doosan_Robotics_Rokey/ros2_ws/install/ros2env:/home/somyeong/Doosan_Robotics_Rokey/ros2_ws/install/ros_study_py:/home/somyeong/Doosan_Robotics_Rokey/ros2_ws/install/ex_calculator:/home/somyeong/Doosan_Robotics_Rokey/ros2_ws/install/py_pubsub:/home/somyeong/Doosan_Robotics_Rokey/ros2_ws/install/my_package1212:/opt/ros/humble /usr/bin/cmake --build /home/somyeong/Doosan_Robotics_Rokey/rqt_ws/src/rqt_example/build/rqt_example -- -j16 -l16
[1.023s] DEBUG:colcon.colcon_core.event_handler.log_command:Invoked command in '/home/somyeong/Doosan_Robotics_Rokey/rqt_ws/src/rqt_example/build/rqt_example' returned '0': CMAKE_PREFIX_PATH=${CMAKE_PREFIX_PATH}:/home/somyeong/Doosan_Robotics_Rokey/ros2_ws/install/ros2env:/home/somyeong/Doosan_Robotics_Rokey/ros2_ws/install/ros_study_py:/home/somyeong/Doosan_Robotics_Rokey/ros2_ws/install/ex_calculator:/home/somyeong/Doosan_Robotics_Rokey/ros2_ws/install/py_pubsub:/home/somyeong/Doosan_Robotics_Rokey/ros2_ws/install/my_package1212:/opt/ros/humble /usr/bin/cmake --build /home/somyeong/Doosan_Robotics_Rokey/rqt_ws/src/rqt_example/build/rqt_example -- -j16 -l16
[1.046s] DEBUG:colcon.colcon_core.event_handler.log_command:Invoking command in '/home/somyeong/Doosan_Robotics_Rokey/rqt_ws/src/rqt_example/build/rqt_example': CMAKE_PREFIX_PATH=${CMAKE_PREFIX_PATH}:/home/somyeong/Doosan_Robotics_Rokey/ros2_ws/install/ros2env:/home/somyeong/Doosan_Robotics_Rokey/ros2_ws/install/ros_study_py:/home/somyeong/Doosan_Robotics_Rokey/ros2_ws/install/ex_calculator:/home/somyeong/Doosan_Robotics_Rokey/ros2_ws/install/py_pubsub:/home/somyeong/Doosan_Robotics_Rokey/ros2_ws/install/my_package1212:/opt/ros/humble /usr/bin/cmake --install /home/somyeong/Doosan_Robotics_Rokey/rqt_ws/src/rqt_example/build/rqt_example
[1.081s] Level 1:colcon.colcon_core.environment:create_environment_scripts_only(rqt_example)
[1.081s] DEBUG:colcon.colcon_core.event_handler.log_command:Invoked command in '/home/somyeong/Doosan_Robotics_Rokey/rqt_ws/src/rqt_example/build/rqt_example' returned '0': CMAKE_PREFIX_PATH=${CMAKE_PREFIX_PATH}:/home/somyeong/Doosan_Robotics_Rokey/ros2_ws/install/ros2env:/home/somyeong/Doosan_Robotics_Rokey/ros2_ws/install/ros_study_py:/home/somyeong/Doosan_Robotics_Rokey/ros2_ws/install/ex_calculator:/home/somyeong/Doosan_Robotics_Rokey/ros2_ws/install/py_pubsub:/home/somyeong/Doosan_Robotics_Rokey/ros2_ws/install/my_package1212:/opt/ros/humble /usr/bin/cmake --install /home/somyeong/Doosan_Robotics_Rokey/rqt_ws/src/rqt_example/build/rqt_example
[1.082s] Level 1:colcon.colcon_core.environment:checking '/home/somyeong/Doosan_Robotics_Rokey/rqt_ws/src/rqt_example/install/rqt_example' for CMake module files
[1.083s] Level 1:colcon.colcon_core.environment:checking '/home/somyeong/Doosan_Robotics_Rokey/rqt_ws/src/rqt_example/install/rqt_example' for CMake config files
[1.083s] Level 1:colcon.colcon_core.shell:create_environment_hook('rqt_example', 'cmake_prefix_path')
[1.083s] INFO:colcon.colcon_core.shell:Creating environment hook '/home/somyeong/Doosan_Robotics_Rokey/rqt_ws/src/rqt_example/install/rqt_example/share/rqt_example/hook/cmake_prefix_path.ps1'
[1.083s] INFO:colcon.colcon_core.shell:Creating environment descriptor '/home/somyeong/Doosan_Robotics_Rokey/rqt_ws/src/rqt_example/install/rqt_example/share/rqt_example/hook/cmake_prefix_path.dsv'
[1.084s] INFO:colcon.colcon_core.shell:Creating environment hook '/home/somyeong/Doosan_Robotics_Rokey/rqt_ws/src/rqt_example/install/rqt_example/share/rqt_example/hook/cmake_prefix_path.sh'
[1.084s] Level 1:colcon.colcon_core.environment:checking '/home/somyeong/Doosan_Robotics_Rokey/rqt_ws/src/rqt_example/install/rqt_example/lib'
[1.084s] Level 1:colcon.colcon_core.environment:checking '/home/somyeong/Doosan_Robotics_Rokey/rqt_ws/src/rqt_example/install/rqt_example/bin'
[1.084s] Level 1:colcon.colcon_core.environment:checking '/home/somyeong/Doosan_Robotics_Rokey/rqt_ws/src/rqt_example/install/rqt_example/lib/pkgconfig/rqt_example.pc'
[1.084s] Level 1:colcon.colcon_core.environment:checking '/home/somyeong/Doosan_Robotics_Rokey/rqt_ws/src/rqt_example/install/rqt_example/lib/python3.10/site-packages'
[1.084s] Level 1:colcon.colcon_core.environment:checking '/home/somyeong/Doosan_Robotics_Rokey/rqt_ws/src/rqt_example/install/rqt_example/bin'
[1.085s] INFO:colcon.colcon_core.shell:Creating package script '/home/somyeong/Doosan_Robotics_Rokey/rqt_ws/src/rqt_example/install/rqt_example/share/rqt_example/package.ps1'
[1.085s] INFO:colcon.colcon_core.shell:Creating package descriptor '/home/somyeong/Doosan_Robotics_Rokey/rqt_ws/src/rqt_example/install/rqt_example/share/rqt_example/package.dsv'
[1.085s] INFO:colcon.colcon_core.shell:Creating package script '/home/somyeong/Doosan_Robotics_Rokey/rqt_ws/src/rqt_example/install/rqt_example/share/rqt_example/package.sh'
[1.086s] INFO:colcon.colcon_core.shell:Creating package script '/home/somyeong/Doosan_Robotics_Rokey/rqt_ws/src/rqt_example/install/rqt_example/share/rqt_example/package.bash'
[1.086s] INFO:colcon.colcon_core.shell:Creating package script '/home/somyeong/Doosan_Robotics_Rokey/rqt_ws/src/rqt_example/install/rqt_example/share/rqt_example/package.zsh'
[1.086s] Level 1:colcon.colcon_core.environment:create_file_with_runtime_dependencies(/home/somyeong/Doosan_Robotics_Rokey/rqt_ws/src/rqt_example/install/rqt_example/share/colcon-core/packages/rqt_example)
[1.109s] Level 1:colcon.colcon_core.environment:create_environment_scripts_only(rqt_example)
[1.109s] Level 1:colcon.colcon_core.environment:checking '/home/somyeong/Doosan_Robotics_Rokey/rqt_ws/src/rqt_example/install/rqt_example' for CMake module files
[1.110s] Level 1:colcon.colcon_core.environment:checking '/home/somyeong/Doosan_Robotics_Rokey/rqt_ws/src/rqt_example/install/rqt_example' for CMake config files
[1.110s] Level 1:colcon.colcon_core.shell:create_environment_hook('rqt_example', 'cmake_prefix_path')
[1.110s] INFO:colcon.colcon_core.shell:Creating environment hook '/home/somyeong/Doosan_Robotics_Rokey/rqt_ws/src/rqt_example/install/rqt_example/share/rqt_example/hook/cmake_prefix_path.ps1'
[1.110s] INFO:colcon.colcon_core.shell:Creating environment descriptor '/home/somyeong/Doosan_Robotics_Rokey/rqt_ws/src/rqt_example/install/rqt_example/share/rqt_example/hook/cmake_prefix_path.dsv'
[1.111s] INFO:colcon.colcon_core.shell:Creating environment hook '/home/somyeong/Doosan_Robotics_Rokey/rqt_ws/src/rqt_example/install/rqt_example/share/rqt_example/hook/cmake_prefix_path.sh'
[1.111s] Level 1:colcon.colcon_core.environment:checking '/home/somyeong/Doosan_Robotics_Rokey/rqt_ws/src/rqt_example/install/rqt_example/lib'
[1.111s] Level 1:colcon.colcon_core.environment:checking '/home/somyeong/Doosan_Robotics_Rokey/rqt_ws/src/rqt_example/install/rqt_example/bin'
[1.111s] Level 1:colcon.colcon_core.environment:checking '/home/somyeong/Doosan_Robotics_Rokey/rqt_ws/src/rqt_example/install/rqt_example/lib/pkgconfig/rqt_example.pc'
[1.111s] Level 1:colcon.colcon_core.environment:checking '/home/somyeong/Doosan_Robotics_Rokey/rqt_ws/src/rqt_example/install/rqt_example/lib/python3.10/site-packages'
[1.112s] Level 1:colcon.colcon_core.environment:checking '/home/somyeong/Doosan_Robotics_Rokey/rqt_ws/src/rqt_example/install/rqt_example/bin'
[1.112s] INFO:colcon.colcon_core.shell:Creating package script '/home/somyeong/Doosan_Robotics_Rokey/rqt_ws/src/rqt_example/install/rqt_example/share/rqt_example/package.ps1'
[1.112s] INFO:colcon.colcon_core.shell:Creating package descriptor '/home/somyeong/Doosan_Robotics_Rokey/rqt_ws/src/rqt_example/install/rqt_example/share/rqt_example/package.dsv'
[1.113s] INFO:colcon.colcon_core.shell:Creating package script '/home/somyeong/Doosan_Robotics_Rokey/rqt_ws/src/rqt_example/install/rqt_example/share/rqt_example/package.sh'
[1.113s] INFO:colcon.colcon_core.shell:Creating package script '/home/somyeong/Doosan_Robotics_Rokey/rqt_ws/src/rqt_example/install/rqt_example/share/rqt_example/package.bash'
[1.113s] INFO:colcon.colcon_core.shell:Creating package script '/home/somyeong/Doosan_Robotics_Rokey/rqt_ws/src/rqt_example/install/rqt_example/share/rqt_example/package.zsh'
[1.113s] Level 1:colcon.colcon_core.environment:create_file_with_runtime_dependencies(/home/somyeong/Doosan_Robotics_Rokey/rqt_ws/src/rqt_example/install/rqt_example/share/colcon-core/packages/rqt_example)
[1.114s] DEBUG:colcon.colcon_parallel_executor.executor.parallel:closing loop
[1.114s] DEBUG:colcon.colcon_parallel_executor.executor.parallel:loop closed
[1.114s] DEBUG:colcon.colcon_parallel_executor.executor.parallel:run_until_complete finished with '0'
[1.114s] DEBUG:colcon.colcon_core.event_reactor:joining thread
[1.119s] INFO:colcon.colcon_core.plugin_system:Skipping extension 'colcon_notification.desktop_notification.terminal_notifier': Not used on non-Darwin systems
[1.119s] INFO:colcon.colcon_core.plugin_system:Skipping extension 'colcon_notification.desktop_notification.win32': Not used on non-Windows systems
[1.119s] INFO:colcon.colcon_notification.desktop_notification:Sending desktop notification using 'notify2'
[1.133s] DEBUG:colcon.colcon_core.event_reactor:joined thread
[1.133s] INFO:colcon.colcon_core.shell:Creating prefix script '/home/somyeong/Doosan_Robotics_Rokey/rqt_ws/src/rqt_example/install/local_setup.ps1'
[1.134s] INFO:colcon.colcon_core.shell:Creating prefix util module '/home/somyeong/Doosan_Robotics_Rokey/rqt_ws/src/rqt_example/install/_local_setup_util_ps1.py'
[1.135s] INFO:colcon.colcon_core.shell:Creating prefix chain script '/home/somyeong/Doosan_Robotics_Rokey/rqt_ws/src/rqt_example/install/setup.ps1'
[1.136s] INFO:colcon.colcon_core.shell:Creating prefix script '/home/somyeong/Doosan_Robotics_Rokey/rqt_ws/src/rqt_example/install/local_setup.sh'
[1.136s] INFO:colcon.colcon_core.shell:Creating prefix util module '/home/somyeong/Doosan_Robotics_Rokey/rqt_ws/src/rqt_example/install/_local_setup_util_sh.py'
[1.137s] INFO:colcon.colcon_core.shell:Creating prefix chain script '/home/somyeong/Doosan_Robotics_Rokey/rqt_ws/src/rqt_example/install/setup.sh'
[1.138s] INFO:colcon.colcon_core.shell:Creating prefix script '/home/somyeong/Doosan_Robotics_Rokey/rqt_ws/src/rqt_example/install/local_setup.bash'
[1.139s] INFO:colcon.colcon_core.shell:Creating prefix chain script '/home/somyeong/Doosan_Robotics_Rokey/rqt_ws/src/rqt_example/install/setup.bash'
[1.140s] INFO:colcon.colcon_core.shell:Creating prefix script '/home/somyeong/Doosan_Robotics_Rokey/rqt_ws/src/rqt_example/install/local_setup.zsh'
[1.149s] INFO:colcon.colcon_core.shell:Creating prefix chain script '/home/somyeong/Doosan_Robotics_Rokey/rqt_ws/src/rqt_example/install/setup.zsh'
