[0.007s] Invoking command in '/home/somyeong/Doosan_Robotics_Rokey/ROS2/hangman_ws/build/hangman_interfaces': CMAKE_PREFIX_PATH=${CMAKE_PREFIX_PATH}:/home/somyeong/Doosan_Robotics_Rokey/ros2_ws/install/ros_study_py:/home/somyeong/Doosan_Robotics_Rokey/ros2_ws/install/ex_calculator:/home/somyeong/Doosan_Robotics_Rokey/ros2_ws/install/ros2env:/home/somyeong/Doosan_Robotics_Rokey/ros2_ws/install/py_pubsub:/home/somyeong/Doosan_Robotics_Rokey/ros2_ws/install/my_package1212:/opt/ros/humble /usr/bin/cmake /home/somyeong/Doosan_Robotics_Rokey/ROS2/hangman_ws/hangman_interfaces -DCMAKE_INSTALL_PREFIX=/home/somyeong/Doosan_Robotics_Rokey/ROS2/hangman_ws/install/hangman_interfaces
[0.084s] -- The C compiler identification is GNU 11.4.0
[0.142s] -- The CXX compiler identification is GNU 11.4.0
[0.148s] -- Detecting C compiler ABI info
[0.215s] -- Detecting C compiler ABI info - done
[0.223s] -- Check for working C compiler: /usr/bin/cc - skipped
[0.224s] -- Detecting C compile features
[0.224s] -- Detecting C compile features - done
[0.227s] -- Detecting CXX compiler ABI info
[0.287s] -- Detecting CXX compiler ABI info - done
[0.291s] -- Check for working CXX compiler: /usr/bin/c++ - skipped
[0.291s] -- Detecting CXX compile features
[0.292s] -- Detecting CXX compile features - done
[0.293s] -- Found ament_cmake: 1.3.10 (/opt/ros/humble/share/ament_cmake/cmake)
[0.512s] -- Found Python3: /usr/bin/python3 (found version "3.10.12") found components: Interpreter 
[0.575s] -- Found builtin_interfaces: 1.2.1 (/opt/ros/humble/share/builtin_interfaces/cmake)
[0.602s] -- Found rosidl_generator_c: 3.1.5 (/opt/ros/humble/share/rosidl_generator_c/cmake)
[0.605s] -- Found rosidl_adapter: 3.1.5 (/opt/ros/humble/share/rosidl_adapter/cmake)
[0.612s] -- Found rosidl_generator_cpp: 3.1.5 (/opt/ros/humble/share/rosidl_generator_cpp/cmake)
[0.625s] -- Using all available rosidl_typesupport_c: rosidl_typesupport_fastrtps_c;rosidl_typesupport_introspection_c
[0.637s] -- Using all available rosidl_typesupport_cpp: rosidl_typesupport_fastrtps_cpp;rosidl_typesupport_introspection_cpp
[0.646s] -- Found rosidl_default_generators: 1.2.0 (/opt/ros/humble/share/rosidl_default_generators/cmake)
[0.845s] -- Found ament_cmake_ros: 0.10.0 (/opt/ros/humble/share/ament_cmake_ros/cmake)
[1.047s] -- Using all available rosidl_typesupport_c: rosidl_typesupport_fastrtps_c;rosidl_typesupport_introspection_c
[1.138s] -- Using all available rosidl_typesupport_cpp: rosidl_typesupport_fastrtps_cpp;rosidl_typesupport_introspection_cpp
[1.153s] -- Found PythonInterp: /usr/bin/python3 (found suitable version "3.10.12", minimum required is "3.6") 
[1.154s] -- Found python_cmake_module: 0.10.0 (/opt/ros/humble/share/python_cmake_module/cmake)
[1.172s] -- Found PythonLibs: /usr/lib/x86_64-linux-gnu/libpython3.10.so (found suitable version "3.10.12", minimum required is "3.5") 
[1.172s] -- Using PYTHON_EXECUTABLE: /usr/bin/python3
[1.172s] -- Using PYTHON_INCLUDE_DIRS: /usr/include/python3.10
[1.172s] -- Using PYTHON_LIBRARIES: /usr/lib/x86_64-linux-gnu/libpython3.10.so
[1.185s] -- Found PythonExtra: .so  
[1.211s] -- Found ament_lint_auto: 0.12.11 (/opt/ros/humble/share/ament_lint_auto/cmake)
[1.223s] -- Added test 'lint_cmake' to check CMake code style
[1.224s] -- Added test 'xmllint' to check XML markup files
[1.226s] -- Configuring done
[1.247s] -- Generating done
[1.249s] -- Build files have been written to: /home/somyeong/Doosan_Robotics_Rokey/ROS2/hangman_ws/build/hangman_interfaces
[1.254s] Invoked command in '/home/somyeong/Doosan_Robotics_Rokey/ROS2/hangman_ws/build/hangman_interfaces' returned '0': CMAKE_PREFIX_PATH=${CMAKE_PREFIX_PATH}:/home/somyeong/Doosan_Robotics_Rokey/ros2_ws/install/ros_study_py:/home/somyeong/Doosan_Robotics_Rokey/ros2_ws/install/ex_calculator:/home/somyeong/Doosan_Robotics_Rokey/ros2_ws/install/ros2env:/home/somyeong/Doosan_Robotics_Rokey/ros2_ws/install/py_pubsub:/home/somyeong/Doosan_Robotics_Rokey/ros2_ws/install/my_package1212:/opt/ros/humble /usr/bin/cmake /home/somyeong/Doosan_Robotics_Rokey/ROS2/hangman_ws/hangman_interfaces -DCMAKE_INSTALL_PREFIX=/home/somyeong/Doosan_Robotics_Rokey/ROS2/hangman_ws/install/hangman_interfaces
[1.256s] Invoking command in '/home/somyeong/Doosan_Robotics_Rokey/ROS2/hangman_ws/build/hangman_interfaces': CMAKE_PREFIX_PATH=${CMAKE_PREFIX_PATH}:/home/somyeong/Doosan_Robotics_Rokey/ros2_ws/install/ros_study_py:/home/somyeong/Doosan_Robotics_Rokey/ros2_ws/install/ex_calculator:/home/somyeong/Doosan_Robotics_Rokey/ros2_ws/install/ros2env:/home/somyeong/Doosan_Robotics_Rokey/ros2_ws/install/py_pubsub:/home/somyeong/Doosan_Robotics_Rokey/ros2_ws/install/my_package1212:/opt/ros/humble /usr/bin/cmake --build /home/somyeong/Doosan_Robotics_Rokey/ROS2/hangman_ws/build/hangman_interfaces -- -j16 -l16
[1.289s] [  2%] [34m[1mGenerating C code for ROS interfaces[0m
[1.295s] [  4%] [34m[1mGenerating C++ code for ROS interfaces[0m
[1.304s] [  4%] Built target ament_cmake_python_copy_hangman_interfaces
[1.449s] running egg_info
[1.450s] creating hangman_interfaces.egg-info
[1.461s] writing hangman_interfaces.egg-info/PKG-INFO
[1.461s] writing dependency_links to hangman_interfaces.egg-info/dependency_links.txt
[1.461s] writing top-level names to hangman_interfaces.egg-info/top_level.txt
[1.461s] writing manifest file 'hangman_interfaces.egg-info/SOURCES.txt'
[1.494s] reading manifest file 'hangman_interfaces.egg-info/SOURCES.txt'
[1.495s] writing manifest file 'hangman_interfaces.egg-info/SOURCES.txt'
[1.517s] [  4%] Built target ament_cmake_python_build_hangman_interfaces_egg
[1.659s] [  4%] Built target hangman_interfaces__cpp
[1.667s] [  6%] [34m[1mGenerating C++ type support for eProsima Fast-RTPS[0m
[1.667s] [  8%] [34m[1mGenerating C++ type support dispatch for ROS interfaces[0m
[1.669s] [ 10%] [34m[1mGenerating C++ introspection for ROS interfaces[0m
[1.676s] [ 12%] [32mBuilding C object CMakeFiles/hangman_interfaces__rosidl_generator_c.dir/rosidl_generator_c/hangman_interfaces/action/detail/game_progress__functions.c.o[0m
[1.676s] [ 14%] [32mBuilding C object CMakeFiles/hangman_interfaces__rosidl_generator_c.dir/rosidl_generator_c/hangman_interfaces/srv/detail/check_letter__functions.c.o[0m
[1.677s] [ 17%] [32mBuilding C object CMakeFiles/hangman_interfaces__rosidl_generator_c.dir/rosidl_generator_c/hangman_interfaces/msg/detail/progress__functions.c.o[0m
[1.792s] [ 19%] [32m[1mLinking C shared library libhangman_interfaces__rosidl_generator_c.so[0m
[1.829s] [ 19%] Built target hangman_interfaces__rosidl_generator_c
[1.841s] [ 21%] [34m[1mGenerating C type support dispatch for ROS interfaces[0m
[1.841s] [ 25%] [34m[1mGenerating C introspection for ROS interfaces[0m
[1.841s] [ 25%] [34m[1mGenerating C type support for eProsima Fast-RTPS[0m
[1.933s] [ 27%] [32mBuilding CXX object CMakeFiles/hangman_interfaces__rosidl_typesupport_cpp.dir/rosidl_typesupport_cpp/hangman_interfaces/srv/check_letter__type_support.cpp.o[0m
[1.934s] [ 29%] [32mBuilding CXX object CMakeFiles/hangman_interfaces__rosidl_typesupport_cpp.dir/rosidl_typesupport_cpp/hangman_interfaces/msg/progress__type_support.cpp.o[0m
[1.935s] [ 31%] [32mBuilding CXX object CMakeFiles/hangman_interfaces__rosidl_typesupport_cpp.dir/rosidl_typesupport_cpp/hangman_interfaces/action/game_progress__type_support.cpp.o[0m
[1.964s] [ 34%] [32mBuilding CXX object CMakeFiles/hangman_interfaces__rosidl_typesupport_introspection_cpp.dir/rosidl_typesupport_introspection_cpp/hangman_interfaces/msg/detail/progress__type_support.cpp.o[0m
[1.964s] [ 36%] [32mBuilding CXX object CMakeFiles/hangman_interfaces__rosidl_typesupport_introspection_cpp.dir/rosidl_typesupport_introspection_cpp/hangman_interfaces/srv/detail/check_letter__type_support.cpp.o[0m
[1.965s] [ 38%] [32mBuilding CXX object CMakeFiles/hangman_interfaces__rosidl_typesupport_introspection_cpp.dir/rosidl_typesupport_introspection_cpp/hangman_interfaces/action/detail/game_progress__type_support.cpp.o[0m
[2.156s] [ 40%] [32mBuilding CXX object CMakeFiles/hangman_interfaces__rosidl_typesupport_fastrtps_cpp.dir/rosidl_typesupport_fastrtps_cpp/hangman_interfaces/msg/detail/dds_fastrtps/progress__type_support.cpp.o[0m
[2.159s] [ 42%] [32mBuilding CXX object CMakeFiles/hangman_interfaces__rosidl_typesupport_fastrtps_cpp.dir/rosidl_typesupport_fastrtps_cpp/hangman_interfaces/srv/detail/dds_fastrtps/check_letter__type_support.cpp.o[0m
[2.159s] [ 44%] [32mBuilding CXX object CMakeFiles/hangman_interfaces__rosidl_typesupport_fastrtps_cpp.dir/rosidl_typesupport_fastrtps_cpp/hangman_interfaces/action/detail/dds_fastrtps/game_progress__type_support.cpp.o[0m
[2.226s] [ 48%] [32mBuilding CXX object CMakeFiles/hangman_interfaces__rosidl_typesupport_c.dir/rosidl_typesupport_c/hangman_interfaces/srv/check_letter__type_support.cpp.o[0m
[2.226s] [ 48%] [32mBuilding CXX object CMakeFiles/hangman_interfaces__rosidl_typesupport_c.dir/rosidl_typesupport_c/hangman_interfaces/msg/progress__type_support.cpp.o[0m
[2.229s] [ 51%] [32mBuilding CXX object CMakeFiles/hangman_interfaces__rosidl_typesupport_c.dir/rosidl_typesupport_c/hangman_interfaces/action/game_progress__type_support.cpp.o[0m
[2.267s] [ 53%] [32m[1mLinking CXX shared library libhangman_interfaces__rosidl_typesupport_c.so[0m
[2.306s] [ 53%] Built target hangman_interfaces__rosidl_typesupport_c
[2.342s] [ 55%] [32mBuilding C object CMakeFiles/hangman_interfaces__rosidl_typesupport_introspection_c.dir/rosidl_typesupport_introspection_c/hangman_interfaces/srv/detail/check_letter__type_support.c.o[0m
[2.345s] [ 59%] [32mBuilding C object CMakeFiles/hangman_interfaces__rosidl_typesupport_introspection_c.dir/rosidl_typesupport_introspection_c/hangman_interfaces/action/detail/game_progress__type_support.c.o[0m
[2.345s] [ 59%] [32mBuilding C object CMakeFiles/hangman_interfaces__rosidl_typesupport_introspection_c.dir/rosidl_typesupport_introspection_c/hangman_interfaces/msg/detail/progress__type_support.c.o[0m
[2.346s] [ 61%] [32m[1mLinking CXX shared library libhangman_interfaces__rosidl_typesupport_introspection_cpp.so[0m
[2.349s] [ 63%] [32mBuilding CXX object CMakeFiles/hangman_interfaces__rosidl_typesupport_fastrtps_c.dir/rosidl_typesupport_fastrtps_c/hangman_interfaces/msg/detail/progress__type_support_c.cpp.o[0m
[2.351s] [ 68%] [32mBuilding CXX object CMakeFiles/hangman_interfaces__rosidl_typesupport_fastrtps_c.dir/rosidl_typesupport_fastrtps_c/hangman_interfaces/srv/detail/check_letter__type_support_c.cpp.o[0m
[2.351s] [ 68%] [32mBuilding CXX object CMakeFiles/hangman_interfaces__rosidl_typesupport_fastrtps_c.dir/rosidl_typesupport_fastrtps_c/hangman_interfaces/action/detail/game_progress__type_support_c.cpp.o[0m
[2.385s] [ 70%] [32m[1mLinking CXX shared library libhangman_interfaces__rosidl_typesupport_cpp.so[0m
[2.388s] [ 72%] [32m[1mLinking C shared library libhangman_interfaces__rosidl_typesupport_introspection_c.so[0m
[2.405s] [ 72%] Built target hangman_interfaces__rosidl_typesupport_introspection_cpp
[2.412s] [ 72%] Built target hangman_interfaces__rosidl_typesupport_introspection_c
[2.423s] [ 72%] Built target hangman_interfaces__rosidl_typesupport_cpp
[2.617s] [ 74%] [32m[1mLinking CXX shared library libhangman_interfaces__rosidl_typesupport_fastrtps_c.so[0m
[2.643s] [ 76%] [32m[1mLinking CXX shared library libhangman_interfaces__rosidl_typesupport_fastrtps_cpp.so[0m
[2.673s] [ 76%] Built target hangman_interfaces__rosidl_typesupport_fastrtps_c
[2.693s] [ 76%] Built target hangman_interfaces__rosidl_typesupport_fastrtps_cpp
[2.706s] [ 76%] Built target hangman_interfaces
[2.728s] [ 78%] [34m[1mGenerating Python code for ROS interfaces[0m
[3.319s] [ 78%] Built target hangman_interfaces__py
[3.334s] [ 80%] [32mBuilding C object CMakeFiles/hangman_interfaces__rosidl_generator_py.dir/rosidl_generator_py/hangman_interfaces/msg/_progress_s.c.o[0m
[3.334s] [ 82%] [32mBuilding C object CMakeFiles/hangman_interfaces__rosidl_generator_py.dir/rosidl_generator_py/hangman_interfaces/srv/_check_letter_s.c.o[0m
[3.334s] [ 85%] [32mBuilding C object CMakeFiles/hangman_interfaces__rosidl_generator_py.dir/rosidl_generator_py/hangman_interfaces/action/_game_progress_s.c.o[0m
[3.432s] [ 87%] [32m[1mLinking C shared library rosidl_generator_py/hangman_interfaces/libhangman_interfaces__rosidl_generator_py.so[0m
[3.463s] [ 87%] Built target hangman_interfaces__rosidl_generator_py
[3.481s] [ 91%] [32mBuilding C object CMakeFiles/hangman_interfaces__rosidl_typesupport_fastrtps_c__pyext.dir/rosidl_generator_py/hangman_interfaces/_hangman_interfaces_s.ep.rosidl_typesupport_fastrtps_c.c.o[0m
[3.481s] [ 91%] [32mBuilding C object CMakeFiles/hangman_interfaces__rosidl_typesupport_introspection_c__pyext.dir/rosidl_generator_py/hangman_interfaces/_hangman_interfaces_s.ep.rosidl_typesupport_introspection_c.c.o[0m
[3.481s] [ 93%] [32mBuilding C object CMakeFiles/hangman_interfaces__rosidl_typesupport_c__pyext.dir/rosidl_generator_py/hangman_interfaces/_hangman_interfaces_s.ep.rosidl_typesupport_c.c.o[0m
[3.563s] [ 95%] [32m[1mLinking C shared library rosidl_generator_py/hangman_interfaces/hangman_interfaces_s__rosidl_typesupport_c.cpython-310-x86_64-linux-gnu.so[0m
[3.564s] [ 97%] [32m[1mLinking C shared library rosidl_generator_py/hangman_interfaces/hangman_interfaces_s__rosidl_typesupport_fastrtps_c.cpython-310-x86_64-linux-gnu.so[0m
[3.565s] [100%] [32m[1mLinking C shared library rosidl_generator_py/hangman_interfaces/hangman_interfaces_s__rosidl_typesupport_introspection_c.cpython-310-x86_64-linux-gnu.so[0m
[3.592s] [100%] Built target hangman_interfaces__rosidl_typesupport_introspection_c__pyext
[3.593s] [100%] Built target hangman_interfaces__rosidl_typesupport_c__pyext
[3.593s] [100%] Built target hangman_interfaces__rosidl_typesupport_fastrtps_c__pyext
[3.603s] Invoked command in '/home/somyeong/Doosan_Robotics_Rokey/ROS2/hangman_ws/build/hangman_interfaces' returned '0': CMAKE_PREFIX_PATH=${CMAKE_PREFIX_PATH}:/home/somyeong/Doosan_Robotics_Rokey/ros2_ws/install/ros_study_py:/home/somyeong/Doosan_Robotics_Rokey/ros2_ws/install/ex_calculator:/home/somyeong/Doosan_Robotics_Rokey/ros2_ws/install/ros2env:/home/somyeong/Doosan_Robotics_Rokey/ros2_ws/install/py_pubsub:/home/somyeong/Doosan_Robotics_Rokey/ros2_ws/install/my_package1212:/opt/ros/humble /usr/bin/cmake --build /home/somyeong/Doosan_Robotics_Rokey/ROS2/hangman_ws/build/hangman_interfaces -- -j16 -l16
[3.693s] Invoking command in '/home/somyeong/Doosan_Robotics_Rokey/ROS2/hangman_ws/build/hangman_interfaces': CMAKE_PREFIX_PATH=${CMAKE_PREFIX_PATH}:/home/somyeong/Doosan_Robotics_Rokey/ros2_ws/install/ros_study_py:/home/somyeong/Doosan_Robotics_Rokey/ros2_ws/install/ex_calculator:/home/somyeong/Doosan_Robotics_Rokey/ros2_ws/install/ros2env:/home/somyeong/Doosan_Robotics_Rokey/ros2_ws/install/py_pubsub:/home/somyeong/Doosan_Robotics_Rokey/ros2_ws/install/my_package1212:/opt/ros/humble /usr/bin/cmake --install /home/somyeong/Doosan_Robotics_Rokey/ROS2/hangman_ws/build/hangman_interfaces
[3.698s] -- Install configuration: ""
[3.698s] -- Installing: /home/somyeong/Doosan_Robotics_Rokey/ROS2/hangman_ws/install/hangman_interfaces/share/ament_index/resource_index/rosidl_interfaces/hangman_interfaces
[3.698s] -- Installing: /home/somyeong/Doosan_Robotics_Rokey/ROS2/hangman_ws/install/hangman_interfaces/include/hangman_interfaces/hangman_interfaces
[3.698s] -- Installing: /home/somyeong/Doosan_Robotics_Rokey/ROS2/hangman_ws/install/hangman_interfaces/include/hangman_interfaces/hangman_interfaces/msg
[3.698s] -- Installing: /home/somyeong/Doosan_Robotics_Rokey/ROS2/hangman_ws/install/hangman_interfaces/include/hangman_interfaces/hangman_interfaces/msg/rosidl_generator_c__visibility_control.h
[3.698s] -- Installing: /home/somyeong/Doosan_Robotics_Rokey/ROS2/hangman_ws/install/hangman_interfaces/include/hangman_interfaces/hangman_interfaces/msg/detail
[3.698s] -- Installing: /home/somyeong/Doosan_Robotics_Rokey/ROS2/hangman_ws/install/hangman_interfaces/include/hangman_interfaces/hangman_interfaces/msg/detail/progress__functions.c
[3.698s] -- Installing: /home/somyeong/Doosan_Robotics_Rokey/ROS2/hangman_ws/install/hangman_interfaces/include/hangman_interfaces/hangman_interfaces/msg/detail/progress__struct.h
[3.698s] -- Installing: /home/somyeong/Doosan_Robotics_Rokey/ROS2/hangman_ws/install/hangman_interfaces/include/hangman_interfaces/hangman_interfaces/msg/detail/progress__type_support.h
[3.698s] -- Installing: /home/somyeong/Doosan_Robotics_Rokey/ROS2/hangman_ws/install/hangman_interfaces/include/hangman_interfaces/hangman_interfaces/msg/detail/progress__functions.h
[3.698s] -- Installing: /home/somyeong/Doosan_Robotics_Rokey/ROS2/hangman_ws/install/hangman_interfaces/include/hangman_interfaces/hangman_interfaces/msg/progress.h
[3.699s] -- Installing: /home/somyeong/Doosan_Robotics_Rokey/ROS2/hangman_ws/install/hangman_interfaces/include/hangman_interfaces/hangman_interfaces/srv
[3.699s] -- Installing: /home/somyeong/Doosan_Robotics_Rokey/ROS2/hangman_ws/install/hangman_interfaces/include/hangman_interfaces/hangman_interfaces/srv/check_letter.h
[3.699s] -- Installing: /home/somyeong/Doosan_Robotics_Rokey/ROS2/hangman_ws/install/hangman_interfaces/include/hangman_interfaces/hangman_interfaces/srv/detail
[3.699s] -- Installing: /home/somyeong/Doosan_Robotics_Rokey/ROS2/hangman_ws/install/hangman_interfaces/include/hangman_interfaces/hangman_interfaces/srv/detail/check_letter__struct.h
[3.699s] -- Installing: /home/somyeong/Doosan_Robotics_Rokey/ROS2/hangman_ws/install/hangman_interfaces/include/hangman_interfaces/hangman_interfaces/srv/detail/check_letter__functions.h
[3.699s] -- Installing: /home/somyeong/Doosan_Robotics_Rokey/ROS2/hangman_ws/install/hangman_interfaces/include/hangman_interfaces/hangman_interfaces/srv/detail/check_letter__functions.c
[3.699s] -- Installing: /home/somyeong/Doosan_Robotics_Rokey/ROS2/hangman_ws/install/hangman_interfaces/include/hangman_interfaces/hangman_interfaces/srv/detail/check_letter__type_support.h
[3.699s] -- Installing: /home/somyeong/Doosan_Robotics_Rokey/ROS2/hangman_ws/install/hangman_interfaces/include/hangman_interfaces/hangman_interfaces/action
[3.699s] -- Installing: /home/somyeong/Doosan_Robotics_Rokey/ROS2/hangman_ws/install/hangman_interfaces/include/hangman_interfaces/hangman_interfaces/action/detail
[3.699s] -- Installing: /home/somyeong/Doosan_Robotics_Rokey/ROS2/hangman_ws/install/hangman_interfaces/include/hangman_interfaces/hangman_interfaces/action/detail/game_progress__type_support.h
[3.699s] -- Installing: /home/somyeong/Doosan_Robotics_Rokey/ROS2/hangman_ws/install/hangman_interfaces/include/hangman_interfaces/hangman_interfaces/action/detail/game_progress__functions.h
[3.699s] -- Installing: /home/somyeong/Doosan_Robotics_Rokey/ROS2/hangman_ws/install/hangman_interfaces/include/hangman_interfaces/hangman_interfaces/action/detail/game_progress__functions.c
[3.699s] -- Installing: /home/somyeong/Doosan_Robotics_Rokey/ROS2/hangman_ws/install/hangman_interfaces/include/hangman_interfaces/hangman_interfaces/action/detail/game_progress__struct.h
[3.699s] -- Installing: /home/somyeong/Doosan_Robotics_Rokey/ROS2/hangman_ws/install/hangman_interfaces/include/hangman_interfaces/hangman_interfaces/action/game_progress.h
[3.699s] -- Installing: /home/somyeong/Doosan_Robotics_Rokey/ROS2/hangman_ws/install/hangman_interfaces/share/hangman_interfaces/environment/library_path.sh
[3.700s] -- Installing: /home/somyeong/Doosan_Robotics_Rokey/ROS2/hangman_ws/install/hangman_interfaces/share/hangman_interfaces/environment/library_path.dsv
[3.700s] -- Installing: /home/somyeong/Doosan_Robotics_Rokey/ROS2/hangman_ws/install/hangman_interfaces/lib/libhangman_interfaces__rosidl_generator_c.so
[3.700s] -- Set runtime path of "/home/somyeong/Doosan_Robotics_Rokey/ROS2/hangman_ws/install/hangman_interfaces/lib/libhangman_interfaces__rosidl_generator_c.so" to ""
[3.700s] -- Up-to-date: /home/somyeong/Doosan_Robotics_Rokey/ROS2/hangman_ws/install/hangman_interfaces/include/hangman_interfaces/hangman_interfaces
[3.700s] -- Up-to-date: /home/somyeong/Doosan_Robotics_Rokey/ROS2/hangman_ws/install/hangman_interfaces/include/hangman_interfaces/hangman_interfaces/msg
[3.700s] -- Up-to-date: /home/somyeong/Doosan_Robotics_Rokey/ROS2/hangman_ws/install/hangman_interfaces/include/hangman_interfaces/hangman_interfaces/msg/detail
[3.700s] -- Installing: /home/somyeong/Doosan_Robotics_Rokey/ROS2/hangman_ws/install/hangman_interfaces/include/hangman_interfaces/hangman_interfaces/msg/detail/progress__rosidl_typesupport_fastrtps_c.h
[3.700s] -- Installing: /home/somyeong/Doosan_Robotics_Rokey/ROS2/hangman_ws/install/hangman_interfaces/include/hangman_interfaces/hangman_interfaces/msg/rosidl_typesupport_fastrtps_c__visibility_control.h
[3.700s] -- Up-to-date: /home/somyeong/Doosan_Robotics_Rokey/ROS2/hangman_ws/install/hangman_interfaces/include/hangman_interfaces/hangman_interfaces/srv
[3.700s] -- Up-to-date: /home/somyeong/Doosan_Robotics_Rokey/ROS2/hangman_ws/install/hangman_interfaces/include/hangman_interfaces/hangman_interfaces/srv/detail
[3.700s] -- Installing: /home/somyeong/Doosan_Robotics_Rokey/ROS2/hangman_ws/install/hangman_interfaces/include/hangman_interfaces/hangman_interfaces/srv/detail/check_letter__rosidl_typesupport_fastrtps_c.h
[3.700s] -- Up-to-date: /home/somyeong/Doosan_Robotics_Rokey/ROS2/hangman_ws/install/hangman_interfaces/include/hangman_interfaces/hangman_interfaces/action
[3.700s] -- Up-to-date: /home/somyeong/Doosan_Robotics_Rokey/ROS2/hangman_ws/install/hangman_interfaces/include/hangman_interfaces/hangman_interfaces/action/detail
[3.700s] -- Installing: /home/somyeong/Doosan_Robotics_Rokey/ROS2/hangman_ws/install/hangman_interfaces/include/hangman_interfaces/hangman_interfaces/action/detail/game_progress__rosidl_typesupport_fastrtps_c.h
[3.700s] -- Installing: /home/somyeong/Doosan_Robotics_Rokey/ROS2/hangman_ws/install/hangman_interfaces/lib/libhangman_interfaces__rosidl_typesupport_fastrtps_c.so
[3.700s] -- Set runtime path of "/home/somyeong/Doosan_Robotics_Rokey/ROS2/hangman_ws/install/hangman_interfaces/lib/libhangman_interfaces__rosidl_typesupport_fastrtps_c.so" to ""
[3.700s] -- Up-to-date: /home/somyeong/Doosan_Robotics_Rokey/ROS2/hangman_ws/install/hangman_interfaces/include/hangman_interfaces/hangman_interfaces
[3.700s] -- Up-to-date: /home/somyeong/Doosan_Robotics_Rokey/ROS2/hangman_ws/install/hangman_interfaces/include/hangman_interfaces/hangman_interfaces/msg
[3.700s] -- Up-to-date: /home/somyeong/Doosan_Robotics_Rokey/ROS2/hangman_ws/install/hangman_interfaces/include/hangman_interfaces/hangman_interfaces/msg/detail
[3.700s] -- Installing: /home/somyeong/Doosan_Robotics_Rokey/ROS2/hangman_ws/install/hangman_interfaces/include/hangman_interfaces/hangman_interfaces/msg/detail/progress__struct.hpp
[3.701s] -- Installing: /home/somyeong/Doosan_Robotics_Rokey/ROS2/hangman_ws/install/hangman_interfaces/include/hangman_interfaces/hangman_interfaces/msg/detail/progress__traits.hpp
[3.701s] -- Installing: /home/somyeong/Doosan_Robotics_Rokey/ROS2/hangman_ws/install/hangman_interfaces/include/hangman_interfaces/hangman_interfaces/msg/detail/progress__builder.hpp
[3.701s] -- Installing: /home/somyeong/Doosan_Robotics_Rokey/ROS2/hangman_ws/install/hangman_interfaces/include/hangman_interfaces/hangman_interfaces/msg/progress.hpp
[3.701s] -- Up-to-date: /home/somyeong/Doosan_Robotics_Rokey/ROS2/hangman_ws/install/hangman_interfaces/include/hangman_interfaces/hangman_interfaces/srv
[3.701s] -- Installing: /home/somyeong/Doosan_Robotics_Rokey/ROS2/hangman_ws/install/hangman_interfaces/include/hangman_interfaces/hangman_interfaces/srv/check_letter.hpp
[3.701s] -- Up-to-date: /home/somyeong/Doosan_Robotics_Rokey/ROS2/hangman_ws/install/hangman_interfaces/include/hangman_interfaces/hangman_interfaces/srv/detail
[3.701s] -- Installing: /home/somyeong/Doosan_Robotics_Rokey/ROS2/hangman_ws/install/hangman_interfaces/include/hangman_interfaces/hangman_interfaces/srv/detail/check_letter__struct.hpp
[3.701s] -- Installing: /home/somyeong/Doosan_Robotics_Rokey/ROS2/hangman_ws/install/hangman_interfaces/include/hangman_interfaces/hangman_interfaces/srv/detail/check_letter__builder.hpp
[3.701s] -- Installing: /home/somyeong/Doosan_Robotics_Rokey/ROS2/hangman_ws/install/hangman_interfaces/include/hangman_interfaces/hangman_interfaces/srv/detail/check_letter__traits.hpp
[3.701s] -- Up-to-date: /home/somyeong/Doosan_Robotics_Rokey/ROS2/hangman_ws/install/hangman_interfaces/include/hangman_interfaces/hangman_interfaces/action
[3.701s] -- Up-to-date: /home/somyeong/Doosan_Robotics_Rokey/ROS2/hangman_ws/install/hangman_interfaces/include/hangman_interfaces/hangman_interfaces/action/detail
[3.701s] -- Installing: /home/somyeong/Doosan_Robotics_Rokey/ROS2/hangman_ws/install/hangman_interfaces/include/hangman_interfaces/hangman_interfaces/action/detail/game_progress__builder.hpp
[3.701s] -- Installing: /home/somyeong/Doosan_Robotics_Rokey/ROS2/hangman_ws/install/hangman_interfaces/include/hangman_interfaces/hangman_interfaces/action/detail/game_progress__struct.hpp
[3.701s] -- Installing: /home/somyeong/Doosan_Robotics_Rokey/ROS2/hangman_ws/install/hangman_interfaces/include/hangman_interfaces/hangman_interfaces/action/detail/game_progress__traits.hpp
[3.701s] -- Installing: /home/somyeong/Doosan_Robotics_Rokey/ROS2/hangman_ws/install/hangman_interfaces/include/hangman_interfaces/hangman_interfaces/action/game_progress.hpp
[3.701s] -- Up-to-date: /home/somyeong/Doosan_Robotics_Rokey/ROS2/hangman_ws/install/hangman_interfaces/include/hangman_interfaces/hangman_interfaces
[3.701s] -- Up-to-date: /home/somyeong/Doosan_Robotics_Rokey/ROS2/hangman_ws/install/hangman_interfaces/include/hangman_interfaces/hangman_interfaces/msg
[3.701s] -- Up-to-date: /home/somyeong/Doosan_Robotics_Rokey/ROS2/hangman_ws/install/hangman_interfaces/include/hangman_interfaces/hangman_interfaces/msg/detail
[3.701s] -- Installing: /home/somyeong/Doosan_Robotics_Rokey/ROS2/hangman_ws/install/hangman_interfaces/include/hangman_interfaces/hangman_interfaces/msg/detail/dds_fastrtps
[3.701s] -- Installing: /home/somyeong/Doosan_Robotics_Rokey/ROS2/hangman_ws/install/hangman_interfaces/include/hangman_interfaces/hangman_interfaces/msg/detail/progress__rosidl_typesupport_fastrtps_cpp.hpp
[3.701s] -- Installing: /home/somyeong/Doosan_Robotics_Rokey/ROS2/hangman_ws/install/hangman_interfaces/include/hangman_interfaces/hangman_interfaces/msg/rosidl_typesupport_fastrtps_cpp__visibility_control.h
[3.701s] -- Up-to-date: /home/somyeong/Doosan_Robotics_Rokey/ROS2/hangman_ws/install/hangman_interfaces/include/hangman_interfaces/hangman_interfaces/srv
[3.701s] -- Up-to-date: /home/somyeong/Doosan_Robotics_Rokey/ROS2/hangman_ws/install/hangman_interfaces/include/hangman_interfaces/hangman_interfaces/srv/detail
[3.701s] -- Installing: /home/somyeong/Doosan_Robotics_Rokey/ROS2/hangman_ws/install/hangman_interfaces/include/hangman_interfaces/hangman_interfaces/srv/detail/check_letter__rosidl_typesupport_fastrtps_cpp.hpp
[3.701s] -- Installing: /home/somyeong/Doosan_Robotics_Rokey/ROS2/hangman_ws/install/hangman_interfaces/include/hangman_interfaces/hangman_interfaces/srv/detail/dds_fastrtps
[3.701s] -- Up-to-date: /home/somyeong/Doosan_Robotics_Rokey/ROS2/hangman_ws/install/hangman_interfaces/include/hangman_interfaces/hangman_interfaces/action
[3.701s] -- Up-to-date: /home/somyeong/Doosan_Robotics_Rokey/ROS2/hangman_ws/install/hangman_interfaces/include/hangman_interfaces/hangman_interfaces/action/detail
[3.701s] -- Installing: /home/somyeong/Doosan_Robotics_Rokey/ROS2/hangman_ws/install/hangman_interfaces/include/hangman_interfaces/hangman_interfaces/action/detail/game_progress__rosidl_typesupport_fastrtps_cpp.hpp
[3.701s] -- Installing: /home/somyeong/Doosan_Robotics_Rokey/ROS2/hangman_ws/install/hangman_interfaces/include/hangman_interfaces/hangman_interfaces/action/detail/dds_fastrtps
[3.701s] -- Installing: /home/somyeong/Doosan_Robotics_Rokey/ROS2/hangman_ws/install/hangman_interfaces/lib/libhangman_interfaces__rosidl_typesupport_fastrtps_cpp.so
[3.701s] -- Set runtime path of "/home/somyeong/Doosan_Robotics_Rokey/ROS2/hangman_ws/install/hangman_interfaces/lib/libhangman_interfaces__rosidl_typesupport_fastrtps_cpp.so" to ""
[3.701s] -- Up-to-date: /home/somyeong/Doosan_Robotics_Rokey/ROS2/hangman_ws/install/hangman_interfaces/include/hangman_interfaces/hangman_interfaces
[3.702s] -- Up-to-date: /home/somyeong/Doosan_Robotics_Rokey/ROS2/hangman_ws/install/hangman_interfaces/include/hangman_interfaces/hangman_interfaces/msg
[3.702s] -- Up-to-date: /home/somyeong/Doosan_Robotics_Rokey/ROS2/hangman_ws/install/hangman_interfaces/include/hangman_interfaces/hangman_interfaces/msg/detail
[3.702s] -- Installing: /home/somyeong/Doosan_Robotics_Rokey/ROS2/hangman_ws/install/hangman_interfaces/include/hangman_interfaces/hangman_interfaces/msg/detail/progress__rosidl_typesupport_introspection_c.h
[3.702s] -- Installing: /home/somyeong/Doosan_Robotics_Rokey/ROS2/hangman_ws/install/hangman_interfaces/include/hangman_interfaces/hangman_interfaces/msg/detail/progress__type_support.c
[3.702s] -- Installing: /home/somyeong/Doosan_Robotics_Rokey/ROS2/hangman_ws/install/hangman_interfaces/include/hangman_interfaces/hangman_interfaces/msg/rosidl_typesupport_introspection_c__visibility_control.h
[3.702s] -- Up-to-date: /home/somyeong/Doosan_Robotics_Rokey/ROS2/hangman_ws/install/hangman_interfaces/include/hangman_interfaces/hangman_interfaces/srv
[3.702s] -- Up-to-date: /home/somyeong/Doosan_Robotics_Rokey/ROS2/hangman_ws/install/hangman_interfaces/include/hangman_interfaces/hangman_interfaces/srv/detail
[3.702s] -- Installing: /home/somyeong/Doosan_Robotics_Rokey/ROS2/hangman_ws/install/hangman_interfaces/include/hangman_interfaces/hangman_interfaces/srv/detail/check_letter__rosidl_typesupport_introspection_c.h
[3.702s] -- Installing: /home/somyeong/Doosan_Robotics_Rokey/ROS2/hangman_ws/install/hangman_interfaces/include/hangman_interfaces/hangman_interfaces/srv/detail/check_letter__type_support.c
[3.702s] -- Up-to-date: /home/somyeong/Doosan_Robotics_Rokey/ROS2/hangman_ws/install/hangman_interfaces/include/hangman_interfaces/hangman_interfaces/action
[3.702s] -- Up-to-date: /home/somyeong/Doosan_Robotics_Rokey/ROS2/hangman_ws/install/hangman_interfaces/include/hangman_interfaces/hangman_interfaces/action/detail
[3.702s] -- Installing: /home/somyeong/Doosan_Robotics_Rokey/ROS2/hangman_ws/install/hangman_interfaces/include/hangman_interfaces/hangman_interfaces/action/detail/game_progress__rosidl_typesupport_introspection_c.h
[3.702s] -- Installing: /home/somyeong/Doosan_Robotics_Rokey/ROS2/hangman_ws/install/hangman_interfaces/include/hangman_interfaces/hangman_interfaces/action/detail/game_progress__type_support.c
[3.702s] -- Installing: /home/somyeong/Doosan_Robotics_Rokey/ROS2/hangman_ws/install/hangman_interfaces/lib/libhangman_interfaces__rosidl_typesupport_introspection_c.so
[3.702s] -- Set runtime path of "/home/somyeong/Doosan_Robotics_Rokey/ROS2/hangman_ws/install/hangman_interfaces/lib/libhangman_interfaces__rosidl_typesupport_introspection_c.so" to ""
[3.702s] -- Installing: /home/somyeong/Doosan_Robotics_Rokey/ROS2/hangman_ws/install/hangman_interfaces/lib/libhangman_interfaces__rosidl_typesupport_c.so
[3.702s] -- Set runtime path of "/home/somyeong/Doosan_Robotics_Rokey/ROS2/hangman_ws/install/hangman_interfaces/lib/libhangman_interfaces__rosidl_typesupport_c.so" to ""
[3.702s] -- Up-to-date: /home/somyeong/Doosan_Robotics_Rokey/ROS2/hangman_ws/install/hangman_interfaces/include/hangman_interfaces/hangman_interfaces
[3.702s] -- Up-to-date: /home/somyeong/Doosan_Robotics_Rokey/ROS2/hangman_ws/install/hangman_interfaces/include/hangman_interfaces/hangman_interfaces/msg
[3.702s] -- Up-to-date: /home/somyeong/Doosan_Robotics_Rokey/ROS2/hangman_ws/install/hangman_interfaces/include/hangman_interfaces/hangman_interfaces/msg/detail
[3.702s] -- Installing: /home/somyeong/Doosan_Robotics_Rokey/ROS2/hangman_ws/install/hangman_interfaces/include/hangman_interfaces/hangman_interfaces/msg/detail/progress__rosidl_typesupport_introspection_cpp.hpp
[3.702s] -- Installing: /home/somyeong/Doosan_Robotics_Rokey/ROS2/hangman_ws/install/hangman_interfaces/include/hangman_interfaces/hangman_interfaces/msg/detail/progress__type_support.cpp
[3.702s] -- Up-to-date: /home/somyeong/Doosan_Robotics_Rokey/ROS2/hangman_ws/install/hangman_interfaces/include/hangman_interfaces/hangman_interfaces/srv
[3.702s] -- Up-to-date: /home/somyeong/Doosan_Robotics_Rokey/ROS2/hangman_ws/install/hangman_interfaces/include/hangman_interfaces/hangman_interfaces/srv/detail
[3.702s] -- Installing: /home/somyeong/Doosan_Robotics_Rokey/ROS2/hangman_ws/install/hangman_interfaces/include/hangman_interfaces/hangman_interfaces/srv/detail/check_letter__type_support.cpp
[3.702s] -- Installing: /home/somyeong/Doosan_Robotics_Rokey/ROS2/hangman_ws/install/hangman_interfaces/include/hangman_interfaces/hangman_interfaces/srv/detail/check_letter__rosidl_typesupport_introspection_cpp.hpp
[3.702s] -- Up-to-date: /home/somyeong/Doosan_Robotics_Rokey/ROS2/hangman_ws/install/hangman_interfaces/include/hangman_interfaces/hangman_interfaces/action
[3.702s] -- Up-to-date: /home/somyeong/Doosan_Robotics_Rokey/ROS2/hangman_ws/install/hangman_interfaces/include/hangman_interfaces/hangman_interfaces/action/detail
[3.702s] -- Installing: /home/somyeong/Doosan_Robotics_Rokey/ROS2/hangman_ws/install/hangman_interfaces/include/hangman_interfaces/hangman_interfaces/action/detail/game_progress__rosidl_typesupport_introspection_cpp.hpp
[3.702s] -- Installing: /home/somyeong/Doosan_Robotics_Rokey/ROS2/hangman_ws/install/hangman_interfaces/include/hangman_interfaces/hangman_interfaces/action/detail/game_progress__type_support.cpp
[3.702s] -- Installing: /home/somyeong/Doosan_Robotics_Rokey/ROS2/hangman_ws/install/hangman_interfaces/lib/libhangman_interfaces__rosidl_typesupport_introspection_cpp.so
[3.702s] -- Set runtime path of "/home/somyeong/Doosan_Robotics_Rokey/ROS2/hangman_ws/install/hangman_interfaces/lib/libhangman_interfaces__rosidl_typesupport_introspection_cpp.so" to ""
[3.703s] -- Installing: /home/somyeong/Doosan_Robotics_Rokey/ROS2/hangman_ws/install/hangman_interfaces/lib/libhangman_interfaces__rosidl_typesupport_cpp.so
[3.703s] -- Set runtime path of "/home/somyeong/Doosan_Robotics_Rokey/ROS2/hangman_ws/install/hangman_interfaces/lib/libhangman_interfaces__rosidl_typesupport_cpp.so" to ""
[3.703s] -- Installing: /home/somyeong/Doosan_Robotics_Rokey/ROS2/hangman_ws/install/hangman_interfaces/share/hangman_interfaces/environment/pythonpath.sh
[3.703s] -- Installing: /home/somyeong/Doosan_Robotics_Rokey/ROS2/hangman_ws/install/hangman_interfaces/share/hangman_interfaces/environment/pythonpath.dsv
[3.703s] -- Installing: /home/somyeong/Doosan_Robotics_Rokey/ROS2/hangman_ws/install/hangman_interfaces/local/lib/python3.10/dist-packages/hangman_interfaces-0.0.0-py3.10.egg-info
[3.703s] -- Installing: /home/somyeong/Doosan_Robotics_Rokey/ROS2/hangman_ws/install/hangman_interfaces/local/lib/python3.10/dist-packages/hangman_interfaces-0.0.0-py3.10.egg-info/PKG-INFO
[3.703s] -- Installing: /home/somyeong/Doosan_Robotics_Rokey/ROS2/hangman_ws/install/hangman_interfaces/local/lib/python3.10/dist-packages/hangman_interfaces-0.0.0-py3.10.egg-info/top_level.txt
[3.703s] -- Installing: /home/somyeong/Doosan_Robotics_Rokey/ROS2/hangman_ws/install/hangman_interfaces/local/lib/python3.10/dist-packages/hangman_interfaces-0.0.0-py3.10.egg-info/SOURCES.txt
[3.703s] -- Installing: /home/somyeong/Doosan_Robotics_Rokey/ROS2/hangman_ws/install/hangman_interfaces/local/lib/python3.10/dist-packages/hangman_interfaces-0.0.0-py3.10.egg-info/dependency_links.txt
[3.703s] -- Installing: /home/somyeong/Doosan_Robotics_Rokey/ROS2/hangman_ws/install/hangman_interfaces/local/lib/python3.10/dist-packages/hangman_interfaces
[3.703s] -- Installing: /home/somyeong/Doosan_Robotics_Rokey/ROS2/hangman_ws/install/hangman_interfaces/local/lib/python3.10/dist-packages/hangman_interfaces/_hangman_interfaces_s.ep.rosidl_typesupport_fastrtps_c.c
[3.703s] -- Installing: /home/somyeong/Doosan_Robotics_Rokey/ROS2/hangman_ws/install/hangman_interfaces/local/lib/python3.10/dist-packages/hangman_interfaces/libhangman_interfaces__rosidl_generator_py.so
[3.703s] -- Installing: /home/somyeong/Doosan_Robotics_Rokey/ROS2/hangman_ws/install/hangman_interfaces/local/lib/python3.10/dist-packages/hangman_interfaces/_hangman_interfaces_s.ep.rosidl_typesupport_c.c
[3.703s] -- Installing: /home/somyeong/Doosan_Robotics_Rokey/ROS2/hangman_ws/install/hangman_interfaces/local/lib/python3.10/dist-packages/hangman_interfaces/hangman_interfaces_s__rosidl_typesupport_c.cpython-310-x86_64-linux-gnu.so
[3.703s] -- Installing: /home/somyeong/Doosan_Robotics_Rokey/ROS2/hangman_ws/install/hangman_interfaces/local/lib/python3.10/dist-packages/hangman_interfaces/msg
[3.703s] -- Installing: /home/somyeong/Doosan_Robotics_Rokey/ROS2/hangman_ws/install/hangman_interfaces/local/lib/python3.10/dist-packages/hangman_interfaces/msg/_progress_s.c
[3.703s] -- Installing: /home/somyeong/Doosan_Robotics_Rokey/ROS2/hangman_ws/install/hangman_interfaces/local/lib/python3.10/dist-packages/hangman_interfaces/msg/__init__.py
[3.703s] -- Installing: /home/somyeong/Doosan_Robotics_Rokey/ROS2/hangman_ws/install/hangman_interfaces/local/lib/python3.10/dist-packages/hangman_interfaces/msg/_progress.py
[3.703s] -- Installing: /home/somyeong/Doosan_Robotics_Rokey/ROS2/hangman_ws/install/hangman_interfaces/local/lib/python3.10/dist-packages/hangman_interfaces/hangman_interfaces_s__rosidl_typesupport_fastrtps_c.cpython-310-x86_64-linux-gnu.so
[3.703s] -- Installing: /home/somyeong/Doosan_Robotics_Rokey/ROS2/hangman_ws/install/hangman_interfaces/local/lib/python3.10/dist-packages/hangman_interfaces/__init__.py
[3.703s] -- Installing: /home/somyeong/Doosan_Robotics_Rokey/ROS2/hangman_ws/install/hangman_interfaces/local/lib/python3.10/dist-packages/hangman_interfaces/_hangman_interfaces_s.ep.rosidl_typesupport_introspection_c.c
[3.703s] -- Installing: /home/somyeong/Doosan_Robotics_Rokey/ROS2/hangman_ws/install/hangman_interfaces/local/lib/python3.10/dist-packages/hangman_interfaces/hangman_interfaces_s__rosidl_typesupport_introspection_c.cpython-310-x86_64-linux-gnu.so
[3.704s] -- Installing: /home/somyeong/Doosan_Robotics_Rokey/ROS2/hangman_ws/install/hangman_interfaces/local/lib/python3.10/dist-packages/hangman_interfaces/srv
[3.704s] -- Installing: /home/somyeong/Doosan_Robotics_Rokey/ROS2/hangman_ws/install/hangman_interfaces/local/lib/python3.10/dist-packages/hangman_interfaces/srv/_check_letter.py
[3.704s] -- Installing: /home/somyeong/Doosan_Robotics_Rokey/ROS2/hangman_ws/install/hangman_interfaces/local/lib/python3.10/dist-packages/hangman_interfaces/srv/_check_letter_s.c
[3.704s] -- Installing: /home/somyeong/Doosan_Robotics_Rokey/ROS2/hangman_ws/install/hangman_interfaces/local/lib/python3.10/dist-packages/hangman_interfaces/srv/__init__.py
[3.704s] -- Installing: /home/somyeong/Doosan_Robotics_Rokey/ROS2/hangman_ws/install/hangman_interfaces/local/lib/python3.10/dist-packages/hangman_interfaces/action
[3.704s] -- Installing: /home/somyeong/Doosan_Robotics_Rokey/ROS2/hangman_ws/install/hangman_interfaces/local/lib/python3.10/dist-packages/hangman_interfaces/action/_game_progress.py
[3.704s] -- Installing: /home/somyeong/Doosan_Robotics_Rokey/ROS2/hangman_ws/install/hangman_interfaces/local/lib/python3.10/dist-packages/hangman_interfaces/action/_game_progress_s.c
[3.704s] -- Installing: /home/somyeong/Doosan_Robotics_Rokey/ROS2/hangman_ws/install/hangman_interfaces/local/lib/python3.10/dist-packages/hangman_interfaces/action/__init__.py
[3.739s] Listing '/home/somyeong/Doosan_Robotics_Rokey/ROS2/hangman_ws/install/hangman_interfaces/local/lib/python3.10/dist-packages/hangman_interfaces'...
[3.739s] Compiling '/home/somyeong/Doosan_Robotics_Rokey/ROS2/hangman_ws/install/hangman_interfaces/local/lib/python3.10/dist-packages/hangman_interfaces/__init__.py'...
[3.739s] Listing '/home/somyeong/Doosan_Robotics_Rokey/ROS2/hangman_ws/install/hangman_interfaces/local/lib/python3.10/dist-packages/hangman_interfaces/action'...
[3.739s] Compiling '/home/somyeong/Doosan_Robotics_Rokey/ROS2/hangman_ws/install/hangman_interfaces/local/lib/python3.10/dist-packages/hangman_interfaces/action/__init__.py'...
[3.739s] Compiling '/home/somyeong/Doosan_Robotics_Rokey/ROS2/hangman_ws/install/hangman_interfaces/local/lib/python3.10/dist-packages/hangman_interfaces/action/_game_progress.py'...
[3.739s] Listing '/home/somyeong/Doosan_Robotics_Rokey/ROS2/hangman_ws/install/hangman_interfaces/local/lib/python3.10/dist-packages/hangman_interfaces/msg'...
[3.739s] Compiling '/home/somyeong/Doosan_Robotics_Rokey/ROS2/hangman_ws/install/hangman_interfaces/local/lib/python3.10/dist-packages/hangman_interfaces/msg/__init__.py'...
[3.739s] Compiling '/home/somyeong/Doosan_Robotics_Rokey/ROS2/hangman_ws/install/hangman_interfaces/local/lib/python3.10/dist-packages/hangman_interfaces/msg/_progress.py'...
[3.739s] Listing '/home/somyeong/Doosan_Robotics_Rokey/ROS2/hangman_ws/install/hangman_interfaces/local/lib/python3.10/dist-packages/hangman_interfaces/srv'...
[3.739s] Compiling '/home/somyeong/Doosan_Robotics_Rokey/ROS2/hangman_ws/install/hangman_interfaces/local/lib/python3.10/dist-packages/hangman_interfaces/srv/__init__.py'...
[3.739s] Compiling '/home/somyeong/Doosan_Robotics_Rokey/ROS2/hangman_ws/install/hangman_interfaces/local/lib/python3.10/dist-packages/hangman_interfaces/srv/_check_letter.py'...
[3.742s] -- Installing: /home/somyeong/Doosan_Robotics_Rokey/ROS2/hangman_ws/install/hangman_interfaces/local/lib/python3.10/dist-packages/hangman_interfaces/hangman_interfaces_s__rosidl_typesupport_fastrtps_c.cpython-310-x86_64-linux-gnu.so
[3.742s] -- Set runtime path of "/home/somyeong/Doosan_Robotics_Rokey/ROS2/hangman_ws/install/hangman_interfaces/local/lib/python3.10/dist-packages/hangman_interfaces/hangman_interfaces_s__rosidl_typesupport_fastrtps_c.cpython-310-x86_64-linux-gnu.so" to ""
[3.742s] -- Installing: /home/somyeong/Doosan_Robotics_Rokey/ROS2/hangman_ws/install/hangman_interfaces/local/lib/python3.10/dist-packages/hangman_interfaces/hangman_interfaces_s__rosidl_typesupport_introspection_c.cpython-310-x86_64-linux-gnu.so
[3.742s] -- Set runtime path of "/home/somyeong/Doosan_Robotics_Rokey/ROS2/hangman_ws/install/hangman_interfaces/local/lib/python3.10/dist-packages/hangman_interfaces/hangman_interfaces_s__rosidl_typesupport_introspection_c.cpython-310-x86_64-linux-gnu.so" to ""
[3.742s] -- Installing: /home/somyeong/Doosan_Robotics_Rokey/ROS2/hangman_ws/install/hangman_interfaces/local/lib/python3.10/dist-packages/hangman_interfaces/hangman_interfaces_s__rosidl_typesupport_c.cpython-310-x86_64-linux-gnu.so
[3.742s] -- Set runtime path of "/home/somyeong/Doosan_Robotics_Rokey/ROS2/hangman_ws/install/hangman_interfaces/local/lib/python3.10/dist-packages/hangman_interfaces/hangman_interfaces_s__rosidl_typesupport_c.cpython-310-x86_64-linux-gnu.so" to ""
[3.742s] -- Installing: /home/somyeong/Doosan_Robotics_Rokey/ROS2/hangman_ws/install/hangman_interfaces/lib/libhangman_interfaces__rosidl_generator_py.so
[3.743s] -- Set runtime path of "/home/somyeong/Doosan_Robotics_Rokey/ROS2/hangman_ws/install/hangman_interfaces/lib/libhangman_interfaces__rosidl_generator_py.so" to ""
[3.743s] -- Installing: /home/somyeong/Doosan_Robotics_Rokey/ROS2/hangman_ws/install/hangman_interfaces/share/hangman_interfaces/msg/Progress.idl
[3.743s] -- Installing: /home/somyeong/Doosan_Robotics_Rokey/ROS2/hangman_ws/install/hangman_interfaces/share/hangman_interfaces/srv/CheckLetter.idl
[3.743s] -- Installing: /home/somyeong/Doosan_Robotics_Rokey/ROS2/hangman_ws/install/hangman_interfaces/share/hangman_interfaces/action/GameProgress.idl
[3.743s] -- Installing: /home/somyeong/Doosan_Robotics_Rokey/ROS2/hangman_ws/install/hangman_interfaces/share/hangman_interfaces/msg/Progress.msg
[3.743s] -- Installing: /home/somyeong/Doosan_Robotics_Rokey/ROS2/hangman_ws/install/hangman_interfaces/share/hangman_interfaces/srv/CheckLetter.srv
[3.743s] -- Installing: /home/somyeong/Doosan_Robotics_Rokey/ROS2/hangman_ws/install/hangman_interfaces/share/hangman_interfaces/srv/CheckLetter_Request.msg
[3.743s] -- Installing: /home/somyeong/Doosan_Robotics_Rokey/ROS2/hangman_ws/install/hangman_interfaces/share/hangman_interfaces/srv/CheckLetter_Response.msg
[3.743s] -- Installing: /home/somyeong/Doosan_Robotics_Rokey/ROS2/hangman_ws/install/hangman_interfaces/share/hangman_interfaces/action/GameProgress.action
[3.743s] -- Installing: /home/somyeong/Doosan_Robotics_Rokey/ROS2/hangman_ws/install/hangman_interfaces/share/ament_index/resource_index/package_run_dependencies/hangman_interfaces
[3.743s] -- Installing: /home/somyeong/Doosan_Robotics_Rokey/ROS2/hangman_ws/install/hangman_interfaces/share/ament_index/resource_index/parent_prefix_path/hangman_interfaces
[3.743s] -- Installing: /home/somyeong/Doosan_Robotics_Rokey/ROS2/hangman_ws/install/hangman_interfaces/share/hangman_interfaces/environment/ament_prefix_path.sh
[3.743s] -- Installing: /home/somyeong/Doosan_Robotics_Rokey/ROS2/hangman_ws/install/hangman_interfaces/share/hangman_interfaces/environment/ament_prefix_path.dsv
[3.743s] -- Installing: /home/somyeong/Doosan_Robotics_Rokey/ROS2/hangman_ws/install/hangman_interfaces/share/hangman_interfaces/environment/path.sh
[3.743s] -- Installing: /home/somyeong/Doosan_Robotics_Rokey/ROS2/hangman_ws/install/hangman_interfaces/share/hangman_interfaces/environment/path.dsv
[3.743s] -- Installing: /home/somyeong/Doosan_Robotics_Rokey/ROS2/hangman_ws/install/hangman_interfaces/share/hangman_interfaces/local_setup.bash
[3.743s] -- Installing: /home/somyeong/Doosan_Robotics_Rokey/ROS2/hangman_ws/install/hangman_interfaces/share/hangman_interfaces/local_setup.sh
[3.743s] -- Installing: /home/somyeong/Doosan_Robotics_Rokey/ROS2/hangman_ws/install/hangman_interfaces/share/hangman_interfaces/local_setup.zsh
[3.743s] -- Installing: /home/somyeong/Doosan_Robotics_Rokey/ROS2/hangman_ws/install/hangman_interfaces/share/hangman_interfaces/local_setup.dsv
[3.743s] -- Installing: /home/somyeong/Doosan_Robotics_Rokey/ROS2/hangman_ws/install/hangman_interfaces/share/hangman_interfaces/package.dsv
[3.744s] -- Installing: /home/somyeong/Doosan_Robotics_Rokey/ROS2/hangman_ws/install/hangman_interfaces/share/ament_index/resource_index/packages/hangman_interfaces
[3.744s] -- Installing: /home/somyeong/Doosan_Robotics_Rokey/ROS2/hangman_ws/install/hangman_interfaces/share/hangman_interfaces/cmake/export_hangman_interfaces__rosidl_generator_cExport.cmake
[3.744s] -- Installing: /home/somyeong/Doosan_Robotics_Rokey/ROS2/hangman_ws/install/hangman_interfaces/share/hangman_interfaces/cmake/export_hangman_interfaces__rosidl_generator_cExport-noconfig.cmake
[3.744s] -- Installing: /home/somyeong/Doosan_Robotics_Rokey/ROS2/hangman_ws/install/hangman_interfaces/share/hangman_interfaces/cmake/export_hangman_interfaces__rosidl_typesupport_fastrtps_cExport.cmake
[3.744s] -- Installing: /home/somyeong/Doosan_Robotics_Rokey/ROS2/hangman_ws/install/hangman_interfaces/share/hangman_interfaces/cmake/export_hangman_interfaces__rosidl_typesupport_fastrtps_cExport-noconfig.cmake
[3.744s] -- Installing: /home/somyeong/Doosan_Robotics_Rokey/ROS2/hangman_ws/install/hangman_interfaces/share/hangman_interfaces/cmake/export_hangman_interfaces__rosidl_generator_cppExport.cmake
[3.744s] -- Installing: /home/somyeong/Doosan_Robotics_Rokey/ROS2/hangman_ws/install/hangman_interfaces/share/hangman_interfaces/cmake/export_hangman_interfaces__rosidl_typesupport_fastrtps_cppExport.cmake
[3.744s] -- Installing: /home/somyeong/Doosan_Robotics_Rokey/ROS2/hangman_ws/install/hangman_interfaces/share/hangman_interfaces/cmake/export_hangman_interfaces__rosidl_typesupport_fastrtps_cppExport-noconfig.cmake
[3.744s] -- Installing: /home/somyeong/Doosan_Robotics_Rokey/ROS2/hangman_ws/install/hangman_interfaces/share/hangman_interfaces/cmake/hangman_interfaces__rosidl_typesupport_introspection_cExport.cmake
[3.744s] -- Installing: /home/somyeong/Doosan_Robotics_Rokey/ROS2/hangman_ws/install/hangman_interfaces/share/hangman_interfaces/cmake/hangman_interfaces__rosidl_typesupport_introspection_cExport-noconfig.cmake
[3.744s] -- Installing: /home/somyeong/Doosan_Robotics_Rokey/ROS2/hangman_ws/install/hangman_interfaces/share/hangman_interfaces/cmake/hangman_interfaces__rosidl_typesupport_cExport.cmake
[3.744s] -- Installing: /home/somyeong/Doosan_Robotics_Rokey/ROS2/hangman_ws/install/hangman_interfaces/share/hangman_interfaces/cmake/hangman_interfaces__rosidl_typesupport_cExport-noconfig.cmake
[3.744s] -- Installing: /home/somyeong/Doosan_Robotics_Rokey/ROS2/hangman_ws/install/hangman_interfaces/share/hangman_interfaces/cmake/hangman_interfaces__rosidl_typesupport_introspection_cppExport.cmake
[3.744s] -- Installing: /home/somyeong/Doosan_Robotics_Rokey/ROS2/hangman_ws/install/hangman_interfaces/share/hangman_interfaces/cmake/hangman_interfaces__rosidl_typesupport_introspection_cppExport-noconfig.cmake
[3.744s] -- Installing: /home/somyeong/Doosan_Robotics_Rokey/ROS2/hangman_ws/install/hangman_interfaces/share/hangman_interfaces/cmake/hangman_interfaces__rosidl_typesupport_cppExport.cmake
[3.744s] -- Installing: /home/somyeong/Doosan_Robotics_Rokey/ROS2/hangman_ws/install/hangman_interfaces/share/hangman_interfaces/cmake/hangman_interfaces__rosidl_typesupport_cppExport-noconfig.cmake
[3.744s] -- Installing: /home/somyeong/Doosan_Robotics_Rokey/ROS2/hangman_ws/install/hangman_interfaces/share/hangman_interfaces/cmake/export_hangman_interfaces__rosidl_generator_pyExport.cmake
[3.744s] -- Installing: /home/somyeong/Doosan_Robotics_Rokey/ROS2/hangman_ws/install/hangman_interfaces/share/hangman_interfaces/cmake/export_hangman_interfaces__rosidl_generator_pyExport-noconfig.cmake
[3.745s] -- Installing: /home/somyeong/Doosan_Robotics_Rokey/ROS2/hangman_ws/install/hangman_interfaces/share/hangman_interfaces/cmake/ament_cmake_export_dependencies-extras.cmake
[3.745s] -- Installing: /home/somyeong/Doosan_Robotics_Rokey/ROS2/hangman_ws/install/hangman_interfaces/share/hangman_interfaces/cmake/rosidl_cmake-extras.cmake
[3.745s] -- Installing: /home/somyeong/Doosan_Robotics_Rokey/ROS2/hangman_ws/install/hangman_interfaces/share/hangman_interfaces/cmake/ament_cmake_export_include_directories-extras.cmake
[3.745s] -- Installing: /home/somyeong/Doosan_Robotics_Rokey/ROS2/hangman_ws/install/hangman_interfaces/share/hangman_interfaces/cmake/ament_cmake_export_libraries-extras.cmake
[3.745s] -- Installing: /home/somyeong/Doosan_Robotics_Rokey/ROS2/hangman_ws/install/hangman_interfaces/share/hangman_interfaces/cmake/ament_cmake_export_targets-extras.cmake
[3.745s] -- Installing: /home/somyeong/Doosan_Robotics_Rokey/ROS2/hangman_ws/install/hangman_interfaces/share/hangman_interfaces/cmake/rosidl_cmake_export_typesupport_targets-extras.cmake
[3.745s] -- Installing: /home/somyeong/Doosan_Robotics_Rokey/ROS2/hangman_ws/install/hangman_interfaces/share/hangman_interfaces/cmake/rosidl_cmake_export_typesupport_libraries-extras.cmake
[3.745s] -- Installing: /home/somyeong/Doosan_Robotics_Rokey/ROS2/hangman_ws/install/hangman_interfaces/share/hangman_interfaces/cmake/hangman_interfacesConfig.cmake
[3.745s] -- Installing: /home/somyeong/Doosan_Robotics_Rokey/ROS2/hangman_ws/install/hangman_interfaces/share/hangman_interfaces/cmake/hangman_interfacesConfig-version.cmake
[3.745s] -- Installing: /home/somyeong/Doosan_Robotics_Rokey/ROS2/hangman_ws/install/hangman_interfaces/share/hangman_interfaces/package.xml
[3.747s] Invoked command in '/home/somyeong/Doosan_Robotics_Rokey/ROS2/hangman_ws/build/hangman_interfaces' returned '0': CMAKE_PREFIX_PATH=${CMAKE_PREFIX_PATH}:/home/somyeong/Doosan_Robotics_Rokey/ros2_ws/install/ros_study_py:/home/somyeong/Doosan_Robotics_Rokey/ros2_ws/install/ex_calculator:/home/somyeong/Doosan_Robotics_Rokey/ros2_ws/install/ros2env:/home/somyeong/Doosan_Robotics_Rokey/ros2_ws/install/py_pubsub:/home/somyeong/Doosan_Robotics_Rokey/ros2_ws/install/my_package1212:/opt/ros/humble /usr/bin/cmake --install /home/somyeong/Doosan_Robotics_Rokey/ROS2/hangman_ws/build/hangman_interfaces
