[0.007s] Invoking command in '/home/somyeong/Doosan_Robotics_Rokey/rqt_ws/src/rqt_example/build/rqt_example': CMAKE_PREFIX_PATH=${CMAKE_PREFIX_PATH}:/home/somyeong/Doosan_Robotics_Rokey/ros2_ws/install/ros2env:/home/somyeong/Doosan_Robotics_Rokey/ros2_ws/install/ros_study_py:/home/somyeong/Doosan_Robotics_Rokey/ros2_ws/install/ex_calculator:/home/somyeong/Doosan_Robotics_Rokey/ros2_ws/install/py_pubsub:/home/somyeong/Doosan_Robotics_Rokey/ros2_ws/install/my_package1212:/opt/ros/humble /usr/bin/cmake /home/somyeong/Doosan_Robotics_Rokey/rqt_ws/src/rqt_example -DCMAKE_INSTALL_PREFIX=/home/somyeong/Doosan_Robotics_Rokey/rqt_ws/src/rqt_example/install/rqt_example
[0.051s] -- The C compiler identification is GNU 11.4.0
[0.089s] -- The CXX compiler identification is GNU 11.4.0
[0.094s] -- Detecting C compiler ABI info
[0.149s] -- Detecting C compiler ABI info - done
[0.153s] -- Check for working C compiler: /usr/bin/cc - skipped
[0.153s] -- Detecting C compile features
[0.153s] -- Detecting C compile features - done
[0.155s] -- Detecting CXX compiler ABI info
[0.214s] -- Detecting CXX compiler ABI info - done
[0.220s] -- Check for working CXX compiler: /usr/bin/c++ - skipped
[0.220s] -- Detecting CXX compile features
[0.220s] -- Detecting CXX compile features - done
[0.222s] -- Found ament_cmake: 1.3.10 (/opt/ros/humble/share/ament_cmake/cmake)
[0.462s] -- Found Python3: /usr/bin/python3 (found version "3.10.12") found components: Interpreter 
[0.591s] -- Found ament_lint_auto: 0.12.11 (/opt/ros/humble/share/ament_lint_auto/cmake)
[0.640s] -- Added test 'copyright' to check source files copyright and LICENSE
[0.642s] -- Added test 'cppcheck' to perform static code analysis on C / C++ code
[0.642s] -- Configured cppcheck include dirs: 
[0.642s] -- Configured cppcheck exclude dirs and/or files: 
[0.644s] -- Added test 'cpplint' to check C / C++ code against the Google style
[0.644s] -- Configured cpplint exclude dirs and/or files: 
[0.644s] -- Added test 'flake8' to check Python code syntax and style conventions
[0.645s] -- Added test 'lint_cmake' to check CMake code style
[0.645s] -- Added test 'pep257' to check Python code against some of the docstring style conventions in PEP 257
[0.647s] -- Added test 'uncrustify' to check C / C++ code style
[0.647s] -- Configured uncrustify additional arguments: 
[0.648s] -- Added test 'xmllint' to check XML markup files
[0.648s] -- Configuring done
[0.650s] -- Generating done
[0.651s] -- Build files have been written to: /home/somyeong/Doosan_Robotics_Rokey/rqt_ws/src/rqt_example/build/rqt_example
[0.653s] Invoked command in '/home/somyeong/Doosan_Robotics_Rokey/rqt_ws/src/rqt_example/build/rqt_example' returned '0': CMAKE_PREFIX_PATH=${CMAKE_PREFIX_PATH}:/home/somyeong/Doosan_Robotics_Rokey/ros2_ws/install/ros2env:/home/somyeong/Doosan_Robotics_Rokey/ros2_ws/install/ros_study_py:/home/somyeong/Doosan_Robotics_Rokey/ros2_ws/install/ex_calculator:/home/somyeong/Doosan_Robotics_Rokey/ros2_ws/install/py_pubsub:/home/somyeong/Doosan_Robotics_Rokey/ros2_ws/install/my_package1212:/opt/ros/humble /usr/bin/cmake /home/somyeong/Doosan_Robotics_Rokey/rqt_ws/src/rqt_example -DCMAKE_INSTALL_PREFIX=/home/somyeong/Doosan_Robotics_Rokey/rqt_ws/src/rqt_example/install/rqt_example
[0.654s] Invoking command in '/home/somyeong/Doosan_Robotics_Rokey/rqt_ws/src/rqt_example/build/rqt_example': CMAKE_PREFIX_PATH=${CMAKE_PREFIX_PATH}:/home/somyeong/Doosan_Robotics_Rokey/ros2_ws/install/ros2env:/home/somyeong/Doosan_Robotics_Rokey/ros2_ws/install/ros_study_py:/home/somyeong/Doosan_Robotics_Rokey/ros2_ws/install/ex_calculator:/home/somyeong/Doosan_Robotics_Rokey/ros2_ws/install/py_pubsub:/home/somyeong/Doosan_Robotics_Rokey/ros2_ws/install/my_package1212:/opt/ros/humble /usr/bin/cmake --build /home/somyeong/Doosan_Robotics_Rokey/rqt_ws/src/rqt_example/build/rqt_example -- -j16 -l16
[0.700s] Built target ament_cmake_python_copy_rqt_example
[0.824s] running egg_info
[0.824s] creating rqt_example.egg-info
[0.833s] writing rqt_example.egg-info/PKG-INFO
[0.833s] writing dependency_links to rqt_example.egg-info/dependency_links.txt
[0.834s] writing top-level names to rqt_example.egg-info/top_level.txt
[0.834s] writing manifest file 'rqt_example.egg-info/SOURCES.txt'
[0.860s] reading manifest file 'rqt_example.egg-info/SOURCES.txt'
[0.860s] writing manifest file 'rqt_example.egg-info/SOURCES.txt'
[0.880s] Built target ament_cmake_python_build_rqt_example_egg
[0.888s] Invoked command in '/home/somyeong/Doosan_Robotics_Rokey/rqt_ws/src/rqt_example/build/rqt_example' returned '0': CMAKE_PREFIX_PATH=${CMAKE_PREFIX_PATH}:/home/somyeong/Doosan_Robotics_Rokey/ros2_ws/install/ros2env:/home/somyeong/Doosan_Robotics_Rokey/ros2_ws/install/ros_study_py:/home/somyeong/Doosan_Robotics_Rokey/ros2_ws/install/ex_calculator:/home/somyeong/Doosan_Robotics_Rokey/ros2_ws/install/py_pubsub:/home/somyeong/Doosan_Robotics_Rokey/ros2_ws/install/my_package1212:/opt/ros/humble /usr/bin/cmake --build /home/somyeong/Doosan_Robotics_Rokey/rqt_ws/src/rqt_example/build/rqt_example -- -j16 -l16
[0.911s] Invoking command in '/home/somyeong/Doosan_Robotics_Rokey/rqt_ws/src/rqt_example/build/rqt_example': CMAKE_PREFIX_PATH=${CMAKE_PREFIX_PATH}:/home/somyeong/Doosan_Robotics_Rokey/ros2_ws/install/ros2env:/home/somyeong/Doosan_Robotics_Rokey/ros2_ws/install/ros_study_py:/home/somyeong/Doosan_Robotics_Rokey/ros2_ws/install/ex_calculator:/home/somyeong/Doosan_Robotics_Rokey/ros2_ws/install/py_pubsub:/home/somyeong/Doosan_Robotics_Rokey/ros2_ws/install/my_package1212:/opt/ros/humble /usr/bin/cmake --install /home/somyeong/Doosan_Robotics_Rokey/rqt_ws/src/rqt_example/build/rqt_example
[0.917s] -- Install configuration: ""
[0.918s] -- Installing: /home/somyeong/Doosan_Robotics_Rokey/rqt_ws/src/rqt_example/install/rqt_example/share/rqt_example/environment/pythonpath.sh
[0.918s] -- Installing: /home/somyeong/Doosan_Robotics_Rokey/rqt_ws/src/rqt_example/install/rqt_example/share/rqt_example/environment/pythonpath.dsv
[0.918s] -- Installing: /home/somyeong/Doosan_Robotics_Rokey/rqt_ws/src/rqt_example/install/rqt_example/local/lib/python3.10/dist-packages/rqt_example-0.6.0-py3.10.egg-info
[0.918s] -- Installing: /home/somyeong/Doosan_Robotics_Rokey/rqt_ws/src/rqt_example/install/rqt_example/local/lib/python3.10/dist-packages/rqt_example-0.6.0-py3.10.egg-info/PKG-INFO
[0.918s] -- Installing: /home/somyeong/Doosan_Robotics_Rokey/rqt_ws/src/rqt_example/install/rqt_example/local/lib/python3.10/dist-packages/rqt_example-0.6.0-py3.10.egg-info/top_level.txt
[0.918s] -- Installing: /home/somyeong/Doosan_Robotics_Rokey/rqt_ws/src/rqt_example/install/rqt_example/local/lib/python3.10/dist-packages/rqt_example-0.6.0-py3.10.egg-info/SOURCES.txt
[0.918s] -- Installing: /home/somyeong/Doosan_Robotics_Rokey/rqt_ws/src/rqt_example/install/rqt_example/local/lib/python3.10/dist-packages/rqt_example-0.6.0-py3.10.egg-info/dependency_links.txt
[0.918s] -- Installing: /home/somyeong/Doosan_Robotics_Rokey/rqt_ws/src/rqt_example/install/rqt_example/local/lib/python3.10/dist-packages/rqt_example
[0.918s] -- Installing: /home/somyeong/Doosan_Robotics_Rokey/rqt_ws/src/rqt_example/install/rqt_example/local/lib/python3.10/dist-packages/rqt_example/examples_widget.py
[0.919s] -- Installing: /home/somyeong/Doosan_Robotics_Rokey/rqt_ws/src/rqt_example/install/rqt_example/local/lib/python3.10/dist-packages/rqt_example/examples.py
[0.919s] -- Installing: /home/somyeong/Doosan_Robotics_Rokey/rqt_ws/src/rqt_example/install/rqt_example/local/lib/python3.10/dist-packages/rqt_example/__init__.py
[0.941s] Listing '/home/somyeong/Doosan_Robotics_Rokey/rqt_ws/src/rqt_example/install/rqt_example/local/lib/python3.10/dist-packages/rqt_example'...
[0.941s] Compiling '/home/somyeong/Doosan_Robotics_Rokey/rqt_ws/src/rqt_example/install/rqt_example/local/lib/python3.10/dist-packages/rqt_example/__init__.py'...
[0.941s] Compiling '/home/somyeong/Doosan_Robotics_Rokey/rqt_ws/src/rqt_example/install/rqt_example/local/lib/python3.10/dist-packages/rqt_example/examples.py'...
[0.942s] Compiling '/home/somyeong/Doosan_Robotics_Rokey/rqt_ws/src/rqt_example/install/rqt_example/local/lib/python3.10/dist-packages/rqt_example/examples_widget.py'...
[0.944s] -- Installing: /home/somyeong/Doosan_Robotics_Rokey/rqt_ws/src/rqt_example/install/rqt_example/share/rqt_example/plugin.xml
[0.944s] -- Installing: /home/somyeong/Doosan_Robotics_Rokey/rqt_ws/src/rqt_example/install/rqt_example/share/rqt_example/resource
[0.944s] -- Installing: /home/somyeong/Doosan_Robotics_Rokey/rqt_ws/src/rqt_example/install/rqt_example/share/rqt_example/resource/rqt_example.ui
[0.944s] -- Installing: /home/somyeong/Doosan_Robotics_Rokey/rqt_ws/src/rqt_example/install/rqt_example/share/rqt_example/launch
[0.944s] -- Installing: /home/somyeong/Doosan_Robotics_Rokey/rqt_ws/src/rqt_example/install/rqt_example/share/rqt_example/launch/turtlesim.launch.py
[0.944s] -- Installing: /home/somyeong/Doosan_Robotics_Rokey/rqt_ws/src/rqt_example/install/rqt_example/lib/rqt_example/rqt_example
[0.944s] -- Installing: /home/somyeong/Doosan_Robotics_Rokey/rqt_ws/src/rqt_example/install/rqt_example/share/ament_index/resource_index/package_run_dependencies/rqt_example
[0.944s] -- Installing: /home/somyeong/Doosan_Robotics_Rokey/rqt_ws/src/rqt_example/install/rqt_example/share/ament_index/resource_index/parent_prefix_path/rqt_example
[0.944s] -- Installing: /home/somyeong/Doosan_Robotics_Rokey/rqt_ws/src/rqt_example/install/rqt_example/share/rqt_example/environment/ament_prefix_path.sh
[0.944s] -- Installing: /home/somyeong/Doosan_Robotics_Rokey/rqt_ws/src/rqt_example/install/rqt_example/share/rqt_example/environment/ament_prefix_path.dsv
[0.944s] -- Installing: /home/somyeong/Doosan_Robotics_Rokey/rqt_ws/src/rqt_example/install/rqt_example/share/rqt_example/environment/path.sh
[0.944s] -- Installing: /home/somyeong/Doosan_Robotics_Rokey/rqt_ws/src/rqt_example/install/rqt_example/share/rqt_example/environment/path.dsv
[0.945s] -- Installing: /home/somyeong/Doosan_Robotics_Rokey/rqt_ws/src/rqt_example/install/rqt_example/share/rqt_example/local_setup.bash
[0.945s] -- Installing: /home/somyeong/Doosan_Robotics_Rokey/rqt_ws/src/rqt_example/install/rqt_example/share/rqt_example/local_setup.sh
[0.945s] -- Installing: /home/somyeong/Doosan_Robotics_Rokey/rqt_ws/src/rqt_example/install/rqt_example/share/rqt_example/local_setup.zsh
[0.945s] -- Installing: /home/somyeong/Doosan_Robotics_Rokey/rqt_ws/src/rqt_example/install/rqt_example/share/rqt_example/local_setup.dsv
[0.945s] -- Installing: /home/somyeong/Doosan_Robotics_Rokey/rqt_ws/src/rqt_example/install/rqt_example/share/rqt_example/package.dsv
[0.945s] -- Installing: /home/somyeong/Doosan_Robotics_Rokey/rqt_ws/src/rqt_example/install/rqt_example/share/ament_index/resource_index/packages/rqt_example
[0.945s] -- Installing: /home/somyeong/Doosan_Robotics_Rokey/rqt_ws/src/rqt_example/install/rqt_example/share/rqt_example/cmake/rqt_exampleConfig.cmake
[0.945s] -- Installing: /home/somyeong/Doosan_Robotics_Rokey/rqt_ws/src/rqt_example/install/rqt_example/share/rqt_example/cmake/rqt_exampleConfig-version.cmake
[0.945s] -- Installing: /home/somyeong/Doosan_Robotics_Rokey/rqt_ws/src/rqt_example/install/rqt_example/share/rqt_example/package.xml
[0.946s] Invoked command in '/home/somyeong/Doosan_Robotics_Rokey/rqt_ws/src/rqt_example/build/rqt_example' returned '0': CMAKE_PREFIX_PATH=${CMAKE_PREFIX_PATH}:/home/somyeong/Doosan_Robotics_Rokey/ros2_ws/install/ros2env:/home/somyeong/Doosan_Robotics_Rokey/ros2_ws/install/ros_study_py:/home/somyeong/Doosan_Robotics_Rokey/ros2_ws/install/ex_calculator:/home/somyeong/Doosan_Robotics_Rokey/ros2_ws/install/py_pubsub:/home/somyeong/Doosan_Robotics_Rokey/ros2_ws/install/my_package1212:/opt/ros/humble /usr/bin/cmake --install /home/somyeong/Doosan_Robotics_Rokey/rqt_ws/src/rqt_example/build/rqt_example
