running egg_info
writing ../../build/ex_calculator/ex_calculator.egg-info/PKG-INFO
writing dependency_links to ../../build/ex_calculator/ex_calculator.egg-info/dependency_links.txt
writing entry points to ../../build/ex_calculator/ex_calculator.egg-info/entry_points.txt
writing requirements to ../../build/ex_calculator/ex_calculator.egg-info/requires.txt
writing top-level names to ../../build/ex_calculator/ex_calculator.egg-info/top_level.txt
reading manifest file '../../build/ex_calculator/ex_calculator.egg-info/SOURCES.txt'
writing manifest file '../../build/ex_calculator/ex_calculator.egg-info/SOURCES.txt'
running build
running build_py
running install
running install_lib
running install_data
running install_egg_info
removing '/home/somyeong/Doosan_Robotics_Rokey/ros2_ws/install/ex_calculator/lib/python3.10/site-packages/ex_calculator-0.0.0-py3.10.egg-info' (and everything under it)
Copying ../../build/ex_calculator/ex_calculator.egg-info to /home/somyeong/Doosan_Robotics_Rokey/ros2_ws/install/ex_calculator/lib/python3.10/site-packages/ex_calculator-0.0.0-py3.10.egg-info
running install_scripts
Installing argument script to /home/somyeong/Doosan_Robotics_Rokey/ros2_ws/install/ex_calculator/lib/ex_calculator
Installing calculator script to /home/somyeong/Doosan_Robotics_Rokey/ros2_ws/install/ex_calculator/lib/ex_calculator
Installing checker script to /home/somyeong/Doosan_Robotics_Rokey/ros2_ws/install/ex_calculator/lib/ex_calculator
Installing operator script to /home/somyeong/Doosan_Robotics_Rokey/ros2_ws/install/ex_calculator/lib/ex_calculator
writing list of installed files to '/home/somyeong/Doosan_Robotics_Rokey/ros2_ws/build/ex_calculator/install.log'
