[0.006s] Invoking command in '/home/somyeong/Doosan_Robotics_Rokey/ros2_ws/build/ros_study_msgs': CMAKE_PREFIX_PATH=/opt/ros/humble /usr/bin/cmake /home/somyeong/Doosan_Robotics_Rokey/ros2_ws/src/ros_study_msgs -DCMAKE_INSTALL_PREFIX=/home/somyeong/Doosan_Robotics_Rokey/ros2_ws/install/ros_study_msgs
[0.083s] -- The C compiler identification is GNU 11.4.0
[0.141s] -- The CXX compiler identification is GNU 11.4.0
[0.149s] -- Detecting C compiler ABI info
[0.213s] -- Detecting C compiler ABI info - done
[0.221s] -- Check for working C compiler: /usr/bin/cc - skipped
[0.221s] -- Detecting C compile features
[0.222s] -- Detecting C compile features - done
[0.225s] -- Detecting CXX compiler ABI info
[0.294s] -- Detecting CXX compiler ABI info - done
[0.299s] -- Check for working CXX compiler: /usr/bin/c++ - skipped
[0.299s] -- Detecting CXX compile features
[0.299s] -- Detecting CXX compile features - done
[0.301s] -- Found ament_cmake: 1.3.10 (/opt/ros/humble/share/ament_cmake/cmake)
[0.515s] -- Found Python3: /usr/bin/python3 (found version "3.10.12") found components: Interpreter 
[0.581s] -- Found builtin_interfaces: 1.2.1 (/opt/ros/humble/share/builtin_interfaces/cmake)
[0.603s] -- Found rosidl_generator_c: 3.1.5 (/opt/ros/humble/share/rosidl_generator_c/cmake)
[0.606s] -- Found rosidl_adapter: 3.1.5 (/opt/ros/humble/share/rosidl_adapter/cmake)
[0.613s] -- Found rosidl_generator_cpp: 3.1.5 (/opt/ros/humble/share/rosidl_generator_cpp/cmake)
[0.623s] -- Using all available rosidl_typesupport_c: rosidl_typesupport_fastrtps_c;rosidl_typesupport_introspection_c
[0.633s] -- Using all available rosidl_typesupport_cpp: rosidl_typesupport_fastrtps_cpp;rosidl_typesupport_introspection_cpp
[0.643s] -- Found rosidl_default_generators: 1.2.0 (/opt/ros/humble/share/rosidl_default_generators/cmake)
[0.753s] [31mCMake Error at /opt/ros/humble/share/rosidl_adapter/cmake/rosidl_adapt_interfaces.cmake:59 (message):
[0.753s]   execute_process(/usr/bin/python3 -m rosidl_adapter --package-name
[0.753s]   ros_study_msgs --arguments-file
[0.753s]   /home/somyeong/Doosan_Robotics_Rokey/ros2_ws/build/ros_study_msgs/rosidl_adapter__arguments__ros_study_msgs.json
[0.753s]   --output-dir
[0.753s]   /home/somyeong/Doosan_Robotics_Rokey/ros2_ws/build/ros_study_msgs/rosidl_adapter/ros_study_msgs
[0.753s]   --output-file
[0.753s]   /home/somyeong/Doosan_Robotics_Rokey/ros2_ws/build/ros_study_msgs/rosidl_adapter/ros_study_msgs.idls)
[0.753s]   returned error code 1:
[0.753s] 
[0.753s]   Traceback (most recent call last):
[0.753s] 
[0.753s]     File "/usr/lib/python3.10/runpy.py", line 196, in _run_module_as_main
[0.753s]       return _run_code(code, main_globals, None,
[0.754s]     File "/usr/lib/python3.10/runpy.py", line 86, in _run_code
[0.754s]       exec(code, run_globals)
[0.754s]     File "/opt/ros/humble/local/lib/python3.10/dist-packages/rosidl_adapter/__main__.py", line 19, in <module>
[0.754s]       sys.exit(main())
[0.754s]     File "/opt/ros/humble/local/lib/python3.10/dist-packages/rosidl_adapter/main.py", line 53, in main
[0.754s]       abs_idl_file = convert_to_idl(
[0.754s]     File "/opt/ros/humble/local/lib/python3.10/dist-packages/rosidl_adapter/__init__.py", line 24, in convert_to_idl
[0.754s]       return convert_srv_to_idl(
[0.754s]     File "/opt/ros/humble/local/lib/python3.10/dist-packages/rosidl_adapter/srv/__init__.py", line 28, in convert_srv_to_idl
[0.754s]       srv = parse_service_string(package_name, input_file.stem, content)
[0.754s]     File "/opt/ros/humble/local/lib/python3.10/dist-packages/rosidl_adapter/parser.py", line 850, in parse_service_string
[0.754s]       raise InvalidServiceSpecification(
[0.754s] 
[0.754s]   rosidl_adapter.parser.InvalidServiceSpecification: Could not find separator
[0.754s]   '---' between request and response
[0.754s] 
[0.754s] Call Stack (most recent call first):
[0.754s]   /opt/ros/humble/share/rosidl_cmake/cmake/rosidl_generate_interfaces.cmake:130 (rosidl_adapt_interfaces)
[0.755s]   CMakeLists.txt:28 (rosidl_generate_interfaces)
[0.755s] 
[0.755s] [0m
[0.755s] -- Configuring incomplete, errors occurred!
[0.755s] See also "/home/somyeong/Doosan_Robotics_Rokey/ros2_ws/build/ros_study_msgs/CMakeFiles/CMakeOutput.log".
[0.757s] Invoked command in '/home/somyeong/Doosan_Robotics_Rokey/ros2_ws/build/ros_study_msgs' returned '1': CMAKE_PREFIX_PATH=/opt/ros/humble /usr/bin/cmake /home/somyeong/Doosan_Robotics_Rokey/ros2_ws/src/ros_study_msgs -DCMAKE_INSTALL_PREFIX=/home/somyeong/Doosan_Robotics_Rokey/ros2_ws/install/ros_study_msgs
