[0.446s] Invoking command in '/home/somyeong/ros2_ws/src/py_pubsub': PYTHONPATH=/home/somyeong/ros2_ws/build/py_pubsub/prefix_override:/usr/lib/python3/dist-packages/colcon_core/task/python/colcon_distutils_commands:/home/somyeong/ros2_ws/install/py_pubsub/lib/python3.10/site-packages:${PYTHONPATH} /usr/bin/python3 -W ignore:setup.py install is deprecated setup.py egg_info --egg-base ../../build/py_pubsub build --build-base /home/somyeong/ros2_ws/build/py_pubsub/build install --record /home/somyeong/ros2_ws/build/py_pubsub/install.log --single-version-externally-managed install_data
[0.527s] /home/somyeong/.local/lib/python3.10/site-packages/setuptools/_distutils/dist.py:261: UserWarning: Unknown distribution option: 'tests_require'
[0.527s]   warnings.warn(msg)
[0.577s] running egg_info
[0.577s] creating ../../build/py_pubsub/py_pubsub.egg-info
[0.585s] writing ../../build/py_pubsub/py_pubsub.egg-info/PKG-INFO
[0.585s] writing dependency_links to ../../build/py_pubsub/py_pubsub.egg-info/dependency_links.txt
[0.585s] writing entry points to ../../build/py_pubsub/py_pubsub.egg-info/entry_points.txt
[0.585s] writing requirements to ../../build/py_pubsub/py_pubsub.egg-info/requires.txt
[0.585s] writing top-level names to ../../build/py_pubsub/py_pubsub.egg-info/top_level.txt
[0.585s] writing manifest file '../../build/py_pubsub/py_pubsub.egg-info/SOURCES.txt'
[0.602s] reading manifest file '../../build/py_pubsub/py_pubsub.egg-info/SOURCES.txt'
[0.603s] writing manifest file '../../build/py_pubsub/py_pubsub.egg-info/SOURCES.txt'
[0.603s] running build
[0.603s] running build_py
[0.603s] creating /home/somyeong/ros2_ws/build/py_pubsub/build/lib/py_pubsub
[0.603s] copying py_pubsub/subscriber_member_function.py -> /home/somyeong/ros2_ws/build/py_pubsub/build/lib/py_pubsub
[0.603s] copying py_pubsub/__init__.py -> /home/somyeong/ros2_ws/build/py_pubsub/build/lib/py_pubsub
[0.603s] copying py_pubsub/publisher_member_function.py -> /home/somyeong/ros2_ws/build/py_pubsub/build/lib/py_pubsub
[0.603s] running install
[0.606s] running install_lib
[0.614s] creating /home/somyeong/ros2_ws/install/py_pubsub/lib/python3.10/site-packages/py_pubsub
[0.614s] copying /home/somyeong/ros2_ws/build/py_pubsub/build/lib/py_pubsub/subscriber_member_function.py -> /home/somyeong/ros2_ws/install/py_pubsub/lib/python3.10/site-packages/py_pubsub
[0.614s] copying /home/somyeong/ros2_ws/build/py_pubsub/build/lib/py_pubsub/__init__.py -> /home/somyeong/ros2_ws/install/py_pubsub/lib/python3.10/site-packages/py_pubsub
[0.614s] copying /home/somyeong/ros2_ws/build/py_pubsub/build/lib/py_pubsub/publisher_member_function.py -> /home/somyeong/ros2_ws/install/py_pubsub/lib/python3.10/site-packages/py_pubsub
[0.614s] byte-compiling /home/somyeong/ros2_ws/install/py_pubsub/lib/python3.10/site-packages/py_pubsub/subscriber_member_function.py to subscriber_member_function.cpython-310.pyc
[0.615s] byte-compiling /home/somyeong/ros2_ws/install/py_pubsub/lib/python3.10/site-packages/py_pubsub/__init__.py to __init__.cpython-310.pyc
[0.615s] byte-compiling /home/somyeong/ros2_ws/install/py_pubsub/lib/python3.10/site-packages/py_pubsub/publisher_member_function.py to publisher_member_function.cpython-310.pyc
[0.615s] running install_data
[0.615s] creating /home/somyeong/ros2_ws/install/py_pubsub/share/ament_index/resource_index/packages
[0.615s] copying resource/py_pubsub -> /home/somyeong/ros2_ws/install/py_pubsub/share/ament_index/resource_index/packages
[0.615s] copying package.xml -> /home/somyeong/ros2_ws/install/py_pubsub/share/py_pubsub
[0.615s] running install_egg_info
[0.625s] Copying ../../build/py_pubsub/py_pubsub.egg-info to /home/somyeong/ros2_ws/install/py_pubsub/lib/python3.10/site-packages/py_pubsub-0.0.0-py3.10.egg-info
[0.625s] running install_scripts
[0.691s] Installing listener script to /home/somyeong/ros2_ws/install/py_pubsub/lib/py_pubsub
[0.691s] Installing talker script to /home/somyeong/ros2_ws/install/py_pubsub/lib/py_pubsub
[0.691s] writing list of installed files to '/home/somyeong/ros2_ws/build/py_pubsub/install.log'
[0.705s] Invoked command in '/home/somyeong/ros2_ws/src/py_pubsub' returned '0': PYTHONPATH=/home/somyeong/ros2_ws/build/py_pubsub/prefix_override:/usr/lib/python3/dist-packages/colcon_core/task/python/colcon_distutils_commands:/home/somyeong/ros2_ws/install/py_pubsub/lib/python3.10/site-packages:${PYTHONPATH} /usr/bin/python3 -W ignore:setup.py install is deprecated setup.py egg_info --egg-base ../../build/py_pubsub build --build-base /home/somyeong/ros2_ws/build/py_pubsub/build install --record /home/somyeong/ros2_ws/build/py_pubsub/install.log --single-version-externally-managed install_data
